Started by upstream project "[8mha:////4Og0bti81B7zk7I3DM/xM8BTHvgXYRnWVx69a5gUr3ZOAAAAph+LCAAAAAAAAP9b85aBtbiIQTGjNKU4P08vOT+vOD8nVc83PyU1x6OyILUoJzMv2y+/JJUBAhiZGBgqihhk0NSjKDWzXb3RdlLBUSYGJk8GtpzUvPSSDB8G5tKinBIGIZ+sxLJE/ZzEvHT94JKizLx0a6BxUmjGOUNodHsLgAzhEgZZ/az8JH3HgoKczOTEksz8PDA/qDQv3jEnRx8ANvoJntIAAAA=[0mApplication/Run_All" build number [8mha:////4Jri8yPVsUtZ7biL9zAuTuwHPJh3TBSDwS2jkHixAD1OAAAAph+LCAAAAAAAAP9b85aBtbiIQTGjNKU4P08vOT+vOD8nVc83PyU1x6OyILUoJzMv2y+/JJUBAhiZGBgqihhk0NSjKDWzXb3RdlLBUSYGJk8GtpzUvPSSDB8G5tKinBIGIZ+sxLJE/ZzEvHT94JKizLx0a6BxUmjGOUNodHsLQIwSBjn9rPwkfceCgpzM5MSSzPw8MD+oNC/eMSdH3xQAcTUPNNMAAAA=[0m5
originally caused by:
 Started by user [8mha:////4JrjmSRx4qOtNYMMhYugXsyw+fINujBQhhzqimlc3f+QAAAAkx+LCAAAAAAAAP9b85aBtbiIQTGjNKU4P08vOT+vOD8nVc83PyU1x6OyILUoJzMv2y+/JJUBAhiZGBgqihhk0NSjKDWzXb3RdlLBUSYGJk8GtpzUvPSSDB8G5tKinBIGIZ+sxLJE/ZzEvHT94JKizLx0a6BxUmjGOUNodHsLgAyWEgYu/dLi1CIwAQDYegtJvwAAAA==[0muser
Building in workspace /var/lib/jenkins/workspace/Application/release
[WS-CLEANUP] Deleting project workspace...
[WS-CLEANUP] Deferred wipeout is used...
[WS-CLEANUP] Done
Cloning the remote Git repository
Cloning repository git@github.com:babinskiy/dropwizard-example.git
 > git init /var/lib/jenkins/workspace/Application/release # timeout=10
Fetching upstream changes from git@github.com:babinskiy/dropwizard-example.git
 > git --version # timeout=10
 > git fetch --tags --progress git@github.com:babinskiy/dropwizard-example.git +refs/heads/*:refs/remotes/origin/*
 > git config remote.origin.url git@github.com:babinskiy/dropwizard-example.git # timeout=10
 > git config --add remote.origin.fetch +refs/heads/*:refs/remotes/origin/* # timeout=10
 > git config remote.origin.url git@github.com:babinskiy/dropwizard-example.git # timeout=10
Fetching upstream changes from git@github.com:babinskiy/dropwizard-example.git
 > git fetch --tags --progress git@github.com:babinskiy/dropwizard-example.git +refs/heads/*:refs/remotes/origin/*
 > git rev-parse refs/remotes/origin/master^{commit} # timeout=10
 > git rev-parse refs/remotes/origin/origin/master^{commit} # timeout=10
Checking out Revision afbe63f3a12b580a77a9b8a391cc18dd6897f4f2 (refs/remotes/origin/master)
 > git config core.sparsecheckout # timeout=10
 > git checkout -f afbe63f3a12b580a77a9b8a391cc18dd6897f4f2
Commit message: "Delete DB password"
 > git rev-list --no-walk afbe63f3a12b580a77a9b8a391cc18dd6897f4f2 # timeout=10
[release] $ /bin/sh -xe /tmp/jenkins4744225513850282494.sh
+ mvn clean package
[INFO] Scanning for projects...
[INFO] 
[INFO] ------------------------------------------------------------------------
[INFO] Building Dropwizard Example Application 0.0.1-SNAPSHOT
[INFO] ------------------------------------------------------------------------
[INFO] 
[INFO] --- maven-clean-plugin:3.1.0:clean (default-clean) @ dropwizard-example ---
[INFO] 
[INFO] --- maven-enforcer-plugin:1.4.1:enforce (enforce) @ dropwizard-example ---
[INFO] 
[INFO] --- maven-checkstyle-plugin:3.0.0:check (checkstyle) @ dropwizard-example ---
[INFO] 
[INFO] --- jacoco-maven-plugin:0.8.2:prepare-agent (prepare-agent) @ dropwizard-example ---
[INFO] argLine set to -javaagent:/var/lib/jenkins/.m2/repository/org/jacoco/org.jacoco.agent/0.8.2/org.jacoco.agent-0.8.2-runtime.jar=destfile=/var/lib/jenkins/workspace/Application/release/target/jacoco.exec
[INFO] 
[INFO] --- maven-resources-plugin:3.1.0:resources (default-resources) @ dropwizard-example ---
[INFO] Using 'UTF-8' encoding to copy filtered resources.
[INFO] Copying 10 resources
[INFO] 
[INFO] --- maven-compiler-plugin:3.8.0:compile (default-compile) @ dropwizard-example ---
[INFO] Changes detected - recompiling the module!
[INFO] Compiling 23 source files to /var/lib/jenkins/workspace/Application/release/target/classes
[INFO] 
[INFO] --- maven-resources-plugin:3.1.0:testResources (default-testResources) @ dropwizard-example ---
[INFO] Using 'UTF-8' encoding to copy filtered resources.
[INFO] Copying 1 resource
[INFO] 
[INFO] --- maven-compiler-plugin:3.8.0:testCompile (default-testCompile) @ dropwizard-example ---
[INFO] Changes detected - recompiling the module!
[INFO] Compiling 6 source files to /var/lib/jenkins/workspace/Application/release/target/test-classes
[INFO] 
[INFO] --- maven-surefire-plugin:2.22.1:test (default-test) @ dropwizard-example ---
[INFO] 
[INFO] -------------------------------------------------------
[INFO]  T E S T S
[INFO] -------------------------------------------------------
[INFO] Running com.example.helloworld.resources.PersonResourceTest
18:46:55.944 [main] DEBUG org.jboss.logging - Logging Provider: org.jboss.logging.Slf4jLoggerProvider
18:46:55.951 [main] INFO org.hibernate.validator.internal.util.Version - HV000001: Hibernate Validator 5.4.2.Final
18:46:55.985 [main] DEBUG org.hibernate.validator.internal.engine.resolver.DefaultTraversableResolver - Found javax.persistence.Persistence on classpath containing 'getPersistenceUtil'. Assuming JPA 2 environment. Trying to instantiate JPA aware TraversableResolver
18:46:55.987 [main] DEBUG org.hibernate.validator.internal.engine.resolver.DefaultTraversableResolver - Instantiated JPA aware TraversableResolver of type org.hibernate.validator.internal.engine.resolver.JPATraversableResolver.
18:46:55.994 [main] DEBUG org.hibernate.validator.internal.engine.ConfigurationImpl - Setting custom ParameterNameProvider of type io.dropwizard.jersey.validation.JerseyParameterNameProvider
18:46:55.997 [main] DEBUG org.hibernate.validator.internal.xml.ValidationXmlParser - Trying to load META-INF/validation.xml for XML based Validator configuration.
18:46:55.999 [main] DEBUG org.hibernate.validator.internal.xml.ResourceLoaderHelper - Trying to load META-INF/validation.xml via TCCL
18:46:56.000 [main] DEBUG org.hibernate.validator.internal.xml.ResourceLoaderHelper - Trying to load META-INF/validation.xml via Hibernate Validator's class loader
18:46:56.004 [main] DEBUG org.hibernate.validator.internal.xml.ValidationXmlParser - No META-INF/validation.xml found. Using annotation based configuration only.
[INFO] Tests run: 2, Failures: 0, Errors: 0, Skipped: 0, Time elapsed: 4.437 s - in com.example.helloworld.resources.PersonResourceTest
[INFO] Running com.example.helloworld.resources.ProtectedClassResourceTest
[INFO] Tests run: 5, Failures: 0, Errors: 0, Skipped: 0, Time elapsed: 0.386 s - in com.example.helloworld.resources.ProtectedClassResourceTest
[INFO] Running com.example.helloworld.resources.ProtectedResourceTest
[INFO] Tests run: 5, Failures: 0, Errors: 0, Skipped: 0, Time elapsed: 0.296 s - in com.example.helloworld.resources.ProtectedResourceTest
[INFO] Running com.example.helloworld.resources.PeopleResourceTest
[INFO] Tests run: 2, Failures: 0, Errors: 0, Skipped: 0, Time elapsed: 0.204 s - in com.example.helloworld.resources.PeopleResourceTest
[INFO] Running com.example.helloworld.IntegrationTest
INFO  [2019-01-18 18:47:00,730] io.dropwizard.server.DefaultServerFactory: Registering jersey handler with root path prefix: /
INFO  [2019-01-18 18:47:00,735] io.dropwizard.server.DefaultServerFactory: Registering admin handler with root path prefix: /
INFO  [2019-01-18 18:47:00,739] io.dropwizard.assets.AssetsBundle: Registering AssetBundle with name: assets for path /assets/*
INFO  [2019-01-18 18:47:01,073] org.hibernate.Version: HHH000412: Hibernate Core {5.2.15.Final}
INFO  [2019-01-18 18:47:01,075] org.hibernate.cfg.Environment: HHH000206: hibernate.properties not found
INFO  [2019-01-18 18:47:01,093] io.dropwizard.hibernate.SessionFactoryFactory: Entity classes: [com.example.helloworld.core.Person]
INFO  [2019-01-18 18:47:01,134] org.hibernate.annotations.common.Version: HCANN000001: Hibernate Commons Annotations {5.0.1.Final}
INFO  [2019-01-18 18:47:01,805] org.hibernate.dialect.Dialect: HHH000400: Using dialect: org.hibernate.dialect.H2Dialect
INFO  [2019-01-18 18:47:02,287] org.hibernate.type.BasicTypeRegistry: HHH000270: Type registration [java.util.Currency] overrides previous : org.hibernate.type.CurrencyType@233de714
INFO  [2019-01-18 18:47:02,288] org.hibernate.type.BasicTypeRegistry: HHH000270: Type registration [java.time.Duration] overrides previous : org.hibernate.type.DurationType@45aefed8
INFO  [2019-01-18 18:47:02,288] org.hibernate.type.BasicTypeRegistry: HHH000270: Type registration [java.time.Instant] overrides previous : org.hibernate.type.InstantType@333915a
INFO  [2019-01-18 18:47:02,288] org.hibernate.type.BasicTypeRegistry: HHH000270: Type registration [java.time.LocalDate] overrides previous : org.hibernate.type.LocalDateType@6f07bc19
INFO  [2019-01-18 18:47:02,288] org.hibernate.type.BasicTypeRegistry: HHH000270: Type registration [java.time.LocalDateTime] overrides previous : org.hibernate.type.LocalDateTimeType@234ef3aa
INFO  [2019-01-18 18:47:02,289] org.hibernate.type.BasicTypeRegistry: HHH000270: Type registration [java.time.LocalTime] overrides previous : org.hibernate.type.LocalTimeType@11249125
INFO  [2019-01-18 18:47:02,289] org.hibernate.type.BasicTypeRegistry: HHH000270: Type registration [java.time.OffsetDateTime] overrides previous : org.hibernate.type.OffsetDateTimeType@e826b1a
INFO  [2019-01-18 18:47:02,289] org.hibernate.type.BasicTypeRegistry: HHH000270: Type registration [java.time.OffsetTime] overrides previous : org.hibernate.type.OffsetTimeType@5c37f9a7
INFO  [2019-01-18 18:47:02,290] org.hibernate.type.BasicTypeRegistry: HHH000270: Type registration [java.time.ZonedDateTime] overrides previous : org.hibernate.type.ZonedDateTimeType@8b08228
INFO  [2019-01-18 18:47:02,596] org.hibernate.hql.internal.QueryTranslatorFactoryInitiator: HHH000397: Using ASTQueryTranslatorFactory
INFO  [2019-01-18 18:47:02,758] io.dropwizard.server.ServerFactory: Starting hello-world
                           web-scale hello world dP for the web
                                                 88
  .d8888b. dP.  .dP .d8888b. 88d8b.d8b. 88d888b. 88 .d8888b.
  88ooood8  `8bd8'  88'  `88 88'`88'`88 88'  `88 88 88ooood8
  88.  ...  .d88b.  88.  .88 88  88  88 88.  .88 88 88.  ...
  `88888P' dP'  `dP `88888P8 dP  dP  dP 88Y888P' dP `88888P'
                                        88
                                        dP

INFO  [2019-01-18 18:47:02,893] org.eclipse.jetty.setuid.SetUIDListener: Opened application@1d3d957f{HTTP/1.1,[http/1.1]}{0.0.0.0:39273}
INFO  [2019-01-18 18:47:02,893] org.eclipse.jetty.setuid.SetUIDListener: Opened admin@5ff4e3c1{HTTP/1.1,[http/1.1]}{0.0.0.0:42903}
INFO  [2019-01-18 18:47:02,897] org.eclipse.jetty.server.Server: jetty-9.4.11.v20180605; built: 2018-06-05T18:24:03.829Z; git: d5fc0523cfa96bfebfbda19606cad384d772f04c; jvm 1.8.0_191-b12
INFO  [2019-01-18 18:47:03,097] io.dropwizard.jersey.DropwizardResourceConfig: The following paths were found for the configured resources:

    GET     /filtered/hello (com.example.helloworld.resources.FilteredResource)
    GET     /hello-world (com.example.helloworld.resources.HelloWorldResource)
    POST    /hello-world (com.example.helloworld.resources.HelloWorldResource)
    GET     /hello-world/date (com.example.helloworld.resources.HelloWorldResource)
    GET     /people (com.example.helloworld.resources.PeopleResource)
    POST    /people (com.example.helloworld.resources.PeopleResource)
    GET     /people/{personId} (com.example.helloworld.resources.PersonResource)
    GET     /people/{personId}/view_freemarker (com.example.helloworld.resources.PersonResource)
    GET     /people/{personId}/view_mustache (com.example.helloworld.resources.PersonResource)
    GET     /protected (com.example.helloworld.resources.ProtectedResource)
    GET     /protected/admin (com.example.helloworld.resources.ProtectedResource)
    GET     /views/iso88591.ftl (com.example.helloworld.resources.ViewResource)
    GET     /views/iso88591.mustache (com.example.helloworld.resources.ViewResource)
    GET     /views/utf8.ftl (com.example.helloworld.resources.ViewResource)
    GET     /views/utf8.mustache (com.example.helloworld.resources.ViewResource)

INFO  [2019-01-18 18:47:03,101] org.eclipse.jetty.server.handler.ContextHandler: Started i.d.j.MutableServletContextHandler@37f77e0b{/,null,AVAILABLE}
INFO  [2019-01-18 18:47:03,105] io.dropwizard.setup.AdminEnvironment: tasks = 

    POST    /tasks/echo (com.example.helloworld.tasks.EchoTask)
    POST    /tasks/log-level (io.dropwizard.servlets.tasks.LogConfigurationTask)
    POST    /tasks/gc (io.dropwizard.servlets.tasks.GarbageCollectionTask)

INFO  [2019-01-18 18:47:03,115] org.eclipse.jetty.server.handler.ContextHandler: Started i.d.j.MutableServletContextHandler@7fac34ca{/,null,AVAILABLE}
INFO  [2019-01-18 18:47:03,126] org.eclipse.jetty.server.AbstractConnector: Started application@1d3d957f{HTTP/1.1,[http/1.1]}{0.0.0.0:39273}
INFO  [2019-01-18 18:47:03,127] org.eclipse.jetty.server.AbstractConnector: Started admin@5ff4e3c1{HTTP/1.1,[http/1.1]}{0.0.0.0:42903}
INFO  [2019-01-18 18:47:03,127] org.eclipse.jetty.server.Server: Started @10215ms
INFO  [2019-01-18 18:47:03,980] liquibase.executor.jvm.JdbcExecutor: SELECT COUNT(*) FROM PUBLIC.DATABASECHANGELOGLOCK
INFO  [2019-01-18 18:47:03,995] liquibase.executor.jvm.JdbcExecutor: CREATE TABLE PUBLIC.DATABASECHANGELOGLOCK (ID INT NOT NULL, LOCKED BOOLEAN NOT NULL, LOCKGRANTED TIMESTAMP, LOCKEDBY VARCHAR(255), CONSTRAINT PK_DATABASECHANGELOGLOCK PRIMARY KEY (ID))
INFO  [2019-01-18 18:47:04,006] liquibase.executor.jvm.JdbcExecutor: SELECT COUNT(*) FROM PUBLIC.DATABASECHANGELOGLOCK
INFO  [2019-01-18 18:47:04,011] liquibase.executor.jvm.JdbcExecutor: DELETE FROM PUBLIC.DATABASECHANGELOGLOCK
INFO  [2019-01-18 18:47:04,013] liquibase.executor.jvm.JdbcExecutor: INSERT INTO PUBLIC.DATABASECHANGELOGLOCK (ID, LOCKED) VALUES (1, FALSE)
INFO  [2019-01-18 18:47:04,017] liquibase.executor.jvm.JdbcExecutor: SELECT LOCKED FROM PUBLIC.DATABASECHANGELOGLOCK WHERE ID=1
INFO  [2019-01-18 18:47:04,027] liquibase.lockservice.StandardLockService: Successfully acquired change log lock
INFO  [2019-01-18 18:47:05,079] liquibase.changelog.StandardChangeLogHistoryService: Creating database history table with name: PUBLIC.DATABASECHANGELOG
INFO  [2019-01-18 18:47:05,080] liquibase.executor.jvm.JdbcExecutor: CREATE TABLE PUBLIC.DATABASECHANGELOG (ID VARCHAR(255) NOT NULL, AUTHOR VARCHAR(255) NOT NULL, FILENAME VARCHAR(255) NOT NULL, DATEEXECUTED TIMESTAMP NOT NULL, ORDEREXECUTED INT NOT NULL, EXECTYPE VARCHAR(10) NOT NULL, MD5SUM VARCHAR(35), DESCRIPTION VARCHAR(255), COMMENTS VARCHAR(255), TAG VARCHAR(255), LIQUIBASE VARCHAR(20), CONTEXTS VARCHAR(255), LABELS VARCHAR(255), DEPLOYMENT_ID VARCHAR(10))
INFO  [2019-01-18 18:47:05,083] liquibase.executor.jvm.JdbcExecutor: SELECT COUNT(*) FROM PUBLIC.DATABASECHANGELOG
INFO  [2019-01-18 18:47:05,084] liquibase.changelog.StandardChangeLogHistoryService: Reading from PUBLIC.DATABASECHANGELOG
INFO  [2019-01-18 18:47:05,085] liquibase.executor.jvm.JdbcExecutor: SELECT * FROM PUBLIC.DATABASECHANGELOG ORDER BY DATEEXECUTED ASC, ORDEREXECUTED ASC
INFO  [2019-01-18 18:47:05,089] liquibase.executor.jvm.JdbcExecutor: SELECT COUNT(*) FROM PUBLIC.DATABASECHANGELOGLOCK
INFO  [2019-01-18 18:47:05,108] liquibase.executor.jvm.JdbcExecutor: CREATE TABLE PUBLIC.people (id BIGINT AUTO_INCREMENT NOT NULL, fullName VARCHAR(255) NOT NULL, jobTitle VARCHAR(255), CONSTRAINT PK_PEOPLE PRIMARY KEY (id))
INFO  [2019-01-18 18:47:05,117] liquibase.changelog.ChangeSet: Table people created
INFO  [2019-01-18 18:47:05,121] liquibase.changelog.ChangeSet: ChangeSet migrations.xml::1::codahale ran successfully in 14ms
INFO  [2019-01-18 18:47:05,122] liquibase.executor.jvm.JdbcExecutor: SELECT MAX(ORDEREXECUTED) FROM PUBLIC.DATABASECHANGELOG
INFO  [2019-01-18 18:47:05,129] liquibase.executor.jvm.JdbcExecutor: INSERT INTO PUBLIC.DATABASECHANGELOG (ID, AUTHOR, FILENAME, DATEEXECUTED, ORDEREXECUTED, MD5SUM, DESCRIPTION, COMMENTS, EXECTYPE, CONTEXTS, LABELS, LIQUIBASE, DEPLOYMENT_ID) VALUES ('1', 'codahale', 'migrations.xml', NOW(), 1, '8:a466b7f04155c06f80453d6d5a36b55c', 'createTable tableName=people', '', 'EXECUTED', NULL, NULL, '3.6.1', '7837225089')
INFO  [2019-01-18 18:47:05,136] liquibase.lockservice.StandardLockService: Successfully released change log lock
INFO  [2019-01-18 18:47:05,475] org.hibernate.engine.internal.StatisticalLoggingSessionEventListener: Session Metrics {
    116313 nanoseconds spent acquiring 2 JDBC connections;
    95783 nanoseconds spent releasing 2 JDBC connections;
    6764060 nanoseconds spent preparing 1 JDBC statements;
    6722524 nanoseconds spent executing 1 JDBC statements;
    0 nanoseconds spent executing 0 JDBC batches;
    0 nanoseconds spent performing 0 L2C puts;
    0 nanoseconds spent performing 0 L2C hits;
    0 nanoseconds spent performing 0 L2C misses;
    10143383 nanoseconds spent executing 1 flushes (flushing a total of 1 entities and 0 collections);
    0 nanoseconds spent executing 0 partial-flushes (flushing a total of 0 entities and 0 collections)
}
127.0.0.1 - - [18/Jan/2019:18:47:05 +0000] "POST /people HTTP/1.1" 200 67 "-" "Jersey/2.25.1 (HttpUrlConnection 1.8.0_191)" 218
INFO  [2019-01-18 18:47:05,559] org.hibernate.engine.internal.StatisticalLoggingSessionEventListener: Session Metrics {
    99537 nanoseconds spent acquiring 2 JDBC connections;
    75892 nanoseconds spent releasing 2 JDBC connections;
    417552 nanoseconds spent preparing 1 JDBC statements;
    255210 nanoseconds spent executing 1 JDBC statements;
    0 nanoseconds spent executing 0 JDBC batches;
    0 nanoseconds spent performing 0 L2C puts;
    0 nanoseconds spent performing 0 L2C hits;
    0 nanoseconds spent performing 0 L2C misses;
    192303 nanoseconds spent executing 1 flushes (flushing a total of 1 entities and 0 collections);
    0 nanoseconds spent executing 0 partial-flushes (flushing a total of 0 entities and 0 collections)
}
127.0.0.1 - - [18/Jan/2019:18:47:05 +0000] "GET /people/1/view_mustache HTTP/1.1" 200 205 "-" "Jersey/2.25.1 (HttpUrlConnection 1.8.0_191)" 76
INFO  [2019-01-18 18:47:05,575] org.hibernate.engine.internal.StatisticalLoggingSessionEventListener: Session Metrics {
    88268 nanoseconds spent acquiring 2 JDBC connections;
    53730 nanoseconds spent releasing 2 JDBC connections;
    83632 nanoseconds spent preparing 1 JDBC statements;
    581502 nanoseconds spent executing 1 JDBC statements;
    0 nanoseconds spent executing 0 JDBC batches;
    0 nanoseconds spent performing 0 L2C puts;
    0 nanoseconds spent performing 0 L2C hits;
    0 nanoseconds spent performing 0 L2C misses;
    175398 nanoseconds spent executing 1 flushes (flushing a total of 1 entities and 0 collections);
    0 nanoseconds spent executing 0 partial-flushes (flushing a total of 0 entities and 0 collections)
}
127.0.0.1 - - [18/Jan/2019:18:47:05 +0000] "POST /people HTTP/1.1" 200 67 "-" "Jersey/2.25.1 (HttpUrlConnection 1.8.0_191)" 7
INFO  [2019-01-18 18:47:05,582] org.hibernate.engine.internal.StatisticalLoggingSessionEventListener: Session Metrics {
    66503 nanoseconds spent acquiring 2 JDBC connections;
    43398 nanoseconds spent releasing 2 JDBC connections;
    62204 nanoseconds spent preparing 1 JDBC statements;
    214786 nanoseconds spent executing 1 JDBC statements;
    0 nanoseconds spent executing 0 JDBC batches;
    0 nanoseconds spent performing 0 L2C puts;
    0 nanoseconds spent performing 0 L2C hits;
    0 nanoseconds spent performing 0 L2C misses;
    160085 nanoseconds spent executing 1 flushes (flushing a total of 1 entities and 0 collections);
    0 nanoseconds spent executing 0 partial-flushes (flushing a total of 0 entities and 0 collections)
}
127.0.0.1 - - [18/Jan/2019:18:47:05 +0000] "POST /people HTTP/1.1" 200 67 "-" "Jersey/2.25.1 (HttpUrlConnection 1.8.0_191)" 5
INFO  [2019-01-18 18:47:05,798] org.hibernate.engine.internal.StatisticalLoggingSessionEventListener: Session Metrics {
    404889 nanoseconds spent acquiring 2 JDBC connections;
    42629 nanoseconds spent releasing 2 JDBC connections;
    51731 nanoseconds spent preparing 1 JDBC statements;
    205071 nanoseconds spent executing 1 JDBC statements;
    0 nanoseconds spent executing 0 JDBC batches;
    0 nanoseconds spent performing 0 L2C puts;
    0 nanoseconds spent performing 0 L2C hits;
    0 nanoseconds spent performing 0 L2C misses;
    187758 nanoseconds spent executing 1 flushes (flushing a total of 1 entities and 0 collections);
    0 nanoseconds spent executing 0 partial-flushes (flushing a total of 0 entities and 0 collections)
}
127.0.0.1 - - [18/Jan/2019:18:47:05 +0000] "GET /hello-world?name=Dr.+IntegrationTest HTTP/1.1" 200 48 "-" "Jersey/2.25.1 (HttpUrlConnection 1.8.0_191)" 14
127.0.0.1 - - [18/Jan/2019:18:47:05 +0000] "GET /people/3/view_freemarker HTTP/1.1" 200 270 "-" "Jersey/2.25.1 (HttpUrlConnection 1.8.0_191)" 227
INFO  [2019-01-18 18:47:05,816] org.eclipse.jetty.server.AbstractConnector: Stopped application@1d3d957f{HTTP/1.1,[http/1.1]}{0.0.0.0:0}
INFO  [2019-01-18 18:47:05,817] org.eclipse.jetty.server.AbstractConnector: Stopped admin@5ff4e3c1{HTTP/1.1,[http/1.1]}{0.0.0.0:0}
INFO  [2019-01-18 18:47:05,819] org.eclipse.jetty.server.handler.ContextHandler: Stopped i.d.j.MutableServletContextHandler@7fac34ca{/,null,UNAVAILABLE}
INFO  [2019-01-18 18:47:05,820] org.eclipse.jetty.server.handler.ContextHandler: Stopped i.d.j.MutableServletContextHandler@37f77e0b{/,null,UNAVAILABLE}
[INFO] Tests run: 5, Failures: 0, Errors: 0, Skipped: 0, Time elapsed: 6.203 s - in com.example.helloworld.IntegrationTest
[INFO] Running com.example.helloworld.db.PersonDAOTest
WARN  [2019-01-18 18:47:05,873] org.hibernate.orm.connections.pooling: HHH10001002: Using Hibernate built-in connection pool (not for production use!)
INFO  [2019-01-18 18:47:05,874] org.hibernate.orm.connections.pooling: HHH10001005: using driver [org.h2.Driver] at URL [jdbc:h2:mem:44feda35-28a8-4fc2-88b9-353c09c55c1e]
INFO  [2019-01-18 18:47:05,874] org.hibernate.orm.connections.pooling: HHH10001001: Connection properties: {user=sa, password=}
INFO  [2019-01-18 18:47:05,875] org.hibernate.orm.connections.pooling: HHH10001003: Autocommit mode: false
INFO  [2019-01-18 18:47:05,878] org.hibernate.engine.jdbc.connections.internal.DriverManagerConnectionProviderImpl: HHH000115: Hibernate connection pool size: 20 (min=1)
INFO  [2019-01-18 18:47:05,881] org.hibernate.dialect.Dialect: HHH000400: Using dialect: org.hibernate.dialect.H2Dialect
INFO  [2019-01-18 18:47:05,911] org.hibernate.type.BasicTypeRegistry: HHH000270: Type registration [java.util.Currency] overrides previous : org.hibernate.type.CurrencyType@233de714
INFO  [2019-01-18 18:47:05,913] org.hibernate.type.BasicTypeRegistry: HHH000270: Type registration [java.time.Duration] overrides previous : org.hibernate.type.DurationType@45aefed8
INFO  [2019-01-18 18:47:05,913] org.hibernate.type.BasicTypeRegistry: HHH000270: Type registration [java.time.Instant] overrides previous : org.hibernate.type.InstantType@333915a
INFO  [2019-01-18 18:47:05,913] org.hibernate.type.BasicTypeRegistry: HHH000270: Type registration [java.time.LocalDate] overrides previous : org.hibernate.type.LocalDateType@6f07bc19
INFO  [2019-01-18 18:47:05,913] org.hibernate.type.BasicTypeRegistry: HHH000270: Type registration [java.time.LocalDateTime] overrides previous : org.hibernate.type.LocalDateTimeType@234ef3aa
INFO  [2019-01-18 18:47:05,913] org.hibernate.type.BasicTypeRegistry: HHH000270: Type registration [java.time.LocalTime] overrides previous : org.hibernate.type.LocalTimeType@11249125
INFO  [2019-01-18 18:47:05,913] org.hibernate.type.BasicTypeRegistry: HHH000270: Type registration [java.time.OffsetDateTime] overrides previous : org.hibernate.type.OffsetDateTimeType@e826b1a
INFO  [2019-01-18 18:47:05,914] org.hibernate.type.BasicTypeRegistry: HHH000270: Type registration [java.time.OffsetTime] overrides previous : org.hibernate.type.OffsetTimeType@5c37f9a7
INFO  [2019-01-18 18:47:05,914] org.hibernate.type.BasicTypeRegistry: HHH000270: Type registration [java.time.ZonedDateTime] overrides previous : org.hibernate.type.ZonedDateTimeType@8b08228
INFO  [2019-01-18 18:47:05,947] org.hibernate.orm.connections.access: HHH10001501: Connection obtained from JdbcConnectionAccess [org.hibernate.engine.jdbc.env.internal.JdbcEnvironmentInitiator$ConnectionProviderJdbcConnectionAccess@4d93e414] for (non-JTA) DDL execution was not in auto-commit mode; the Connection 'local transaction' will be committed and the Connection will be set into auto-commit mode.
INFO  [2019-01-18 18:47:05,953] org.hibernate.orm.connections.access: HHH10001501: Connection obtained from JdbcConnectionAccess [org.hibernate.engine.jdbc.env.internal.JdbcEnvironmentInitiator$ConnectionProviderJdbcConnectionAccess@22db324] for (non-JTA) DDL execution was not in auto-commit mode; the Connection 'local transaction' will be committed and the Connection will be set into auto-commit mode.
INFO  [2019-01-18 18:47:05,956] org.hibernate.tool.schema.internal.SchemaCreatorImpl: HHH000476: Executing import script 'org.hibernate.tool.schema.internal.exec.ScriptSourceInputNonExistentImpl@4b9447b1'
INFO  [2019-01-18 18:47:05,956] org.hibernate.hql.internal.QueryTranslatorFactoryInitiator: HHH000397: Using ASTQueryTranslatorFactory
INFO  [2019-01-18 18:47:05,996] org.hibernate.engine.internal.StatisticalLoggingSessionEventListener: Session Metrics {
    27925 nanoseconds spent acquiring 2 JDBC connections;
    113122 nanoseconds spent releasing 2 JDBC connections;
    457376 nanoseconds spent preparing 4 JDBC statements;
    922309 nanoseconds spent executing 4 JDBC statements;
    0 nanoseconds spent executing 0 JDBC batches;
    0 nanoseconds spent performing 0 L2C puts;
    0 nanoseconds spent performing 0 L2C hits;
    0 nanoseconds spent performing 0 L2C misses;
    2077603 nanoseconds spent executing 1 flushes (flushing a total of 3 entities and 0 collections);
    0 nanoseconds spent executing 0 partial-flushes (flushing a total of 0 entities and 0 collections)
}
WARN  [2019-01-18 18:47:06,002] org.hibernate.orm.connections.pooling: HHH10001002: Using Hibernate built-in connection pool (not for production use!)
INFO  [2019-01-18 18:47:06,002] org.hibernate.orm.connections.pooling: HHH10001005: using driver [org.h2.Driver] at URL [jdbc:h2:mem:bf14b595-37dd-4eaf-95ee-98a23016488f]
INFO  [2019-01-18 18:47:06,002] org.hibernate.orm.connections.pooling: HHH10001001: Connection properties: {user=sa, password=}
INFO  [2019-01-18 18:47:06,002] org.hibernate.orm.connections.pooling: HHH10001003: Autocommit mode: false
INFO  [2019-01-18 18:47:06,002] org.hibernate.engine.jdbc.connections.internal.DriverManagerConnectionProviderImpl: HHH000115: Hibernate connection pool size: 20 (min=1)
INFO  [2019-01-18 18:47:06,004] org.hibernate.dialect.Dialect: HHH000400: Using dialect: org.hibernate.dialect.H2Dialect
INFO  [2019-01-18 18:47:06,021] org.hibernate.type.BasicTypeRegistry: HHH000270: Type registration [java.util.Currency] overrides previous : org.hibernate.type.CurrencyType@233de714
INFO  [2019-01-18 18:47:06,023] org.hibernate.type.BasicTypeRegistry: HHH000270: Type registration [java.time.Duration] overrides previous : org.hibernate.type.DurationType@45aefed8
INFO  [2019-01-18 18:47:06,023] org.hibernate.type.BasicTypeRegistry: HHH000270: Type registration [java.time.Instant] overrides previous : org.hibernate.type.InstantType@333915a
INFO  [2019-01-18 18:47:06,023] org.hibernate.type.BasicTypeRegistry: HHH000270: Type registration [java.time.LocalDate] overrides previous : org.hibernate.type.LocalDateType@6f07bc19
INFO  [2019-01-18 18:47:06,023] org.hibernate.type.BasicTypeRegistry: HHH000270: Type registration [java.time.LocalDateTime] overrides previous : org.hibernate.type.LocalDateTimeType@234ef3aa
INFO  [2019-01-18 18:47:06,023] org.hibernate.type.BasicTypeRegistry: HHH000270: Type registration [java.time.LocalTime] overrides previous : org.hibernate.type.LocalTimeType@11249125
INFO  [2019-01-18 18:47:06,023] org.hibernate.type.BasicTypeRegistry: HHH000270: Type registration [java.time.OffsetDateTime] overrides previous : org.hibernate.type.OffsetDateTimeType@e826b1a
INFO  [2019-01-18 18:47:06,023] org.hibernate.type.BasicTypeRegistry: HHH000270: Type registration [java.time.OffsetTime] overrides previous : org.hibernate.type.OffsetTimeType@5c37f9a7
INFO  [2019-01-18 18:47:06,025] org.hibernate.type.BasicTypeRegistry: HHH000270: Type registration [java.time.ZonedDateTime] overrides previous : org.hibernate.type.ZonedDateTimeType@8b08228
INFO  [2019-01-18 18:47:06,036] org.hibernate.orm.connections.access: HHH10001501: Connection obtained from JdbcConnectionAccess [org.hibernate.engine.jdbc.env.internal.JdbcEnvironmentInitiator$ConnectionProviderJdbcConnectionAccess@7fdbf2fb] for (non-JTA) DDL execution was not in auto-commit mode; the Connection 'local transaction' will be committed and the Connection will be set into auto-commit mode.
INFO  [2019-01-18 18:47:06,037] org.hibernate.orm.connections.access: HHH10001501: Connection obtained from JdbcConnectionAccess [org.hibernate.engine.jdbc.env.internal.JdbcEnvironmentInitiator$ConnectionProviderJdbcConnectionAccess@53c2657a] for (non-JTA) DDL execution was not in auto-commit mode; the Connection 'local transaction' will be committed and the Connection will be set into auto-commit mode.
INFO  [2019-01-18 18:47:06,039] org.hibernate.tool.schema.internal.SchemaCreatorImpl: HHH000476: Executing import script 'org.hibernate.tool.schema.internal.exec.ScriptSourceInputNonExistentImpl@4b9447b1'
INFO  [2019-01-18 18:47:06,039] org.hibernate.hql.internal.QueryTranslatorFactoryInitiator: HHH000397: Using ASTQueryTranslatorFactory
WARN  [2019-01-18 18:47:06,049] org.hibernate.engine.jdbc.spi.SqlExceptionHelper: SQL Error: 23502, SQLState: 23502
ERROR [2019-01-18 18:47:06,049] org.hibernate.engine.jdbc.spi.SqlExceptionHelper: NULL not allowed for column "FULLNAME"; SQL statement:
insert into people (id, fullName, jobTitle) values (null, ?, ?) [23502-197]
INFO  [2019-01-18 18:47:06,057] org.hibernate.engine.internal.StatisticalLoggingSessionEventListener: Session Metrics {
    18125 nanoseconds spent acquiring 1 JDBC connections;
    47743 nanoseconds spent releasing 1 JDBC connections;
    137449 nanoseconds spent preparing 1 JDBC statements;
    5296817 nanoseconds spent executing 1 JDBC statements;
    0 nanoseconds spent executing 0 JDBC batches;
    0 nanoseconds spent performing 0 L2C puts;
    0 nanoseconds spent performing 0 L2C hits;
    0 nanoseconds spent performing 0 L2C misses;
    0 nanoseconds spent executing 0 flushes (flushing a total of 0 entities and 0 collections);
    0 nanoseconds spent executing 0 partial-flushes (flushing a total of 0 entities and 0 collections)
}
WARN  [2019-01-18 18:47:06,063] org.hibernate.orm.connections.pooling: HHH10001002: Using Hibernate built-in connection pool (not for production use!)
INFO  [2019-01-18 18:47:06,063] org.hibernate.orm.connections.pooling: HHH10001005: using driver [org.h2.Driver] at URL [jdbc:h2:mem:30ea5276-ea77-4b29-86ce-ac4ca4767a8f]
INFO  [2019-01-18 18:47:06,063] org.hibernate.orm.connections.pooling: HHH10001001: Connection properties: {user=sa, password=}
INFO  [2019-01-18 18:47:06,063] org.hibernate.orm.connections.pooling: HHH10001003: Autocommit mode: false
INFO  [2019-01-18 18:47:06,063] org.hibernate.engine.jdbc.connections.internal.DriverManagerConnectionProviderImpl: HHH000115: Hibernate connection pool size: 20 (min=1)
INFO  [2019-01-18 18:47:06,065] org.hibernate.dialect.Dialect: HHH000400: Using dialect: org.hibernate.dialect.H2Dialect
INFO  [2019-01-18 18:47:06,081] org.hibernate.type.BasicTypeRegistry: HHH000270: Type registration [java.util.Currency] overrides previous : org.hibernate.type.CurrencyType@233de714
INFO  [2019-01-18 18:47:06,083] org.hibernate.type.BasicTypeRegistry: HHH000270: Type registration [java.time.Duration] overrides previous : org.hibernate.type.DurationType@45aefed8
INFO  [2019-01-18 18:47:06,083] org.hibernate.type.BasicTypeRegistry: HHH000270: Type registration [java.time.Instant] overrides previous : org.hibernate.type.InstantType@333915a
INFO  [2019-01-18 18:47:06,083] org.hibernate.type.BasicTypeRegistry: HHH000270: Type registration [java.time.LocalDate] overrides previous : org.hibernate.type.LocalDateType@6f07bc19
INFO  [2019-01-18 18:47:06,083] org.hibernate.type.BasicTypeRegistry: HHH000270: Type registration [java.time.LocalDateTime] overrides previous : org.hibernate.type.LocalDateTimeType@234ef3aa
INFO  [2019-01-18 18:47:06,083] org.hibernate.type.BasicTypeRegistry: HHH000270: Type registration [java.time.LocalTime] overrides previous : org.hibernate.type.LocalTimeType@11249125
INFO  [2019-01-18 18:47:06,083] org.hibernate.type.BasicTypeRegistry: HHH000270: Type registration [java.time.OffsetDateTime] overrides previous : org.hibernate.type.OffsetDateTimeType@e826b1a
INFO  [2019-01-18 18:47:06,083] org.hibernate.type.BasicTypeRegistry: HHH000270: Type registration [java.time.OffsetTime] overrides previous : org.hibernate.type.OffsetTimeType@5c37f9a7
INFO  [2019-01-18 18:47:06,083] org.hibernate.type.BasicTypeRegistry: HHH000270: Type registration [java.time.ZonedDateTime] overrides previous : org.hibernate.type.ZonedDateTimeType@8b08228
INFO  [2019-01-18 18:47:06,094] org.hibernate.orm.connections.access: HHH10001501: Connection obtained from JdbcConnectionAccess [org.hibernate.engine.jdbc.env.internal.JdbcEnvironmentInitiator$ConnectionProviderJdbcConnectionAccess@7d08fd1f] for (non-JTA) DDL execution was not in auto-commit mode; the Connection 'local transaction' will be committed and the Connection will be set into auto-commit mode.
INFO  [2019-01-18 18:47:06,095] org.hibernate.orm.connections.access: HHH10001501: Connection obtained from JdbcConnectionAccess [org.hibernate.engine.jdbc.env.internal.JdbcEnvironmentInitiator$ConnectionProviderJdbcConnectionAccess@4220a0d6] for (non-JTA) DDL execution was not in auto-commit mode; the Connection 'local transaction' will be committed and the Connection will be set into auto-commit mode.
INFO  [2019-01-18 18:47:06,096] org.hibernate.tool.schema.internal.SchemaCreatorImpl: HHH000476: Executing import script 'org.hibernate.tool.schema.internal.exec.ScriptSourceInputNonExistentImpl@4b9447b1'
INFO  [2019-01-18 18:47:06,097] org.hibernate.hql.internal.QueryTranslatorFactoryInitiator: HHH000397: Using ASTQueryTranslatorFactory
INFO  [2019-01-18 18:47:06,105] org.hibernate.engine.internal.StatisticalLoggingSessionEventListener: Session Metrics {
    10030 nanoseconds spent acquiring 1 JDBC connections;
    42469 nanoseconds spent releasing 1 JDBC connections;
    118398 nanoseconds spent preparing 1 JDBC statements;
    376851 nanoseconds spent executing 1 JDBC statements;
    0 nanoseconds spent executing 0 JDBC batches;
    0 nanoseconds spent performing 0 L2C puts;
    0 nanoseconds spent performing 0 L2C hits;
    0 nanoseconds spent performing 0 L2C misses;
    257174 nanoseconds spent executing 1 flushes (flushing a total of 1 entities and 0 collections);
    0 nanoseconds spent executing 0 partial-flushes (flushing a total of 0 entities and 0 collections)
}
[INFO] Tests run: 3, Failures: 0, Errors: 0, Skipped: 0, Time elapsed: 0.262 s - in com.example.helloworld.db.PersonDAOTest
[INFO] 
[INFO] Results:
[INFO] 
[INFO] Tests run: 22, Failures: 0, Errors: 0, Skipped: 0
[INFO] 
[INFO] 
[INFO] --- maven-jar-plugin:3.1.0:jar (default-jar) @ dropwizard-example ---
[INFO] Building jar: /var/lib/jenkins/workspace/Application/release/target/dropwizard-example.jar
[INFO] 
[INFO] >>> maven-source-plugin:3.0.1:jar (attach-sources) > generate-sources @ dropwizard-example >>>
[INFO] 
[INFO] --- maven-enforcer-plugin:1.4.1:enforce (enforce) @ dropwizard-example ---
[INFO] 
[INFO] --- maven-checkstyle-plugin:3.0.0:check (checkstyle) @ dropwizard-example ---
[INFO] 
[INFO] --- jacoco-maven-plugin:0.8.2:prepare-agent (prepare-agent) @ dropwizard-example ---
[INFO] argLine set to -javaagent:/var/lib/jenkins/.m2/repository/org/jacoco/org.jacoco.agent/0.8.2/org.jacoco.agent-0.8.2-runtime.jar=destfile=/var/lib/jenkins/workspace/Application/release/target/jacoco.exec
[INFO] 
[INFO] <<< maven-source-plugin:3.0.1:jar (attach-sources) < generate-sources @ dropwizard-example <<<
[INFO] 
[INFO] 
[INFO] --- maven-source-plugin:3.0.1:jar (attach-sources) @ dropwizard-example ---
[INFO] Building jar: /var/lib/jenkins/workspace/Application/release/target/dropwizard-example-sources.jar
[INFO] 
[INFO] --- maven-shade-plugin:3.2.1:shade (default) @ dropwizard-example ---
[INFO] Including io.dropwizard:dropwizard-core:jar:1.3.7 in the shaded jar.
[INFO] Including io.dropwizard:dropwizard-util:jar:1.3.7 in the shaded jar.
[INFO] Including com.fasterxml.jackson.core:jackson-annotations:jar:2.9.0 in the shaded jar.
[INFO] Including com.google.guava:guava:jar:24.0-jre in the shaded jar.
[INFO] Including org.checkerframework:checker-compat-qual:jar:2.0.0 in the shaded jar.
[INFO] Including com.google.errorprone:error_prone_annotations:jar:2.1.3 in the shaded jar.
[INFO] Including com.google.j2objc:j2objc-annotations:jar:1.1 in the shaded jar.
[INFO] Including org.codehaus.mojo:animal-sniffer-annotations:jar:1.14 in the shaded jar.
[INFO] Including com.google.code.findbugs:jsr305:jar:3.0.2 in the shaded jar.
[INFO] Including joda-time:joda-time:jar:2.9.9 in the shaded jar.
[INFO] Including io.dropwizard:dropwizard-jackson:jar:1.3.7 in the shaded jar.
[INFO] Including com.fasterxml.jackson.core:jackson-core:jar:2.9.6 in the shaded jar.
[INFO] Including com.fasterxml.jackson.core:jackson-databind:jar:2.9.6 in the shaded jar.
[INFO] Including com.fasterxml.jackson.datatype:jackson-datatype-guava:jar:2.9.6 in the shaded jar.
[INFO] Including com.fasterxml.jackson.datatype:jackson-datatype-jsr310:jar:2.9.6 in the shaded jar.
[INFO] Including com.fasterxml.jackson.datatype:jackson-datatype-jdk8:jar:2.9.6 in the shaded jar.
[INFO] Including com.fasterxml.jackson.module:jackson-module-parameter-names:jar:2.9.6 in the shaded jar.
[INFO] Including com.fasterxml.jackson.module:jackson-module-afterburner:jar:2.9.6 in the shaded jar.
[INFO] Including com.fasterxml.jackson.datatype:jackson-datatype-joda:jar:2.9.6 in the shaded jar.
[INFO] Including org.slf4j:slf4j-api:jar:1.7.25 in the shaded jar.
[INFO] Including io.dropwizard:dropwizard-validation:jar:1.3.7 in the shaded jar.
[INFO] Including org.hibernate:hibernate-validator:jar:5.4.2.Final in the shaded jar.
[INFO] Including org.jboss.logging:jboss-logging:jar:3.3.0.Final in the shaded jar.
[INFO] Including org.glassfish:javax.el:jar:3.0.0 in the shaded jar.
[INFO] Including org.javassist:javassist:jar:3.22.0-GA in the shaded jar.
[INFO] Including io.dropwizard:dropwizard-configuration:jar:1.3.7 in the shaded jar.
[INFO] Including com.fasterxml.jackson.dataformat:jackson-dataformat-yaml:jar:2.9.6 in the shaded jar.
[INFO] Including org.yaml:snakeyaml:jar:1.18 in the shaded jar.
[INFO] Including org.apache.commons:commons-lang3:jar:3.7 in the shaded jar.
[INFO] Including org.apache.commons:commons-text:jar:1.2 in the shaded jar.
[INFO] Including io.dropwizard:dropwizard-logging:jar:1.3.7 in the shaded jar.
[INFO] Including io.dropwizard.metrics:metrics-logback:jar:4.0.2 in the shaded jar.
[INFO] Including org.slf4j:jul-to-slf4j:jar:1.7.25 in the shaded jar.
[INFO] Including ch.qos.logback:logback-core:jar:1.2.3 in the shaded jar.
[INFO] Including ch.qos.logback:logback-classic:jar:1.2.3 in the shaded jar.
[INFO] Including org.slf4j:log4j-over-slf4j:jar:1.7.25 in the shaded jar.
[INFO] Including org.slf4j:jcl-over-slf4j:jar:1.7.25 in the shaded jar.
[INFO] Including org.eclipse.jetty:jetty-util:jar:9.4.11.v20180605 in the shaded jar.
[INFO] Including io.dropwizard:dropwizard-metrics:jar:1.3.7 in the shaded jar.
[INFO] Including io.dropwizard:dropwizard-jersey:jar:1.3.7 in the shaded jar.
[INFO] Including org.glassfish.jersey.ext:jersey-metainf-services:jar:2.25.1 in the shaded jar.
[INFO] Including org.glassfish.jersey.ext:jersey-bean-validation:jar:2.25.1 in the shaded jar.
[INFO] Including io.dropwizard.metrics:metrics-jersey2:jar:4.0.2 in the shaded jar.
[INFO] Including com.fasterxml.jackson.jaxrs:jackson-jaxrs-json-provider:jar:2.9.6 in the shaded jar.
[INFO] Including com.fasterxml.jackson.jaxrs:jackson-jaxrs-base:jar:2.9.6 in the shaded jar.
[INFO] Including com.fasterxml.jackson.module:jackson-module-jaxb-annotations:jar:2.9.6 in the shaded jar.
[INFO] Including org.glassfish.jersey.containers:jersey-container-servlet:jar:2.25.1 in the shaded jar.
[INFO] Including org.eclipse.jetty:jetty-server:jar:9.4.11.v20180605 in the shaded jar.
[INFO] Including javax.servlet:javax.servlet-api:jar:3.1.0 in the shaded jar.
[INFO] Including org.eclipse.jetty:jetty-webapp:jar:9.4.11.v20180605 in the shaded jar.
[INFO] Including org.eclipse.jetty:jetty-xml:jar:9.4.11.v20180605 in the shaded jar.
[INFO] Including org.eclipse.jetty:jetty-continuation:jar:9.4.11.v20180605 in the shaded jar.
[INFO] Including io.dropwizard:dropwizard-servlets:jar:1.3.7 in the shaded jar.
[INFO] Including io.dropwizard.metrics:metrics-annotation:jar:4.0.2 in the shaded jar.
[INFO] Including io.dropwizard:dropwizard-jetty:jar:1.3.7 in the shaded jar.
[INFO] Including io.dropwizard.metrics:metrics-jetty9:jar:4.0.2 in the shaded jar.
[INFO] Including org.eclipse.jetty:jetty-servlet:jar:9.4.11.v20180605 in the shaded jar.
[INFO] Including org.eclipse.jetty:jetty-security:jar:9.4.11.v20180605 in the shaded jar.
[INFO] Including org.eclipse.jetty:jetty-servlets:jar:9.4.11.v20180605 in the shaded jar.
[INFO] Including org.eclipse.jetty:jetty-http:jar:9.4.11.v20180605 in the shaded jar.
[INFO] Including io.dropwizard:dropwizard-lifecycle:jar:1.3.7 in the shaded jar.
[INFO] Including io.dropwizard.metrics:metrics-core:jar:4.0.2 in the shaded jar.
[INFO] Including io.dropwizard.metrics:metrics-jvm:jar:4.0.2 in the shaded jar.
[INFO] Including io.dropwizard.metrics:metrics-jmx:jar:4.0.2 in the shaded jar.
[INFO] Including io.dropwizard.metrics:metrics-servlets:jar:4.0.2 in the shaded jar.
[INFO] Including io.dropwizard.metrics:metrics-json:jar:4.0.2 in the shaded jar.
[INFO] Including com.papertrail:profiler:jar:1.0.2 in the shaded jar.
[INFO] Including io.dropwizard.metrics:metrics-healthchecks:jar:4.0.2 in the shaded jar.
[INFO] Including io.dropwizard:dropwizard-request-logging:jar:1.3.7 in the shaded jar.
[INFO] Including ch.qos.logback:logback-access:jar:1.2.3 in the shaded jar.
[INFO] Including net.sourceforge.argparse4j:argparse4j:jar:0.8.1 in the shaded jar.
[INFO] Including org.eclipse.jetty.toolchain.setuid:jetty-setuid-java:jar:1.0.3 in the shaded jar.
[INFO] Including io.dropwizard:dropwizard-auth:jar:1.3.7 in the shaded jar.
[INFO] Including io.dropwizard:dropwizard-assets:jar:1.3.7 in the shaded jar.
[INFO] Including io.dropwizard:dropwizard-http2:jar:1.3.7 in the shaded jar.
[INFO] Including org.eclipse.jetty.http2:http2-server:jar:9.4.11.v20180605 in the shaded jar.
[INFO] Including org.eclipse.jetty.http2:http2-common:jar:9.4.11.v20180605 in the shaded jar.
[INFO] Including org.eclipse.jetty.http2:http2-hpack:jar:9.4.11.v20180605 in the shaded jar.
[INFO] Including org.eclipse.jetty:jetty-alpn-openjdk8-server:jar:9.4.11.v20180605 in the shaded jar.
[INFO] Including org.eclipse.jetty:jetty-alpn-server:jar:9.4.11.v20180605 in the shaded jar.
[INFO] Including org.eclipse.jetty:jetty-io:jar:9.4.11.v20180605 in the shaded jar.
[INFO] Including io.dropwizard:dropwizard-hibernate:jar:1.3.7 in the shaded jar.
[INFO] Including io.dropwizard:dropwizard-db:jar:1.3.7 in the shaded jar.
[INFO] Including org.apache.tomcat:tomcat-jdbc:jar:9.0.5 in the shaded jar.
[INFO] Including org.apache.tomcat:tomcat-juli:jar:9.0.5 in the shaded jar.
[INFO] Including com.fasterxml.jackson.datatype:jackson-datatype-hibernate5:jar:2.9.6 in the shaded jar.
[INFO] Including org.jadira.usertype:usertype.core:jar:7.0.0.CR1 in the shaded jar.
[INFO] Including org.jadira.usertype:usertype.spi:jar:7.0.0.CR1 in the shaded jar.
[INFO] Including org.hibernate:hibernate-core:jar:5.2.15.Final in the shaded jar.
[INFO] Including org.hibernate.javax.persistence:hibernate-jpa-2.1-api:jar:1.0.0.Final in the shaded jar.
[INFO] Including antlr:antlr:jar:2.7.7 in the shaded jar.
[INFO] Including org.jboss.spec.javax.transaction:jboss-transaction-api_1.2_spec:jar:1.0.1.Final in the shaded jar.
[INFO] Including org.jboss:jandex:jar:2.0.3.Final in the shaded jar.
[INFO] Including com.fasterxml:classmate:jar:1.3.4 in the shaded jar.
[INFO] Including dom4j:dom4j:jar:1.6.1 in the shaded jar.
[INFO] Including org.hibernate.common:hibernate-commons-annotations:jar:5.0.1.Final in the shaded jar.
[INFO] Including io.dropwizard:dropwizard-migrations:jar:1.3.7 in the shaded jar.
[INFO] Including org.liquibase:liquibase-core:jar:3.6.1 in the shaded jar.
[INFO] Including com.mattbertolini:liquibase-slf4j:jar:2.0.0 in the shaded jar.
[INFO] Including io.dropwizard:dropwizard-views-freemarker:jar:1.3.7 in the shaded jar.
[INFO] Including io.dropwizard:dropwizard-views:jar:1.3.7 in the shaded jar.
[INFO] Including org.freemarker:freemarker:jar:2.3.27-incubating in the shaded jar.
[INFO] Including io.dropwizard:dropwizard-views-mustache:jar:1.3.7 in the shaded jar.
[INFO] Including com.github.spullara.mustache.java:compiler:jar:0.9.5 in the shaded jar.
[INFO] Including io.dropwizard:dropwizard-metrics-graphite:jar:1.3.7 in the shaded jar.
[INFO] Including io.dropwizard.metrics:metrics-graphite:jar:4.0.2 in the shaded jar.
[INFO] Including com.rabbitmq:amqp-client:jar:4.4.1 in the shaded jar.
[INFO] Including com.h2database:h2:jar:1.4.197 in the shaded jar.
[INFO] Including mysql:mysql-connector-java:jar:8.0.13 in the shaded jar.
[INFO] Including com.google.protobuf:protobuf-java:jar:3.6.1 in the shaded jar.
[INFO] Including org.glassfish.jersey.containers:jersey-container-servlet-core:jar:2.25.1 in the shaded jar.
[INFO] Including org.glassfish.jersey.core:jersey-server:jar:2.25.1 in the shaded jar.
[INFO] Including org.glassfish.jersey.core:jersey-common:jar:2.25.1 in the shaded jar.
[INFO] Including org.glassfish.jersey.bundles.repackaged:jersey-guava:jar:2.25.1 in the shaded jar.
[INFO] Including org.glassfish.hk2:osgi-resource-locator:jar:1.0.1 in the shaded jar.
[INFO] Including javax.ws.rs:javax.ws.rs-api:jar:2.0.1 in the shaded jar.
[INFO] Including org.glassfish.jersey.media:jersey-media-jaxb:jar:2.25.1 in the shaded jar.
[INFO] Including javax.annotation:javax.annotation-api:jar:1.2 in the shaded jar.
[INFO] Including org.glassfish.hk2:hk2-api:jar:2.5.0-b32 in the shaded jar.
[INFO] Including org.glassfish.hk2:hk2-utils:jar:2.5.0-b32 in the shaded jar.
[INFO] Including org.glassfish.hk2.external:aopalliance-repackaged:jar:2.5.0-b32 in the shaded jar.
[INFO] Including org.glassfish.hk2.external:javax.inject:jar:2.5.0-b32 in the shaded jar.
[INFO] Including org.glassfish.hk2:hk2-locator:jar:2.5.0-b32 in the shaded jar.
[INFO] Including javax.validation:validation-api:jar:1.1.0.Final in the shaded jar.
[INFO] Including org.glassfish.jersey.core:jersey-client:jar:2.25.1 in the shaded jar.
[INFO] Replacing original artifact with shaded artifact.
[INFO] Replacing /var/lib/jenkins/workspace/Application/release/target/dropwizard-example.jar with /var/lib/jenkins/workspace/Application/release/target/dropwizard-example-0.0.1-SNAPSHOT-shaded.jar
[INFO] Dependency-reduced POM written at: /var/lib/jenkins/workspace/Application/release/dependency-reduced-pom.xml
[INFO] ------------------------------------------------------------------------
[INFO] BUILD SUCCESS
[INFO] ------------------------------------------------------------------------
[INFO] Total time: 26.039 s
[INFO] Finished at: 2019-01-18T18:47:11Z
[INFO] Final Memory: 43M/435M
[INFO] ------------------------------------------------------------------------
+ aws s3 cp target/dropwizard-example.jar s3://30daysdevops/dropwizard/release/dropwizard-example-0.0.19.jar
Completed 256.0 KiB/33.1 MiB (2.7 MiB/s) with 1 file(s) remainingCompleted 512.0 KiB/33.1 MiB (5.1 MiB/s) with 1 file(s) remainingCompleted 768.0 KiB/33.1 MiB (7.3 MiB/s) with 1 file(s) remainingCompleted 1.0 MiB/33.1 MiB (9.5 MiB/s) with 1 file(s) remaining  Completed 1.2 MiB/33.1 MiB (10.0 MiB/s) with 1 file(s) remaining Completed 1.5 MiB/33.1 MiB (11.5 MiB/s) with 1 file(s) remaining Completed 1.8 MiB/33.1 MiB (13.1 MiB/s) with 1 file(s) remaining Completed 2.0 MiB/33.1 MiB (14.6 MiB/s) with 1 file(s) remaining Completed 2.2 MiB/33.1 MiB (16.1 MiB/s) with 1 file(s) remaining Completed 2.5 MiB/33.1 MiB (17.8 MiB/s) with 1 file(s) remaining Completed 2.8 MiB/33.1 MiB (19.3 MiB/s) with 1 file(s) remaining Completed 3.0 MiB/33.1 MiB (20.7 MiB/s) with 1 file(s) remaining Completed 3.2 MiB/33.1 MiB (22.2 MiB/s) with 1 file(s) remaining Completed 3.5 MiB/33.1 MiB (23.2 MiB/s) with 1 file(s) remaining Completed 3.8 MiB/33.1 MiB (24.6 MiB/s) with 1 file(s) remaining Completed 4.0 MiB/33.1 MiB (25.7 MiB/s) with 1 file(s) remaining Completed 4.1 MiB/33.1 MiB (25.8 MiB/s) with 1 file(s) remaining Completed 4.3 MiB/33.1 MiB (27.3 MiB/s) with 1 file(s) remaining Completed 4.6 MiB/33.1 MiB (28.5 MiB/s) with 1 file(s) remaining Completed 4.8 MiB/33.1 MiB (29.6 MiB/s) with 1 file(s) remaining Completed 5.1 MiB/33.1 MiB (31.0 MiB/s) with 1 file(s) remaining Completed 5.3 MiB/33.1 MiB (31.7 MiB/s) with 1 file(s) remaining Completed 5.6 MiB/33.1 MiB (32.6 MiB/s) with 1 file(s) remaining Completed 5.8 MiB/33.1 MiB (33.9 MiB/s) with 1 file(s) remaining Completed 6.1 MiB/33.1 MiB (34.8 MiB/s) with 1 file(s) remaining Completed 6.3 MiB/33.1 MiB (35.5 MiB/s) with 1 file(s) remaining Completed 6.6 MiB/33.1 MiB (36.2 MiB/s) with 1 file(s) remaining Completed 6.8 MiB/33.1 MiB (37.3 MiB/s) with 1 file(s) remaining Completed 7.1 MiB/33.1 MiB (38.3 MiB/s) with 1 file(s) remaining Completed 7.3 MiB/33.1 MiB (39.4 MiB/s) with 1 file(s) remaining Completed 7.6 MiB/33.1 MiB (40.1 MiB/s) with 1 file(s) remaining Completed 7.8 MiB/33.1 MiB (40.8 MiB/s) with 1 file(s) remaining Completed 8.1 MiB/33.1 MiB (41.0 MiB/s) with 1 file(s) remaining Completed 8.3 MiB/33.1 MiB (41.9 MiB/s) with 1 file(s) remaining Completed 8.6 MiB/33.1 MiB (43.1 MiB/s) with 1 file(s) remaining Completed 8.8 MiB/33.1 MiB (43.9 MiB/s) with 1 file(s) remaining Completed 9.1 MiB/33.1 MiB (45.1 MiB/s) with 1 file(s) remaining Completed 9.3 MiB/33.1 MiB (44.4 MiB/s) with 1 file(s) remaining Completed 9.6 MiB/33.1 MiB (45.5 MiB/s) with 1 file(s) remaining Completed 9.8 MiB/33.1 MiB (46.5 MiB/s) with 1 file(s) remaining Completed 10.1 MiB/33.1 MiB (46.4 MiB/s) with 1 file(s) remainingCompleted 10.3 MiB/33.1 MiB (47.4 MiB/s) with 1 file(s) remainingCompleted 10.6 MiB/33.1 MiB (48.4 MiB/s) with 1 file(s) remainingCompleted 10.8 MiB/33.1 MiB (49.4 MiB/s) with 1 file(s) remainingCompleted 11.1 MiB/33.1 MiB (48.9 MiB/s) with 1 file(s) remainingCompleted 11.3 MiB/33.1 MiB (50.0 MiB/s) with 1 file(s) remainingCompleted 11.6 MiB/33.1 MiB (51.1 MiB/s) with 1 file(s) remainingCompleted 11.8 MiB/33.1 MiB (50.8 MiB/s) with 1 file(s) remainingCompleted 12.1 MiB/33.1 MiB (51.4 MiB/s) with 1 file(s) remainingCompleted 12.3 MiB/33.1 MiB (52.4 MiB/s) with 1 file(s) remainingCompleted 12.6 MiB/33.1 MiB (52.5 MiB/s) with 1 file(s) remainingCompleted 12.8 MiB/33.1 MiB (53.4 MiB/s) with 1 file(s) remainingCompleted 13.1 MiB/33.1 MiB (54.1 MiB/s) with 1 file(s) remainingCompleted 13.3 MiB/33.1 MiB (54.4 MiB/s) with 1 file(s) remainingCompleted 13.6 MiB/33.1 MiB (55.0 MiB/s) with 1 file(s) remainingCompleted 13.8 MiB/33.1 MiB (55.4 MiB/s) with 1 file(s) remainingCompleted 14.1 MiB/33.1 MiB (56.0 MiB/s) with 1 file(s) remainingCompleted 14.3 MiB/33.1 MiB (56.6 MiB/s) with 1 file(s) remainingCompleted 14.6 MiB/33.1 MiB (56.7 MiB/s) with 1 file(s) remainingCompleted 14.8 MiB/33.1 MiB (57.6 MiB/s) with 1 file(s) remainingCompleted 15.1 MiB/33.1 MiB (58.0 MiB/s) with 1 file(s) remainingCompleted 15.3 MiB/33.1 MiB (57.8 MiB/s) with 1 file(s) remainingCompleted 15.6 MiB/33.1 MiB (58.4 MiB/s) with 1 file(s) remainingCompleted 15.8 MiB/33.1 MiB (58.7 MiB/s) with 1 file(s) remainingCompleted 16.1 MiB/33.1 MiB (59.0 MiB/s) with 1 file(s) remainingCompleted 16.3 MiB/33.1 MiB (59.8 MiB/s) with 1 file(s) remainingCompleted 16.6 MiB/33.1 MiB (60.3 MiB/s) with 1 file(s) remainingCompleted 16.8 MiB/33.1 MiB (60.7 MiB/s) with 1 file(s) remainingCompleted 17.1 MiB/33.1 MiB (61.1 MiB/s) with 1 file(s) remainingCompleted 17.3 MiB/33.1 MiB (61.5 MiB/s) with 1 file(s) remainingCompleted 17.6 MiB/33.1 MiB (62.1 MiB/s) with 1 file(s) remainingCompleted 17.8 MiB/33.1 MiB (62.1 MiB/s) with 1 file(s) remainingCompleted 18.1 MiB/33.1 MiB (62.3 MiB/s) with 1 file(s) remainingCompleted 18.3 MiB/33.1 MiB (63.1 MiB/s) with 1 file(s) remainingCompleted 18.6 MiB/33.1 MiB (63.5 MiB/s) with 1 file(s) remainingCompleted 18.8 MiB/33.1 MiB (63.9 MiB/s) with 1 file(s) remainingCompleted 19.1 MiB/33.1 MiB (63.4 MiB/s) with 1 file(s) remainingCompleted 19.3 MiB/33.1 MiB (64.1 MiB/s) with 1 file(s) remainingCompleted 19.6 MiB/33.1 MiB (64.7 MiB/s) with 1 file(s) remainingCompleted 19.8 MiB/33.1 MiB (65.4 MiB/s) with 1 file(s) remainingCompleted 20.1 MiB/33.1 MiB (65.9 MiB/s) with 1 file(s) remainingCompleted 20.3 MiB/33.1 MiB (64.7 MiB/s) with 1 file(s) remainingCompleted 20.6 MiB/33.1 MiB (65.3 MiB/s) with 1 file(s) remainingCompleted 20.8 MiB/33.1 MiB (66.0 MiB/s) with 1 file(s) remainingCompleted 21.1 MiB/33.1 MiB (66.6 MiB/s) with 1 file(s) remainingCompleted 21.3 MiB/33.1 MiB (66.3 MiB/s) with 1 file(s) remainingCompleted 21.6 MiB/33.1 MiB (66.8 MiB/s) with 1 file(s) remainingCompleted 21.8 MiB/33.1 MiB (67.5 MiB/s) with 1 file(s) remainingCompleted 22.1 MiB/33.1 MiB (67.2 MiB/s) with 1 file(s) remainingCompleted 22.3 MiB/33.1 MiB (67.6 MiB/s) with 1 file(s) remainingCompleted 22.6 MiB/33.1 MiB (68.2 MiB/s) with 1 file(s) remainingCompleted 22.8 MiB/33.1 MiB (68.3 MiB/s) with 1 file(s) remainingCompleted 23.1 MiB/33.1 MiB (69.0 MiB/s) with 1 file(s) remainingCompleted 23.3 MiB/33.1 MiB (68.4 MiB/s) with 1 file(s) remainingCompleted 23.6 MiB/33.1 MiB (69.0 MiB/s) with 1 file(s) remainingCompleted 23.8 MiB/33.1 MiB (69.6 MiB/s) with 1 file(s) remainingCompleted 24.1 MiB/33.1 MiB (69.4 MiB/s) with 1 file(s) remainingCompleted 24.3 MiB/33.1 MiB (69.8 MiB/s) with 1 file(s) remainingCompleted 24.6 MiB/33.1 MiB (69.8 MiB/s) with 1 file(s) remainingCompleted 24.8 MiB/33.1 MiB (70.1 MiB/s) with 1 file(s) remainingCompleted 25.1 MiB/33.1 MiB (69.6 MiB/s) with 1 file(s) remainingCompleted 25.3 MiB/33.1 MiB (70.1 MiB/s) with 1 file(s) remainingCompleted 25.6 MiB/33.1 MiB (70.6 MiB/s) with 1 file(s) remainingCompleted 25.8 MiB/33.1 MiB (70.3 MiB/s) with 1 file(s) remainingCompleted 26.1 MiB/33.1 MiB (70.4 MiB/s) with 1 file(s) remainingCompleted 26.3 MiB/33.1 MiB (70.7 MiB/s) with 1 file(s) remainingCompleted 26.6 MiB/33.1 MiB (71.3 MiB/s) with 1 file(s) remainingCompleted 26.8 MiB/33.1 MiB (71.2 MiB/s) with 1 file(s) remainingCompleted 27.1 MiB/33.1 MiB (71.8 MiB/s) with 1 file(s) remainingCompleted 27.3 MiB/33.1 MiB (71.4 MiB/s) with 1 file(s) remainingCompleted 27.6 MiB/33.1 MiB (71.7 MiB/s) with 1 file(s) remainingCompleted 27.8 MiB/33.1 MiB (72.0 MiB/s) with 1 file(s) remainingCompleted 28.1 MiB/33.1 MiB (72.1 MiB/s) with 1 file(s) remainingCompleted 28.3 MiB/33.1 MiB (72.6 MiB/s) with 1 file(s) remainingCompleted 28.6 MiB/33.1 MiB (71.9 MiB/s) with 1 file(s) remainingCompleted 28.8 MiB/33.1 MiB (72.5 MiB/s) with 1 file(s) remainingCompleted 29.1 MiB/33.1 MiB (72.8 MiB/s) with 1 file(s) remainingCompleted 29.3 MiB/33.1 MiB (72.2 MiB/s) with 1 file(s) remainingCompleted 29.6 MiB/33.1 MiB (72.5 MiB/s) with 1 file(s) remainingCompleted 29.8 MiB/33.1 MiB (72.6 MiB/s) with 1 file(s) remainingCompleted 30.1 MiB/33.1 MiB (72.9 MiB/s) with 1 file(s) remainingCompleted 30.3 MiB/33.1 MiB (72.5 MiB/s) with 1 file(s) remainingCompleted 30.6 MiB/33.1 MiB (72.0 MiB/s) with 1 file(s) remainingCompleted 30.8 MiB/33.1 MiB (71.5 MiB/s) with 1 file(s) remainingCompleted 31.1 MiB/33.1 MiB (71.3 MiB/s) with 1 file(s) remainingCompleted 31.3 MiB/33.1 MiB (70.8 MiB/s) with 1 file(s) remainingCompleted 31.6 MiB/33.1 MiB (69.0 MiB/s) with 1 file(s) remainingCompleted 31.8 MiB/33.1 MiB (67.5 MiB/s) with 1 file(s) remainingCompleted 32.1 MiB/33.1 MiB (67.2 MiB/s) with 1 file(s) remainingCompleted 32.3 MiB/33.1 MiB (67.0 MiB/s) with 1 file(s) remainingCompleted 32.6 MiB/33.1 MiB (66.7 MiB/s) with 1 file(s) remainingCompleted 32.8 MiB/33.1 MiB (66.3 MiB/s) with 1 file(s) remainingCompleted 33.1 MiB/33.1 MiB (65.8 MiB/s) with 1 file(s) remainingupload: target/dropwizard-example.jar to s3://30daysdevops/dropwizard/release/dropwizard-example-0.0.19.jar
+ sed -i 's/^defaultName:.*/defaultName: DropWizard-0.0.19/' mysql.yml
+ aws s3 cp mysql.yml s3://30daysdevops/dropwizard/release/mysql.yml
Completed 2.5 KiB/2.5 KiB (45.6 KiB/s) with 1 file(s) remainingupload: ./mysql.yml to s3://30daysdevops/dropwizard/release/mysql.yml
+ cp target/dropwizard-example.jar dropwizard.jar
++ aws secretsmanager get-secret-value --region us-east-1 --secret-id rds_db_password --output json --version-stage AWSCURRENT
++ jq .SecretString -r
++ jq .password -r
+ dbpass=jD6Y#%k2
+ sed -i 's/\spassword:.*/ password: jD6Y#%k2/' mysql.yml
+ docker build -t dropwizard .
Sending build context to Docker daemon  70.57MB
Step 1/8 : FROM openjdk:8-jre-alpine
 ---> 7e72a7dcf7dc
Step 2/8 : WORKDIR /
 ---> Using cache
 ---> 8dd1abe86e40
Step 3/8 : ADD dropwizard.jar dropwizard.jar
 ---> 3c6e668a05d2
Step 4/8 : ADD mysql.yml mysql.yml
 ---> c5ca938e1fb7
Step 5/8 : EXPOSE 8080
 ---> Running in 82657ba04395
Removing intermediate container 82657ba04395
 ---> 98319d7f8f35
Step 6/8 : EXPOSE 8081
 ---> Running in a4fc14be252d
Removing intermediate container a4fc14be252d
 ---> 7542e298d2fe
Step 7/8 : CMD java -Xmx750M -jar dropwizard.jar server mysql.yml
 ---> Running in 935da7052b69
Removing intermediate container 935da7052b69
 ---> 66bb6d09c4ee
Step 8/8 : LABEL "com.datadoghq.ad.logs"='[{"environment": "qa", "source": "application", "service": "dropwizard"}]'
 ---> Running in c86d0d5ccd0c
Removing intermediate container c86d0d5ccd0c
 ---> dfbd0b907c70
Successfully built dfbd0b907c70
Successfully tagged dropwizard:latest
++ aws ecr get-login --no-include-email --region us-east-1
+ docker login -u AWS -p eyJwYXlsb2FkIjoiOWhqZXlMOEdOYXpIRnNkcEVydHpQY3V0TzJiMkVka3dvZTJzRnc3b3U2Nmk1aURZNXhvRk9lR0Z4cFYzL3pYMWhuSnRnUzVXNHVOWHlKQURVZWVyWWw5dnFreEp5VGc3ZXhsOTBHbGs1T2E5UDkrUmZsNEh3citiVmozOUFZbXpmck1yYmF3VHhMWS9zL1c4OG02V0dtR1NhTUFqSTJSUWNjMG1BUWFhS3FoOEx2UEJJYlVDbFhrS0htY0M1aEtUV0hDbm5Hd2ZEMFU0Sy9OcTdTc1pubE9FSStGVGxTeDFycERjRm5QVHd3TzhRNS9CUlFKdE16S0FRWjNBRGJGMDJHN1NXVE9tbjBuenJ6bzA4VjQ4UzFTenk0MnJqOFhaQnQzNXZ5MEg1Yy9nQlA3VVVwWXl3ZTFNMVVxbkdRZmU5UUlYek56M29Tc05IRFA1Qjd3VGxJYkJYVjFIMDlNclVrSWRNelowWXVSRU1Tc2dlazdCdC8wS3BZRFViRTU0WFh2Ty9RdHFFT2tBa0QycTYxQzhsbFRFNld2Uk8wUFV4ZkVKQThRTmh3THIyTVVXNS9BRlJKeDhtVDR1NzVEOFpBS2NOandzN0s4Y3BJNS9yTXFFV2NhVzB5VXVoSWJ2eVhJb2pVZWJ1UnFLdWVscUxhNkZuSkpMZzBEOWhDR2Y5SVZlUll6TU84ZDg0M29OUWhCWUo2OFY3MlorYjduc3FISVhrVVVLUk9FQzJGS3Z5aHJMNVpNSzkrUkRqS3RMR1FnL0VMMjZNNi9wbzN2c0pnRXM4MHk3cmI1VStkZkpHaG9ob3VVZmVPaGU0WmI5YjhyL2hzRXRGVE1yQWFCL0tEd1ZBYW51RkdORE53dHFNYytYeElWano5SVRaeDRZaWlHZnFadVpFUHBHOFczS010cXMzWStubWRGMG1Jc3RiVkdXWXE5YXRLbnJhYWc1ZEFZRXBpRzlIblh0a1RJdGRYMkRXUVBmZG1iNmIzeWMvdzhvMVFXQ3lJeGxHeEFtbXNDYTJYWFZtNGlYR1ZycWZjcDN5NHd4dnZyMmNRMUdkK1VQOUJ6blcxcEtiYlI4ZjVNdEhlUGF0SSs4dyt2M01mMWVtTnMzN1RjSnZHRnFkeWYrL2d1OFZGMlhoSW5ZSFlndUxzd1U4M2ZyMTdOOG95SU12dGNGTTdaM05ZaWRaNU1GUHhibFpFWFBReWlPM3FLdmFSQk83bmZ6U3JZRFdSSGxnNllUcFpjdUpZS3pydUxwNkJqd0xUbndrYXZmSVZmdnNJWUpkRms0MHhFZHpBWU4zb0ZnRXFhMmZERWhPWUVqWUdpZWkzbWlxdXVWNitCUTlqUGRHS0Q3UDJodUZGYVIvZ3BBMStSK09UT3QyNVc5RzZJTjQ2WmI2dnpsUS90dTdGWHY2aFFtWEdJUi8rbEY1d1h4ZXQ0c1E3aktQV3d4SXZsSWYxbUdMdm41b0FhU1krOW9aMWFnc2dWeXNZbTdhaXhxRFluS2RCdVdNY2Y3eSs1VlNXVFpKd2Z5aXJMN0IzUWEvYVNKVTNvSktYNTg3VkdMS0FzQWI3cVJoNEhZZUIwdjBmT25YajFhMElpVHF6WnpYZ1Ixc1JMSkNxZUw3a1orUmpybUt0TmV5N2k3Ry8vNSt4YUp2c1FSMExJTFJIbW9OZUczc29zMjBhc05HRlNRUWtYTlB4VUxXMVoySlJBU3pNeVV0aWpLbXNEdnpuczY1N2x4QUxjSUVOczZycldwZkU1aElkSGNlT09Rb081enJjWS9yQzlROTZpZlMzNElYNllSemxsRGJwSmJrRzZoY0NLWjlrQnRoa0RhNW02TzdlTlR6eVkvVktqOTI2SVF5RHpwK2JWOTBKRXRsMXh6cVhPSXVNQU0rT3EzQTR4T3ZkR2dlRDhLVkEzK2hiZUMzN2dobHdLLzFIU2tvOGVMQmFjYVNDdGJvMUJVYWRpY2x5QlN6NUhHZm1POCtCRGN5V1Y5b1U4MTJ1OFJwL0VJTHdyZHVJU0xHN05iSGxXbGZpbTdsREQ1TkpPS0l5cERvUTBTVmlqcUNmR2l6WnRWUGdJZmxZVytEaGE4djZMb21Pcm1lc1hkL2tZPSIsImRhdGFrZXkiOiJBUUVCQUhod20wWWFJU0plUnRKbTVuMUc2dXFlZWtYdW9YWFBlNVVGY2U5UnE4LzE0d0FBQUg0d2ZBWUpLb1pJaHZjTkFRY0dvRzh3YlFJQkFEQm9CZ2txaGtpRzl3MEJCd0V3SGdZSllJWklBV1VEQkFFdU1CRUVEQnhQSFRXRk9RWVd1b2NIMHdJQkVJQTdxcTFMNDV4TmVJYnRmQlIxOFNQWnR3ci83VVF3TXN5bEN6akJMeGdGSGFXS3dCYktFTGY3b0lsUVZsd3kyNm02aVpwSzhyUVExcnVlcVFFPSIsInZlcnNpb24iOiIyIiwidHlwZSI6IkRBVEFfS0VZIiwiZXhwaXJhdGlvbiI6MTU0Nzg4MDQzN30= https://230883561944.dkr.ecr.us-east-1.amazonaws.com
WARNING! Using --password via the CLI is insecure. Use --password-stdin.
WARNING! Your password will be stored unencrypted in /var/lib/jenkins/.docker/config.json.
Configure a credential helper to remove this warning. See
https://docs.docker.com/engine/reference/commandline/login/#credentials-store

Login Succeeded
+ docker tag dropwizard:latest 230883561944.dkr.ecr.us-east-1.amazonaws.com/dropwizard:0.0.19
+ docker push 230883561944.dkr.ecr.us-east-1.amazonaws.com/dropwizard:0.0.19
The push refers to repository [230883561944.dkr.ecr.us-east-1.amazonaws.com/dropwizard]
74b75c20a986: Preparing
dc3d5522e92c: Preparing
382d47ad6dc1: Preparing
dbc783c89851: Preparing
7bff100f35cb: Preparing
7bff100f35cb: Layer already exists
dbc783c89851: Layer already exists
382d47ad6dc1: Layer already exists
74b75c20a986: Pushed
dc3d5522e92c: Pushed
0.0.19: digest: sha256:9d44fd8e63ddfb21cd51fe273cdaf032eb02646315204af9b896dd77325fcfa9 size: 1367
 > git tag -l 0.0.19 # timeout=10
 > git tag -a -f -m Jenkins Git plugin tagging with 0.0.19 0.0.19 # timeout=10
Pushing tag 0.0.19 to repo origin
 > git --version # timeout=10
 > git push git@github.com:babinskiy/dropwizard-example.git 0.0.19
Finished: SUCCESS
