Started by user [8mha:////4JrjmSRx4qOtNYMMhYugXsyw+fINujBQhhzqimlc3f+QAAAAkx+LCAAAAAAAAP9b85aBtbiIQTGjNKU4P08vOT+vOD8nVc83PyU1x6OyILUoJzMv2y+/JJUBAhiZGBgqihhk0NSjKDWzXb3RdlLBUSYGJk8GtpzUvPSSDB8G5tKinBIGIZ+sxLJE/ZzEvHT94JKizLx0a6BxUmjGOUNodHsLgAyWEgYu/dLi1CIwAQDYegtJvwAAAA==[0muser
Building in workspace /var/lib/jenkins/workspace/Application/release
[WS-CLEANUP] Deleting project workspace...
[WS-CLEANUP] Deferred wipeout is used...
[WS-CLEANUP] Done
Cloning the remote Git repository
Cloning repository git@github.com:babinskiy/dropwizard-example.git
 > git init /var/lib/jenkins/workspace/Application/release # timeout=10
Fetching upstream changes from git@github.com:babinskiy/dropwizard-example.git
 > git --version # timeout=10
 > git fetch --tags --progress git@github.com:babinskiy/dropwizard-example.git +refs/heads/*:refs/remotes/origin/*
 > git config remote.origin.url git@github.com:babinskiy/dropwizard-example.git # timeout=10
 > git config --add remote.origin.fetch +refs/heads/*:refs/remotes/origin/* # timeout=10
 > git config remote.origin.url git@github.com:babinskiy/dropwizard-example.git # timeout=10
Fetching upstream changes from git@github.com:babinskiy/dropwizard-example.git
 > git fetch --tags --progress git@github.com:babinskiy/dropwizard-example.git +refs/heads/*:refs/remotes/origin/*
 > git rev-parse refs/remotes/origin/master^{commit} # timeout=10
 > git rev-parse refs/remotes/origin/origin/master^{commit} # timeout=10
Checking out Revision afbe63f3a12b580a77a9b8a391cc18dd6897f4f2 (refs/remotes/origin/master)
 > git config core.sparsecheckout # timeout=10
 > git checkout -f afbe63f3a12b580a77a9b8a391cc18dd6897f4f2
Commit message: "Delete DB password"
 > git rev-list --no-walk afbe63f3a12b580a77a9b8a391cc18dd6897f4f2 # timeout=10
[release] $ /bin/sh -xe /tmp/jenkins4286111779002761908.sh
+ mvn clean package
[INFO] Scanning for projects...
[INFO] 
[INFO] ------------------------------------------------------------------------
[INFO] Building Dropwizard Example Application 0.0.1-SNAPSHOT
[INFO] ------------------------------------------------------------------------
[INFO] 
[INFO] --- maven-clean-plugin:3.1.0:clean (default-clean) @ dropwizard-example ---
[INFO] 
[INFO] --- maven-enforcer-plugin:1.4.1:enforce (enforce) @ dropwizard-example ---
[INFO] 
[INFO] --- maven-checkstyle-plugin:3.0.0:check (checkstyle) @ dropwizard-example ---
[INFO] 
[INFO] --- jacoco-maven-plugin:0.8.2:prepare-agent (prepare-agent) @ dropwizard-example ---
[INFO] argLine set to -javaagent:/var/lib/jenkins/.m2/repository/org/jacoco/org.jacoco.agent/0.8.2/org.jacoco.agent-0.8.2-runtime.jar=destfile=/var/lib/jenkins/workspace/Application/release/target/jacoco.exec
[INFO] 
[INFO] --- maven-resources-plugin:3.1.0:resources (default-resources) @ dropwizard-example ---
[INFO] Using 'UTF-8' encoding to copy filtered resources.
[INFO] Copying 10 resources
[INFO] 
[INFO] --- maven-compiler-plugin:3.8.0:compile (default-compile) @ dropwizard-example ---
[INFO] Changes detected - recompiling the module!
[INFO] Compiling 23 source files to /var/lib/jenkins/workspace/Application/release/target/classes
[INFO] 
[INFO] --- maven-resources-plugin:3.1.0:testResources (default-testResources) @ dropwizard-example ---
[INFO] Using 'UTF-8' encoding to copy filtered resources.
[INFO] Copying 1 resource
[INFO] 
[INFO] --- maven-compiler-plugin:3.8.0:testCompile (default-testCompile) @ dropwizard-example ---
[INFO] Changes detected - recompiling the module!
[INFO] Compiling 6 source files to /var/lib/jenkins/workspace/Application/release/target/test-classes
[INFO] 
[INFO] --- maven-surefire-plugin:2.22.1:test (default-test) @ dropwizard-example ---
[INFO] 
[INFO] -------------------------------------------------------
[INFO]  T E S T S
[INFO] -------------------------------------------------------
[INFO] Running com.example.helloworld.resources.PersonResourceTest
15:43:21.778 [main] DEBUG org.jboss.logging - Logging Provider: org.jboss.logging.Slf4jLoggerProvider
15:43:21.786 [main] INFO org.hibernate.validator.internal.util.Version - HV000001: Hibernate Validator 5.4.2.Final
15:43:21.814 [main] DEBUG org.hibernate.validator.internal.engine.resolver.DefaultTraversableResolver - Found javax.persistence.Persistence on classpath containing 'getPersistenceUtil'. Assuming JPA 2 environment. Trying to instantiate JPA aware TraversableResolver
15:43:21.816 [main] DEBUG org.hibernate.validator.internal.engine.resolver.DefaultTraversableResolver - Instantiated JPA aware TraversableResolver of type org.hibernate.validator.internal.engine.resolver.JPATraversableResolver.
15:43:21.824 [main] DEBUG org.hibernate.validator.internal.engine.ConfigurationImpl - Setting custom ParameterNameProvider of type io.dropwizard.jersey.validation.JerseyParameterNameProvider
15:43:21.826 [main] DEBUG org.hibernate.validator.internal.xml.ValidationXmlParser - Trying to load META-INF/validation.xml for XML based Validator configuration.
15:43:21.828 [main] DEBUG org.hibernate.validator.internal.xml.ResourceLoaderHelper - Trying to load META-INF/validation.xml via TCCL
15:43:21.829 [main] DEBUG org.hibernate.validator.internal.xml.ResourceLoaderHelper - Trying to load META-INF/validation.xml via Hibernate Validator's class loader
15:43:21.830 [main] DEBUG org.hibernate.validator.internal.xml.ValidationXmlParser - No META-INF/validation.xml found. Using annotation based configuration only.
[INFO] Tests run: 2, Failures: 0, Errors: 0, Skipped: 0, Time elapsed: 4.586 s - in com.example.helloworld.resources.PersonResourceTest
[INFO] Running com.example.helloworld.resources.ProtectedClassResourceTest
[INFO] Tests run: 5, Failures: 0, Errors: 0, Skipped: 0, Time elapsed: 0.342 s - in com.example.helloworld.resources.ProtectedClassResourceTest
[INFO] Running com.example.helloworld.resources.ProtectedResourceTest
[INFO] Tests run: 5, Failures: 0, Errors: 0, Skipped: 0, Time elapsed: 0.268 s - in com.example.helloworld.resources.ProtectedResourceTest
[INFO] Running com.example.helloworld.resources.PeopleResourceTest
[INFO] Tests run: 2, Failures: 0, Errors: 0, Skipped: 0, Time elapsed: 0.138 s - in com.example.helloworld.resources.PeopleResourceTest
[INFO] Running com.example.helloworld.IntegrationTest
INFO  [2019-01-18 15:43:26,382] io.dropwizard.server.DefaultServerFactory: Registering jersey handler with root path prefix: /
INFO  [2019-01-18 15:43:26,387] io.dropwizard.server.DefaultServerFactory: Registering admin handler with root path prefix: /
INFO  [2019-01-18 15:43:26,389] io.dropwizard.assets.AssetsBundle: Registering AssetBundle with name: assets for path /assets/*
INFO  [2019-01-18 15:43:26,702] org.hibernate.Version: HHH000412: Hibernate Core {5.2.15.Final}
INFO  [2019-01-18 15:43:26,704] org.hibernate.cfg.Environment: HHH000206: hibernate.properties not found
INFO  [2019-01-18 15:43:26,721] io.dropwizard.hibernate.SessionFactoryFactory: Entity classes: [com.example.helloworld.core.Person]
INFO  [2019-01-18 15:43:26,759] org.hibernate.annotations.common.Version: HCANN000001: Hibernate Commons Annotations {5.0.1.Final}
INFO  [2019-01-18 15:43:27,371] org.hibernate.dialect.Dialect: HHH000400: Using dialect: org.hibernate.dialect.H2Dialect
INFO  [2019-01-18 15:43:27,832] org.hibernate.type.BasicTypeRegistry: HHH000270: Type registration [java.util.Currency] overrides previous : org.hibernate.type.CurrencyType@233de714
INFO  [2019-01-18 15:43:27,833] org.hibernate.type.BasicTypeRegistry: HHH000270: Type registration [java.time.Duration] overrides previous : org.hibernate.type.DurationType@45aefed8
INFO  [2019-01-18 15:43:27,834] org.hibernate.type.BasicTypeRegistry: HHH000270: Type registration [java.time.Instant] overrides previous : org.hibernate.type.InstantType@333915a
INFO  [2019-01-18 15:43:27,835] org.hibernate.type.BasicTypeRegistry: HHH000270: Type registration [java.time.LocalDate] overrides previous : org.hibernate.type.LocalDateType@6f07bc19
INFO  [2019-01-18 15:43:27,842] org.hibernate.type.BasicTypeRegistry: HHH000270: Type registration [java.time.LocalDateTime] overrides previous : org.hibernate.type.LocalDateTimeType@234ef3aa
INFO  [2019-01-18 15:43:27,843] org.hibernate.type.BasicTypeRegistry: HHH000270: Type registration [java.time.LocalTime] overrides previous : org.hibernate.type.LocalTimeType@11249125
INFO  [2019-01-18 15:43:27,843] org.hibernate.type.BasicTypeRegistry: HHH000270: Type registration [java.time.OffsetDateTime] overrides previous : org.hibernate.type.OffsetDateTimeType@e826b1a
INFO  [2019-01-18 15:43:27,843] org.hibernate.type.BasicTypeRegistry: HHH000270: Type registration [java.time.OffsetTime] overrides previous : org.hibernate.type.OffsetTimeType@5c37f9a7
INFO  [2019-01-18 15:43:27,844] org.hibernate.type.BasicTypeRegistry: HHH000270: Type registration [java.time.ZonedDateTime] overrides previous : org.hibernate.type.ZonedDateTimeType@8b08228
INFO  [2019-01-18 15:43:28,158] org.hibernate.hql.internal.QueryTranslatorFactoryInitiator: HHH000397: Using ASTQueryTranslatorFactory
INFO  [2019-01-18 15:43:28,331] io.dropwizard.server.ServerFactory: Starting hello-world
                           web-scale hello world dP for the web
                                                 88
  .d8888b. dP.  .dP .d8888b. 88d8b.d8b. 88d888b. 88 .d8888b.
  88ooood8  `8bd8'  88'  `88 88'`88'`88 88'  `88 88 88ooood8
  88.  ...  .d88b.  88.  .88 88  88  88 88.  .88 88 88.  ...
  `88888P' dP'  `dP `88888P8 dP  dP  dP 88Y888P' dP `88888P'
                                        88
                                        dP

INFO  [2019-01-18 15:43:28,467] org.eclipse.jetty.setuid.SetUIDListener: Opened application@1d3d957f{HTTP/1.1,[http/1.1]}{0.0.0.0:40171}
INFO  [2019-01-18 15:43:28,467] org.eclipse.jetty.setuid.SetUIDListener: Opened admin@5ff4e3c1{HTTP/1.1,[http/1.1]}{0.0.0.0:36231}
INFO  [2019-01-18 15:43:28,470] org.eclipse.jetty.server.Server: jetty-9.4.11.v20180605; built: 2018-06-05T18:24:03.829Z; git: d5fc0523cfa96bfebfbda19606cad384d772f04c; jvm 1.8.0_191-b12
INFO  [2019-01-18 15:43:28,709] io.dropwizard.jersey.DropwizardResourceConfig: The following paths were found for the configured resources:

    GET     /filtered/hello (com.example.helloworld.resources.FilteredResource)
    GET     /hello-world (com.example.helloworld.resources.HelloWorldResource)
    POST    /hello-world (com.example.helloworld.resources.HelloWorldResource)
    GET     /hello-world/date (com.example.helloworld.resources.HelloWorldResource)
    GET     /people (com.example.helloworld.resources.PeopleResource)
    POST    /people (com.example.helloworld.resources.PeopleResource)
    GET     /people/{personId} (com.example.helloworld.resources.PersonResource)
    GET     /people/{personId}/view_freemarker (com.example.helloworld.resources.PersonResource)
    GET     /people/{personId}/view_mustache (com.example.helloworld.resources.PersonResource)
    GET     /protected (com.example.helloworld.resources.ProtectedResource)
    GET     /protected/admin (com.example.helloworld.resources.ProtectedResource)
    GET     /views/iso88591.ftl (com.example.helloworld.resources.ViewResource)
    GET     /views/iso88591.mustache (com.example.helloworld.resources.ViewResource)
    GET     /views/utf8.ftl (com.example.helloworld.resources.ViewResource)
    GET     /views/utf8.mustache (com.example.helloworld.resources.ViewResource)

INFO  [2019-01-18 15:43:28,712] org.eclipse.jetty.server.handler.ContextHandler: Started i.d.j.MutableServletContextHandler@37f77e0b{/,null,AVAILABLE}
INFO  [2019-01-18 15:43:28,716] io.dropwizard.setup.AdminEnvironment: tasks = 

    POST    /tasks/echo (com.example.helloworld.tasks.EchoTask)
    POST    /tasks/log-level (io.dropwizard.servlets.tasks.LogConfigurationTask)
    POST    /tasks/gc (io.dropwizard.servlets.tasks.GarbageCollectionTask)

INFO  [2019-01-18 15:43:28,727] org.eclipse.jetty.server.handler.ContextHandler: Started i.d.j.MutableServletContextHandler@7fac34ca{/,null,AVAILABLE}
INFO  [2019-01-18 15:43:28,737] org.eclipse.jetty.server.AbstractConnector: Started application@1d3d957f{HTTP/1.1,[http/1.1]}{0.0.0.0:40171}
INFO  [2019-01-18 15:43:28,738] org.eclipse.jetty.server.AbstractConnector: Started admin@5ff4e3c1{HTTP/1.1,[http/1.1]}{0.0.0.0:36231}
INFO  [2019-01-18 15:43:28,738] org.eclipse.jetty.server.Server: Started @10379ms
INFO  [2019-01-18 15:43:29,648] liquibase.executor.jvm.JdbcExecutor: SELECT COUNT(*) FROM PUBLIC.DATABASECHANGELOGLOCK
INFO  [2019-01-18 15:43:29,662] liquibase.executor.jvm.JdbcExecutor: CREATE TABLE PUBLIC.DATABASECHANGELOGLOCK (ID INT NOT NULL, LOCKED BOOLEAN NOT NULL, LOCKGRANTED TIMESTAMP, LOCKEDBY VARCHAR(255), CONSTRAINT PK_DATABASECHANGELOGLOCK PRIMARY KEY (ID))
INFO  [2019-01-18 15:43:29,672] liquibase.executor.jvm.JdbcExecutor: SELECT COUNT(*) FROM PUBLIC.DATABASECHANGELOGLOCK
INFO  [2019-01-18 15:43:29,676] liquibase.executor.jvm.JdbcExecutor: DELETE FROM PUBLIC.DATABASECHANGELOGLOCK
INFO  [2019-01-18 15:43:29,678] liquibase.executor.jvm.JdbcExecutor: INSERT INTO PUBLIC.DATABASECHANGELOGLOCK (ID, LOCKED) VALUES (1, FALSE)
INFO  [2019-01-18 15:43:29,681] liquibase.executor.jvm.JdbcExecutor: SELECT LOCKED FROM PUBLIC.DATABASECHANGELOGLOCK WHERE ID=1
INFO  [2019-01-18 15:43:29,691] liquibase.lockservice.StandardLockService: Successfully acquired change log lock
INFO  [2019-01-18 15:43:30,643] liquibase.changelog.StandardChangeLogHistoryService: Creating database history table with name: PUBLIC.DATABASECHANGELOG
INFO  [2019-01-18 15:43:30,644] liquibase.executor.jvm.JdbcExecutor: CREATE TABLE PUBLIC.DATABASECHANGELOG (ID VARCHAR(255) NOT NULL, AUTHOR VARCHAR(255) NOT NULL, FILENAME VARCHAR(255) NOT NULL, DATEEXECUTED TIMESTAMP NOT NULL, ORDEREXECUTED INT NOT NULL, EXECTYPE VARCHAR(10) NOT NULL, MD5SUM VARCHAR(35), DESCRIPTION VARCHAR(255), COMMENTS VARCHAR(255), TAG VARCHAR(255), LIQUIBASE VARCHAR(20), CONTEXTS VARCHAR(255), LABELS VARCHAR(255), DEPLOYMENT_ID VARCHAR(10))
INFO  [2019-01-18 15:43:30,658] liquibase.executor.jvm.JdbcExecutor: SELECT COUNT(*) FROM PUBLIC.DATABASECHANGELOG
INFO  [2019-01-18 15:43:30,659] liquibase.changelog.StandardChangeLogHistoryService: Reading from PUBLIC.DATABASECHANGELOG
INFO  [2019-01-18 15:43:30,660] liquibase.executor.jvm.JdbcExecutor: SELECT * FROM PUBLIC.DATABASECHANGELOG ORDER BY DATEEXECUTED ASC, ORDEREXECUTED ASC
INFO  [2019-01-18 15:43:30,663] liquibase.executor.jvm.JdbcExecutor: SELECT COUNT(*) FROM PUBLIC.DATABASECHANGELOGLOCK
INFO  [2019-01-18 15:43:30,680] liquibase.executor.jvm.JdbcExecutor: CREATE TABLE PUBLIC.people (id BIGINT AUTO_INCREMENT NOT NULL, fullName VARCHAR(255) NOT NULL, jobTitle VARCHAR(255), CONSTRAINT PK_PEOPLE PRIMARY KEY (id))
INFO  [2019-01-18 15:43:30,687] liquibase.changelog.ChangeSet: Table people created
INFO  [2019-01-18 15:43:30,687] liquibase.changelog.ChangeSet: ChangeSet migrations.xml::1::codahale ran successfully in 9ms
INFO  [2019-01-18 15:43:30,688] liquibase.executor.jvm.JdbcExecutor: SELECT MAX(ORDEREXECUTED) FROM PUBLIC.DATABASECHANGELOG
INFO  [2019-01-18 15:43:30,699] liquibase.executor.jvm.JdbcExecutor: INSERT INTO PUBLIC.DATABASECHANGELOG (ID, AUTHOR, FILENAME, DATEEXECUTED, ORDEREXECUTED, MD5SUM, DESCRIPTION, COMMENTS, EXECTYPE, CONTEXTS, LABELS, LIQUIBASE, DEPLOYMENT_ID) VALUES ('1', 'codahale', 'migrations.xml', NOW(), 1, '8:a466b7f04155c06f80453d6d5a36b55c', 'createTable tableName=people', '', 'EXECUTED', NULL, NULL, '3.6.1', '7826210664')
INFO  [2019-01-18 15:43:30,707] liquibase.lockservice.StandardLockService: Successfully released change log lock
INFO  [2019-01-18 15:43:31,039] org.hibernate.engine.internal.StatisticalLoggingSessionEventListener: Session Metrics {
    122016 nanoseconds spent acquiring 2 JDBC connections;
    70315 nanoseconds spent releasing 2 JDBC connections;
    7523074 nanoseconds spent preparing 1 JDBC statements;
    2218954 nanoseconds spent executing 1 JDBC statements;
    0 nanoseconds spent executing 0 JDBC batches;
    0 nanoseconds spent performing 0 L2C puts;
    0 nanoseconds spent performing 0 L2C hits;
    0 nanoseconds spent performing 0 L2C misses;
    4605917 nanoseconds spent executing 1 flushes (flushing a total of 1 entities and 0 collections);
    0 nanoseconds spent executing 0 partial-flushes (flushing a total of 0 entities and 0 collections)
}
127.0.0.1 - - [18/Jan/2019:15:43:31 +0000] "POST /people HTTP/1.1" 200 67 "-" "Jersey/2.25.1 (HttpUrlConnection 1.8.0_191)" 208
INFO  [2019-01-18 15:43:31,115] org.hibernate.engine.internal.StatisticalLoggingSessionEventListener: Session Metrics {
    84438 nanoseconds spent acquiring 2 JDBC connections;
    62370 nanoseconds spent releasing 2 JDBC connections;
    434735 nanoseconds spent preparing 1 JDBC statements;
    227877 nanoseconds spent executing 1 JDBC statements;
    0 nanoseconds spent executing 0 JDBC batches;
    0 nanoseconds spent performing 0 L2C puts;
    0 nanoseconds spent performing 0 L2C hits;
    0 nanoseconds spent performing 0 L2C misses;
    211418 nanoseconds spent executing 1 flushes (flushing a total of 1 entities and 0 collections);
    0 nanoseconds spent executing 0 partial-flushes (flushing a total of 0 entities and 0 collections)
}
127.0.0.1 - - [18/Jan/2019:15:43:31 +0000] "GET /people/1/view_mustache HTTP/1.1" 200 205 "-" "Jersey/2.25.1 (HttpUrlConnection 1.8.0_191)" 67
INFO  [2019-01-18 15:43:31,136] org.hibernate.engine.internal.StatisticalLoggingSessionEventListener: Session Metrics {
    80826 nanoseconds spent acquiring 2 JDBC connections;
    47663 nanoseconds spent releasing 2 JDBC connections;
    76448 nanoseconds spent preparing 1 JDBC statements;
    798646 nanoseconds spent executing 1 JDBC statements;
    0 nanoseconds spent executing 0 JDBC batches;
    0 nanoseconds spent performing 0 L2C puts;
    0 nanoseconds spent performing 0 L2C hits;
    0 nanoseconds spent performing 0 L2C misses;
    190316 nanoseconds spent executing 1 flushes (flushing a total of 1 entities and 0 collections);
    0 nanoseconds spent executing 0 partial-flushes (flushing a total of 0 entities and 0 collections)
}
127.0.0.1 - - [18/Jan/2019:15:43:31 +0000] "POST /people HTTP/1.1" 200 67 "-" "Jersey/2.25.1 (HttpUrlConnection 1.8.0_191)" 7
INFO  [2019-01-18 15:43:31,142] org.hibernate.engine.internal.StatisticalLoggingSessionEventListener: Session Metrics {
    69353 nanoseconds spent acquiring 2 JDBC connections;
    52768 nanoseconds spent releasing 2 JDBC connections;
    58530 nanoseconds spent preparing 1 JDBC statements;
    193842 nanoseconds spent executing 1 JDBC statements;
    0 nanoseconds spent executing 0 JDBC batches;
    0 nanoseconds spent performing 0 L2C puts;
    0 nanoseconds spent performing 0 L2C hits;
    0 nanoseconds spent performing 0 L2C misses;
    150371 nanoseconds spent executing 1 flushes (flushing a total of 1 entities and 0 collections);
    0 nanoseconds spent executing 0 partial-flushes (flushing a total of 0 entities and 0 collections)
}
127.0.0.1 - - [18/Jan/2019:15:43:31 +0000] "POST /people HTTP/1.1" 200 67 "-" "Jersey/2.25.1 (HttpUrlConnection 1.8.0_191)" 5
INFO  [2019-01-18 15:43:31,350] org.hibernate.engine.internal.StatisticalLoggingSessionEventListener: Session Metrics {
    376473 nanoseconds spent acquiring 2 JDBC connections;
    48343 nanoseconds spent releasing 2 JDBC connections;
    44520 nanoseconds spent preparing 1 JDBC statements;
    184565 nanoseconds spent executing 1 JDBC statements;
    0 nanoseconds spent executing 0 JDBC batches;
    0 nanoseconds spent performing 0 L2C puts;
    0 nanoseconds spent performing 0 L2C hits;
    0 nanoseconds spent performing 0 L2C misses;
    135714 nanoseconds spent executing 1 flushes (flushing a total of 1 entities and 0 collections);
    0 nanoseconds spent executing 0 partial-flushes (flushing a total of 0 entities and 0 collections)
}
127.0.0.1 - - [18/Jan/2019:15:43:31 +0000] "GET /people/3/view_freemarker HTTP/1.1" 200 270 "-" "Jersey/2.25.1 (HttpUrlConnection 1.8.0_191)" 209
INFO  [2019-01-18 15:43:31,371] org.eclipse.jetty.server.AbstractConnector: Stopped application@1d3d957f{HTTP/1.1,[http/1.1]}{0.0.0.0:0}
INFO  [2019-01-18 15:43:31,372] org.eclipse.jetty.server.AbstractConnector: Stopped admin@5ff4e3c1{HTTP/1.1,[http/1.1]}{0.0.0.0:0}
127.0.0.1 - - [18/Jan/2019:15:43:31 +0000] "GET /hello-world?name=Dr.+IntegrationTest HTTP/1.1" 200 48 "-" "Jersey/2.25.1 (HttpUrlConnection 1.8.0_191)" 13
INFO  [2019-01-18 15:43:31,383] org.eclipse.jetty.server.handler.ContextHandler: Stopped i.d.j.MutableServletContextHandler@7fac34ca{/,null,UNAVAILABLE}
INFO  [2019-01-18 15:43:31,384] org.eclipse.jetty.server.handler.ContextHandler: Stopped i.d.j.MutableServletContextHandler@37f77e0b{/,null,UNAVAILABLE}
[INFO] Tests run: 5, Failures: 0, Errors: 0, Skipped: 0, Time elapsed: 6.164 s - in com.example.helloworld.IntegrationTest
[INFO] Running com.example.helloworld.db.PersonDAOTest
WARN  [2019-01-18 15:43:31,436] org.hibernate.orm.connections.pooling: HHH10001002: Using Hibernate built-in connection pool (not for production use!)
INFO  [2019-01-18 15:43:31,437] org.hibernate.orm.connections.pooling: HHH10001005: using driver [org.h2.Driver] at URL [jdbc:h2:mem:80ce0e34-d264-4654-8e7d-056a59c58bcf]
INFO  [2019-01-18 15:43:31,438] org.hibernate.orm.connections.pooling: HHH10001001: Connection properties: {user=sa, password=}
INFO  [2019-01-18 15:43:31,438] org.hibernate.orm.connections.pooling: HHH10001003: Autocommit mode: false
INFO  [2019-01-18 15:43:31,442] org.hibernate.engine.jdbc.connections.internal.DriverManagerConnectionProviderImpl: HHH000115: Hibernate connection pool size: 20 (min=1)
INFO  [2019-01-18 15:43:31,447] org.hibernate.dialect.Dialect: HHH000400: Using dialect: org.hibernate.dialect.H2Dialect
INFO  [2019-01-18 15:43:31,479] org.hibernate.type.BasicTypeRegistry: HHH000270: Type registration [java.util.Currency] overrides previous : org.hibernate.type.CurrencyType@233de714
INFO  [2019-01-18 15:43:31,480] org.hibernate.type.BasicTypeRegistry: HHH000270: Type registration [java.time.Duration] overrides previous : org.hibernate.type.DurationType@45aefed8
INFO  [2019-01-18 15:43:31,481] org.hibernate.type.BasicTypeRegistry: HHH000270: Type registration [java.time.Instant] overrides previous : org.hibernate.type.InstantType@333915a
INFO  [2019-01-18 15:43:31,481] org.hibernate.type.BasicTypeRegistry: HHH000270: Type registration [java.time.LocalDate] overrides previous : org.hibernate.type.LocalDateType@6f07bc19
INFO  [2019-01-18 15:43:31,481] org.hibernate.type.BasicTypeRegistry: HHH000270: Type registration [java.time.LocalDateTime] overrides previous : org.hibernate.type.LocalDateTimeType@234ef3aa
INFO  [2019-01-18 15:43:31,481] org.hibernate.type.BasicTypeRegistry: HHH000270: Type registration [java.time.LocalTime] overrides previous : org.hibernate.type.LocalTimeType@11249125
INFO  [2019-01-18 15:43:31,481] org.hibernate.type.BasicTypeRegistry: HHH000270: Type registration [java.time.OffsetDateTime] overrides previous : org.hibernate.type.OffsetDateTimeType@e826b1a
INFO  [2019-01-18 15:43:31,481] org.hibernate.type.BasicTypeRegistry: HHH000270: Type registration [java.time.OffsetTime] overrides previous : org.hibernate.type.OffsetTimeType@5c37f9a7
INFO  [2019-01-18 15:43:31,481] org.hibernate.type.BasicTypeRegistry: HHH000270: Type registration [java.time.ZonedDateTime] overrides previous : org.hibernate.type.ZonedDateTimeType@8b08228
INFO  [2019-01-18 15:43:31,532] org.hibernate.orm.connections.access: HHH10001501: Connection obtained from JdbcConnectionAccess [org.hibernate.engine.jdbc.env.internal.JdbcEnvironmentInitiator$ConnectionProviderJdbcConnectionAccess@4d93e414] for (non-JTA) DDL execution was not in auto-commit mode; the Connection 'local transaction' will be committed and the Connection will be set into auto-commit mode.
INFO  [2019-01-18 15:43:31,540] org.hibernate.orm.connections.access: HHH10001501: Connection obtained from JdbcConnectionAccess [org.hibernate.engine.jdbc.env.internal.JdbcEnvironmentInitiator$ConnectionProviderJdbcConnectionAccess@22db324] for (non-JTA) DDL execution was not in auto-commit mode; the Connection 'local transaction' will be committed and the Connection will be set into auto-commit mode.
INFO  [2019-01-18 15:43:31,546] org.hibernate.tool.schema.internal.SchemaCreatorImpl: HHH000476: Executing import script 'org.hibernate.tool.schema.internal.exec.ScriptSourceInputNonExistentImpl@4b9447b1'
INFO  [2019-01-18 15:43:31,547] org.hibernate.hql.internal.QueryTranslatorFactoryInitiator: HHH000397: Using ASTQueryTranslatorFactory
INFO  [2019-01-18 15:43:31,621] org.hibernate.engine.internal.StatisticalLoggingSessionEventListener: Session Metrics {
    33704 nanoseconds spent acquiring 2 JDBC connections;
    772834 nanoseconds spent releasing 2 JDBC connections;
    2896116 nanoseconds spent preparing 4 JDBC statements;
    2567848 nanoseconds spent executing 4 JDBC statements;
    0 nanoseconds spent executing 0 JDBC batches;
    0 nanoseconds spent performing 0 L2C puts;
    0 nanoseconds spent performing 0 L2C hits;
    0 nanoseconds spent performing 0 L2C misses;
    4397888 nanoseconds spent executing 1 flushes (flushing a total of 3 entities and 0 collections);
    0 nanoseconds spent executing 0 partial-flushes (flushing a total of 0 entities and 0 collections)
}
WARN  [2019-01-18 15:43:31,631] org.hibernate.orm.connections.pooling: HHH10001002: Using Hibernate built-in connection pool (not for production use!)
INFO  [2019-01-18 15:43:31,631] org.hibernate.orm.connections.pooling: HHH10001005: using driver [org.h2.Driver] at URL [jdbc:h2:mem:409edba1-b5bc-42dd-b2ec-a00e2e847a13]
INFO  [2019-01-18 15:43:31,631] org.hibernate.orm.connections.pooling: HHH10001001: Connection properties: {user=sa, password=}
INFO  [2019-01-18 15:43:31,631] org.hibernate.orm.connections.pooling: HHH10001003: Autocommit mode: false
INFO  [2019-01-18 15:43:31,633] org.hibernate.engine.jdbc.connections.internal.DriverManagerConnectionProviderImpl: HHH000115: Hibernate connection pool size: 20 (min=1)
INFO  [2019-01-18 15:43:31,638] org.hibernate.dialect.Dialect: HHH000400: Using dialect: org.hibernate.dialect.H2Dialect
INFO  [2019-01-18 15:43:31,665] org.hibernate.type.BasicTypeRegistry: HHH000270: Type registration [java.util.Currency] overrides previous : org.hibernate.type.CurrencyType@233de714
INFO  [2019-01-18 15:43:31,666] org.hibernate.type.BasicTypeRegistry: HHH000270: Type registration [java.time.Duration] overrides previous : org.hibernate.type.DurationType@45aefed8
INFO  [2019-01-18 15:43:31,667] org.hibernate.type.BasicTypeRegistry: HHH000270: Type registration [java.time.Instant] overrides previous : org.hibernate.type.InstantType@333915a
INFO  [2019-01-18 15:43:31,667] org.hibernate.type.BasicTypeRegistry: HHH000270: Type registration [java.time.LocalDate] overrides previous : org.hibernate.type.LocalDateType@6f07bc19
INFO  [2019-01-18 15:43:31,667] org.hibernate.type.BasicTypeRegistry: HHH000270: Type registration [java.time.LocalDateTime] overrides previous : org.hibernate.type.LocalDateTimeType@234ef3aa
INFO  [2019-01-18 15:43:31,667] org.hibernate.type.BasicTypeRegistry: HHH000270: Type registration [java.time.LocalTime] overrides previous : org.hibernate.type.LocalTimeType@11249125
INFO  [2019-01-18 15:43:31,667] org.hibernate.type.BasicTypeRegistry: HHH000270: Type registration [java.time.OffsetDateTime] overrides previous : org.hibernate.type.OffsetDateTimeType@e826b1a
INFO  [2019-01-18 15:43:31,670] org.hibernate.type.BasicTypeRegistry: HHH000270: Type registration [java.time.OffsetTime] overrides previous : org.hibernate.type.OffsetTimeType@5c37f9a7
INFO  [2019-01-18 15:43:31,670] org.hibernate.type.BasicTypeRegistry: HHH000270: Type registration [java.time.ZonedDateTime] overrides previous : org.hibernate.type.ZonedDateTimeType@8b08228
INFO  [2019-01-18 15:43:31,680] org.hibernate.orm.connections.access: HHH10001501: Connection obtained from JdbcConnectionAccess [org.hibernate.engine.jdbc.env.internal.JdbcEnvironmentInitiator$ConnectionProviderJdbcConnectionAccess@7fdbf2fb] for (non-JTA) DDL execution was not in auto-commit mode; the Connection 'local transaction' will be committed and the Connection will be set into auto-commit mode.
INFO  [2019-01-18 15:43:31,681] org.hibernate.orm.connections.access: HHH10001501: Connection obtained from JdbcConnectionAccess [org.hibernate.engine.jdbc.env.internal.JdbcEnvironmentInitiator$ConnectionProviderJdbcConnectionAccess@53c2657a] for (non-JTA) DDL execution was not in auto-commit mode; the Connection 'local transaction' will be committed and the Connection will be set into auto-commit mode.
INFO  [2019-01-18 15:43:31,683] org.hibernate.tool.schema.internal.SchemaCreatorImpl: HHH000476: Executing import script 'org.hibernate.tool.schema.internal.exec.ScriptSourceInputNonExistentImpl@4b9447b1'
INFO  [2019-01-18 15:43:31,683] org.hibernate.hql.internal.QueryTranslatorFactoryInitiator: HHH000397: Using ASTQueryTranslatorFactory
WARN  [2019-01-18 15:43:31,696] org.hibernate.engine.jdbc.spi.SqlExceptionHelper: SQL Error: 23502, SQLState: 23502
ERROR [2019-01-18 15:43:31,696] org.hibernate.engine.jdbc.spi.SqlExceptionHelper: NULL not allowed for column "FULLNAME"; SQL statement:
insert into people (id, fullName, jobTitle) values (null, ?, ?) [23502-197]
INFO  [2019-01-18 15:43:31,704] org.hibernate.engine.internal.StatisticalLoggingSessionEventListener: Session Metrics {
    10790 nanoseconds spent acquiring 1 JDBC connections;
    46658 nanoseconds spent releasing 1 JDBC connections;
    107899 nanoseconds spent preparing 1 JDBC statements;
    8223499 nanoseconds spent executing 1 JDBC statements;
    0 nanoseconds spent executing 0 JDBC batches;
    0 nanoseconds spent performing 0 L2C puts;
    0 nanoseconds spent performing 0 L2C hits;
    0 nanoseconds spent performing 0 L2C misses;
    0 nanoseconds spent executing 0 flushes (flushing a total of 0 entities and 0 collections);
    0 nanoseconds spent executing 0 partial-flushes (flushing a total of 0 entities and 0 collections)
}
WARN  [2019-01-18 15:43:31,709] org.hibernate.orm.connections.pooling: HHH10001002: Using Hibernate built-in connection pool (not for production use!)
INFO  [2019-01-18 15:43:31,710] org.hibernate.orm.connections.pooling: HHH10001005: using driver [org.h2.Driver] at URL [jdbc:h2:mem:fc07c506-1127-4a5b-933e-b5257ade6772]
INFO  [2019-01-18 15:43:31,710] org.hibernate.orm.connections.pooling: HHH10001001: Connection properties: {user=sa, password=}
INFO  [2019-01-18 15:43:31,710] org.hibernate.orm.connections.pooling: HHH10001003: Autocommit mode: false
INFO  [2019-01-18 15:43:31,710] org.hibernate.engine.jdbc.connections.internal.DriverManagerConnectionProviderImpl: HHH000115: Hibernate connection pool size: 20 (min=1)
INFO  [2019-01-18 15:43:31,711] org.hibernate.dialect.Dialect: HHH000400: Using dialect: org.hibernate.dialect.H2Dialect
INFO  [2019-01-18 15:43:31,734] org.hibernate.type.BasicTypeRegistry: HHH000270: Type registration [java.util.Currency] overrides previous : org.hibernate.type.CurrencyType@233de714
INFO  [2019-01-18 15:43:31,736] org.hibernate.type.BasicTypeRegistry: HHH000270: Type registration [java.time.Duration] overrides previous : org.hibernate.type.DurationType@45aefed8
INFO  [2019-01-18 15:43:31,736] org.hibernate.type.BasicTypeRegistry: HHH000270: Type registration [java.time.Instant] overrides previous : org.hibernate.type.InstantType@333915a
INFO  [2019-01-18 15:43:31,736] org.hibernate.type.BasicTypeRegistry: HHH000270: Type registration [java.time.LocalDate] overrides previous : org.hibernate.type.LocalDateType@6f07bc19
INFO  [2019-01-18 15:43:31,736] org.hibernate.type.BasicTypeRegistry: HHH000270: Type registration [java.time.LocalDateTime] overrides previous : org.hibernate.type.LocalDateTimeType@234ef3aa
INFO  [2019-01-18 15:43:31,736] org.hibernate.type.BasicTypeRegistry: HHH000270: Type registration [java.time.LocalTime] overrides previous : org.hibernate.type.LocalTimeType@11249125
INFO  [2019-01-18 15:43:31,737] org.hibernate.type.BasicTypeRegistry: HHH000270: Type registration [java.time.OffsetDateTime] overrides previous : org.hibernate.type.OffsetDateTimeType@e826b1a
INFO  [2019-01-18 15:43:31,737] org.hibernate.type.BasicTypeRegistry: HHH000270: Type registration [java.time.OffsetTime] overrides previous : org.hibernate.type.OffsetTimeType@5c37f9a7
INFO  [2019-01-18 15:43:31,737] org.hibernate.type.BasicTypeRegistry: HHH000270: Type registration [java.time.ZonedDateTime] overrides previous : org.hibernate.type.ZonedDateTimeType@8b08228
INFO  [2019-01-18 15:43:31,749] org.hibernate.orm.connections.access: HHH10001501: Connection obtained from JdbcConnectionAccess [org.hibernate.engine.jdbc.env.internal.JdbcEnvironmentInitiator$ConnectionProviderJdbcConnectionAccess@7d08fd1f] for (non-JTA) DDL execution was not in auto-commit mode; the Connection 'local transaction' will be committed and the Connection will be set into auto-commit mode.
INFO  [2019-01-18 15:43:31,750] org.hibernate.orm.connections.access: HHH10001501: Connection obtained from JdbcConnectionAccess [org.hibernate.engine.jdbc.env.internal.JdbcEnvironmentInitiator$ConnectionProviderJdbcConnectionAccess@4220a0d6] for (non-JTA) DDL execution was not in auto-commit mode; the Connection 'local transaction' will be committed and the Connection will be set into auto-commit mode.
INFO  [2019-01-18 15:43:31,752] org.hibernate.tool.schema.internal.SchemaCreatorImpl: HHH000476: Executing import script 'org.hibernate.tool.schema.internal.exec.ScriptSourceInputNonExistentImpl@4b9447b1'
INFO  [2019-01-18 15:43:31,752] org.hibernate.hql.internal.QueryTranslatorFactoryInitiator: HHH000397: Using ASTQueryTranslatorFactory
INFO  [2019-01-18 15:43:31,761] org.hibernate.engine.internal.StatisticalLoggingSessionEventListener: Session Metrics {
    10043 nanoseconds spent acquiring 1 JDBC connections;
    40242 nanoseconds spent releasing 1 JDBC connections;
    133560 nanoseconds spent preparing 1 JDBC statements;
    426791 nanoseconds spent executing 1 JDBC statements;
    0 nanoseconds spent executing 0 JDBC batches;
    0 nanoseconds spent performing 0 L2C puts;
    0 nanoseconds spent performing 0 L2C hits;
    0 nanoseconds spent performing 0 L2C misses;
    280495 nanoseconds spent executing 1 flushes (flushing a total of 1 entities and 0 collections);
    0 nanoseconds spent executing 0 partial-flushes (flushing a total of 0 entities and 0 collections)
}
[INFO] Tests run: 3, Failures: 0, Errors: 0, Skipped: 0, Time elapsed: 0.348 s - in com.example.helloworld.db.PersonDAOTest
[INFO] 
[INFO] Results:
[INFO] 
[INFO] Tests run: 22, Failures: 0, Errors: 0, Skipped: 0
[INFO] 
[INFO] 
[INFO] --- maven-jar-plugin:3.1.0:jar (default-jar) @ dropwizard-example ---
[INFO] Building jar: /var/lib/jenkins/workspace/Application/release/target/dropwizard-example.jar
[INFO] 
[INFO] >>> maven-source-plugin:3.0.1:jar (attach-sources) > generate-sources @ dropwizard-example >>>
[INFO] 
[INFO] --- maven-enforcer-plugin:1.4.1:enforce (enforce) @ dropwizard-example ---
[INFO] 
[INFO] --- maven-checkstyle-plugin:3.0.0:check (checkstyle) @ dropwizard-example ---
[INFO] 
[INFO] --- jacoco-maven-plugin:0.8.2:prepare-agent (prepare-agent) @ dropwizard-example ---
[INFO] argLine set to -javaagent:/var/lib/jenkins/.m2/repository/org/jacoco/org.jacoco.agent/0.8.2/org.jacoco.agent-0.8.2-runtime.jar=destfile=/var/lib/jenkins/workspace/Application/release/target/jacoco.exec
[INFO] 
[INFO] <<< maven-source-plugin:3.0.1:jar (attach-sources) < generate-sources @ dropwizard-example <<<
[INFO] 
[INFO] 
[INFO] --- maven-source-plugin:3.0.1:jar (attach-sources) @ dropwizard-example ---
[INFO] Building jar: /var/lib/jenkins/workspace/Application/release/target/dropwizard-example-sources.jar
[INFO] 
[INFO] --- maven-shade-plugin:3.2.1:shade (default) @ dropwizard-example ---
[INFO] Including io.dropwizard:dropwizard-core:jar:1.3.7 in the shaded jar.
[INFO] Including io.dropwizard:dropwizard-util:jar:1.3.7 in the shaded jar.
[INFO] Including com.fasterxml.jackson.core:jackson-annotations:jar:2.9.0 in the shaded jar.
[INFO] Including com.google.guava:guava:jar:24.0-jre in the shaded jar.
[INFO] Including org.checkerframework:checker-compat-qual:jar:2.0.0 in the shaded jar.
[INFO] Including com.google.errorprone:error_prone_annotations:jar:2.1.3 in the shaded jar.
[INFO] Including com.google.j2objc:j2objc-annotations:jar:1.1 in the shaded jar.
[INFO] Including org.codehaus.mojo:animal-sniffer-annotations:jar:1.14 in the shaded jar.
[INFO] Including com.google.code.findbugs:jsr305:jar:3.0.2 in the shaded jar.
[INFO] Including joda-time:joda-time:jar:2.9.9 in the shaded jar.
[INFO] Including io.dropwizard:dropwizard-jackson:jar:1.3.7 in the shaded jar.
[INFO] Including com.fasterxml.jackson.core:jackson-core:jar:2.9.6 in the shaded jar.
[INFO] Including com.fasterxml.jackson.core:jackson-databind:jar:2.9.6 in the shaded jar.
[INFO] Including com.fasterxml.jackson.datatype:jackson-datatype-guava:jar:2.9.6 in the shaded jar.
[INFO] Including com.fasterxml.jackson.datatype:jackson-datatype-jsr310:jar:2.9.6 in the shaded jar.
[INFO] Including com.fasterxml.jackson.datatype:jackson-datatype-jdk8:jar:2.9.6 in the shaded jar.
[INFO] Including com.fasterxml.jackson.module:jackson-module-parameter-names:jar:2.9.6 in the shaded jar.
[INFO] Including com.fasterxml.jackson.module:jackson-module-afterburner:jar:2.9.6 in the shaded jar.
[INFO] Including com.fasterxml.jackson.datatype:jackson-datatype-joda:jar:2.9.6 in the shaded jar.
[INFO] Including org.slf4j:slf4j-api:jar:1.7.25 in the shaded jar.
[INFO] Including io.dropwizard:dropwizard-validation:jar:1.3.7 in the shaded jar.
[INFO] Including org.hibernate:hibernate-validator:jar:5.4.2.Final in the shaded jar.
[INFO] Including org.jboss.logging:jboss-logging:jar:3.3.0.Final in the shaded jar.
[INFO] Including org.glassfish:javax.el:jar:3.0.0 in the shaded jar.
[INFO] Including org.javassist:javassist:jar:3.22.0-GA in the shaded jar.
[INFO] Including io.dropwizard:dropwizard-configuration:jar:1.3.7 in the shaded jar.
[INFO] Including com.fasterxml.jackson.dataformat:jackson-dataformat-yaml:jar:2.9.6 in the shaded jar.
[INFO] Including org.yaml:snakeyaml:jar:1.18 in the shaded jar.
[INFO] Including org.apache.commons:commons-lang3:jar:3.7 in the shaded jar.
[INFO] Including org.apache.commons:commons-text:jar:1.2 in the shaded jar.
[INFO] Including io.dropwizard:dropwizard-logging:jar:1.3.7 in the shaded jar.
[INFO] Including io.dropwizard.metrics:metrics-logback:jar:4.0.2 in the shaded jar.
[INFO] Including org.slf4j:jul-to-slf4j:jar:1.7.25 in the shaded jar.
[INFO] Including ch.qos.logback:logback-core:jar:1.2.3 in the shaded jar.
[INFO] Including ch.qos.logback:logback-classic:jar:1.2.3 in the shaded jar.
[INFO] Including org.slf4j:log4j-over-slf4j:jar:1.7.25 in the shaded jar.
[INFO] Including org.slf4j:jcl-over-slf4j:jar:1.7.25 in the shaded jar.
[INFO] Including org.eclipse.jetty:jetty-util:jar:9.4.11.v20180605 in the shaded jar.
[INFO] Including io.dropwizard:dropwizard-metrics:jar:1.3.7 in the shaded jar.
[INFO] Including io.dropwizard:dropwizard-jersey:jar:1.3.7 in the shaded jar.
[INFO] Including org.glassfish.jersey.ext:jersey-metainf-services:jar:2.25.1 in the shaded jar.
[INFO] Including org.glassfish.jersey.ext:jersey-bean-validation:jar:2.25.1 in the shaded jar.
[INFO] Including io.dropwizard.metrics:metrics-jersey2:jar:4.0.2 in the shaded jar.
[INFO] Including com.fasterxml.jackson.jaxrs:jackson-jaxrs-json-provider:jar:2.9.6 in the shaded jar.
[INFO] Including com.fasterxml.jackson.jaxrs:jackson-jaxrs-base:jar:2.9.6 in the shaded jar.
[INFO] Including com.fasterxml.jackson.module:jackson-module-jaxb-annotations:jar:2.9.6 in the shaded jar.
[INFO] Including org.glassfish.jersey.containers:jersey-container-servlet:jar:2.25.1 in the shaded jar.
[INFO] Including org.eclipse.jetty:jetty-server:jar:9.4.11.v20180605 in the shaded jar.
[INFO] Including javax.servlet:javax.servlet-api:jar:3.1.0 in the shaded jar.
[INFO] Including org.eclipse.jetty:jetty-webapp:jar:9.4.11.v20180605 in the shaded jar.
[INFO] Including org.eclipse.jetty:jetty-xml:jar:9.4.11.v20180605 in the shaded jar.
[INFO] Including org.eclipse.jetty:jetty-continuation:jar:9.4.11.v20180605 in the shaded jar.
[INFO] Including io.dropwizard:dropwizard-servlets:jar:1.3.7 in the shaded jar.
[INFO] Including io.dropwizard.metrics:metrics-annotation:jar:4.0.2 in the shaded jar.
[INFO] Including io.dropwizard:dropwizard-jetty:jar:1.3.7 in the shaded jar.
[INFO] Including io.dropwizard.metrics:metrics-jetty9:jar:4.0.2 in the shaded jar.
[INFO] Including org.eclipse.jetty:jetty-servlet:jar:9.4.11.v20180605 in the shaded jar.
[INFO] Including org.eclipse.jetty:jetty-security:jar:9.4.11.v20180605 in the shaded jar.
[INFO] Including org.eclipse.jetty:jetty-servlets:jar:9.4.11.v20180605 in the shaded jar.
[INFO] Including org.eclipse.jetty:jetty-http:jar:9.4.11.v20180605 in the shaded jar.
[INFO] Including io.dropwizard:dropwizard-lifecycle:jar:1.3.7 in the shaded jar.
[INFO] Including io.dropwizard.metrics:metrics-core:jar:4.0.2 in the shaded jar.
[INFO] Including io.dropwizard.metrics:metrics-jvm:jar:4.0.2 in the shaded jar.
[INFO] Including io.dropwizard.metrics:metrics-jmx:jar:4.0.2 in the shaded jar.
[INFO] Including io.dropwizard.metrics:metrics-servlets:jar:4.0.2 in the shaded jar.
[INFO] Including io.dropwizard.metrics:metrics-json:jar:4.0.2 in the shaded jar.
[INFO] Including com.papertrail:profiler:jar:1.0.2 in the shaded jar.
[INFO] Including io.dropwizard.metrics:metrics-healthchecks:jar:4.0.2 in the shaded jar.
[INFO] Including io.dropwizard:dropwizard-request-logging:jar:1.3.7 in the shaded jar.
[INFO] Including ch.qos.logback:logback-access:jar:1.2.3 in the shaded jar.
[INFO] Including net.sourceforge.argparse4j:argparse4j:jar:0.8.1 in the shaded jar.
[INFO] Including org.eclipse.jetty.toolchain.setuid:jetty-setuid-java:jar:1.0.3 in the shaded jar.
[INFO] Including io.dropwizard:dropwizard-auth:jar:1.3.7 in the shaded jar.
[INFO] Including io.dropwizard:dropwizard-assets:jar:1.3.7 in the shaded jar.
[INFO] Including io.dropwizard:dropwizard-http2:jar:1.3.7 in the shaded jar.
[INFO] Including org.eclipse.jetty.http2:http2-server:jar:9.4.11.v20180605 in the shaded jar.
[INFO] Including org.eclipse.jetty.http2:http2-common:jar:9.4.11.v20180605 in the shaded jar.
[INFO] Including org.eclipse.jetty.http2:http2-hpack:jar:9.4.11.v20180605 in the shaded jar.
[INFO] Including org.eclipse.jetty:jetty-alpn-openjdk8-server:jar:9.4.11.v20180605 in the shaded jar.
[INFO] Including org.eclipse.jetty:jetty-alpn-server:jar:9.4.11.v20180605 in the shaded jar.
[INFO] Including org.eclipse.jetty:jetty-io:jar:9.4.11.v20180605 in the shaded jar.
[INFO] Including io.dropwizard:dropwizard-hibernate:jar:1.3.7 in the shaded jar.
[INFO] Including io.dropwizard:dropwizard-db:jar:1.3.7 in the shaded jar.
[INFO] Including org.apache.tomcat:tomcat-jdbc:jar:9.0.5 in the shaded jar.
[INFO] Including org.apache.tomcat:tomcat-juli:jar:9.0.5 in the shaded jar.
[INFO] Including com.fasterxml.jackson.datatype:jackson-datatype-hibernate5:jar:2.9.6 in the shaded jar.
[INFO] Including org.jadira.usertype:usertype.core:jar:7.0.0.CR1 in the shaded jar.
[INFO] Including org.jadira.usertype:usertype.spi:jar:7.0.0.CR1 in the shaded jar.
[INFO] Including org.hibernate:hibernate-core:jar:5.2.15.Final in the shaded jar.
[INFO] Including org.hibernate.javax.persistence:hibernate-jpa-2.1-api:jar:1.0.0.Final in the shaded jar.
[INFO] Including antlr:antlr:jar:2.7.7 in the shaded jar.
[INFO] Including org.jboss.spec.javax.transaction:jboss-transaction-api_1.2_spec:jar:1.0.1.Final in the shaded jar.
[INFO] Including org.jboss:jandex:jar:2.0.3.Final in the shaded jar.
[INFO] Including com.fasterxml:classmate:jar:1.3.4 in the shaded jar.
[INFO] Including dom4j:dom4j:jar:1.6.1 in the shaded jar.
[INFO] Including org.hibernate.common:hibernate-commons-annotations:jar:5.0.1.Final in the shaded jar.
[INFO] Including io.dropwizard:dropwizard-migrations:jar:1.3.7 in the shaded jar.
[INFO] Including org.liquibase:liquibase-core:jar:3.6.1 in the shaded jar.
[INFO] Including com.mattbertolini:liquibase-slf4j:jar:2.0.0 in the shaded jar.
[INFO] Including io.dropwizard:dropwizard-views-freemarker:jar:1.3.7 in the shaded jar.
[INFO] Including io.dropwizard:dropwizard-views:jar:1.3.7 in the shaded jar.
[INFO] Including org.freemarker:freemarker:jar:2.3.27-incubating in the shaded jar.
[INFO] Including io.dropwizard:dropwizard-views-mustache:jar:1.3.7 in the shaded jar.
[INFO] Including com.github.spullara.mustache.java:compiler:jar:0.9.5 in the shaded jar.
[INFO] Including io.dropwizard:dropwizard-metrics-graphite:jar:1.3.7 in the shaded jar.
[INFO] Including io.dropwizard.metrics:metrics-graphite:jar:4.0.2 in the shaded jar.
[INFO] Including com.rabbitmq:amqp-client:jar:4.4.1 in the shaded jar.
[INFO] Including com.h2database:h2:jar:1.4.197 in the shaded jar.
[INFO] Including mysql:mysql-connector-java:jar:8.0.13 in the shaded jar.
[INFO] Including com.google.protobuf:protobuf-java:jar:3.6.1 in the shaded jar.
[INFO] Including org.glassfish.jersey.containers:jersey-container-servlet-core:jar:2.25.1 in the shaded jar.
[INFO] Including org.glassfish.jersey.core:jersey-server:jar:2.25.1 in the shaded jar.
[INFO] Including org.glassfish.jersey.core:jersey-common:jar:2.25.1 in the shaded jar.
[INFO] Including org.glassfish.jersey.bundles.repackaged:jersey-guava:jar:2.25.1 in the shaded jar.
[INFO] Including org.glassfish.hk2:osgi-resource-locator:jar:1.0.1 in the shaded jar.
[INFO] Including javax.ws.rs:javax.ws.rs-api:jar:2.0.1 in the shaded jar.
[INFO] Including org.glassfish.jersey.media:jersey-media-jaxb:jar:2.25.1 in the shaded jar.
[INFO] Including javax.annotation:javax.annotation-api:jar:1.2 in the shaded jar.
[INFO] Including org.glassfish.hk2:hk2-api:jar:2.5.0-b32 in the shaded jar.
[INFO] Including org.glassfish.hk2:hk2-utils:jar:2.5.0-b32 in the shaded jar.
[INFO] Including org.glassfish.hk2.external:aopalliance-repackaged:jar:2.5.0-b32 in the shaded jar.
[INFO] Including org.glassfish.hk2.external:javax.inject:jar:2.5.0-b32 in the shaded jar.
[INFO] Including org.glassfish.hk2:hk2-locator:jar:2.5.0-b32 in the shaded jar.
[INFO] Including javax.validation:validation-api:jar:1.1.0.Final in the shaded jar.
[INFO] Including org.glassfish.jersey.core:jersey-client:jar:2.25.1 in the shaded jar.
[INFO] Replacing original artifact with shaded artifact.
[INFO] Replacing /var/lib/jenkins/workspace/Application/release/target/dropwizard-example.jar with /var/lib/jenkins/workspace/Application/release/target/dropwizard-example-0.0.1-SNAPSHOT-shaded.jar
[INFO] Dependency-reduced POM written at: /var/lib/jenkins/workspace/Application/release/dependency-reduced-pom.xml
[INFO] ------------------------------------------------------------------------
[INFO] BUILD SUCCESS
[INFO] ------------------------------------------------------------------------
[INFO] Total time: 26.442 s
[INFO] Finished at: 2019-01-18T15:43:37Z
[INFO] Final Memory: 43M/454M
[INFO] ------------------------------------------------------------------------
+ aws s3 cp target/dropwizard-example.jar s3://30daysdevops/dropwizard/release/dropwizard-example-0.0.10.jar
Completed 256.0 KiB/33.1 MiB (2.7 MiB/s) with 1 file(s) remainingCompleted 512.0 KiB/33.1 MiB (5.2 MiB/s) with 1 file(s) remainingCompleted 768.0 KiB/33.1 MiB (7.6 MiB/s) with 1 file(s) remainingCompleted 1.0 MiB/33.1 MiB (9.8 MiB/s) with 1 file(s) remaining  Completed 1.2 MiB/33.1 MiB (8.6 MiB/s) with 1 file(s) remaining  Completed 1.3 MiB/33.1 MiB (8.8 MiB/s) with 1 file(s) remaining  Completed 1.6 MiB/33.1 MiB (10.3 MiB/s) with 1 file(s) remaining Completed 1.8 MiB/33.1 MiB (11.7 MiB/s) with 1 file(s) remaining Completed 2.1 MiB/33.1 MiB (12.9 MiB/s) with 1 file(s) remaining Completed 2.3 MiB/33.1 MiB (14.4 MiB/s) with 1 file(s) remaining Completed 2.6 MiB/33.1 MiB (15.5 MiB/s) with 1 file(s) remaining Completed 2.8 MiB/33.1 MiB (16.6 MiB/s) with 1 file(s) remaining Completed 3.1 MiB/33.1 MiB (17.9 MiB/s) with 1 file(s) remaining Completed 3.3 MiB/33.1 MiB (19.3 MiB/s) with 1 file(s) remaining Completed 3.6 MiB/33.1 MiB (20.5 MiB/s) with 1 file(s) remaining Completed 3.8 MiB/33.1 MiB (21.6 MiB/s) with 1 file(s) remaining Completed 4.1 MiB/33.1 MiB (22.9 MiB/s) with 1 file(s) remaining Completed 4.3 MiB/33.1 MiB (23.7 MiB/s) with 1 file(s) remaining Completed 4.6 MiB/33.1 MiB (24.9 MiB/s) with 1 file(s) remaining Completed 4.8 MiB/33.1 MiB (26.2 MiB/s) with 1 file(s) remaining Completed 5.1 MiB/33.1 MiB (27.1 MiB/s) with 1 file(s) remaining Completed 5.3 MiB/33.1 MiB (27.2 MiB/s) with 1 file(s) remaining Completed 5.6 MiB/33.1 MiB (28.5 MiB/s) with 1 file(s) remaining Completed 5.8 MiB/33.1 MiB (29.7 MiB/s) with 1 file(s) remaining Completed 6.1 MiB/33.1 MiB (30.5 MiB/s) with 1 file(s) remaining Completed 6.3 MiB/33.1 MiB (31.7 MiB/s) with 1 file(s) remaining Completed 6.6 MiB/33.1 MiB (32.4 MiB/s) with 1 file(s) remaining Completed 6.8 MiB/33.1 MiB (33.4 MiB/s) with 1 file(s) remaining Completed 7.1 MiB/33.1 MiB (33.6 MiB/s) with 1 file(s) remaining Completed 7.3 MiB/33.1 MiB (34.1 MiB/s) with 1 file(s) remaining Completed 7.6 MiB/33.1 MiB (35.2 MiB/s) with 1 file(s) remaining Completed 7.8 MiB/33.1 MiB (36.0 MiB/s) with 1 file(s) remaining Completed 8.1 MiB/33.1 MiB (36.6 MiB/s) with 1 file(s) remaining Completed 8.3 MiB/33.1 MiB (37.7 MiB/s) with 1 file(s) remaining Completed 8.6 MiB/33.1 MiB (38.4 MiB/s) with 1 file(s) remaining Completed 8.8 MiB/33.1 MiB (38.7 MiB/s) with 1 file(s) remaining Completed 9.1 MiB/33.1 MiB (39.3 MiB/s) with 1 file(s) remaining Completed 9.3 MiB/33.1 MiB (40.2 MiB/s) with 1 file(s) remaining Completed 9.6 MiB/33.1 MiB (41.2 MiB/s) with 1 file(s) remaining Completed 9.8 MiB/33.1 MiB (42.2 MiB/s) with 1 file(s) remaining Completed 10.1 MiB/33.1 MiB (42.2 MiB/s) with 1 file(s) remainingCompleted 10.3 MiB/33.1 MiB (42.9 MiB/s) with 1 file(s) remainingCompleted 10.6 MiB/33.1 MiB (43.6 MiB/s) with 1 file(s) remainingCompleted 10.8 MiB/33.1 MiB (44.5 MiB/s) with 1 file(s) remainingCompleted 11.1 MiB/33.1 MiB (45.0 MiB/s) with 1 file(s) remainingCompleted 11.3 MiB/33.1 MiB (44.9 MiB/s) with 1 file(s) remainingCompleted 11.6 MiB/33.1 MiB (45.7 MiB/s) with 1 file(s) remainingCompleted 11.8 MiB/33.1 MiB (46.6 MiB/s) with 1 file(s) remainingCompleted 12.1 MiB/33.1 MiB (46.7 MiB/s) with 1 file(s) remainingCompleted 12.3 MiB/33.1 MiB (47.3 MiB/s) with 1 file(s) remainingCompleted 12.6 MiB/33.1 MiB (47.8 MiB/s) with 1 file(s) remainingCompleted 12.8 MiB/33.1 MiB (48.5 MiB/s) with 1 file(s) remainingCompleted 13.1 MiB/33.1 MiB (48.3 MiB/s) with 1 file(s) remainingCompleted 13.3 MiB/33.1 MiB (49.0 MiB/s) with 1 file(s) remainingCompleted 13.6 MiB/33.1 MiB (49.2 MiB/s) with 1 file(s) remainingCompleted 13.8 MiB/33.1 MiB (50.0 MiB/s) with 1 file(s) remainingCompleted 14.1 MiB/33.1 MiB (50.8 MiB/s) with 1 file(s) remainingCompleted 14.3 MiB/33.1 MiB (51.1 MiB/s) with 1 file(s) remainingCompleted 14.6 MiB/33.1 MiB (51.6 MiB/s) with 1 file(s) remainingCompleted 14.8 MiB/33.1 MiB (51.3 MiB/s) with 1 file(s) remainingCompleted 15.1 MiB/33.1 MiB (52.1 MiB/s) with 1 file(s) remainingCompleted 15.3 MiB/33.1 MiB (52.9 MiB/s) with 1 file(s) remainingCompleted 15.6 MiB/33.1 MiB (53.3 MiB/s) with 1 file(s) remainingCompleted 15.8 MiB/33.1 MiB (53.3 MiB/s) with 1 file(s) remainingCompleted 16.1 MiB/33.1 MiB (53.7 MiB/s) with 1 file(s) remainingCompleted 16.3 MiB/33.1 MiB (54.4 MiB/s) with 1 file(s) remainingCompleted 16.6 MiB/33.1 MiB (55.0 MiB/s) with 1 file(s) remainingCompleted 16.8 MiB/33.1 MiB (55.2 MiB/s) with 1 file(s) remainingCompleted 17.1 MiB/33.1 MiB (55.1 MiB/s) with 1 file(s) remainingCompleted 17.3 MiB/33.1 MiB (55.9 MiB/s) with 1 file(s) remainingCompleted 17.6 MiB/33.1 MiB (56.6 MiB/s) with 1 file(s) remainingCompleted 17.8 MiB/33.1 MiB (57.2 MiB/s) with 1 file(s) remainingCompleted 18.1 MiB/33.1 MiB (57.0 MiB/s) with 1 file(s) remainingCompleted 18.3 MiB/33.1 MiB (57.4 MiB/s) with 1 file(s) remainingCompleted 18.6 MiB/33.1 MiB (58.1 MiB/s) with 1 file(s) remainingCompleted 18.8 MiB/33.1 MiB (58.0 MiB/s) with 1 file(s) remainingCompleted 19.1 MiB/33.1 MiB (58.1 MiB/s) with 1 file(s) remainingCompleted 19.3 MiB/33.1 MiB (58.5 MiB/s) with 1 file(s) remainingCompleted 19.6 MiB/33.1 MiB (59.2 MiB/s) with 1 file(s) remainingCompleted 19.8 MiB/33.1 MiB (59.0 MiB/s) with 1 file(s) remainingCompleted 20.1 MiB/33.1 MiB (59.6 MiB/s) with 1 file(s) remainingCompleted 20.3 MiB/33.1 MiB (60.2 MiB/s) with 1 file(s) remainingCompleted 20.6 MiB/33.1 MiB (60.3 MiB/s) with 1 file(s) remainingCompleted 20.8 MiB/33.1 MiB (60.6 MiB/s) with 1 file(s) remainingCompleted 21.1 MiB/33.1 MiB (61.1 MiB/s) with 1 file(s) remainingCompleted 21.3 MiB/33.1 MiB (61.8 MiB/s) with 1 file(s) remainingCompleted 21.6 MiB/33.1 MiB (61.8 MiB/s) with 1 file(s) remainingCompleted 21.8 MiB/33.1 MiB (61.5 MiB/s) with 1 file(s) remainingCompleted 22.1 MiB/33.1 MiB (61.9 MiB/s) with 1 file(s) remainingCompleted 22.3 MiB/33.1 MiB (62.3 MiB/s) with 1 file(s) remainingCompleted 22.6 MiB/33.1 MiB (62.8 MiB/s) with 1 file(s) remainingCompleted 22.8 MiB/33.1 MiB (63.0 MiB/s) with 1 file(s) remainingCompleted 23.1 MiB/33.1 MiB (62.6 MiB/s) with 1 file(s) remainingCompleted 23.3 MiB/33.1 MiB (63.1 MiB/s) with 1 file(s) remainingCompleted 23.6 MiB/33.1 MiB (63.7 MiB/s) with 1 file(s) remainingCompleted 23.8 MiB/33.1 MiB (64.3 MiB/s) with 1 file(s) remainingCompleted 24.1 MiB/33.1 MiB (63.8 MiB/s) with 1 file(s) remainingCompleted 24.3 MiB/33.1 MiB (64.4 MiB/s) with 1 file(s) remainingCompleted 24.6 MiB/33.1 MiB (64.3 MiB/s) with 1 file(s) remainingCompleted 24.8 MiB/33.1 MiB (64.6 MiB/s) with 1 file(s) remainingCompleted 25.1 MiB/33.1 MiB (65.2 MiB/s) with 1 file(s) remainingCompleted 25.3 MiB/33.1 MiB (65.1 MiB/s) with 1 file(s) remainingCompleted 25.6 MiB/33.1 MiB (65.5 MiB/s) with 1 file(s) remainingCompleted 25.8 MiB/33.1 MiB (65.8 MiB/s) with 1 file(s) remainingCompleted 26.1 MiB/33.1 MiB (65.9 MiB/s) with 1 file(s) remainingCompleted 26.3 MiB/33.1 MiB (66.2 MiB/s) with 1 file(s) remainingCompleted 26.6 MiB/33.1 MiB (66.7 MiB/s) with 1 file(s) remainingCompleted 26.8 MiB/33.1 MiB (66.6 MiB/s) with 1 file(s) remainingCompleted 27.1 MiB/33.1 MiB (67.0 MiB/s) with 1 file(s) remainingCompleted 27.3 MiB/33.1 MiB (66.9 MiB/s) with 1 file(s) remainingCompleted 27.6 MiB/33.1 MiB (66.9 MiB/s) with 1 file(s) remainingCompleted 27.8 MiB/33.1 MiB (67.3 MiB/s) with 1 file(s) remainingCompleted 28.1 MiB/33.1 MiB (67.6 MiB/s) with 1 file(s) remainingCompleted 28.3 MiB/33.1 MiB (67.7 MiB/s) with 1 file(s) remainingCompleted 28.6 MiB/33.1 MiB (68.1 MiB/s) with 1 file(s) remainingCompleted 28.8 MiB/33.1 MiB (68.3 MiB/s) with 1 file(s) remainingCompleted 29.1 MiB/33.1 MiB (68.2 MiB/s) with 1 file(s) remainingCompleted 29.3 MiB/33.1 MiB (68.4 MiB/s) with 1 file(s) remainingCompleted 29.6 MiB/33.1 MiB (68.7 MiB/s) with 1 file(s) remainingCompleted 29.8 MiB/33.1 MiB (68.7 MiB/s) with 1 file(s) remainingCompleted 30.1 MiB/33.1 MiB (68.7 MiB/s) with 1 file(s) remainingCompleted 30.3 MiB/33.1 MiB (68.9 MiB/s) with 1 file(s) remainingCompleted 30.6 MiB/33.1 MiB (69.4 MiB/s) with 1 file(s) remainingCompleted 30.8 MiB/33.1 MiB (69.0 MiB/s) with 1 file(s) remainingCompleted 31.1 MiB/33.1 MiB (69.5 MiB/s) with 1 file(s) remainingCompleted 31.3 MiB/33.1 MiB (69.7 MiB/s) with 1 file(s) remainingCompleted 31.6 MiB/33.1 MiB (68.9 MiB/s) with 1 file(s) remainingCompleted 31.8 MiB/33.1 MiB (69.4 MiB/s) with 1 file(s) remainingCompleted 32.1 MiB/33.1 MiB (69.7 MiB/s) with 1 file(s) remainingCompleted 32.3 MiB/33.1 MiB (69.7 MiB/s) with 1 file(s) remainingCompleted 32.6 MiB/33.1 MiB (69.1 MiB/s) with 1 file(s) remainingCompleted 32.8 MiB/33.1 MiB (69.1 MiB/s) with 1 file(s) remainingCompleted 33.1 MiB/33.1 MiB (69.2 MiB/s) with 1 file(s) remainingupload: target/dropwizard-example.jar to s3://30daysdevops/dropwizard/release/dropwizard-example-0.0.10.jar
+ sed -i 's/^defaultName:.*/defaultName: DropWizard-${version}/' mysql.yml
+ aws s3 cp mysql.yml s3://30daysdevops/dropwizard/release/mysql.yml
Completed 2.5 KiB/2.5 KiB (48.9 KiB/s) with 1 file(s) remainingupload: ./mysql.yml to s3://30daysdevops/dropwizard/release/mysql.yml
+ cp target/dropwizard-example.jar dropwizard.jar
+ docker build -t dropwizard .
Sending build context to Docker daemon  70.56MB
Step 1/8 : FROM openjdk:8-jre-alpine
 ---> 7e72a7dcf7dc
Step 2/8 : WORKDIR /
 ---> Using cache
 ---> 8dd1abe86e40
Step 3/8 : ADD dropwizard.jar dropwizard.jar
 ---> cb56b3478dae
Step 4/8 : ADD mysql.yml mysql.yml
 ---> e89976e3890e
Step 5/8 : EXPOSE 8080
 ---> Running in c4ad8536fe81
Removing intermediate container c4ad8536fe81
 ---> 31d478ab1955
Step 6/8 : EXPOSE 8081
 ---> Running in c3fc1b23d702
Removing intermediate container c3fc1b23d702
 ---> 30f97ef8cee0
Step 7/8 : CMD java -Xmx750M -jar dropwizard.jar server mysql.yml
 ---> Running in 8fad9e881e79
Removing intermediate container 8fad9e881e79
 ---> acedf8be4d9f
Step 8/8 : LABEL "com.datadoghq.ad.logs"='[{"environment": "qa", "source": "application", "service": "dropwizard"}]'
 ---> Running in 9f3c78804257
Removing intermediate container 9f3c78804257
 ---> cbdcd4d106e2
Successfully built cbdcd4d106e2
Successfully tagged dropwizard:latest
++ aws ecr get-login --no-include-email --region us-east-1
+ docker login -u AWS -p eyJwYXlsb2FkIjoiMURGc1hHSytBOUV0M2RlaVEwc05GeFBRSVlXczRiZEx3ck9YQVdaejVpbzlTeSt2dGRsMWIrWTdwRFhGRDYxRElON0h3TksyRU9ERnFURDFEalgzUFVPYTJ0bHg1R0tqODdqbis1bnpMUENGWGVNWm5DdDFNWHRjSTFjWUU2NUZaSG9UZVFwelRKQXdGckdmbjJDdDJNdWF2V3QzSE9yMWduUGQra3ppYmZkaitpNDdvZXNuZHV1cmxmengvd1hVci9MYVd0TkVhQ2dDRnUrUUdPS2c0bW5GL3M4bzRtcDBBd3RNWENvYWtaY1QzenIxc0RXcjBMSHcvOTRVc3ZJZ3ZkWklBRytIU0MxSmVhdzFha2R2cG5HYlRYbjdVZkh2YTFEc2NnbStmT1Iwd1ljbStZN2RqQ0JOblpGQTFoNjlGbUR5STYyMis0YUxOOTNYZzR4NDZrUE1SV3BSWlFSQ0haYkk0cjVoZFJaaU9JZlZaQ0owSkltTTNVNW9WRjhNZ1B3VTdqOG5mL28zcUszSzJFTmxPY3o3NUdrWUpsVWcrQjB4Tm9DUXVZQjhBUkZaNkVTS09UcXdpZG5UVG50S0p2a2tGaG1mb1lsTWF3NG5xT1hoZzJ0VG1rVGk1eGdKcldqU1VUR3RjeW9LTXY0V2tuWXdxK1JUbjlaQlZsdGdnRzJnNVYvTFZIYit5T2xZZkt5MWt3cjBsZExhUGJmRzZTSHh5Z2hXUXdDQm15RE9nM2lRMm82eXNzNkpqK3lQOXJ6Y2lJMTZYSW92T1VnbEFhV3NlemZZL3ZSYmJjbkUrUFl2Sy92cGtQQXd3Yi84aDY0UlZYQWtuU2VQNW1hUEc1NTVYdG50RmNQckZKeGtrS29ZQUdmMXU2VHU2R256alk2c1FGUnV6eEd3Wm9JL29NVkQ0UWRQaGtMTnJ0YjJtWUlOekNoTHB3bzZ2Wm95RktXWm9QS2pwZzBvTVZSaXkzTmhWSUFLNWJqaHAvWFN6bmtsVEl1cVA3djE2TFI0aXh3Zi95QmVtYUpqU3gxVVJ5VjlVVytaSWhjbnFuUXlBQzFPWGtsNDZrRVJGYzB6NnBvc0tJaEZVTng1ODZEZTZha0dIZEM5bTg0bDc1QlFpcXNLaUxVRG0zaE85MmRyMFc3KytpUStoNXNQb2tQQlV3WVg1ZVExaUpQWUROT2VweDFhbFMvZllVNnl5WEhaV2ZZV3YrT2tqL2c5M3Zmc2NQa3lOOUVkVXdUNm90VGxIakdBNDdJRVFiaFRZM3RhaTlIUXFnb0N0UGNnNkhCY3hzc0ZMV29DMjEyWE1KZ0xSazlNZThackMyUTNwTjg1OHlaU2NORWFta1laVG5kbnkzZ0FjOGJOeXp3YlRwWWV1Tkd4bjgvZ29YdlJuOGJmQmZKOW9FVkZlUUZ5bDIrWUk0ZTA1ci9EMS9wN3FuNXhJYWxmYzBDSzJDeUNWOFZndnAzNlRiUVFVdGZ4YWp4VlRzSncrV29QSkh0TU83NWt1V1NzUWNoR1ZXYkRrVmdMUklYbTROZDM2a29vZlNyWHZtQ3N4bE5OV01tazJNZ0V4Q1lhcmpPWU90aGN4WUI5NGJBQzlhUjFQYzB6ZDE0M0pudWRBY3MyRWs5ekphQ1NxdWZjNHdTNG9MRDZZWkFPaWkzUzVnbWpzYzNyUDRORnJrMjlGd1pzclBGMkNNMGRTT2ZpUitNb2JIcWhSTytacmdFM3BmdzdONDIxSGdYMjNyakVOWTk5Ulh1dUVDZzRGVUZwdjBtc0VHSVNnTEhiaVRKdUw3MmlxRXZ4dFAvTWpPOVg3SDM5d0NHMnN1M3djSUdTbk05OVg0T2NIT25vT0dJYjM5dm8xNkF5Q04vZ0V1cUxJV09FZlhHanlYT2JkNVE2bDBOQ0RoNmJENjdZVWx3USt0VXRhMHdkbUdzc3RBMkFmZGRPRG5xRWRrR1FlMkYwMjZUanlTT0NTa1I5Z2ZzR042ODRoNWIyQ1EyVTJMMnkxZEM0aHZQOUZhSHRuQVE2WUVtY3QyN3I4MEMxejNTRlJLQi9tUFRCYk9VWndVbU5mRGMvNTVrYVNQYmJsRHViRE9EUWhIcTlDdFBzUzdrPSIsImRhdGFrZXkiOiJBUUVCQUhod20wWWFJU0plUnRKbTVuMUc2dXFlZWtYdW9YWFBlNVVGY2U5UnE4LzE0d0FBQUg0d2ZBWUpLb1pJaHZjTkFRY0dvRzh3YlFJQkFEQm9CZ2txaGtpRzl3MEJCd0V3SGdZSllJWklBV1VEQkFFdU1CRUVERDIwWkV6QXRBeEE0a2NSaGdJQkVJQTdyWVpXNENObUkzVUxIUTdkKzQxY3VRSVBTKzlUK0N5TG0zUnFaNjBPME9qYTU2SXZTbkxUb2lqWnFucGxLZm5kNWJOS2xkMC94djFrY1E0PSIsInZlcnNpb24iOiIyIiwidHlwZSI6IkRBVEFfS0VZIiwiZXhwaXJhdGlvbiI6MTU0Nzg2OTQyMn0= https://230883561944.dkr.ecr.us-east-1.amazonaws.com
WARNING! Using --password via the CLI is insecure. Use --password-stdin.
WARNING! Your password will be stored unencrypted in /var/lib/jenkins/.docker/config.json.
Configure a credential helper to remove this warning. See
https://docs.docker.com/engine/reference/commandline/login/#credentials-store

Login Succeeded
+ docker tag dropwizard:latest 230883561944.dkr.ecr.us-east-1.amazonaws.com/dropwizard:0.0.10
+ docker push 230883561944.dkr.ecr.us-east-1.amazonaws.com/dropwizard:0.0.10
The push refers to repository [230883561944.dkr.ecr.us-east-1.amazonaws.com/dropwizard]
078b863616e4: Preparing
de230629f975: Preparing
382d47ad6dc1: Preparing
dbc783c89851: Preparing
7bff100f35cb: Preparing
7bff100f35cb: Layer already exists
dbc783c89851: Layer already exists
382d47ad6dc1: Layer already exists
078b863616e4: Pushed
de230629f975: Pushed
0.0.10: digest: sha256:b2547d5e40c5bfa3add4c84cc2a79fb3a4189faa051889e9c1ee9a5c8ac85684 size: 1367
 > git tag -l 0.0.10 # timeout=10
 > git tag -a -f -m Jenkins Git plugin tagging with 0.0.10 0.0.10 # timeout=10
Pushing tag 0.0.10 to repo origin
 > git --version # timeout=10
 > git push git@github.com:babinskiy/dropwizard-example.git 0.0.10
Triggering a new build of [8mha:////4KjwUBrb0iOFr17OBhRbgwmXZd2Ko3Zle6rpqK0P499GAAAApR+LCAAAAAAAAP9b85aBtbiIQTGjNKU4P08vOT+vOD8nVc83PyU1x6OyILUoJzMv2y+/JJUBAhiZGBgqihhk0NSjKDWzXb3RdlLBUSYGJk8GtpzUvPSSDB8G5tKinBIGIZ+sxLJE/ZzEvHT94JKizLx0a6BxUmjGOUNodHsLgAyREgYZ/az8JH3HgoKczOTEksz8PDA/JbUgJ79SHwA0Xw+m0QAAAA==[0mApplication » deploy
Finished: SUCCESS
