Started by upstream project "[8mha:////4DhApTQZ5ZEXO0JnQ3l7spa83QwYrlg7hn+/Jil7ZE5PAAAAsR+LCAAAAAAAAP9b85aBtbiIQTGjNKU4P08vOT+vOD8nVc83PyU1x6OyILUoJzMv2y+/JJUBAhiZGBgqihhk0NSjKDWzXb3RdlLBUSYGJk8GtpzUvPSSDB8G5tKinBIGIZ+sxLJE/ZzEvHT94JKizLx0a6BxUmjGOUNodHsLgAz5EgZN/az8JH3HgoKczOTEksz8PDDfID4/LzU+GSiWHZ+SWpCTXxmvDwDLTc4d3gAAAA==[0mApplication/0_one_click_deploy_" build number [8mha:////4F8QMBwMnZBsltMamoe4Iosox+lKCc2l4WVoPw8+jcSTAAAAsx+LCAAAAAAAAP9b85aBtbiIQTGjNKU4P08vOT+vOD8nVc83PyU1x6OyILUoJzMv2y+/JJUBAhiZGBgqihhk0NSjKDWzXb3RdlLBUSYGJk8GtpzUvPSSDB8G5tKinBIGIZ+sxLJE/ZzEvHT94JKizLx0a6BxUmjGOUNodHsLgAymEgZt/az8JH3HgoKczOTEksz8PDDfID4/LzU+GSiWHZ+SWpCTXxmvb2gAAEyljR7gAAAA[0m10
originally caused by:
 Started by user [8mha:////4JrjmSRx4qOtNYMMhYugXsyw+fINujBQhhzqimlc3f+QAAAAkx+LCAAAAAAAAP9b85aBtbiIQTGjNKU4P08vOT+vOD8nVc83PyU1x6OyILUoJzMv2y+/JJUBAhiZGBgqihhk0NSjKDWzXb3RdlLBUSYGJk8GtpzUvPSSDB8G5tKinBIGIZ+sxLJE/ZzEvHT94JKizLx0a6BxUmjGOUNodHsLgAyWEgYu/dLi1CIwAQDYegtJvwAAAA==[0muser
Building in workspace /var/lib/jenkins/workspace/Application/release
[WS-CLEANUP] Deleting project workspace...
[WS-CLEANUP] Deferred wipeout is used...
[WS-CLEANUP] Done
Cloning the remote Git repository
Cloning repository git@github.com:babinskiy/dropwizard-example.git
 > git init /var/lib/jenkins/workspace/Application/release # timeout=10
Fetching upstream changes from git@github.com:babinskiy/dropwizard-example.git
 > git --version # timeout=10
 > git fetch --tags --progress git@github.com:babinskiy/dropwizard-example.git +refs/heads/*:refs/remotes/origin/*
 > git config remote.origin.url git@github.com:babinskiy/dropwizard-example.git # timeout=10
 > git config --add remote.origin.fetch +refs/heads/*:refs/remotes/origin/* # timeout=10
 > git config remote.origin.url git@github.com:babinskiy/dropwizard-example.git # timeout=10
Fetching upstream changes from git@github.com:babinskiy/dropwizard-example.git
 > git fetch --tags --progress git@github.com:babinskiy/dropwizard-example.git +refs/heads/*:refs/remotes/origin/*
 > git rev-parse refs/remotes/origin/master^{commit} # timeout=10
 > git rev-parse refs/remotes/origin/origin/master^{commit} # timeout=10
Checking out Revision 69bc9caecdfa2e37271050053a9ac64b9ab30de6 (refs/remotes/origin/master)
 > git config core.sparsecheckout # timeout=10
 > git checkout -f 69bc9caecdfa2e37271050053a9ac64b9ab30de6
Commit message: "Fix Error level"
 > git rev-list --no-walk 69bc9caecdfa2e37271050053a9ac64b9ab30de6 # timeout=10
[release] $ /bin/sh -xe /tmp/jenkins9214179961216459721.sh
+ mvn clean package
[INFO] Scanning for projects...
[INFO] 
[INFO] ------------------------------------------------------------------------
[INFO] Building Dropwizard Example Application 0.0.1-SNAPSHOT
[INFO] ------------------------------------------------------------------------
[INFO] 
[INFO] --- maven-clean-plugin:3.1.0:clean (default-clean) @ dropwizard-example ---
[INFO] 
[INFO] --- maven-enforcer-plugin:1.4.1:enforce (enforce) @ dropwizard-example ---
[INFO] 
[INFO] --- maven-checkstyle-plugin:3.0.0:check (checkstyle) @ dropwizard-example ---
[INFO] 
[INFO] --- jacoco-maven-plugin:0.8.2:prepare-agent (prepare-agent) @ dropwizard-example ---
[INFO] argLine set to -javaagent:/var/lib/jenkins/.m2/repository/org/jacoco/org.jacoco.agent/0.8.2/org.jacoco.agent-0.8.2-runtime.jar=destfile=/var/lib/jenkins/workspace/Application/release/target/jacoco.exec
[INFO] 
[INFO] --- maven-resources-plugin:3.1.0:resources (default-resources) @ dropwizard-example ---
[INFO] Using 'UTF-8' encoding to copy filtered resources.
[INFO] Copying 10 resources
[INFO] 
[INFO] --- maven-compiler-plugin:3.8.0:compile (default-compile) @ dropwizard-example ---
[INFO] Changes detected - recompiling the module!
[INFO] Compiling 23 source files to /var/lib/jenkins/workspace/Application/release/target/classes
[INFO] 
[INFO] --- maven-resources-plugin:3.1.0:testResources (default-testResources) @ dropwizard-example ---
[INFO] Using 'UTF-8' encoding to copy filtered resources.
[INFO] Copying 1 resource
[INFO] 
[INFO] --- maven-compiler-plugin:3.8.0:testCompile (default-testCompile) @ dropwizard-example ---
[INFO] Changes detected - recompiling the module!
[INFO] Compiling 6 source files to /var/lib/jenkins/workspace/Application/release/target/test-classes
[INFO] 
[INFO] --- maven-surefire-plugin:2.22.1:test (default-test) @ dropwizard-example ---
[INFO] 
[INFO] -------------------------------------------------------
[INFO]  T E S T S
[INFO] -------------------------------------------------------
[INFO] Running com.example.helloworld.resources.PersonResourceTest
09:31:45.089 [main] DEBUG org.jboss.logging - Logging Provider: org.jboss.logging.Slf4jLoggerProvider
09:31:45.094 [main] INFO org.hibernate.validator.internal.util.Version - HV000001: Hibernate Validator 5.4.2.Final
09:31:45.122 [main] DEBUG org.hibernate.validator.internal.engine.resolver.DefaultTraversableResolver - Found javax.persistence.Persistence on classpath containing 'getPersistenceUtil'. Assuming JPA 2 environment. Trying to instantiate JPA aware TraversableResolver
09:31:45.124 [main] DEBUG org.hibernate.validator.internal.engine.resolver.DefaultTraversableResolver - Instantiated JPA aware TraversableResolver of type org.hibernate.validator.internal.engine.resolver.JPATraversableResolver.
09:31:45.130 [main] DEBUG org.hibernate.validator.internal.engine.ConfigurationImpl - Setting custom ParameterNameProvider of type io.dropwizard.jersey.validation.JerseyParameterNameProvider
09:31:45.133 [main] DEBUG org.hibernate.validator.internal.xml.ValidationXmlParser - Trying to load META-INF/validation.xml for XML based Validator configuration.
09:31:45.134 [main] DEBUG org.hibernate.validator.internal.xml.ResourceLoaderHelper - Trying to load META-INF/validation.xml via TCCL
09:31:45.135 [main] DEBUG org.hibernate.validator.internal.xml.ResourceLoaderHelper - Trying to load META-INF/validation.xml via Hibernate Validator's class loader
09:31:45.136 [main] DEBUG org.hibernate.validator.internal.xml.ValidationXmlParser - No META-INF/validation.xml found. Using annotation based configuration only.
[INFO] Tests run: 2, Failures: 0, Errors: 0, Skipped: 0, Time elapsed: 4.021 s - in com.example.helloworld.resources.PersonResourceTest
[INFO] Running com.example.helloworld.resources.ProtectedClassResourceTest
[INFO] Tests run: 5, Failures: 0, Errors: 0, Skipped: 0, Time elapsed: 0.363 s - in com.example.helloworld.resources.ProtectedClassResourceTest
[INFO] Running com.example.helloworld.resources.ProtectedResourceTest
[INFO] Tests run: 5, Failures: 0, Errors: 0, Skipped: 0, Time elapsed: 0.247 s - in com.example.helloworld.resources.ProtectedResourceTest
[INFO] Running com.example.helloworld.resources.PeopleResourceTest
[INFO] Tests run: 2, Failures: 0, Errors: 0, Skipped: 0, Time elapsed: 0.156 s - in com.example.helloworld.resources.PeopleResourceTest
[INFO] Running com.example.helloworld.IntegrationTest
INFO  [2019-01-21 09:31:49,588] io.dropwizard.server.DefaultServerFactory: Registering jersey handler with root path prefix: /
INFO  [2019-01-21 09:31:49,593] io.dropwizard.server.DefaultServerFactory: Registering admin handler with root path prefix: /
INFO  [2019-01-21 09:31:49,596] io.dropwizard.assets.AssetsBundle: Registering AssetBundle with name: assets for path /assets/*
INFO  [2019-01-21 09:31:49,906] org.hibernate.Version: HHH000412: Hibernate Core {5.2.15.Final}
INFO  [2019-01-21 09:31:49,908] org.hibernate.cfg.Environment: HHH000206: hibernate.properties not found
INFO  [2019-01-21 09:31:49,927] io.dropwizard.hibernate.SessionFactoryFactory: Entity classes: [com.example.helloworld.core.Person]
INFO  [2019-01-21 09:31:49,974] org.hibernate.annotations.common.Version: HCANN000001: Hibernate Commons Annotations {5.0.1.Final}
INFO  [2019-01-21 09:31:50,578] org.hibernate.dialect.Dialect: HHH000400: Using dialect: org.hibernate.dialect.H2Dialect
INFO  [2019-01-21 09:31:51,026] org.hibernate.type.BasicTypeRegistry: HHH000270: Type registration [java.util.Currency] overrides previous : org.hibernate.type.CurrencyType@233de714
INFO  [2019-01-21 09:31:51,026] org.hibernate.type.BasicTypeRegistry: HHH000270: Type registration [java.time.Duration] overrides previous : org.hibernate.type.DurationType@45aefed8
INFO  [2019-01-21 09:31:51,026] org.hibernate.type.BasicTypeRegistry: HHH000270: Type registration [java.time.Instant] overrides previous : org.hibernate.type.InstantType@333915a
INFO  [2019-01-21 09:31:51,027] org.hibernate.type.BasicTypeRegistry: HHH000270: Type registration [java.time.LocalDate] overrides previous : org.hibernate.type.LocalDateType@6f07bc19
INFO  [2019-01-21 09:31:51,027] org.hibernate.type.BasicTypeRegistry: HHH000270: Type registration [java.time.LocalDateTime] overrides previous : org.hibernate.type.LocalDateTimeType@234ef3aa
INFO  [2019-01-21 09:31:51,028] org.hibernate.type.BasicTypeRegistry: HHH000270: Type registration [java.time.LocalTime] overrides previous : org.hibernate.type.LocalTimeType@11249125
INFO  [2019-01-21 09:31:51,028] org.hibernate.type.BasicTypeRegistry: HHH000270: Type registration [java.time.OffsetDateTime] overrides previous : org.hibernate.type.OffsetDateTimeType@e826b1a
INFO  [2019-01-21 09:31:51,029] org.hibernate.type.BasicTypeRegistry: HHH000270: Type registration [java.time.OffsetTime] overrides previous : org.hibernate.type.OffsetTimeType@5c37f9a7
INFO  [2019-01-21 09:31:51,029] org.hibernate.type.BasicTypeRegistry: HHH000270: Type registration [java.time.ZonedDateTime] overrides previous : org.hibernate.type.ZonedDateTimeType@8b08228
INFO  [2019-01-21 09:31:51,351] org.hibernate.hql.internal.QueryTranslatorFactoryInitiator: HHH000397: Using ASTQueryTranslatorFactory
INFO  [2019-01-21 09:31:51,513] io.dropwizard.server.ServerFactory: Starting hello-world
                           web-scale hello world dP for the web
                                                 88
  .d8888b. dP.  .dP .d8888b. 88d8b.d8b. 88d888b. 88 .d8888b.
  88ooood8  `8bd8'  88'  `88 88'`88'`88 88'  `88 88 88ooood8
  88.  ...  .d88b.  88.  .88 88  88  88 88.  .88 88 88.  ...
  `88888P' dP'  `dP `88888P8 dP  dP  dP 88Y888P' dP `88888P'
                                        88
                                        dP

INFO  [2019-01-21 09:31:51,651] org.eclipse.jetty.setuid.SetUIDListener: Opened application@1d3d957f{HTTP/1.1,[http/1.1]}{0.0.0.0:41479}
INFO  [2019-01-21 09:31:51,651] org.eclipse.jetty.setuid.SetUIDListener: Opened admin@5ff4e3c1{HTTP/1.1,[http/1.1]}{0.0.0.0:38003}
INFO  [2019-01-21 09:31:51,654] org.eclipse.jetty.server.Server: jetty-9.4.11.v20180605; built: 2018-06-05T18:24:03.829Z; git: d5fc0523cfa96bfebfbda19606cad384d772f04c; jvm 1.8.0_191-b12
INFO  [2019-01-21 09:31:51,815] io.dropwizard.jersey.DropwizardResourceConfig: The following paths were found for the configured resources:

    GET     /filtered/hello (com.example.helloworld.resources.FilteredResource)
    GET     /hello-world (com.example.helloworld.resources.HelloWorldResource)
    POST    /hello-world (com.example.helloworld.resources.HelloWorldResource)
    GET     /hello-world/date (com.example.helloworld.resources.HelloWorldResource)
    GET     /people (com.example.helloworld.resources.PeopleResource)
    POST    /people (com.example.helloworld.resources.PeopleResource)
    GET     /people/{personId} (com.example.helloworld.resources.PersonResource)
    GET     /people/{personId}/view_freemarker (com.example.helloworld.resources.PersonResource)
    GET     /people/{personId}/view_mustache (com.example.helloworld.resources.PersonResource)
    GET     /protected (com.example.helloworld.resources.ProtectedResource)
    GET     /protected/admin (com.example.helloworld.resources.ProtectedResource)
    GET     /views/iso88591.ftl (com.example.helloworld.resources.ViewResource)
    GET     /views/iso88591.mustache (com.example.helloworld.resources.ViewResource)
    GET     /views/utf8.ftl (com.example.helloworld.resources.ViewResource)
    GET     /views/utf8.mustache (com.example.helloworld.resources.ViewResource)

INFO  [2019-01-21 09:31:51,818] org.eclipse.jetty.server.handler.ContextHandler: Started i.d.j.MutableServletContextHandler@37f77e0b{/,null,AVAILABLE}
INFO  [2019-01-21 09:31:51,822] io.dropwizard.setup.AdminEnvironment: tasks = 

    POST    /tasks/echo (com.example.helloworld.tasks.EchoTask)
    POST    /tasks/log-level (io.dropwizard.servlets.tasks.LogConfigurationTask)
    POST    /tasks/gc (io.dropwizard.servlets.tasks.GarbageCollectionTask)

INFO  [2019-01-21 09:31:51,832] org.eclipse.jetty.server.handler.ContextHandler: Started i.d.j.MutableServletContextHandler@7fac34ca{/,null,AVAILABLE}
INFO  [2019-01-21 09:31:51,841] org.eclipse.jetty.server.AbstractConnector: Started application@1d3d957f{HTTP/1.1,[http/1.1]}{0.0.0.0:41479}
INFO  [2019-01-21 09:31:51,849] org.eclipse.jetty.server.AbstractConnector: Started admin@5ff4e3c1{HTTP/1.1,[http/1.1]}{0.0.0.0:38003}
INFO  [2019-01-21 09:31:51,850] org.eclipse.jetty.server.Server: Started @9542ms
INFO  [2019-01-21 09:31:52,744] liquibase.executor.jvm.JdbcExecutor: SELECT COUNT(*) FROM PUBLIC.DATABASECHANGELOGLOCK
INFO  [2019-01-21 09:31:52,758] liquibase.executor.jvm.JdbcExecutor: CREATE TABLE PUBLIC.DATABASECHANGELOGLOCK (ID INT NOT NULL, LOCKED BOOLEAN NOT NULL, LOCKGRANTED TIMESTAMP, LOCKEDBY VARCHAR(255), CONSTRAINT PK_DATABASECHANGELOGLOCK PRIMARY KEY (ID))
INFO  [2019-01-21 09:31:52,769] liquibase.executor.jvm.JdbcExecutor: SELECT COUNT(*) FROM PUBLIC.DATABASECHANGELOGLOCK
INFO  [2019-01-21 09:31:52,774] liquibase.executor.jvm.JdbcExecutor: DELETE FROM PUBLIC.DATABASECHANGELOGLOCK
INFO  [2019-01-21 09:31:52,775] liquibase.executor.jvm.JdbcExecutor: INSERT INTO PUBLIC.DATABASECHANGELOGLOCK (ID, LOCKED) VALUES (1, FALSE)
INFO  [2019-01-21 09:31:52,778] liquibase.executor.jvm.JdbcExecutor: SELECT LOCKED FROM PUBLIC.DATABASECHANGELOGLOCK WHERE ID=1
INFO  [2019-01-21 09:31:52,788] liquibase.lockservice.StandardLockService: Successfully acquired change log lock
INFO  [2019-01-21 09:31:53,755] liquibase.changelog.StandardChangeLogHistoryService: Creating database history table with name: PUBLIC.DATABASECHANGELOG
INFO  [2019-01-21 09:31:53,757] liquibase.executor.jvm.JdbcExecutor: CREATE TABLE PUBLIC.DATABASECHANGELOG (ID VARCHAR(255) NOT NULL, AUTHOR VARCHAR(255) NOT NULL, FILENAME VARCHAR(255) NOT NULL, DATEEXECUTED TIMESTAMP NOT NULL, ORDEREXECUTED INT NOT NULL, EXECTYPE VARCHAR(10) NOT NULL, MD5SUM VARCHAR(35), DESCRIPTION VARCHAR(255), COMMENTS VARCHAR(255), TAG VARCHAR(255), LIQUIBASE VARCHAR(20), CONTEXTS VARCHAR(255), LABELS VARCHAR(255), DEPLOYMENT_ID VARCHAR(10))
INFO  [2019-01-21 09:31:53,759] liquibase.executor.jvm.JdbcExecutor: SELECT COUNT(*) FROM PUBLIC.DATABASECHANGELOG
INFO  [2019-01-21 09:31:53,760] liquibase.changelog.StandardChangeLogHistoryService: Reading from PUBLIC.DATABASECHANGELOG
INFO  [2019-01-21 09:31:53,761] liquibase.executor.jvm.JdbcExecutor: SELECT * FROM PUBLIC.DATABASECHANGELOG ORDER BY DATEEXECUTED ASC, ORDEREXECUTED ASC
INFO  [2019-01-21 09:31:53,762] liquibase.executor.jvm.JdbcExecutor: SELECT COUNT(*) FROM PUBLIC.DATABASECHANGELOGLOCK
INFO  [2019-01-21 09:31:53,774] liquibase.executor.jvm.JdbcExecutor: CREATE TABLE PUBLIC.people (id BIGINT AUTO_INCREMENT NOT NULL, fullName VARCHAR(255) NOT NULL, jobTitle VARCHAR(255), CONSTRAINT PK_PEOPLE PRIMARY KEY (id))
INFO  [2019-01-21 09:31:53,785] liquibase.changelog.ChangeSet: Table people created
INFO  [2019-01-21 09:31:53,785] liquibase.changelog.ChangeSet: ChangeSet migrations.xml::1::codahale ran successfully in 12ms
INFO  [2019-01-21 09:31:53,786] liquibase.executor.jvm.JdbcExecutor: SELECT MAX(ORDEREXECUTED) FROM PUBLIC.DATABASECHANGELOG
INFO  [2019-01-21 09:31:53,793] liquibase.executor.jvm.JdbcExecutor: INSERT INTO PUBLIC.DATABASECHANGELOG (ID, AUTHOR, FILENAME, DATEEXECUTED, ORDEREXECUTED, MD5SUM, DESCRIPTION, COMMENTS, EXECTYPE, CONTEXTS, LABELS, LIQUIBASE, DEPLOYMENT_ID) VALUES ('1', 'codahale', 'migrations.xml', NOW(), 1, '8:a466b7f04155c06f80453d6d5a36b55c', 'createTable tableName=people', '', 'EXECUTED', NULL, NULL, '3.6.1', '8063113763')
INFO  [2019-01-21 09:31:53,795] liquibase.lockservice.StandardLockService: Successfully released change log lock
INFO  [2019-01-21 09:31:54,158] org.hibernate.engine.internal.StatisticalLoggingSessionEventListener: Session Metrics {
    142232 nanoseconds spent acquiring 2 JDBC connections;
    153312 nanoseconds spent releasing 2 JDBC connections;
    15671197 nanoseconds spent preparing 1 JDBC statements;
    3318102 nanoseconds spent executing 1 JDBC statements;
    0 nanoseconds spent executing 0 JDBC batches;
    0 nanoseconds spent performing 0 L2C puts;
    0 nanoseconds spent performing 0 L2C hits;
    0 nanoseconds spent performing 0 L2C misses;
    4646345 nanoseconds spent executing 1 flushes (flushing a total of 1 entities and 0 collections);
    0 nanoseconds spent executing 0 partial-flushes (flushing a total of 0 entities and 0 collections)
}
127.0.0.1 - - [21/Jan/2019:09:31:54 +0000] "POST /people HTTP/1.1" 200 67 "-" "Jersey/2.25.1 (HttpUrlConnection 1.8.0_191)" 228
INFO  [2019-01-21 09:31:54,240] org.hibernate.engine.internal.StatisticalLoggingSessionEventListener: Session Metrics {
    89529 nanoseconds spent acquiring 2 JDBC connections;
    59516 nanoseconds spent releasing 2 JDBC connections;
    401056 nanoseconds spent preparing 1 JDBC statements;
    222014 nanoseconds spent executing 1 JDBC statements;
    0 nanoseconds spent executing 0 JDBC batches;
    0 nanoseconds spent performing 0 L2C puts;
    0 nanoseconds spent performing 0 L2C hits;
    0 nanoseconds spent performing 0 L2C misses;
    189756 nanoseconds spent executing 1 flushes (flushing a total of 1 entities and 0 collections);
    0 nanoseconds spent executing 0 partial-flushes (flushing a total of 0 entities and 0 collections)
}
127.0.0.1 - - [21/Jan/2019:09:31:54 +0000] "GET /people/1/view_mustache HTTP/1.1" 200 205 "-" "Jersey/2.25.1 (HttpUrlConnection 1.8.0_191)" 72
INFO  [2019-01-21 09:31:54,256] org.hibernate.engine.internal.StatisticalLoggingSessionEventListener: Session Metrics {
    81706 nanoseconds spent acquiring 2 JDBC connections;
    47843 nanoseconds spent releasing 2 JDBC connections;
    82396 nanoseconds spent preparing 1 JDBC statements;
    751201 nanoseconds spent executing 1 JDBC statements;
    0 nanoseconds spent executing 0 JDBC batches;
    0 nanoseconds spent performing 0 L2C puts;
    0 nanoseconds spent performing 0 L2C hits;
    0 nanoseconds spent performing 0 L2C misses;
    176359 nanoseconds spent executing 1 flushes (flushing a total of 1 entities and 0 collections);
    0 nanoseconds spent executing 0 partial-flushes (flushing a total of 0 entities and 0 collections)
}
127.0.0.1 - - [21/Jan/2019:09:31:54 +0000] "POST /people HTTP/1.1" 200 67 "-" "Jersey/2.25.1 (HttpUrlConnection 1.8.0_191)" 8
INFO  [2019-01-21 09:31:54,273] org.hibernate.engine.internal.StatisticalLoggingSessionEventListener: Session Metrics {
    67470 nanoseconds spent acquiring 2 JDBC connections;
    57941 nanoseconds spent releasing 2 JDBC connections;
    55572 nanoseconds spent preparing 1 JDBC statements;
    736469 nanoseconds spent executing 1 JDBC statements;
    0 nanoseconds spent executing 0 JDBC batches;
    0 nanoseconds spent performing 0 L2C puts;
    0 nanoseconds spent performing 0 L2C hits;
    0 nanoseconds spent performing 0 L2C misses;
    154963 nanoseconds spent executing 1 flushes (flushing a total of 1 entities and 0 collections);
    0 nanoseconds spent executing 0 partial-flushes (flushing a total of 0 entities and 0 collections)
}
127.0.0.1 - - [21/Jan/2019:09:31:54 +0000] "POST /people HTTP/1.1" 200 67 "-" "Jersey/2.25.1 (HttpUrlConnection 1.8.0_191)" 12
INFO  [2019-01-21 09:31:54,467] org.hibernate.engine.internal.StatisticalLoggingSessionEventListener: Session Metrics {
    372904 nanoseconds spent acquiring 2 JDBC connections;
    43249 nanoseconds spent releasing 2 JDBC connections;
    51596 nanoseconds spent preparing 1 JDBC statements;
    204044 nanoseconds spent executing 1 JDBC statements;
    0 nanoseconds spent executing 0 JDBC batches;
    0 nanoseconds spent performing 0 L2C puts;
    0 nanoseconds spent performing 0 L2C hits;
    0 nanoseconds spent performing 0 L2C misses;
    158565 nanoseconds spent executing 1 flushes (flushing a total of 1 entities and 0 collections);
    0 nanoseconds spent executing 0 partial-flushes (flushing a total of 0 entities and 0 collections)
}
127.0.0.1 - - [21/Jan/2019:09:31:54 +0000] "GET /people/3/view_freemarker HTTP/1.1" 200 270 "-" "Jersey/2.25.1 (HttpUrlConnection 1.8.0_191)" 193
127.0.0.1 - - [21/Jan/2019:09:31:54 +0000] "GET /hello-world?name=Dr.+IntegrationTest HTTP/1.1" 200 48 "-" "Jersey/2.25.1 (HttpUrlConnection 1.8.0_191)" 14
INFO  [2019-01-21 09:31:54,494] org.eclipse.jetty.server.AbstractConnector: Stopped application@1d3d957f{HTTP/1.1,[http/1.1]}{0.0.0.0:0}
INFO  [2019-01-21 09:31:54,495] org.eclipse.jetty.server.AbstractConnector: Stopped admin@5ff4e3c1{HTTP/1.1,[http/1.1]}{0.0.0.0:0}
INFO  [2019-01-21 09:31:54,497] org.eclipse.jetty.server.handler.ContextHandler: Stopped i.d.j.MutableServletContextHandler@7fac34ca{/,null,UNAVAILABLE}
INFO  [2019-01-21 09:31:54,498] org.eclipse.jetty.server.handler.ContextHandler: Stopped i.d.j.MutableServletContextHandler@37f77e0b{/,null,UNAVAILABLE}
[INFO] Tests run: 5, Failures: 0, Errors: 0, Skipped: 0, Time elapsed: 6.177 s - in com.example.helloworld.IntegrationTest
[INFO] Running com.example.helloworld.db.PersonDAOTest
WARN  [2019-01-21 09:31:54,541] org.hibernate.orm.connections.pooling: HHH10001002: Using Hibernate built-in connection pool (not for production use!)
INFO  [2019-01-21 09:31:54,542] org.hibernate.orm.connections.pooling: HHH10001005: using driver [org.h2.Driver] at URL [jdbc:h2:mem:a28a1a85-29b0-42ab-bf15-7c44ba34b100]
INFO  [2019-01-21 09:31:54,542] org.hibernate.orm.connections.pooling: HHH10001001: Connection properties: {user=sa, password=}
INFO  [2019-01-21 09:31:54,542] org.hibernate.orm.connections.pooling: HHH10001003: Autocommit mode: false
INFO  [2019-01-21 09:31:54,546] org.hibernate.engine.jdbc.connections.internal.DriverManagerConnectionProviderImpl: HHH000115: Hibernate connection pool size: 20 (min=1)
INFO  [2019-01-21 09:31:54,548] org.hibernate.dialect.Dialect: HHH000400: Using dialect: org.hibernate.dialect.H2Dialect
INFO  [2019-01-21 09:31:54,568] org.hibernate.type.BasicTypeRegistry: HHH000270: Type registration [java.util.Currency] overrides previous : org.hibernate.type.CurrencyType@233de714
INFO  [2019-01-21 09:31:54,570] org.hibernate.type.BasicTypeRegistry: HHH000270: Type registration [java.time.Duration] overrides previous : org.hibernate.type.DurationType@45aefed8
INFO  [2019-01-21 09:31:54,570] org.hibernate.type.BasicTypeRegistry: HHH000270: Type registration [java.time.Instant] overrides previous : org.hibernate.type.InstantType@333915a
INFO  [2019-01-21 09:31:54,570] org.hibernate.type.BasicTypeRegistry: HHH000270: Type registration [java.time.LocalDate] overrides previous : org.hibernate.type.LocalDateType@6f07bc19
INFO  [2019-01-21 09:31:54,570] org.hibernate.type.BasicTypeRegistry: HHH000270: Type registration [java.time.LocalDateTime] overrides previous : org.hibernate.type.LocalDateTimeType@234ef3aa
INFO  [2019-01-21 09:31:54,570] org.hibernate.type.BasicTypeRegistry: HHH000270: Type registration [java.time.LocalTime] overrides previous : org.hibernate.type.LocalTimeType@11249125
INFO  [2019-01-21 09:31:54,570] org.hibernate.type.BasicTypeRegistry: HHH000270: Type registration [java.time.OffsetDateTime] overrides previous : org.hibernate.type.OffsetDateTimeType@e826b1a
INFO  [2019-01-21 09:31:54,570] org.hibernate.type.BasicTypeRegistry: HHH000270: Type registration [java.time.OffsetTime] overrides previous : org.hibernate.type.OffsetTimeType@5c37f9a7
INFO  [2019-01-21 09:31:54,570] org.hibernate.type.BasicTypeRegistry: HHH000270: Type registration [java.time.ZonedDateTime] overrides previous : org.hibernate.type.ZonedDateTimeType@8b08228
INFO  [2019-01-21 09:31:54,606] org.hibernate.orm.connections.access: HHH10001501: Connection obtained from JdbcConnectionAccess [org.hibernate.engine.jdbc.env.internal.JdbcEnvironmentInitiator$ConnectionProviderJdbcConnectionAccess@4d93e414] for (non-JTA) DDL execution was not in auto-commit mode; the Connection 'local transaction' will be committed and the Connection will be set into auto-commit mode.
INFO  [2019-01-21 09:31:54,612] org.hibernate.orm.connections.access: HHH10001501: Connection obtained from JdbcConnectionAccess [org.hibernate.engine.jdbc.env.internal.JdbcEnvironmentInitiator$ConnectionProviderJdbcConnectionAccess@22db324] for (non-JTA) DDL execution was not in auto-commit mode; the Connection 'local transaction' will be committed and the Connection will be set into auto-commit mode.
INFO  [2019-01-21 09:31:54,616] org.hibernate.tool.schema.internal.SchemaCreatorImpl: HHH000476: Executing import script 'org.hibernate.tool.schema.internal.exec.ScriptSourceInputNonExistentImpl@4b9447b1'
INFO  [2019-01-21 09:31:54,616] org.hibernate.hql.internal.QueryTranslatorFactoryInitiator: HHH000397: Using ASTQueryTranslatorFactory
INFO  [2019-01-21 09:31:54,658] org.hibernate.engine.internal.StatisticalLoggingSessionEventListener: Session Metrics {
    32352 nanoseconds spent acquiring 2 JDBC connections;
    139508 nanoseconds spent releasing 2 JDBC connections;
    504319 nanoseconds spent preparing 4 JDBC statements;
    989324 nanoseconds spent executing 4 JDBC statements;
    0 nanoseconds spent executing 0 JDBC batches;
    0 nanoseconds spent performing 0 L2C puts;
    0 nanoseconds spent performing 0 L2C hits;
    0 nanoseconds spent performing 0 L2C misses;
    2194986 nanoseconds spent executing 1 flushes (flushing a total of 3 entities and 0 collections);
    0 nanoseconds spent executing 0 partial-flushes (flushing a total of 0 entities and 0 collections)
}
WARN  [2019-01-21 09:31:54,664] org.hibernate.orm.connections.pooling: HHH10001002: Using Hibernate built-in connection pool (not for production use!)
INFO  [2019-01-21 09:31:54,664] org.hibernate.orm.connections.pooling: HHH10001005: using driver [org.h2.Driver] at URL [jdbc:h2:mem:5b376f0b-4172-46ba-8e08-5dac8c080d9d]
INFO  [2019-01-21 09:31:54,664] org.hibernate.orm.connections.pooling: HHH10001001: Connection properties: {user=sa, password=}
INFO  [2019-01-21 09:31:54,664] org.hibernate.orm.connections.pooling: HHH10001003: Autocommit mode: false
INFO  [2019-01-21 09:31:54,665] org.hibernate.engine.jdbc.connections.internal.DriverManagerConnectionProviderImpl: HHH000115: Hibernate connection pool size: 20 (min=1)
INFO  [2019-01-21 09:31:54,666] org.hibernate.dialect.Dialect: HHH000400: Using dialect: org.hibernate.dialect.H2Dialect
INFO  [2019-01-21 09:31:54,683] org.hibernate.type.BasicTypeRegistry: HHH000270: Type registration [java.util.Currency] overrides previous : org.hibernate.type.CurrencyType@233de714
INFO  [2019-01-21 09:31:54,684] org.hibernate.type.BasicTypeRegistry: HHH000270: Type registration [java.time.Duration] overrides previous : org.hibernate.type.DurationType@45aefed8
INFO  [2019-01-21 09:31:54,684] org.hibernate.type.BasicTypeRegistry: HHH000270: Type registration [java.time.Instant] overrides previous : org.hibernate.type.InstantType@333915a
INFO  [2019-01-21 09:31:54,684] org.hibernate.type.BasicTypeRegistry: HHH000270: Type registration [java.time.LocalDate] overrides previous : org.hibernate.type.LocalDateType@6f07bc19
INFO  [2019-01-21 09:31:54,685] org.hibernate.type.BasicTypeRegistry: HHH000270: Type registration [java.time.LocalDateTime] overrides previous : org.hibernate.type.LocalDateTimeType@234ef3aa
INFO  [2019-01-21 09:31:54,685] org.hibernate.type.BasicTypeRegistry: HHH000270: Type registration [java.time.LocalTime] overrides previous : org.hibernate.type.LocalTimeType@11249125
INFO  [2019-01-21 09:31:54,685] org.hibernate.type.BasicTypeRegistry: HHH000270: Type registration [java.time.OffsetDateTime] overrides previous : org.hibernate.type.OffsetDateTimeType@e826b1a
INFO  [2019-01-21 09:31:54,685] org.hibernate.type.BasicTypeRegistry: HHH000270: Type registration [java.time.OffsetTime] overrides previous : org.hibernate.type.OffsetTimeType@5c37f9a7
INFO  [2019-01-21 09:31:54,685] org.hibernate.type.BasicTypeRegistry: HHH000270: Type registration [java.time.ZonedDateTime] overrides previous : org.hibernate.type.ZonedDateTimeType@8b08228
INFO  [2019-01-21 09:31:54,695] org.hibernate.orm.connections.access: HHH10001501: Connection obtained from JdbcConnectionAccess [org.hibernate.engine.jdbc.env.internal.JdbcEnvironmentInitiator$ConnectionProviderJdbcConnectionAccess@7fdbf2fb] for (non-JTA) DDL execution was not in auto-commit mode; the Connection 'local transaction' will be committed and the Connection will be set into auto-commit mode.
INFO  [2019-01-21 09:31:54,696] org.hibernate.orm.connections.access: HHH10001501: Connection obtained from JdbcConnectionAccess [org.hibernate.engine.jdbc.env.internal.JdbcEnvironmentInitiator$ConnectionProviderJdbcConnectionAccess@53c2657a] for (non-JTA) DDL execution was not in auto-commit mode; the Connection 'local transaction' will be committed and the Connection will be set into auto-commit mode.
INFO  [2019-01-21 09:31:54,698] org.hibernate.tool.schema.internal.SchemaCreatorImpl: HHH000476: Executing import script 'org.hibernate.tool.schema.internal.exec.ScriptSourceInputNonExistentImpl@4b9447b1'
INFO  [2019-01-21 09:31:54,698] org.hibernate.hql.internal.QueryTranslatorFactoryInitiator: HHH000397: Using ASTQueryTranslatorFactory
WARN  [2019-01-21 09:31:54,707] org.hibernate.engine.jdbc.spi.SqlExceptionHelper: SQL Error: 23502, SQLState: 23502
ERROR [2019-01-21 09:31:54,708] org.hibernate.engine.jdbc.spi.SqlExceptionHelper: NULL not allowed for column "FULLNAME"; SQL statement:
insert into people (id, fullName, jobTitle) values (null, ?, ?) [23502-197]
INFO  [2019-01-21 09:31:54,717] org.hibernate.engine.internal.StatisticalLoggingSessionEventListener: Session Metrics {
    11356 nanoseconds spent acquiring 1 JDBC connections;
    47015 nanoseconds spent releasing 1 JDBC connections;
    142878 nanoseconds spent preparing 1 JDBC statements;
    5236656 nanoseconds spent executing 1 JDBC statements;
    0 nanoseconds spent executing 0 JDBC batches;
    0 nanoseconds spent performing 0 L2C puts;
    0 nanoseconds spent performing 0 L2C hits;
    0 nanoseconds spent performing 0 L2C misses;
    0 nanoseconds spent executing 0 flushes (flushing a total of 0 entities and 0 collections);
    0 nanoseconds spent executing 0 partial-flushes (flushing a total of 0 entities and 0 collections)
}
WARN  [2019-01-21 09:31:54,722] org.hibernate.orm.connections.pooling: HHH10001002: Using Hibernate built-in connection pool (not for production use!)
INFO  [2019-01-21 09:31:54,722] org.hibernate.orm.connections.pooling: HHH10001005: using driver [org.h2.Driver] at URL [jdbc:h2:mem:805a9035-bea3-4fb2-9af8-ef8f2f28b632]
INFO  [2019-01-21 09:31:54,723] org.hibernate.orm.connections.pooling: HHH10001001: Connection properties: {user=sa, password=}
INFO  [2019-01-21 09:31:54,723] org.hibernate.orm.connections.pooling: HHH10001003: Autocommit mode: false
INFO  [2019-01-21 09:31:54,723] org.hibernate.engine.jdbc.connections.internal.DriverManagerConnectionProviderImpl: HHH000115: Hibernate connection pool size: 20 (min=1)
INFO  [2019-01-21 09:31:54,724] org.hibernate.dialect.Dialect: HHH000400: Using dialect: org.hibernate.dialect.H2Dialect
INFO  [2019-01-21 09:31:54,740] org.hibernate.type.BasicTypeRegistry: HHH000270: Type registration [java.util.Currency] overrides previous : org.hibernate.type.CurrencyType@233de714
INFO  [2019-01-21 09:31:54,741] org.hibernate.type.BasicTypeRegistry: HHH000270: Type registration [java.time.Duration] overrides previous : org.hibernate.type.DurationType@45aefed8
INFO  [2019-01-21 09:31:54,742] org.hibernate.type.BasicTypeRegistry: HHH000270: Type registration [java.time.Instant] overrides previous : org.hibernate.type.InstantType@333915a
INFO  [2019-01-21 09:31:54,742] org.hibernate.type.BasicTypeRegistry: HHH000270: Type registration [java.time.LocalDate] overrides previous : org.hibernate.type.LocalDateType@6f07bc19
INFO  [2019-01-21 09:31:54,742] org.hibernate.type.BasicTypeRegistry: HHH000270: Type registration [java.time.LocalDateTime] overrides previous : org.hibernate.type.LocalDateTimeType@234ef3aa
INFO  [2019-01-21 09:31:54,742] org.hibernate.type.BasicTypeRegistry: HHH000270: Type registration [java.time.LocalTime] overrides previous : org.hibernate.type.LocalTimeType@11249125
INFO  [2019-01-21 09:31:54,742] org.hibernate.type.BasicTypeRegistry: HHH000270: Type registration [java.time.OffsetDateTime] overrides previous : org.hibernate.type.OffsetDateTimeType@e826b1a
INFO  [2019-01-21 09:31:54,742] org.hibernate.type.BasicTypeRegistry: HHH000270: Type registration [java.time.OffsetTime] overrides previous : org.hibernate.type.OffsetTimeType@5c37f9a7
INFO  [2019-01-21 09:31:54,742] org.hibernate.type.BasicTypeRegistry: HHH000270: Type registration [java.time.ZonedDateTime] overrides previous : org.hibernate.type.ZonedDateTimeType@8b08228
INFO  [2019-01-21 09:31:54,753] org.hibernate.orm.connections.access: HHH10001501: Connection obtained from JdbcConnectionAccess [org.hibernate.engine.jdbc.env.internal.JdbcEnvironmentInitiator$ConnectionProviderJdbcConnectionAccess@7d08fd1f] for (non-JTA) DDL execution was not in auto-commit mode; the Connection 'local transaction' will be committed and the Connection will be set into auto-commit mode.
INFO  [2019-01-21 09:31:54,753] org.hibernate.orm.connections.access: HHH10001501: Connection obtained from JdbcConnectionAccess [org.hibernate.engine.jdbc.env.internal.JdbcEnvironmentInitiator$ConnectionProviderJdbcConnectionAccess@4220a0d6] for (non-JTA) DDL execution was not in auto-commit mode; the Connection 'local transaction' will be committed and the Connection will be set into auto-commit mode.
INFO  [2019-01-21 09:31:54,757] org.hibernate.tool.schema.internal.SchemaCreatorImpl: HHH000476: Executing import script 'org.hibernate.tool.schema.internal.exec.ScriptSourceInputNonExistentImpl@4b9447b1'
INFO  [2019-01-21 09:31:54,758] org.hibernate.hql.internal.QueryTranslatorFactoryInitiator: HHH000397: Using ASTQueryTranslatorFactory
INFO  [2019-01-21 09:31:54,766] org.hibernate.engine.internal.StatisticalLoggingSessionEventListener: Session Metrics {
    10141 nanoseconds spent acquiring 1 JDBC connections;
    43366 nanoseconds spent releasing 1 JDBC connections;
    106471 nanoseconds spent preparing 1 JDBC statements;
    427243 nanoseconds spent executing 1 JDBC statements;
    0 nanoseconds spent executing 0 JDBC batches;
    0 nanoseconds spent performing 0 L2C puts;
    0 nanoseconds spent performing 0 L2C hits;
    0 nanoseconds spent performing 0 L2C misses;
    268272 nanoseconds spent executing 1 flushes (flushing a total of 1 entities and 0 collections);
    0 nanoseconds spent executing 0 partial-flushes (flushing a total of 0 entities and 0 collections)
}
[INFO] Tests run: 3, Failures: 0, Errors: 0, Skipped: 0, Time elapsed: 0.251 s - in com.example.helloworld.db.PersonDAOTest
[INFO] 
[INFO] Results:
[INFO] 
[INFO] Tests run: 22, Failures: 0, Errors: 0, Skipped: 0
[INFO] 
[INFO] 
[INFO] --- maven-jar-plugin:3.1.0:jar (default-jar) @ dropwizard-example ---
[INFO] Building jar: /var/lib/jenkins/workspace/Application/release/target/dropwizard-example.jar
[INFO] 
[INFO] >>> maven-source-plugin:3.0.1:jar (attach-sources) > generate-sources @ dropwizard-example >>>
[INFO] 
[INFO] --- maven-enforcer-plugin:1.4.1:enforce (enforce) @ dropwizard-example ---
[INFO] 
[INFO] --- maven-checkstyle-plugin:3.0.0:check (checkstyle) @ dropwizard-example ---
[INFO] 
[INFO] --- jacoco-maven-plugin:0.8.2:prepare-agent (prepare-agent) @ dropwizard-example ---
[INFO] argLine set to -javaagent:/var/lib/jenkins/.m2/repository/org/jacoco/org.jacoco.agent/0.8.2/org.jacoco.agent-0.8.2-runtime.jar=destfile=/var/lib/jenkins/workspace/Application/release/target/jacoco.exec
[INFO] 
[INFO] <<< maven-source-plugin:3.0.1:jar (attach-sources) < generate-sources @ dropwizard-example <<<
[INFO] 
[INFO] 
[INFO] --- maven-source-plugin:3.0.1:jar (attach-sources) @ dropwizard-example ---
[INFO] Building jar: /var/lib/jenkins/workspace/Application/release/target/dropwizard-example-sources.jar
[INFO] 
[INFO] --- maven-shade-plugin:3.2.1:shade (default) @ dropwizard-example ---
[INFO] Including io.dropwizard:dropwizard-core:jar:1.3.7 in the shaded jar.
[INFO] Including io.dropwizard:dropwizard-util:jar:1.3.7 in the shaded jar.
[INFO] Including com.fasterxml.jackson.core:jackson-annotations:jar:2.9.0 in the shaded jar.
[INFO] Including com.google.guava:guava:jar:24.0-jre in the shaded jar.
[INFO] Including org.checkerframework:checker-compat-qual:jar:2.0.0 in the shaded jar.
[INFO] Including com.google.errorprone:error_prone_annotations:jar:2.1.3 in the shaded jar.
[INFO] Including com.google.j2objc:j2objc-annotations:jar:1.1 in the shaded jar.
[INFO] Including org.codehaus.mojo:animal-sniffer-annotations:jar:1.14 in the shaded jar.
[INFO] Including com.google.code.findbugs:jsr305:jar:3.0.2 in the shaded jar.
[INFO] Including joda-time:joda-time:jar:2.9.9 in the shaded jar.
[INFO] Including io.dropwizard:dropwizard-jackson:jar:1.3.7 in the shaded jar.
[INFO] Including com.fasterxml.jackson.core:jackson-core:jar:2.9.6 in the shaded jar.
[INFO] Including com.fasterxml.jackson.core:jackson-databind:jar:2.9.6 in the shaded jar.
[INFO] Including com.fasterxml.jackson.datatype:jackson-datatype-guava:jar:2.9.6 in the shaded jar.
[INFO] Including com.fasterxml.jackson.datatype:jackson-datatype-jsr310:jar:2.9.6 in the shaded jar.
[INFO] Including com.fasterxml.jackson.datatype:jackson-datatype-jdk8:jar:2.9.6 in the shaded jar.
[INFO] Including com.fasterxml.jackson.module:jackson-module-parameter-names:jar:2.9.6 in the shaded jar.
[INFO] Including com.fasterxml.jackson.module:jackson-module-afterburner:jar:2.9.6 in the shaded jar.
[INFO] Including com.fasterxml.jackson.datatype:jackson-datatype-joda:jar:2.9.6 in the shaded jar.
[INFO] Including org.slf4j:slf4j-api:jar:1.7.25 in the shaded jar.
[INFO] Including io.dropwizard:dropwizard-validation:jar:1.3.7 in the shaded jar.
[INFO] Including org.hibernate:hibernate-validator:jar:5.4.2.Final in the shaded jar.
[INFO] Including org.jboss.logging:jboss-logging:jar:3.3.0.Final in the shaded jar.
[INFO] Including org.glassfish:javax.el:jar:3.0.0 in the shaded jar.
[INFO] Including org.javassist:javassist:jar:3.22.0-GA in the shaded jar.
[INFO] Including io.dropwizard:dropwizard-configuration:jar:1.3.7 in the shaded jar.
[INFO] Including com.fasterxml.jackson.dataformat:jackson-dataformat-yaml:jar:2.9.6 in the shaded jar.
[INFO] Including org.yaml:snakeyaml:jar:1.18 in the shaded jar.
[INFO] Including org.apache.commons:commons-lang3:jar:3.7 in the shaded jar.
[INFO] Including org.apache.commons:commons-text:jar:1.2 in the shaded jar.
[INFO] Including io.dropwizard:dropwizard-logging:jar:1.3.7 in the shaded jar.
[INFO] Including io.dropwizard.metrics:metrics-logback:jar:4.0.2 in the shaded jar.
[INFO] Including org.slf4j:jul-to-slf4j:jar:1.7.25 in the shaded jar.
[INFO] Including ch.qos.logback:logback-core:jar:1.2.3 in the shaded jar.
[INFO] Including ch.qos.logback:logback-classic:jar:1.2.3 in the shaded jar.
[INFO] Including org.slf4j:log4j-over-slf4j:jar:1.7.25 in the shaded jar.
[INFO] Including org.slf4j:jcl-over-slf4j:jar:1.7.25 in the shaded jar.
[INFO] Including org.eclipse.jetty:jetty-util:jar:9.4.11.v20180605 in the shaded jar.
[INFO] Including io.dropwizard:dropwizard-metrics:jar:1.3.7 in the shaded jar.
[INFO] Including io.dropwizard:dropwizard-jersey:jar:1.3.7 in the shaded jar.
[INFO] Including org.glassfish.jersey.ext:jersey-metainf-services:jar:2.25.1 in the shaded jar.
[INFO] Including org.glassfish.jersey.ext:jersey-bean-validation:jar:2.25.1 in the shaded jar.
[INFO] Including io.dropwizard.metrics:metrics-jersey2:jar:4.0.2 in the shaded jar.
[INFO] Including com.fasterxml.jackson.jaxrs:jackson-jaxrs-json-provider:jar:2.9.6 in the shaded jar.
[INFO] Including com.fasterxml.jackson.jaxrs:jackson-jaxrs-base:jar:2.9.6 in the shaded jar.
[INFO] Including com.fasterxml.jackson.module:jackson-module-jaxb-annotations:jar:2.9.6 in the shaded jar.
[INFO] Including org.glassfish.jersey.containers:jersey-container-servlet:jar:2.25.1 in the shaded jar.
[INFO] Including org.eclipse.jetty:jetty-server:jar:9.4.11.v20180605 in the shaded jar.
[INFO] Including javax.servlet:javax.servlet-api:jar:3.1.0 in the shaded jar.
[INFO] Including org.eclipse.jetty:jetty-webapp:jar:9.4.11.v20180605 in the shaded jar.
[INFO] Including org.eclipse.jetty:jetty-xml:jar:9.4.11.v20180605 in the shaded jar.
[INFO] Including org.eclipse.jetty:jetty-continuation:jar:9.4.11.v20180605 in the shaded jar.
[INFO] Including io.dropwizard:dropwizard-servlets:jar:1.3.7 in the shaded jar.
[INFO] Including io.dropwizard.metrics:metrics-annotation:jar:4.0.2 in the shaded jar.
[INFO] Including io.dropwizard:dropwizard-jetty:jar:1.3.7 in the shaded jar.
[INFO] Including io.dropwizard.metrics:metrics-jetty9:jar:4.0.2 in the shaded jar.
[INFO] Including org.eclipse.jetty:jetty-servlet:jar:9.4.11.v20180605 in the shaded jar.
[INFO] Including org.eclipse.jetty:jetty-security:jar:9.4.11.v20180605 in the shaded jar.
[INFO] Including org.eclipse.jetty:jetty-servlets:jar:9.4.11.v20180605 in the shaded jar.
[INFO] Including org.eclipse.jetty:jetty-http:jar:9.4.11.v20180605 in the shaded jar.
[INFO] Including io.dropwizard:dropwizard-lifecycle:jar:1.3.7 in the shaded jar.
[INFO] Including io.dropwizard.metrics:metrics-core:jar:4.0.2 in the shaded jar.
[INFO] Including io.dropwizard.metrics:metrics-jvm:jar:4.0.2 in the shaded jar.
[INFO] Including io.dropwizard.metrics:metrics-jmx:jar:4.0.2 in the shaded jar.
[INFO] Including io.dropwizard.metrics:metrics-servlets:jar:4.0.2 in the shaded jar.
[INFO] Including io.dropwizard.metrics:metrics-json:jar:4.0.2 in the shaded jar.
[INFO] Including com.papertrail:profiler:jar:1.0.2 in the shaded jar.
[INFO] Including io.dropwizard.metrics:metrics-healthchecks:jar:4.0.2 in the shaded jar.
[INFO] Including io.dropwizard:dropwizard-request-logging:jar:1.3.7 in the shaded jar.
[INFO] Including ch.qos.logback:logback-access:jar:1.2.3 in the shaded jar.
[INFO] Including net.sourceforge.argparse4j:argparse4j:jar:0.8.1 in the shaded jar.
[INFO] Including org.eclipse.jetty.toolchain.setuid:jetty-setuid-java:jar:1.0.3 in the shaded jar.
[INFO] Including io.dropwizard:dropwizard-auth:jar:1.3.7 in the shaded jar.
[INFO] Including io.dropwizard:dropwizard-assets:jar:1.3.7 in the shaded jar.
[INFO] Including io.dropwizard:dropwizard-http2:jar:1.3.7 in the shaded jar.
[INFO] Including org.eclipse.jetty.http2:http2-server:jar:9.4.11.v20180605 in the shaded jar.
[INFO] Including org.eclipse.jetty.http2:http2-common:jar:9.4.11.v20180605 in the shaded jar.
[INFO] Including org.eclipse.jetty.http2:http2-hpack:jar:9.4.11.v20180605 in the shaded jar.
[INFO] Including org.eclipse.jetty:jetty-alpn-openjdk8-server:jar:9.4.11.v20180605 in the shaded jar.
[INFO] Including org.eclipse.jetty:jetty-alpn-server:jar:9.4.11.v20180605 in the shaded jar.
[INFO] Including org.eclipse.jetty:jetty-io:jar:9.4.11.v20180605 in the shaded jar.
[INFO] Including io.dropwizard:dropwizard-hibernate:jar:1.3.7 in the shaded jar.
[INFO] Including io.dropwizard:dropwizard-db:jar:1.3.7 in the shaded jar.
[INFO] Including org.apache.tomcat:tomcat-jdbc:jar:9.0.5 in the shaded jar.
[INFO] Including org.apache.tomcat:tomcat-juli:jar:9.0.5 in the shaded jar.
[INFO] Including com.fasterxml.jackson.datatype:jackson-datatype-hibernate5:jar:2.9.6 in the shaded jar.
[INFO] Including org.jadira.usertype:usertype.core:jar:7.0.0.CR1 in the shaded jar.
[INFO] Including org.jadira.usertype:usertype.spi:jar:7.0.0.CR1 in the shaded jar.
[INFO] Including org.hibernate:hibernate-core:jar:5.2.15.Final in the shaded jar.
[INFO] Including org.hibernate.javax.persistence:hibernate-jpa-2.1-api:jar:1.0.0.Final in the shaded jar.
[INFO] Including antlr:antlr:jar:2.7.7 in the shaded jar.
[INFO] Including org.jboss.spec.javax.transaction:jboss-transaction-api_1.2_spec:jar:1.0.1.Final in the shaded jar.
[INFO] Including org.jboss:jandex:jar:2.0.3.Final in the shaded jar.
[INFO] Including com.fasterxml:classmate:jar:1.3.4 in the shaded jar.
[INFO] Including dom4j:dom4j:jar:1.6.1 in the shaded jar.
[INFO] Including org.hibernate.common:hibernate-commons-annotations:jar:5.0.1.Final in the shaded jar.
[INFO] Including io.dropwizard:dropwizard-migrations:jar:1.3.7 in the shaded jar.
[INFO] Including org.liquibase:liquibase-core:jar:3.6.1 in the shaded jar.
[INFO] Including com.mattbertolini:liquibase-slf4j:jar:2.0.0 in the shaded jar.
[INFO] Including io.dropwizard:dropwizard-views-freemarker:jar:1.3.7 in the shaded jar.
[INFO] Including io.dropwizard:dropwizard-views:jar:1.3.7 in the shaded jar.
[INFO] Including org.freemarker:freemarker:jar:2.3.27-incubating in the shaded jar.
[INFO] Including io.dropwizard:dropwizard-views-mustache:jar:1.3.7 in the shaded jar.
[INFO] Including com.github.spullara.mustache.java:compiler:jar:0.9.5 in the shaded jar.
[INFO] Including io.dropwizard:dropwizard-metrics-graphite:jar:1.3.7 in the shaded jar.
[INFO] Including io.dropwizard.metrics:metrics-graphite:jar:4.0.2 in the shaded jar.
[INFO] Including com.rabbitmq:amqp-client:jar:4.4.1 in the shaded jar.
[INFO] Including com.h2database:h2:jar:1.4.197 in the shaded jar.
[INFO] Including mysql:mysql-connector-java:jar:8.0.13 in the shaded jar.
[INFO] Including com.google.protobuf:protobuf-java:jar:3.6.1 in the shaded jar.
[INFO] Including org.glassfish.jersey.containers:jersey-container-servlet-core:jar:2.25.1 in the shaded jar.
[INFO] Including org.glassfish.jersey.core:jersey-server:jar:2.25.1 in the shaded jar.
[INFO] Including org.glassfish.jersey.core:jersey-common:jar:2.25.1 in the shaded jar.
[INFO] Including org.glassfish.jersey.bundles.repackaged:jersey-guava:jar:2.25.1 in the shaded jar.
[INFO] Including org.glassfish.hk2:osgi-resource-locator:jar:1.0.1 in the shaded jar.
[INFO] Including javax.ws.rs:javax.ws.rs-api:jar:2.0.1 in the shaded jar.
[INFO] Including org.glassfish.jersey.media:jersey-media-jaxb:jar:2.25.1 in the shaded jar.
[INFO] Including javax.annotation:javax.annotation-api:jar:1.2 in the shaded jar.
[INFO] Including org.glassfish.hk2:hk2-api:jar:2.5.0-b32 in the shaded jar.
[INFO] Including org.glassfish.hk2:hk2-utils:jar:2.5.0-b32 in the shaded jar.
[INFO] Including org.glassfish.hk2.external:aopalliance-repackaged:jar:2.5.0-b32 in the shaded jar.
[INFO] Including org.glassfish.hk2.external:javax.inject:jar:2.5.0-b32 in the shaded jar.
[INFO] Including org.glassfish.hk2:hk2-locator:jar:2.5.0-b32 in the shaded jar.
[INFO] Including javax.validation:validation-api:jar:1.1.0.Final in the shaded jar.
[INFO] Including org.glassfish.jersey.core:jersey-client:jar:2.25.1 in the shaded jar.
[INFO] Replacing original artifact with shaded artifact.
[INFO] Replacing /var/lib/jenkins/workspace/Application/release/target/dropwizard-example.jar with /var/lib/jenkins/workspace/Application/release/target/dropwizard-example-0.0.1-SNAPSHOT-shaded.jar
[INFO] Dependency-reduced POM written at: /var/lib/jenkins/workspace/Application/release/dependency-reduced-pom.xml
[INFO] ------------------------------------------------------------------------
[INFO] BUILD SUCCESS
[INFO] ------------------------------------------------------------------------
[INFO] Total time: 25.475 s
[INFO] Finished at: 2019-01-21T09:32:00Z
[INFO] Final Memory: 43M/452M
[INFO] ------------------------------------------------------------------------
+ aws s3 cp target/dropwizard-example.jar s3://30daysdevops/dropwizard/release/dropwizard-example-0.0.23.jar
Completed 256.0 KiB/33.1 MiB (2.4 MiB/s) with 1 file(s) remainingCompleted 512.0 KiB/33.1 MiB (4.5 MiB/s) with 1 file(s) remainingCompleted 768.0 KiB/33.1 MiB (6.3 MiB/s) with 1 file(s) remainingCompleted 1.0 MiB/33.1 MiB (8.0 MiB/s) with 1 file(s) remaining  Completed 1.2 MiB/33.1 MiB (8.7 MiB/s) with 1 file(s) remaining  Completed 1.3 MiB/33.1 MiB (8.7 MiB/s) with 1 file(s) remaining  Completed 1.6 MiB/33.1 MiB (10.3 MiB/s) with 1 file(s) remaining Completed 1.8 MiB/33.1 MiB (11.8 MiB/s) with 1 file(s) remaining Completed 2.1 MiB/33.1 MiB (13.1 MiB/s) with 1 file(s) remaining Completed 2.3 MiB/33.1 MiB (14.4 MiB/s) with 1 file(s) remaining Completed 2.6 MiB/33.1 MiB (15.7 MiB/s) with 1 file(s) remaining Completed 2.8 MiB/33.1 MiB (16.7 MiB/s) with 1 file(s) remaining Completed 3.1 MiB/33.1 MiB (17.9 MiB/s) with 1 file(s) remaining Completed 3.3 MiB/33.1 MiB (19.3 MiB/s) with 1 file(s) remaining Completed 3.6 MiB/33.1 MiB (20.7 MiB/s) with 1 file(s) remaining Completed 3.8 MiB/33.1 MiB (21.7 MiB/s) with 1 file(s) remaining Completed 4.1 MiB/33.1 MiB (22.8 MiB/s) with 1 file(s) remaining Completed 4.3 MiB/33.1 MiB (23.5 MiB/s) with 1 file(s) remaining Completed 4.6 MiB/33.1 MiB (24.6 MiB/s) with 1 file(s) remaining Completed 4.8 MiB/33.1 MiB (25.8 MiB/s) with 1 file(s) remaining Completed 5.1 MiB/33.1 MiB (26.7 MiB/s) with 1 file(s) remaining Completed 5.3 MiB/33.1 MiB (27.9 MiB/s) with 1 file(s) remaining Completed 5.6 MiB/33.1 MiB (29.1 MiB/s) with 1 file(s) remaining Completed 5.8 MiB/33.1 MiB (29.4 MiB/s) with 1 file(s) remaining Completed 6.1 MiB/33.1 MiB (30.2 MiB/s) with 1 file(s) remaining Completed 6.3 MiB/33.1 MiB (31.4 MiB/s) with 1 file(s) remaining Completed 6.6 MiB/33.1 MiB (31.9 MiB/s) with 1 file(s) remaining Completed 6.8 MiB/33.1 MiB (32.9 MiB/s) with 1 file(s) remaining Completed 7.1 MiB/33.1 MiB (33.9 MiB/s) with 1 file(s) remaining Completed 7.3 MiB/33.1 MiB (34.9 MiB/s) with 1 file(s) remaining Completed 7.6 MiB/33.1 MiB (35.9 MiB/s) with 1 file(s) remaining Completed 7.8 MiB/33.1 MiB (36.2 MiB/s) with 1 file(s) remaining Completed 8.1 MiB/33.1 MiB (37.3 MiB/s) with 1 file(s) remaining Completed 8.3 MiB/33.1 MiB (37.6 MiB/s) with 1 file(s) remaining Completed 8.6 MiB/33.1 MiB (38.7 MiB/s) with 1 file(s) remaining Completed 8.8 MiB/33.1 MiB (39.6 MiB/s) with 1 file(s) remaining Completed 9.1 MiB/33.1 MiB (40.6 MiB/s) with 1 file(s) remaining Completed 9.3 MiB/33.1 MiB (41.1 MiB/s) with 1 file(s) remaining Completed 9.6 MiB/33.1 MiB (41.0 MiB/s) with 1 file(s) remaining Completed 9.8 MiB/33.1 MiB (42.0 MiB/s) with 1 file(s) remaining Completed 10.1 MiB/33.1 MiB (42.8 MiB/s) with 1 file(s) remainingCompleted 10.3 MiB/33.1 MiB (43.1 MiB/s) with 1 file(s) remainingCompleted 10.6 MiB/33.1 MiB (43.6 MiB/s) with 1 file(s) remainingCompleted 10.8 MiB/33.1 MiB (44.6 MiB/s) with 1 file(s) remainingCompleted 11.1 MiB/33.1 MiB (45.0 MiB/s) with 1 file(s) remainingCompleted 11.3 MiB/33.1 MiB (45.5 MiB/s) with 1 file(s) remainingCompleted 11.6 MiB/33.1 MiB (46.2 MiB/s) with 1 file(s) remainingCompleted 11.8 MiB/33.1 MiB (46.8 MiB/s) with 1 file(s) remainingCompleted 12.1 MiB/33.1 MiB (47.7 MiB/s) with 1 file(s) remainingCompleted 12.3 MiB/33.1 MiB (47.7 MiB/s) with 1 file(s) remainingCompleted 12.6 MiB/33.1 MiB (48.4 MiB/s) with 1 file(s) remainingCompleted 12.8 MiB/33.1 MiB (49.1 MiB/s) with 1 file(s) remainingCompleted 13.1 MiB/33.1 MiB (49.6 MiB/s) with 1 file(s) remainingCompleted 13.3 MiB/33.1 MiB (49.7 MiB/s) with 1 file(s) remainingCompleted 13.6 MiB/33.1 MiB (50.4 MiB/s) with 1 file(s) remainingCompleted 13.8 MiB/33.1 MiB (51.2 MiB/s) with 1 file(s) remainingCompleted 14.1 MiB/33.1 MiB (51.4 MiB/s) with 1 file(s) remainingCompleted 14.3 MiB/33.1 MiB (52.0 MiB/s) with 1 file(s) remainingCompleted 14.6 MiB/33.1 MiB (51.8 MiB/s) with 1 file(s) remainingCompleted 14.8 MiB/33.1 MiB (52.6 MiB/s) with 1 file(s) remainingCompleted 15.1 MiB/33.1 MiB (53.2 MiB/s) with 1 file(s) remainingCompleted 15.3 MiB/33.1 MiB (54.0 MiB/s) with 1 file(s) remainingCompleted 15.6 MiB/33.1 MiB (54.3 MiB/s) with 1 file(s) remainingCompleted 15.8 MiB/33.1 MiB (54.6 MiB/s) with 1 file(s) remainingCompleted 16.1 MiB/33.1 MiB (55.1 MiB/s) with 1 file(s) remainingCompleted 16.3 MiB/33.1 MiB (55.9 MiB/s) with 1 file(s) remainingCompleted 16.6 MiB/33.1 MiB (56.0 MiB/s) with 1 file(s) remainingCompleted 16.8 MiB/33.1 MiB (56.5 MiB/s) with 1 file(s) remainingCompleted 17.1 MiB/33.1 MiB (56.5 MiB/s) with 1 file(s) remainingCompleted 17.3 MiB/33.1 MiB (57.2 MiB/s) with 1 file(s) remainingCompleted 17.6 MiB/33.1 MiB (58.0 MiB/s) with 1 file(s) remainingCompleted 17.8 MiB/33.1 MiB (57.9 MiB/s) with 1 file(s) remainingCompleted 18.1 MiB/33.1 MiB (58.1 MiB/s) with 1 file(s) remainingCompleted 18.3 MiB/33.1 MiB (58.8 MiB/s) with 1 file(s) remainingCompleted 18.6 MiB/33.1 MiB (59.4 MiB/s) with 1 file(s) remainingCompleted 18.8 MiB/33.1 MiB (59.2 MiB/s) with 1 file(s) remainingCompleted 19.1 MiB/33.1 MiB (59.2 MiB/s) with 1 file(s) remainingCompleted 19.3 MiB/33.1 MiB (59.8 MiB/s) with 1 file(s) remainingCompleted 19.6 MiB/33.1 MiB (59.7 MiB/s) with 1 file(s) remainingCompleted 19.8 MiB/33.1 MiB (60.3 MiB/s) with 1 file(s) remainingCompleted 20.1 MiB/33.1 MiB (60.9 MiB/s) with 1 file(s) remainingCompleted 20.3 MiB/33.1 MiB (60.5 MiB/s) with 1 file(s) remainingCompleted 20.6 MiB/33.1 MiB (61.0 MiB/s) with 1 file(s) remainingCompleted 20.8 MiB/33.1 MiB (61.1 MiB/s) with 1 file(s) remainingCompleted 21.1 MiB/33.1 MiB (61.3 MiB/s) with 1 file(s) remainingCompleted 21.3 MiB/33.1 MiB (61.6 MiB/s) with 1 file(s) remainingCompleted 21.6 MiB/33.1 MiB (61.7 MiB/s) with 1 file(s) remainingCompleted 21.8 MiB/33.1 MiB (61.8 MiB/s) with 1 file(s) remainingCompleted 22.1 MiB/33.1 MiB (62.3 MiB/s) with 1 file(s) remainingCompleted 22.3 MiB/33.1 MiB (63.0 MiB/s) with 1 file(s) remainingCompleted 22.6 MiB/33.1 MiB (63.1 MiB/s) with 1 file(s) remainingCompleted 22.8 MiB/33.1 MiB (63.6 MiB/s) with 1 file(s) remainingCompleted 23.1 MiB/33.1 MiB (62.8 MiB/s) with 1 file(s) remainingCompleted 23.3 MiB/33.1 MiB (63.3 MiB/s) with 1 file(s) remainingCompleted 23.6 MiB/33.1 MiB (63.6 MiB/s) with 1 file(s) remainingCompleted 23.8 MiB/33.1 MiB (63.9 MiB/s) with 1 file(s) remainingCompleted 24.1 MiB/33.1 MiB (63.4 MiB/s) with 1 file(s) remainingCompleted 24.3 MiB/33.1 MiB (63.8 MiB/s) with 1 file(s) remainingCompleted 24.6 MiB/33.1 MiB (64.1 MiB/s) with 1 file(s) remainingCompleted 24.8 MiB/33.1 MiB (64.5 MiB/s) with 1 file(s) remainingCompleted 25.1 MiB/33.1 MiB (65.1 MiB/s) with 1 file(s) remainingCompleted 25.3 MiB/33.1 MiB (65.2 MiB/s) with 1 file(s) remainingCompleted 25.6 MiB/33.1 MiB (65.5 MiB/s) with 1 file(s) remainingCompleted 25.8 MiB/33.1 MiB (65.6 MiB/s) with 1 file(s) remainingCompleted 26.1 MiB/33.1 MiB (66.0 MiB/s) with 1 file(s) remainingCompleted 26.3 MiB/33.1 MiB (66.2 MiB/s) with 1 file(s) remainingCompleted 26.6 MiB/33.1 MiB (66.4 MiB/s) with 1 file(s) remainingCompleted 26.8 MiB/33.1 MiB (66.3 MiB/s) with 1 file(s) remainingCompleted 27.1 MiB/33.1 MiB (65.3 MiB/s) with 1 file(s) remainingCompleted 27.3 MiB/33.1 MiB (65.5 MiB/s) with 1 file(s) remainingCompleted 27.6 MiB/33.1 MiB (65.4 MiB/s) with 1 file(s) remainingCompleted 27.8 MiB/33.1 MiB (65.4 MiB/s) with 1 file(s) remainingCompleted 28.1 MiB/33.1 MiB (57.7 MiB/s) with 1 file(s) remainingCompleted 28.3 MiB/33.1 MiB (52.0 MiB/s) with 1 file(s) remainingCompleted 28.6 MiB/33.1 MiB (48.3 MiB/s) with 1 file(s) remainingCompleted 28.8 MiB/33.1 MiB (45.8 MiB/s) with 1 file(s) remainingCompleted 29.1 MiB/33.1 MiB (44.9 MiB/s) with 1 file(s) remainingCompleted 29.3 MiB/33.1 MiB (44.5 MiB/s) with 1 file(s) remainingCompleted 29.6 MiB/33.1 MiB (44.5 MiB/s) with 1 file(s) remainingCompleted 29.8 MiB/33.1 MiB (44.2 MiB/s) with 1 file(s) remainingCompleted 30.1 MiB/33.1 MiB (43.8 MiB/s) with 1 file(s) remainingCompleted 30.3 MiB/33.1 MiB (43.7 MiB/s) with 1 file(s) remainingCompleted 30.6 MiB/33.1 MiB (43.5 MiB/s) with 1 file(s) remainingCompleted 30.8 MiB/33.1 MiB (42.8 MiB/s) with 1 file(s) remainingCompleted 31.1 MiB/33.1 MiB (42.1 MiB/s) with 1 file(s) remainingCompleted 31.3 MiB/33.1 MiB (41.4 MiB/s) with 1 file(s) remainingCompleted 31.6 MiB/33.1 MiB (40.1 MiB/s) with 1 file(s) remainingCompleted 31.8 MiB/33.1 MiB (38.2 MiB/s) with 1 file(s) remainingCompleted 32.1 MiB/33.1 MiB (36.2 MiB/s) with 1 file(s) remainingCompleted 32.3 MiB/33.1 MiB (34.6 MiB/s) with 1 file(s) remainingCompleted 32.6 MiB/33.1 MiB (33.1 MiB/s) with 1 file(s) remainingCompleted 32.8 MiB/33.1 MiB (31.2 MiB/s) with 1 file(s) remainingCompleted 33.1 MiB/33.1 MiB (23.8 MiB/s) with 1 file(s) remainingupload: target/dropwizard-example.jar to s3://30daysdevops/dropwizard/release/dropwizard-example-0.0.23.jar
+ sed -i 's/^defaultName:.*/defaultName: DropWizard-0.0.23/' mysql.yml
+ aws s3 cp mysql.yml s3://30daysdevops/dropwizard/release/mysql.yml
Completed 2.5 KiB/2.5 KiB (50.2 KiB/s) with 1 file(s) remainingupload: ./mysql.yml to s3://30daysdevops/dropwizard/release/mysql.yml
+ cp target/dropwizard-example.jar dropwizard.jar
++ aws secretsmanager get-secret-value --region us-east-1 --secret-id rds_db_password --output json --version-stage AWSCURRENT
++ jq .SecretString -r
++ jq .password -r
+ dbpass=jD6Y#%k2
+ sed -i 's/\spassword:.*/ password: jD6Y#%k2/' mysql.yml
+ docker build -t dropwizard .
Sending build context to Docker daemon  70.57MB
Step 1/8 : FROM openjdk:8-jre-alpine
 ---> 7e72a7dcf7dc
Step 2/8 : WORKDIR /
 ---> Using cache
 ---> 8dd1abe86e40
Step 3/8 : ADD dropwizard.jar dropwizard.jar
 ---> 56a2ac5b149e
Step 4/8 : ADD mysql.yml mysql.yml
 ---> cf061c68c79d
Step 5/8 : EXPOSE 8080
 ---> Running in 3ee9ef024b7a
Removing intermediate container 3ee9ef024b7a
 ---> 7e66b8db9d43
Step 6/8 : EXPOSE 8081
 ---> Running in 152f63dca308
Removing intermediate container 152f63dca308
 ---> d522ce3f2389
Step 7/8 : CMD java -Xmx750M -jar dropwizard.jar server mysql.yml
 ---> Running in 92e2c467722a
Removing intermediate container 92e2c467722a
 ---> e68e30b14491
Step 8/8 : LABEL "com.datadoghq.ad.logs"='[{"environment": "qa", "source": "application", "service": "dropwizard"}]'
 ---> Running in 136710b75fe0
Removing intermediate container 136710b75fe0
 ---> 857f0521fbc4
Successfully built 857f0521fbc4
Successfully tagged dropwizard:latest
++ aws ecr get-login --no-include-email --region us-east-1
+ docker login -u AWS -p eyJwYXlsb2FkIjoiNkl3bmJQREFhTzhpbkY2dVltVjQyYmFJU1dHakc5V2pCVmhwTXdCTStyYWJkb2c2c0V0R1BRY3ZzMGsrRG1WY1dnbTAxQis4QjN2K1h5YXl4b09NMXBMckh0aDIwNElCcnozUFBQK2JHK0pkL0RobzBleU8yRkNWb1BEWlZzRnBWb1Y1UW1aL0tmN2EvMXpIdVBXWU9qY2lsblJLR3kxL2NuVG5PVm96WDZDSldjSDd6QWpodnVWTUMraHdYOFlVTk9vUHlLRjdScHNWN003NkgvWFlxT1NWQU0zMDJvNkwyNjNpUjIxbklzZ0YwT1l3QXBYSWlDeXBmNnBmZ2N1ZVQvaTAyTVV6RHdKei80bE91eU5MY1ViWkhXd1NzaEJzMlNCTmRUdE1uY0loZkNRYjl2cjMwM1JuSUNBQ2VOaEI4UHB5dGtkSllPQ1hzMnJyTDhhZGVqVGpnRDg4MWhtcU1haG5CbzB1c0RsSzg2L0FSZDJJd0JaMVBtMEJReTBpaHpnZ1c0enp5ckhabmRKLyswZjlLTlJGZ3NBRDBRbWUyWG9WelJqQTQrZm9WamZST0JMcjdJYXd2cmZLWkRYME5RLzNQSG9KQ2NlVnB4eStyZDN2ZWZKNUVrV0JZMG8yY3hJSGEwNmx3NlFiSDEyaXQ4eEFUU3o3dG5CZDFma0N2UGxSR1NDdkl1cWkvdFdob0puREtMK3ZtUGtrd0ZCS2szNElwMVZ6R0tKQlZQbWx6SXc1d2VjMytKK3ZKaXdaQStmWDVEK2hqSlJIcU1VSGRPcGsxcy95ZFAzY3hXcHBlUUl3M0R5bUdjV0ZwbDB3dllNYjkwNjF4QUFmNGRXN0ZleXUrdC9EK3ZUYnB3dTFjT2N0YjJ4YmJkdHZrMTRDMG4vZnhPWitGK2dqK2NLN3E2NHlENktYc0NVOUs4VnoyQ0xXelZlUG9HbG9OYWE1VmNXWmQ2SEM0QTBsSUlqU3AvTnBJbExKamRQT2R3bHFhdG9qZFFoeVc1K1BhdHFPUWorQzNWVExyc01NMUdNNnpnMTN6TitzaDZUYWdmdEx5WHd2ZGhsQTlyT3F6dktPM0JUNk5WNXRURmNhWG5OeHpJOWg3N2ZHbHVNcTNZeTdvNUMwWG4wMTQ1ZGJDQjhzU0NVZHdIQ0FSR0dWOWRnc0FFWjgzUFAxVGhXOUZOeCtCMlVMdE52Yk9CWXAvSHpwZFYxZmVROEROdklhYXJFQ1JmTUE4RmdpZ1VoOWZrcW8ramZhQzlEWFZWUEdoeW42NERHNWNiZWpTWThQcHphM2dINlVuZjFpOHhvY2NhQ0tVKzhhNk1iZ05pMERBK0RoRStDMXordkhUS3M1QnRKNkdIZXZrZDRWbGx3RkpoNnIrdS9WMFBacCs3WWNxU25jQWp5WCtQOEdFVDBQcDMraE5ad0dITXBaRzBjcHh6NWRLVExoR00rN0tvTFMwL0JoMHgyR3RHV09kMFRJNDBvY2FxUElnUHNpdlIreVp4QXE2ZE1MWHlSbE9YUDJQRE9zZVdWWWwremh6TTk3MEY3aGlDNzBnUi9DWm1QTUFWaWducGJTeGlITklCSGxjMGZ6Z242RUNSTkZjRmgzRFhkZis3NHRHUzZjMC8yRkFRZWdLVUljK2ZyWmFWcExCMTk2M1BlSmlhQjFjU0Y5NmtGbzNTcGpEeXA3VHpySk9zN1hEakFxMDFQSityVEFBWU5lbC96TkhBWVlPVWdHQ09KYWhDSDFFb09RQ2M5NExWNTNVcjk5Z1l6M1JQVTduUVdyWElmUDd2UVJaMm5KaytLQndYMWdNV1FBZmpTWGVRbkZiZkZyV0xKRHpzTnJ1eXVVbjlpV3E4N2NMZ3JTM0dCMDdFSWc5WnJJVk1VZEVyZGs1VFVIUWw0K2g0WER5UWs0eXBhSGdJcW9vQWswTDZuZnNhbUhidGRFVzJsaEYrS1lXaXZkL0FWOEhZL2l3QmFGenZUUG0zTi90WjViWkFnUHV1TXliVEJSN0FBblZBczRxL2NhQ1NXR3B3NStLNzlaclcrYStyaUJFV2haQXVkT2tCYWVsdUxXTG40NkZwL0F0UU02cWxrNHlxTmo0SWFWQXBVPSIsImRhdGFrZXkiOiJBUUVCQUhod20wWWFJU0plUnRKbTVuMUc2dXFlZWtYdW9YWFBlNVVGY2U5UnE4LzE0d0FBQUg0d2ZBWUpLb1pJaHZjTkFRY0dvRzh3YlFJQkFEQm9CZ2txaGtpRzl3MEJCd0V3SGdZSllJWklBV1VEQkFFdU1CRUVES2JQcWE3VmFhdEdtZlkrZmdJQkVJQTdsdTNwaUUxN3Z1VkFkdkZHWEw2S3lJaEVLU0ErTXg4TTBNOVhMNVRqYm9SbTNWSHdpVmtBdTlsV09sTFFpMHVjNzNxOUo0b1Vxakxhdit3PSIsInZlcnNpb24iOiIyIiwidHlwZSI6IkRBVEFfS0VZIiwiZXhwaXJhdGlvbiI6MTU0ODEwNjMyN30= https://230883561944.dkr.ecr.us-east-1.amazonaws.com
WARNING! Using --password via the CLI is insecure. Use --password-stdin.
WARNING! Your password will be stored unencrypted in /var/lib/jenkins/.docker/config.json.
Configure a credential helper to remove this warning. See
https://docs.docker.com/engine/reference/commandline/login/#credentials-store

Login Succeeded
+ docker tag dropwizard:latest 230883561944.dkr.ecr.us-east-1.amazonaws.com/dropwizard:0.0.23
+ docker push 230883561944.dkr.ecr.us-east-1.amazonaws.com/dropwizard:0.0.23
The push refers to repository [230883561944.dkr.ecr.us-east-1.amazonaws.com/dropwizard]
ee4c10d2c2a0: Preparing
10a2548bdcd5: Preparing
382d47ad6dc1: Preparing
dbc783c89851: Preparing
7bff100f35cb: Preparing
7bff100f35cb: Layer already exists
382d47ad6dc1: Layer already exists
dbc783c89851: Layer already exists
ee4c10d2c2a0: Pushed
10a2548bdcd5: Pushed
0.0.23: digest: sha256:643ee4cd15a08630dd097e69d8504dc32ef0e4a73761c2778fccf2b4545b3e7b size: 1367
 > git tag -l 0.0.23 # timeout=10
ERROR: Step ‘Git Publisher’ failed: Tag 0.0.23 already exists and Create Tag is specified, so failing.
Finished: FAILURE
