Started by user [8mha:////4JrjmSRx4qOtNYMMhYugXsyw+fINujBQhhzqimlc3f+QAAAAkx+LCAAAAAAAAP9b85aBtbiIQTGjNKU4P08vOT+vOD8nVc83PyU1x6OyILUoJzMv2y+/JJUBAhiZGBgqihhk0NSjKDWzXb3RdlLBUSYGJk8GtpzUvPSSDB8G5tKinBIGIZ+sxLJE/ZzEvHT94JKizLx0a6BxUmjGOUNodHsLgAyWEgYu/dLi1CIwAQDYegtJvwAAAA==[0muser
Building in workspace /var/lib/jenkins/workspace/Application/release
[WS-CLEANUP] Deleting project workspace...
[WS-CLEANUP] Deferred wipeout is used...
[WS-CLEANUP] Done
Cloning the remote Git repository
Cloning repository git@github.com:babinskiy/dropwizard-example.git
 > git init /var/lib/jenkins/workspace/Application/release # timeout=10
Fetching upstream changes from git@github.com:babinskiy/dropwizard-example.git
 > git --version # timeout=10
 > git fetch --tags --progress git@github.com:babinskiy/dropwizard-example.git +refs/heads/*:refs/remotes/origin/*
 > git config remote.origin.url git@github.com:babinskiy/dropwizard-example.git # timeout=10
 > git config --add remote.origin.fetch +refs/heads/*:refs/remotes/origin/* # timeout=10
 > git config remote.origin.url git@github.com:babinskiy/dropwizard-example.git # timeout=10
Fetching upstream changes from git@github.com:babinskiy/dropwizard-example.git
 > git fetch --tags --progress git@github.com:babinskiy/dropwizard-example.git +refs/heads/*:refs/remotes/origin/*
 > git rev-parse refs/remotes/origin/master^{commit} # timeout=10
 > git rev-parse refs/remotes/origin/origin/master^{commit} # timeout=10
Checking out Revision afbe63f3a12b580a77a9b8a391cc18dd6897f4f2 (refs/remotes/origin/master)
 > git config core.sparsecheckout # timeout=10
 > git checkout -f afbe63f3a12b580a77a9b8a391cc18dd6897f4f2
Commit message: "Delete DB password"
 > git rev-list --no-walk afbe63f3a12b580a77a9b8a391cc18dd6897f4f2 # timeout=10
[release] $ /bin/sh -xe /tmp/jenkins5569143939481416933.sh
+ mvn clean package
[INFO] Scanning for projects...
[INFO] 
[INFO] ------------------------------------------------------------------------
[INFO] Building Dropwizard Example Application 0.0.1-SNAPSHOT
[INFO] ------------------------------------------------------------------------
[INFO] 
[INFO] --- maven-clean-plugin:3.1.0:clean (default-clean) @ dropwizard-example ---
[INFO] 
[INFO] --- maven-enforcer-plugin:1.4.1:enforce (enforce) @ dropwizard-example ---
[INFO] 
[INFO] --- maven-checkstyle-plugin:3.0.0:check (checkstyle) @ dropwizard-example ---
[INFO] 
[INFO] --- jacoco-maven-plugin:0.8.2:prepare-agent (prepare-agent) @ dropwizard-example ---
[INFO] argLine set to -javaagent:/var/lib/jenkins/.m2/repository/org/jacoco/org.jacoco.agent/0.8.2/org.jacoco.agent-0.8.2-runtime.jar=destfile=/var/lib/jenkins/workspace/Application/release/target/jacoco.exec
[INFO] 
[INFO] --- maven-resources-plugin:3.1.0:resources (default-resources) @ dropwizard-example ---
[INFO] Using 'UTF-8' encoding to copy filtered resources.
[INFO] Copying 10 resources
[INFO] 
[INFO] --- maven-compiler-plugin:3.8.0:compile (default-compile) @ dropwizard-example ---
[INFO] Changes detected - recompiling the module!
[INFO] Compiling 23 source files to /var/lib/jenkins/workspace/Application/release/target/classes
[INFO] 
[INFO] --- maven-resources-plugin:3.1.0:testResources (default-testResources) @ dropwizard-example ---
[INFO] Using 'UTF-8' encoding to copy filtered resources.
[INFO] Copying 1 resource
[INFO] 
[INFO] --- maven-compiler-plugin:3.8.0:testCompile (default-testCompile) @ dropwizard-example ---
[INFO] Changes detected - recompiling the module!
[INFO] Compiling 6 source files to /var/lib/jenkins/workspace/Application/release/target/test-classes
[INFO] 
[INFO] --- maven-surefire-plugin:2.22.1:test (default-test) @ dropwizard-example ---
[INFO] 
[INFO] -------------------------------------------------------
[INFO]  T E S T S
[INFO] -------------------------------------------------------
[INFO] Running com.example.helloworld.resources.PersonResourceTest
18:32:28.425 [main] DEBUG org.jboss.logging - Logging Provider: org.jboss.logging.Slf4jLoggerProvider
18:32:28.432 [main] INFO org.hibernate.validator.internal.util.Version - HV000001: Hibernate Validator 5.4.2.Final
18:32:28.465 [main] DEBUG org.hibernate.validator.internal.engine.resolver.DefaultTraversableResolver - Found javax.persistence.Persistence on classpath containing 'getPersistenceUtil'. Assuming JPA 2 environment. Trying to instantiate JPA aware TraversableResolver
18:32:28.466 [main] DEBUG org.hibernate.validator.internal.engine.resolver.DefaultTraversableResolver - Instantiated JPA aware TraversableResolver of type org.hibernate.validator.internal.engine.resolver.JPATraversableResolver.
18:32:28.473 [main] DEBUG org.hibernate.validator.internal.engine.ConfigurationImpl - Setting custom ParameterNameProvider of type io.dropwizard.jersey.validation.JerseyParameterNameProvider
18:32:28.476 [main] DEBUG org.hibernate.validator.internal.xml.ValidationXmlParser - Trying to load META-INF/validation.xml for XML based Validator configuration.
18:32:28.478 [main] DEBUG org.hibernate.validator.internal.xml.ResourceLoaderHelper - Trying to load META-INF/validation.xml via TCCL
18:32:28.479 [main] DEBUG org.hibernate.validator.internal.xml.ResourceLoaderHelper - Trying to load META-INF/validation.xml via Hibernate Validator's class loader
18:32:28.479 [main] DEBUG org.hibernate.validator.internal.xml.ValidationXmlParser - No META-INF/validation.xml found. Using annotation based configuration only.
[INFO] Tests run: 2, Failures: 0, Errors: 0, Skipped: 0, Time elapsed: 4.515 s - in com.example.helloworld.resources.PersonResourceTest
[INFO] Running com.example.helloworld.resources.ProtectedClassResourceTest
[INFO] Tests run: 5, Failures: 0, Errors: 0, Skipped: 0, Time elapsed: 0.357 s - in com.example.helloworld.resources.ProtectedClassResourceTest
[INFO] Running com.example.helloworld.resources.ProtectedResourceTest
[INFO] Tests run: 5, Failures: 0, Errors: 0, Skipped: 0, Time elapsed: 0.311 s - in com.example.helloworld.resources.ProtectedResourceTest
[INFO] Running com.example.helloworld.resources.PeopleResourceTest
[INFO] Tests run: 2, Failures: 0, Errors: 0, Skipped: 0, Time elapsed: 0.132 s - in com.example.helloworld.resources.PeopleResourceTest
[INFO] Running com.example.helloworld.IntegrationTest
INFO  [2019-01-18 18:32:33,026] io.dropwizard.server.DefaultServerFactory: Registering jersey handler with root path prefix: /
INFO  [2019-01-18 18:32:33,031] io.dropwizard.server.DefaultServerFactory: Registering admin handler with root path prefix: /
INFO  [2019-01-18 18:32:33,034] io.dropwizard.assets.AssetsBundle: Registering AssetBundle with name: assets for path /assets/*
INFO  [2019-01-18 18:32:33,340] org.hibernate.Version: HHH000412: Hibernate Core {5.2.15.Final}
INFO  [2019-01-18 18:32:33,342] org.hibernate.cfg.Environment: HHH000206: hibernate.properties not found
INFO  [2019-01-18 18:32:33,361] io.dropwizard.hibernate.SessionFactoryFactory: Entity classes: [com.example.helloworld.core.Person]
INFO  [2019-01-18 18:32:33,407] org.hibernate.annotations.common.Version: HCANN000001: Hibernate Commons Annotations {5.0.1.Final}
INFO  [2019-01-18 18:32:34,019] org.hibernate.dialect.Dialect: HHH000400: Using dialect: org.hibernate.dialect.H2Dialect
INFO  [2019-01-18 18:32:34,479] org.hibernate.type.BasicTypeRegistry: HHH000270: Type registration [java.util.Currency] overrides previous : org.hibernate.type.CurrencyType@e826b1a
INFO  [2019-01-18 18:32:34,479] org.hibernate.type.BasicTypeRegistry: HHH000270: Type registration [java.time.Duration] overrides previous : org.hibernate.type.DurationType@5c37f9a7
INFO  [2019-01-18 18:32:34,479] org.hibernate.type.BasicTypeRegistry: HHH000270: Type registration [java.time.Instant] overrides previous : org.hibernate.type.InstantType@8b08228
INFO  [2019-01-18 18:32:34,480] org.hibernate.type.BasicTypeRegistry: HHH000270: Type registration [java.time.LocalDate] overrides previous : org.hibernate.type.LocalDateType@3d2897a2
INFO  [2019-01-18 18:32:34,480] org.hibernate.type.BasicTypeRegistry: HHH000270: Type registration [java.time.LocalDateTime] overrides previous : org.hibernate.type.LocalDateTimeType@20eff1a6
INFO  [2019-01-18 18:32:34,480] org.hibernate.type.BasicTypeRegistry: HHH000270: Type registration [java.time.LocalTime] overrides previous : org.hibernate.type.LocalTimeType@43f6cedd
INFO  [2019-01-18 18:32:34,481] org.hibernate.type.BasicTypeRegistry: HHH000270: Type registration [java.time.OffsetDateTime] overrides previous : org.hibernate.type.OffsetDateTimeType@4fdbb549
INFO  [2019-01-18 18:32:34,481] org.hibernate.type.BasicTypeRegistry: HHH000270: Type registration [java.time.OffsetTime] overrides previous : org.hibernate.type.OffsetTimeType@3637ae97
INFO  [2019-01-18 18:32:34,481] org.hibernate.type.BasicTypeRegistry: HHH000270: Type registration [java.time.ZonedDateTime] overrides previous : org.hibernate.type.ZonedDateTimeType@690a0b36
INFO  [2019-01-18 18:32:34,778] org.hibernate.hql.internal.QueryTranslatorFactoryInitiator: HHH000397: Using ASTQueryTranslatorFactory
INFO  [2019-01-18 18:32:34,942] io.dropwizard.server.ServerFactory: Starting hello-world
                           web-scale hello world dP for the web
                                                 88
  .d8888b. dP.  .dP .d8888b. 88d8b.d8b. 88d888b. 88 .d8888b.
  88ooood8  `8bd8'  88'  `88 88'`88'`88 88'  `88 88 88ooood8
  88.  ...  .d88b.  88.  .88 88  88  88 88.  .88 88 88.  ...
  `88888P' dP'  `dP `88888P8 dP  dP  dP 88Y888P' dP `88888P'
                                        88
                                        dP

INFO  [2019-01-18 18:32:35,101] org.eclipse.jetty.setuid.SetUIDListener: Opened application@5f8f865f{HTTP/1.1,[http/1.1]}{0.0.0.0:38067}
INFO  [2019-01-18 18:32:35,101] org.eclipse.jetty.setuid.SetUIDListener: Opened admin@71cd9304{HTTP/1.1,[http/1.1]}{0.0.0.0:34487}
INFO  [2019-01-18 18:32:35,105] org.eclipse.jetty.server.Server: jetty-9.4.11.v20180605; built: 2018-06-05T18:24:03.829Z; git: d5fc0523cfa96bfebfbda19606cad384d772f04c; jvm 1.8.0_191-b12
INFO  [2019-01-18 18:32:35,277] io.dropwizard.jersey.DropwizardResourceConfig: The following paths were found for the configured resources:

    GET     /filtered/hello (com.example.helloworld.resources.FilteredResource)
    GET     /hello-world (com.example.helloworld.resources.HelloWorldResource)
    POST    /hello-world (com.example.helloworld.resources.HelloWorldResource)
    GET     /hello-world/date (com.example.helloworld.resources.HelloWorldResource)
    GET     /people (com.example.helloworld.resources.PeopleResource)
    POST    /people (com.example.helloworld.resources.PeopleResource)
    GET     /people/{personId} (com.example.helloworld.resources.PersonResource)
    GET     /people/{personId}/view_freemarker (com.example.helloworld.resources.PersonResource)
    GET     /people/{personId}/view_mustache (com.example.helloworld.resources.PersonResource)
    GET     /protected (com.example.helloworld.resources.ProtectedResource)
    GET     /protected/admin (com.example.helloworld.resources.ProtectedResource)
    GET     /views/iso88591.ftl (com.example.helloworld.resources.ViewResource)
    GET     /views/iso88591.mustache (com.example.helloworld.resources.ViewResource)
    GET     /views/utf8.ftl (com.example.helloworld.resources.ViewResource)
    GET     /views/utf8.mustache (com.example.helloworld.resources.ViewResource)

INFO  [2019-01-18 18:32:35,281] org.eclipse.jetty.server.handler.ContextHandler: Started i.d.j.MutableServletContextHandler@519f8da7{/,null,AVAILABLE}
INFO  [2019-01-18 18:32:35,285] io.dropwizard.setup.AdminEnvironment: tasks = 

    POST    /tasks/echo (com.example.helloworld.tasks.EchoTask)
    POST    /tasks/log-level (io.dropwizard.servlets.tasks.LogConfigurationTask)
    POST    /tasks/gc (io.dropwizard.servlets.tasks.GarbageCollectionTask)

INFO  [2019-01-18 18:32:35,296] org.eclipse.jetty.server.handler.ContextHandler: Started i.d.j.MutableServletContextHandler@369ac2b1{/,null,AVAILABLE}
INFO  [2019-01-18 18:32:35,307] org.eclipse.jetty.server.AbstractConnector: Started application@5f8f865f{HTTP/1.1,[http/1.1]}{0.0.0.0:38067}
INFO  [2019-01-18 18:32:35,307] org.eclipse.jetty.server.AbstractConnector: Started admin@71cd9304{HTTP/1.1,[http/1.1]}{0.0.0.0:34487}
INFO  [2019-01-18 18:32:35,307] org.eclipse.jetty.server.Server: Started @9908ms
INFO  [2019-01-18 18:32:36,183] liquibase.executor.jvm.JdbcExecutor: SELECT COUNT(*) FROM PUBLIC.DATABASECHANGELOGLOCK
INFO  [2019-01-18 18:32:36,198] liquibase.executor.jvm.JdbcExecutor: CREATE TABLE PUBLIC.DATABASECHANGELOGLOCK (ID INT NOT NULL, LOCKED BOOLEAN NOT NULL, LOCKGRANTED TIMESTAMP, LOCKEDBY VARCHAR(255), CONSTRAINT PK_DATABASECHANGELOGLOCK PRIMARY KEY (ID))
INFO  [2019-01-18 18:32:36,210] liquibase.executor.jvm.JdbcExecutor: SELECT COUNT(*) FROM PUBLIC.DATABASECHANGELOGLOCK
INFO  [2019-01-18 18:32:36,215] liquibase.executor.jvm.JdbcExecutor: DELETE FROM PUBLIC.DATABASECHANGELOGLOCK
INFO  [2019-01-18 18:32:36,217] liquibase.executor.jvm.JdbcExecutor: INSERT INTO PUBLIC.DATABASECHANGELOGLOCK (ID, LOCKED) VALUES (1, FALSE)
INFO  [2019-01-18 18:32:36,220] liquibase.executor.jvm.JdbcExecutor: SELECT LOCKED FROM PUBLIC.DATABASECHANGELOGLOCK WHERE ID=1
INFO  [2019-01-18 18:32:36,231] liquibase.lockservice.StandardLockService: Successfully acquired change log lock
INFO  [2019-01-18 18:32:37,397] liquibase.changelog.StandardChangeLogHistoryService: Creating database history table with name: PUBLIC.DATABASECHANGELOG
INFO  [2019-01-18 18:32:37,399] liquibase.executor.jvm.JdbcExecutor: CREATE TABLE PUBLIC.DATABASECHANGELOG (ID VARCHAR(255) NOT NULL, AUTHOR VARCHAR(255) NOT NULL, FILENAME VARCHAR(255) NOT NULL, DATEEXECUTED TIMESTAMP NOT NULL, ORDEREXECUTED INT NOT NULL, EXECTYPE VARCHAR(10) NOT NULL, MD5SUM VARCHAR(35), DESCRIPTION VARCHAR(255), COMMENTS VARCHAR(255), TAG VARCHAR(255), LIQUIBASE VARCHAR(20), CONTEXTS VARCHAR(255), LABELS VARCHAR(255), DEPLOYMENT_ID VARCHAR(10))
INFO  [2019-01-18 18:32:37,401] liquibase.executor.jvm.JdbcExecutor: SELECT COUNT(*) FROM PUBLIC.DATABASECHANGELOG
INFO  [2019-01-18 18:32:37,402] liquibase.changelog.StandardChangeLogHistoryService: Reading from PUBLIC.DATABASECHANGELOG
INFO  [2019-01-18 18:32:37,404] liquibase.executor.jvm.JdbcExecutor: SELECT * FROM PUBLIC.DATABASECHANGELOG ORDER BY DATEEXECUTED ASC, ORDEREXECUTED ASC
INFO  [2019-01-18 18:32:37,405] liquibase.executor.jvm.JdbcExecutor: SELECT COUNT(*) FROM PUBLIC.DATABASECHANGELOGLOCK
INFO  [2019-01-18 18:32:37,417] liquibase.executor.jvm.JdbcExecutor: CREATE TABLE PUBLIC.people (id BIGINT AUTO_INCREMENT NOT NULL, fullName VARCHAR(255) NOT NULL, jobTitle VARCHAR(255), CONSTRAINT PK_PEOPLE PRIMARY KEY (id))
INFO  [2019-01-18 18:32:37,432] liquibase.changelog.ChangeSet: Table people created
INFO  [2019-01-18 18:32:37,432] liquibase.changelog.ChangeSet: ChangeSet migrations.xml::1::codahale ran successfully in 16ms
INFO  [2019-01-18 18:32:37,440] liquibase.executor.jvm.JdbcExecutor: SELECT MAX(ORDEREXECUTED) FROM PUBLIC.DATABASECHANGELOG
INFO  [2019-01-18 18:32:37,451] liquibase.executor.jvm.JdbcExecutor: INSERT INTO PUBLIC.DATABASECHANGELOG (ID, AUTHOR, FILENAME, DATEEXECUTED, ORDEREXECUTED, MD5SUM, DESCRIPTION, COMMENTS, EXECTYPE, CONTEXTS, LABELS, LIQUIBASE, DEPLOYMENT_ID) VALUES ('1', 'codahale', 'migrations.xml', NOW(), 1, '8:a466b7f04155c06f80453d6d5a36b55c', 'createTable tableName=people', '', 'EXECUTED', NULL, NULL, '3.6.1', '7836357406')
INFO  [2019-01-18 18:32:37,455] liquibase.lockservice.StandardLockService: Successfully released change log lock
INFO  [2019-01-18 18:32:37,780] org.hibernate.engine.internal.StatisticalLoggingSessionEventListener: Session Metrics {
    136050 nanoseconds spent acquiring 2 JDBC connections;
    72416 nanoseconds spent releasing 2 JDBC connections;
    6866723 nanoseconds spent preparing 1 JDBC statements;
    2944885 nanoseconds spent executing 1 JDBC statements;
    0 nanoseconds spent executing 0 JDBC batches;
    0 nanoseconds spent performing 0 L2C puts;
    0 nanoseconds spent performing 0 L2C hits;
    0 nanoseconds spent performing 0 L2C misses;
    4682591 nanoseconds spent executing 1 flushes (flushing a total of 1 entities and 0 collections);
    0 nanoseconds spent executing 0 partial-flushes (flushing a total of 0 entities and 0 collections)
}
127.0.0.1 - - [18/Jan/2019:18:32:37 +0000] "POST /people HTTP/1.1" 200 67 "-" "Jersey/2.25.1 (HttpUrlConnection 1.8.0_191)" 214
INFO  [2019-01-18 18:32:37,872] org.hibernate.engine.internal.StatisticalLoggingSessionEventListener: Session Metrics {
    99089 nanoseconds spent acquiring 2 JDBC connections;
    66708 nanoseconds spent releasing 2 JDBC connections;
    418304 nanoseconds spent preparing 1 JDBC statements;
    246526 nanoseconds spent executing 1 JDBC statements;
    0 nanoseconds spent executing 0 JDBC batches;
    0 nanoseconds spent performing 0 L2C puts;
    0 nanoseconds spent performing 0 L2C hits;
    0 nanoseconds spent performing 0 L2C misses;
    194161 nanoseconds spent executing 1 flushes (flushing a total of 1 entities and 0 collections);
    0 nanoseconds spent executing 0 partial-flushes (flushing a total of 0 entities and 0 collections)
}
127.0.0.1 - - [18/Jan/2019:18:32:37 +0000] "GET /people/1/view_mustache HTTP/1.1" 200 205 "-" "Jersey/2.25.1 (HttpUrlConnection 1.8.0_191)" 93
INFO  [2019-01-18 18:32:37,897] org.hibernate.engine.internal.StatisticalLoggingSessionEventListener: Session Metrics {
    88824 nanoseconds spent acquiring 2 JDBC connections;
    46336 nanoseconds spent releasing 2 JDBC connections;
    78317 nanoseconds spent preparing 1 JDBC statements;
    538030 nanoseconds spent executing 1 JDBC statements;
    0 nanoseconds spent executing 0 JDBC batches;
    0 nanoseconds spent performing 0 L2C puts;
    0 nanoseconds spent performing 0 L2C hits;
    0 nanoseconds spent performing 0 L2C misses;
    200157 nanoseconds spent executing 1 flushes (flushing a total of 1 entities and 0 collections);
    0 nanoseconds spent executing 0 partial-flushes (flushing a total of 0 entities and 0 collections)
}
127.0.0.1 - - [18/Jan/2019:18:32:37 +0000] "POST /people HTTP/1.1" 200 67 "-" "Jersey/2.25.1 (HttpUrlConnection 1.8.0_191)" 5
INFO  [2019-01-18 18:32:37,913] org.hibernate.engine.internal.StatisticalLoggingSessionEventListener: Session Metrics {
    76165 nanoseconds spent acquiring 2 JDBC connections;
    44309 nanoseconds spent releasing 2 JDBC connections;
    61701 nanoseconds spent preparing 1 JDBC statements;
    247786 nanoseconds spent executing 1 JDBC statements;
    0 nanoseconds spent executing 0 JDBC batches;
    0 nanoseconds spent performing 0 L2C puts;
    0 nanoseconds spent performing 0 L2C hits;
    0 nanoseconds spent performing 0 L2C misses;
    174087 nanoseconds spent executing 1 flushes (flushing a total of 1 entities and 0 collections);
    0 nanoseconds spent executing 0 partial-flushes (flushing a total of 0 entities and 0 collections)
}
127.0.0.1 - - [18/Jan/2019:18:32:37 +0000] "POST /people HTTP/1.1" 200 67 "-" "Jersey/2.25.1 (HttpUrlConnection 1.8.0_191)" 5
INFO  [2019-01-18 18:32:38,112] org.hibernate.engine.internal.StatisticalLoggingSessionEventListener: Session Metrics {
    521522 nanoseconds spent acquiring 2 JDBC connections;
    107816 nanoseconds spent releasing 2 JDBC connections;
    50606 nanoseconds spent preparing 1 JDBC statements;
    197302 nanoseconds spent executing 1 JDBC statements;
    0 nanoseconds spent executing 0 JDBC batches;
    0 nanoseconds spent performing 0 L2C puts;
    0 nanoseconds spent performing 0 L2C hits;
    0 nanoseconds spent performing 0 L2C misses;
    154089 nanoseconds spent executing 1 flushes (flushing a total of 1 entities and 0 collections);
    0 nanoseconds spent executing 0 partial-flushes (flushing a total of 0 entities and 0 collections)
}
127.0.0.1 - - [18/Jan/2019:18:32:38 +0000] "GET /people/3/view_freemarker HTTP/1.1" 200 270 "-" "Jersey/2.25.1 (HttpUrlConnection 1.8.0_191)" 199
127.0.0.1 - - [18/Jan/2019:18:32:38 +0000] "GET /hello-world?name=Dr.+IntegrationTest HTTP/1.1" 200 48 "-" "Jersey/2.25.1 (HttpUrlConnection 1.8.0_191)" 10
INFO  [2019-01-18 18:32:38,139] org.eclipse.jetty.server.AbstractConnector: Stopped application@5f8f865f{HTTP/1.1,[http/1.1]}{0.0.0.0:0}
INFO  [2019-01-18 18:32:38,141] org.eclipse.jetty.server.AbstractConnector: Stopped admin@71cd9304{HTTP/1.1,[http/1.1]}{0.0.0.0:0}
INFO  [2019-01-18 18:32:38,143] org.eclipse.jetty.server.handler.ContextHandler: Stopped i.d.j.MutableServletContextHandler@369ac2b1{/,null,UNAVAILABLE}
INFO  [2019-01-18 18:32:38,146] org.eclipse.jetty.server.handler.ContextHandler: Stopped i.d.j.MutableServletContextHandler@519f8da7{/,null,UNAVAILABLE}
[INFO] Tests run: 5, Failures: 0, Errors: 0, Skipped: 0, Time elapsed: 6.167 s - in com.example.helloworld.IntegrationTest
[INFO] Running com.example.helloworld.db.PersonDAOTest
WARN  [2019-01-18 18:32:38,175] org.hibernate.orm.connections.pooling: HHH10001002: Using Hibernate built-in connection pool (not for production use!)
INFO  [2019-01-18 18:32:38,185] org.hibernate.orm.connections.pooling: HHH10001005: using driver [org.h2.Driver] at URL [jdbc:h2:mem:6ca2ec7a-7297-4fb1-920d-46d70029d467]
INFO  [2019-01-18 18:32:38,186] org.hibernate.orm.connections.pooling: HHH10001001: Connection properties: {user=sa, password=}
INFO  [2019-01-18 18:32:38,186] org.hibernate.orm.connections.pooling: HHH10001003: Autocommit mode: false
INFO  [2019-01-18 18:32:38,189] org.hibernate.engine.jdbc.connections.internal.DriverManagerConnectionProviderImpl: HHH000115: Hibernate connection pool size: 20 (min=1)
INFO  [2019-01-18 18:32:38,194] org.hibernate.dialect.Dialect: HHH000400: Using dialect: org.hibernate.dialect.H2Dialect
INFO  [2019-01-18 18:32:38,215] org.hibernate.type.BasicTypeRegistry: HHH000270: Type registration [java.util.Currency] overrides previous : org.hibernate.type.CurrencyType@e826b1a
INFO  [2019-01-18 18:32:38,217] org.hibernate.type.BasicTypeRegistry: HHH000270: Type registration [java.time.Duration] overrides previous : org.hibernate.type.DurationType@5c37f9a7
INFO  [2019-01-18 18:32:38,217] org.hibernate.type.BasicTypeRegistry: HHH000270: Type registration [java.time.Instant] overrides previous : org.hibernate.type.InstantType@8b08228
INFO  [2019-01-18 18:32:38,217] org.hibernate.type.BasicTypeRegistry: HHH000270: Type registration [java.time.LocalDate] overrides previous : org.hibernate.type.LocalDateType@3d2897a2
INFO  [2019-01-18 18:32:38,217] org.hibernate.type.BasicTypeRegistry: HHH000270: Type registration [java.time.LocalDateTime] overrides previous : org.hibernate.type.LocalDateTimeType@20eff1a6
INFO  [2019-01-18 18:32:38,217] org.hibernate.type.BasicTypeRegistry: HHH000270: Type registration [java.time.LocalTime] overrides previous : org.hibernate.type.LocalTimeType@43f6cedd
INFO  [2019-01-18 18:32:38,217] org.hibernate.type.BasicTypeRegistry: HHH000270: Type registration [java.time.OffsetDateTime] overrides previous : org.hibernate.type.OffsetDateTimeType@4fdbb549
INFO  [2019-01-18 18:32:38,217] org.hibernate.type.BasicTypeRegistry: HHH000270: Type registration [java.time.OffsetTime] overrides previous : org.hibernate.type.OffsetTimeType@3637ae97
INFO  [2019-01-18 18:32:38,217] org.hibernate.type.BasicTypeRegistry: HHH000270: Type registration [java.time.ZonedDateTime] overrides previous : org.hibernate.type.ZonedDateTimeType@690a0b36
INFO  [2019-01-18 18:32:38,253] org.hibernate.orm.connections.access: HHH10001501: Connection obtained from JdbcConnectionAccess [org.hibernate.engine.jdbc.env.internal.JdbcEnvironmentInitiator$ConnectionProviderJdbcConnectionAccess@4d3c6774] for (non-JTA) DDL execution was not in auto-commit mode; the Connection 'local transaction' will be committed and the Connection will be set into auto-commit mode.
INFO  [2019-01-18 18:32:38,258] org.hibernate.orm.connections.access: HHH10001501: Connection obtained from JdbcConnectionAccess [org.hibernate.engine.jdbc.env.internal.JdbcEnvironmentInitiator$ConnectionProviderJdbcConnectionAccess@4b9447b1] for (non-JTA) DDL execution was not in auto-commit mode; the Connection 'local transaction' will be committed and the Connection will be set into auto-commit mode.
INFO  [2019-01-18 18:32:38,261] org.hibernate.tool.schema.internal.SchemaCreatorImpl: HHH000476: Executing import script 'org.hibernate.tool.schema.internal.exec.ScriptSourceInputNonExistentImpl@7e788982'
INFO  [2019-01-18 18:32:38,262] org.hibernate.hql.internal.QueryTranslatorFactoryInitiator: HHH000397: Using ASTQueryTranslatorFactory
INFO  [2019-01-18 18:32:38,303] org.hibernate.engine.internal.StatisticalLoggingSessionEventListener: Session Metrics {
    28910 nanoseconds spent acquiring 2 JDBC connections;
    130220 nanoseconds spent releasing 2 JDBC connections;
    486132 nanoseconds spent preparing 4 JDBC statements;
    910928 nanoseconds spent executing 4 JDBC statements;
    0 nanoseconds spent executing 0 JDBC batches;
    0 nanoseconds spent performing 0 L2C puts;
    0 nanoseconds spent performing 0 L2C hits;
    0 nanoseconds spent performing 0 L2C misses;
    2162095 nanoseconds spent executing 1 flushes (flushing a total of 3 entities and 0 collections);
    0 nanoseconds spent executing 0 partial-flushes (flushing a total of 0 entities and 0 collections)
}
WARN  [2019-01-18 18:32:38,309] org.hibernate.orm.connections.pooling: HHH10001002: Using Hibernate built-in connection pool (not for production use!)
INFO  [2019-01-18 18:32:38,309] org.hibernate.orm.connections.pooling: HHH10001005: using driver [org.h2.Driver] at URL [jdbc:h2:mem:5635fcfa-a978-4cb6-9a9e-7b13f217a9a7]
INFO  [2019-01-18 18:32:38,309] org.hibernate.orm.connections.pooling: HHH10001001: Connection properties: {user=sa, password=}
INFO  [2019-01-18 18:32:38,309] org.hibernate.orm.connections.pooling: HHH10001003: Autocommit mode: false
INFO  [2019-01-18 18:32:38,309] org.hibernate.engine.jdbc.connections.internal.DriverManagerConnectionProviderImpl: HHH000115: Hibernate connection pool size: 20 (min=1)
INFO  [2019-01-18 18:32:38,311] org.hibernate.dialect.Dialect: HHH000400: Using dialect: org.hibernate.dialect.H2Dialect
INFO  [2019-01-18 18:32:38,333] org.hibernate.type.BasicTypeRegistry: HHH000270: Type registration [java.util.Currency] overrides previous : org.hibernate.type.CurrencyType@e826b1a
INFO  [2019-01-18 18:32:38,334] org.hibernate.type.BasicTypeRegistry: HHH000270: Type registration [java.time.Duration] overrides previous : org.hibernate.type.DurationType@5c37f9a7
INFO  [2019-01-18 18:32:38,335] org.hibernate.type.BasicTypeRegistry: HHH000270: Type registration [java.time.Instant] overrides previous : org.hibernate.type.InstantType@8b08228
INFO  [2019-01-18 18:32:38,335] org.hibernate.type.BasicTypeRegistry: HHH000270: Type registration [java.time.LocalDate] overrides previous : org.hibernate.type.LocalDateType@3d2897a2
INFO  [2019-01-18 18:32:38,335] org.hibernate.type.BasicTypeRegistry: HHH000270: Type registration [java.time.LocalDateTime] overrides previous : org.hibernate.type.LocalDateTimeType@20eff1a6
INFO  [2019-01-18 18:32:38,335] org.hibernate.type.BasicTypeRegistry: HHH000270: Type registration [java.time.LocalTime] overrides previous : org.hibernate.type.LocalTimeType@43f6cedd
INFO  [2019-01-18 18:32:38,335] org.hibernate.type.BasicTypeRegistry: HHH000270: Type registration [java.time.OffsetDateTime] overrides previous : org.hibernate.type.OffsetDateTimeType@4fdbb549
INFO  [2019-01-18 18:32:38,335] org.hibernate.type.BasicTypeRegistry: HHH000270: Type registration [java.time.OffsetTime] overrides previous : org.hibernate.type.OffsetTimeType@3637ae97
INFO  [2019-01-18 18:32:38,337] org.hibernate.type.BasicTypeRegistry: HHH000270: Type registration [java.time.ZonedDateTime] overrides previous : org.hibernate.type.ZonedDateTimeType@690a0b36
INFO  [2019-01-18 18:32:38,349] org.hibernate.orm.connections.access: HHH10001501: Connection obtained from JdbcConnectionAccess [org.hibernate.engine.jdbc.env.internal.JdbcEnvironmentInitiator$ConnectionProviderJdbcConnectionAccess@50e50a96] for (non-JTA) DDL execution was not in auto-commit mode; the Connection 'local transaction' will be committed and the Connection will be set into auto-commit mode.
INFO  [2019-01-18 18:32:38,349] org.hibernate.orm.connections.access: HHH10001501: Connection obtained from JdbcConnectionAccess [org.hibernate.engine.jdbc.env.internal.JdbcEnvironmentInitiator$ConnectionProviderJdbcConnectionAccess@2301b54f] for (non-JTA) DDL execution was not in auto-commit mode; the Connection 'local transaction' will be committed and the Connection will be set into auto-commit mode.
INFO  [2019-01-18 18:32:38,351] org.hibernate.tool.schema.internal.SchemaCreatorImpl: HHH000476: Executing import script 'org.hibernate.tool.schema.internal.exec.ScriptSourceInputNonExistentImpl@7e788982'
INFO  [2019-01-18 18:32:38,351] org.hibernate.hql.internal.QueryTranslatorFactoryInitiator: HHH000397: Using ASTQueryTranslatorFactory
WARN  [2019-01-18 18:32:38,361] org.hibernate.engine.jdbc.spi.SqlExceptionHelper: SQL Error: 23502, SQLState: 23502
ERROR [2019-01-18 18:32:38,361] org.hibernate.engine.jdbc.spi.SqlExceptionHelper: NULL not allowed for column "FULLNAME"; SQL statement:
insert into people (id, fullName, jobTitle) values (null, ?, ?) [23502-197]
INFO  [2019-01-18 18:32:38,370] org.hibernate.engine.internal.StatisticalLoggingSessionEventListener: Session Metrics {
    12623 nanoseconds spent acquiring 1 JDBC connections;
    49790 nanoseconds spent releasing 1 JDBC connections;
    131632 nanoseconds spent preparing 1 JDBC statements;
    5148058 nanoseconds spent executing 1 JDBC statements;
    0 nanoseconds spent executing 0 JDBC batches;
    0 nanoseconds spent performing 0 L2C puts;
    0 nanoseconds spent performing 0 L2C hits;
    0 nanoseconds spent performing 0 L2C misses;
    0 nanoseconds spent executing 0 flushes (flushing a total of 0 entities and 0 collections);
    0 nanoseconds spent executing 0 partial-flushes (flushing a total of 0 entities and 0 collections)
}
WARN  [2019-01-18 18:32:38,375] org.hibernate.orm.connections.pooling: HHH10001002: Using Hibernate built-in connection pool (not for production use!)
INFO  [2019-01-18 18:32:38,375] org.hibernate.orm.connections.pooling: HHH10001005: using driver [org.h2.Driver] at URL [jdbc:h2:mem:061fc6f2-21c2-48bf-9b8f-b8e481c790be]
INFO  [2019-01-18 18:32:38,375] org.hibernate.orm.connections.pooling: HHH10001001: Connection properties: {user=sa, password=}
INFO  [2019-01-18 18:32:38,375] org.hibernate.orm.connections.pooling: HHH10001003: Autocommit mode: false
INFO  [2019-01-18 18:32:38,375] org.hibernate.engine.jdbc.connections.internal.DriverManagerConnectionProviderImpl: HHH000115: Hibernate connection pool size: 20 (min=1)
INFO  [2019-01-18 18:32:38,377] org.hibernate.dialect.Dialect: HHH000400: Using dialect: org.hibernate.dialect.H2Dialect
INFO  [2019-01-18 18:32:38,393] org.hibernate.type.BasicTypeRegistry: HHH000270: Type registration [java.util.Currency] overrides previous : org.hibernate.type.CurrencyType@e826b1a
INFO  [2019-01-18 18:32:38,394] org.hibernate.type.BasicTypeRegistry: HHH000270: Type registration [java.time.Duration] overrides previous : org.hibernate.type.DurationType@5c37f9a7
INFO  [2019-01-18 18:32:38,394] org.hibernate.type.BasicTypeRegistry: HHH000270: Type registration [java.time.Instant] overrides previous : org.hibernate.type.InstantType@8b08228
INFO  [2019-01-18 18:32:38,394] org.hibernate.type.BasicTypeRegistry: HHH000270: Type registration [java.time.LocalDate] overrides previous : org.hibernate.type.LocalDateType@3d2897a2
INFO  [2019-01-18 18:32:38,395] org.hibernate.type.BasicTypeRegistry: HHH000270: Type registration [java.time.LocalDateTime] overrides previous : org.hibernate.type.LocalDateTimeType@20eff1a6
INFO  [2019-01-18 18:32:38,395] org.hibernate.type.BasicTypeRegistry: HHH000270: Type registration [java.time.LocalTime] overrides previous : org.hibernate.type.LocalTimeType@43f6cedd
INFO  [2019-01-18 18:32:38,395] org.hibernate.type.BasicTypeRegistry: HHH000270: Type registration [java.time.OffsetDateTime] overrides previous : org.hibernate.type.OffsetDateTimeType@4fdbb549
INFO  [2019-01-18 18:32:38,395] org.hibernate.type.BasicTypeRegistry: HHH000270: Type registration [java.time.OffsetTime] overrides previous : org.hibernate.type.OffsetTimeType@3637ae97
INFO  [2019-01-18 18:32:38,395] org.hibernate.type.BasicTypeRegistry: HHH000270: Type registration [java.time.ZonedDateTime] overrides previous : org.hibernate.type.ZonedDateTimeType@690a0b36
INFO  [2019-01-18 18:32:38,405] org.hibernate.orm.connections.access: HHH10001501: Connection obtained from JdbcConnectionAccess [org.hibernate.engine.jdbc.env.internal.JdbcEnvironmentInitiator$ConnectionProviderJdbcConnectionAccess@3db0144] for (non-JTA) DDL execution was not in auto-commit mode; the Connection 'local transaction' will be committed and the Connection will be set into auto-commit mode.
INFO  [2019-01-18 18:32:38,406] org.hibernate.orm.connections.access: HHH10001501: Connection obtained from JdbcConnectionAccess [org.hibernate.engine.jdbc.env.internal.JdbcEnvironmentInitiator$ConnectionProviderJdbcConnectionAccess@372aa389] for (non-JTA) DDL execution was not in auto-commit mode; the Connection 'local transaction' will be committed and the Connection will be set into auto-commit mode.
INFO  [2019-01-18 18:32:38,408] org.hibernate.tool.schema.internal.SchemaCreatorImpl: HHH000476: Executing import script 'org.hibernate.tool.schema.internal.exec.ScriptSourceInputNonExistentImpl@7e788982'
INFO  [2019-01-18 18:32:38,408] org.hibernate.hql.internal.QueryTranslatorFactoryInitiator: HHH000397: Using ASTQueryTranslatorFactory
INFO  [2019-01-18 18:32:38,416] org.hibernate.engine.internal.StatisticalLoggingSessionEventListener: Session Metrics {
    9712 nanoseconds spent acquiring 1 JDBC connections;
    41883 nanoseconds spent releasing 1 JDBC connections;
    104671 nanoseconds spent preparing 1 JDBC statements;
    393643 nanoseconds spent executing 1 JDBC statements;
    0 nanoseconds spent executing 0 JDBC batches;
    0 nanoseconds spent performing 0 L2C puts;
    0 nanoseconds spent performing 0 L2C hits;
    0 nanoseconds spent performing 0 L2C misses;
    267317 nanoseconds spent executing 1 flushes (flushing a total of 1 entities and 0 collections);
    0 nanoseconds spent executing 0 partial-flushes (flushing a total of 0 entities and 0 collections)
}
[INFO] Tests run: 3, Failures: 0, Errors: 0, Skipped: 0, Time elapsed: 0.249 s - in com.example.helloworld.db.PersonDAOTest
[INFO] 
[INFO] Results:
[INFO] 
[INFO] Tests run: 22, Failures: 0, Errors: 0, Skipped: 0
[INFO] 
[INFO] 
[INFO] --- maven-jar-plugin:3.1.0:jar (default-jar) @ dropwizard-example ---
[INFO] Building jar: /var/lib/jenkins/workspace/Application/release/target/dropwizard-example.jar
[INFO] 
[INFO] >>> maven-source-plugin:3.0.1:jar (attach-sources) > generate-sources @ dropwizard-example >>>
[INFO] 
[INFO] --- maven-enforcer-plugin:1.4.1:enforce (enforce) @ dropwizard-example ---
[INFO] 
[INFO] --- maven-checkstyle-plugin:3.0.0:check (checkstyle) @ dropwizard-example ---
[INFO] 
[INFO] --- jacoco-maven-plugin:0.8.2:prepare-agent (prepare-agent) @ dropwizard-example ---
[INFO] argLine set to -javaagent:/var/lib/jenkins/.m2/repository/org/jacoco/org.jacoco.agent/0.8.2/org.jacoco.agent-0.8.2-runtime.jar=destfile=/var/lib/jenkins/workspace/Application/release/target/jacoco.exec
[INFO] 
[INFO] <<< maven-source-plugin:3.0.1:jar (attach-sources) < generate-sources @ dropwizard-example <<<
[INFO] 
[INFO] 
[INFO] --- maven-source-plugin:3.0.1:jar (attach-sources) @ dropwizard-example ---
[INFO] Building jar: /var/lib/jenkins/workspace/Application/release/target/dropwizard-example-sources.jar
[INFO] 
[INFO] --- maven-shade-plugin:3.2.1:shade (default) @ dropwizard-example ---
[INFO] Including io.dropwizard:dropwizard-core:jar:1.3.7 in the shaded jar.
[INFO] Including io.dropwizard:dropwizard-util:jar:1.3.7 in the shaded jar.
[INFO] Including com.fasterxml.jackson.core:jackson-annotations:jar:2.9.0 in the shaded jar.
[INFO] Including com.google.guava:guava:jar:24.0-jre in the shaded jar.
[INFO] Including org.checkerframework:checker-compat-qual:jar:2.0.0 in the shaded jar.
[INFO] Including com.google.errorprone:error_prone_annotations:jar:2.1.3 in the shaded jar.
[INFO] Including com.google.j2objc:j2objc-annotations:jar:1.1 in the shaded jar.
[INFO] Including org.codehaus.mojo:animal-sniffer-annotations:jar:1.14 in the shaded jar.
[INFO] Including com.google.code.findbugs:jsr305:jar:3.0.2 in the shaded jar.
[INFO] Including joda-time:joda-time:jar:2.9.9 in the shaded jar.
[INFO] Including io.dropwizard:dropwizard-jackson:jar:1.3.7 in the shaded jar.
[INFO] Including com.fasterxml.jackson.core:jackson-core:jar:2.9.6 in the shaded jar.
[INFO] Including com.fasterxml.jackson.core:jackson-databind:jar:2.9.6 in the shaded jar.
[INFO] Including com.fasterxml.jackson.datatype:jackson-datatype-guava:jar:2.9.6 in the shaded jar.
[INFO] Including com.fasterxml.jackson.datatype:jackson-datatype-jsr310:jar:2.9.6 in the shaded jar.
[INFO] Including com.fasterxml.jackson.datatype:jackson-datatype-jdk8:jar:2.9.6 in the shaded jar.
[INFO] Including com.fasterxml.jackson.module:jackson-module-parameter-names:jar:2.9.6 in the shaded jar.
[INFO] Including com.fasterxml.jackson.module:jackson-module-afterburner:jar:2.9.6 in the shaded jar.
[INFO] Including com.fasterxml.jackson.datatype:jackson-datatype-joda:jar:2.9.6 in the shaded jar.
[INFO] Including org.slf4j:slf4j-api:jar:1.7.25 in the shaded jar.
[INFO] Including io.dropwizard:dropwizard-validation:jar:1.3.7 in the shaded jar.
[INFO] Including org.hibernate:hibernate-validator:jar:5.4.2.Final in the shaded jar.
[INFO] Including org.jboss.logging:jboss-logging:jar:3.3.0.Final in the shaded jar.
[INFO] Including org.glassfish:javax.el:jar:3.0.0 in the shaded jar.
[INFO] Including org.javassist:javassist:jar:3.22.0-GA in the shaded jar.
[INFO] Including io.dropwizard:dropwizard-configuration:jar:1.3.7 in the shaded jar.
[INFO] Including com.fasterxml.jackson.dataformat:jackson-dataformat-yaml:jar:2.9.6 in the shaded jar.
[INFO] Including org.yaml:snakeyaml:jar:1.18 in the shaded jar.
[INFO] Including org.apache.commons:commons-lang3:jar:3.7 in the shaded jar.
[INFO] Including org.apache.commons:commons-text:jar:1.2 in the shaded jar.
[INFO] Including io.dropwizard:dropwizard-logging:jar:1.3.7 in the shaded jar.
[INFO] Including io.dropwizard.metrics:metrics-logback:jar:4.0.2 in the shaded jar.
[INFO] Including org.slf4j:jul-to-slf4j:jar:1.7.25 in the shaded jar.
[INFO] Including ch.qos.logback:logback-core:jar:1.2.3 in the shaded jar.
[INFO] Including ch.qos.logback:logback-classic:jar:1.2.3 in the shaded jar.
[INFO] Including org.slf4j:log4j-over-slf4j:jar:1.7.25 in the shaded jar.
[INFO] Including org.slf4j:jcl-over-slf4j:jar:1.7.25 in the shaded jar.
[INFO] Including org.eclipse.jetty:jetty-util:jar:9.4.11.v20180605 in the shaded jar.
[INFO] Including io.dropwizard:dropwizard-metrics:jar:1.3.7 in the shaded jar.
[INFO] Including io.dropwizard:dropwizard-jersey:jar:1.3.7 in the shaded jar.
[INFO] Including org.glassfish.jersey.ext:jersey-metainf-services:jar:2.25.1 in the shaded jar.
[INFO] Including org.glassfish.jersey.ext:jersey-bean-validation:jar:2.25.1 in the shaded jar.
[INFO] Including io.dropwizard.metrics:metrics-jersey2:jar:4.0.2 in the shaded jar.
[INFO] Including com.fasterxml.jackson.jaxrs:jackson-jaxrs-json-provider:jar:2.9.6 in the shaded jar.
[INFO] Including com.fasterxml.jackson.jaxrs:jackson-jaxrs-base:jar:2.9.6 in the shaded jar.
[INFO] Including com.fasterxml.jackson.module:jackson-module-jaxb-annotations:jar:2.9.6 in the shaded jar.
[INFO] Including org.glassfish.jersey.containers:jersey-container-servlet:jar:2.25.1 in the shaded jar.
[INFO] Including org.eclipse.jetty:jetty-server:jar:9.4.11.v20180605 in the shaded jar.
[INFO] Including javax.servlet:javax.servlet-api:jar:3.1.0 in the shaded jar.
[INFO] Including org.eclipse.jetty:jetty-webapp:jar:9.4.11.v20180605 in the shaded jar.
[INFO] Including org.eclipse.jetty:jetty-xml:jar:9.4.11.v20180605 in the shaded jar.
[INFO] Including org.eclipse.jetty:jetty-continuation:jar:9.4.11.v20180605 in the shaded jar.
[INFO] Including io.dropwizard:dropwizard-servlets:jar:1.3.7 in the shaded jar.
[INFO] Including io.dropwizard.metrics:metrics-annotation:jar:4.0.2 in the shaded jar.
[INFO] Including io.dropwizard:dropwizard-jetty:jar:1.3.7 in the shaded jar.
[INFO] Including io.dropwizard.metrics:metrics-jetty9:jar:4.0.2 in the shaded jar.
[INFO] Including org.eclipse.jetty:jetty-servlet:jar:9.4.11.v20180605 in the shaded jar.
[INFO] Including org.eclipse.jetty:jetty-security:jar:9.4.11.v20180605 in the shaded jar.
[INFO] Including org.eclipse.jetty:jetty-servlets:jar:9.4.11.v20180605 in the shaded jar.
[INFO] Including org.eclipse.jetty:jetty-http:jar:9.4.11.v20180605 in the shaded jar.
[INFO] Including io.dropwizard:dropwizard-lifecycle:jar:1.3.7 in the shaded jar.
[INFO] Including io.dropwizard.metrics:metrics-core:jar:4.0.2 in the shaded jar.
[INFO] Including io.dropwizard.metrics:metrics-jvm:jar:4.0.2 in the shaded jar.
[INFO] Including io.dropwizard.metrics:metrics-jmx:jar:4.0.2 in the shaded jar.
[INFO] Including io.dropwizard.metrics:metrics-servlets:jar:4.0.2 in the shaded jar.
[INFO] Including io.dropwizard.metrics:metrics-json:jar:4.0.2 in the shaded jar.
[INFO] Including com.papertrail:profiler:jar:1.0.2 in the shaded jar.
[INFO] Including io.dropwizard.metrics:metrics-healthchecks:jar:4.0.2 in the shaded jar.
[INFO] Including io.dropwizard:dropwizard-request-logging:jar:1.3.7 in the shaded jar.
[INFO] Including ch.qos.logback:logback-access:jar:1.2.3 in the shaded jar.
[INFO] Including net.sourceforge.argparse4j:argparse4j:jar:0.8.1 in the shaded jar.
[INFO] Including org.eclipse.jetty.toolchain.setuid:jetty-setuid-java:jar:1.0.3 in the shaded jar.
[INFO] Including io.dropwizard:dropwizard-auth:jar:1.3.7 in the shaded jar.
[INFO] Including io.dropwizard:dropwizard-assets:jar:1.3.7 in the shaded jar.
[INFO] Including io.dropwizard:dropwizard-http2:jar:1.3.7 in the shaded jar.
[INFO] Including org.eclipse.jetty.http2:http2-server:jar:9.4.11.v20180605 in the shaded jar.
[INFO] Including org.eclipse.jetty.http2:http2-common:jar:9.4.11.v20180605 in the shaded jar.
[INFO] Including org.eclipse.jetty.http2:http2-hpack:jar:9.4.11.v20180605 in the shaded jar.
[INFO] Including org.eclipse.jetty:jetty-alpn-openjdk8-server:jar:9.4.11.v20180605 in the shaded jar.
[INFO] Including org.eclipse.jetty:jetty-alpn-server:jar:9.4.11.v20180605 in the shaded jar.
[INFO] Including org.eclipse.jetty:jetty-io:jar:9.4.11.v20180605 in the shaded jar.
[INFO] Including io.dropwizard:dropwizard-hibernate:jar:1.3.7 in the shaded jar.
[INFO] Including io.dropwizard:dropwizard-db:jar:1.3.7 in the shaded jar.
[INFO] Including org.apache.tomcat:tomcat-jdbc:jar:9.0.5 in the shaded jar.
[INFO] Including org.apache.tomcat:tomcat-juli:jar:9.0.5 in the shaded jar.
[INFO] Including com.fasterxml.jackson.datatype:jackson-datatype-hibernate5:jar:2.9.6 in the shaded jar.
[INFO] Including org.jadira.usertype:usertype.core:jar:7.0.0.CR1 in the shaded jar.
[INFO] Including org.jadira.usertype:usertype.spi:jar:7.0.0.CR1 in the shaded jar.
[INFO] Including org.hibernate:hibernate-core:jar:5.2.15.Final in the shaded jar.
[INFO] Including org.hibernate.javax.persistence:hibernate-jpa-2.1-api:jar:1.0.0.Final in the shaded jar.
[INFO] Including antlr:antlr:jar:2.7.7 in the shaded jar.
[INFO] Including org.jboss.spec.javax.transaction:jboss-transaction-api_1.2_spec:jar:1.0.1.Final in the shaded jar.
[INFO] Including org.jboss:jandex:jar:2.0.3.Final in the shaded jar.
[INFO] Including com.fasterxml:classmate:jar:1.3.4 in the shaded jar.
[INFO] Including dom4j:dom4j:jar:1.6.1 in the shaded jar.
[INFO] Including org.hibernate.common:hibernate-commons-annotations:jar:5.0.1.Final in the shaded jar.
[INFO] Including io.dropwizard:dropwizard-migrations:jar:1.3.7 in the shaded jar.
[INFO] Including org.liquibase:liquibase-core:jar:3.6.1 in the shaded jar.
[INFO] Including com.mattbertolini:liquibase-slf4j:jar:2.0.0 in the shaded jar.
[INFO] Including io.dropwizard:dropwizard-views-freemarker:jar:1.3.7 in the shaded jar.
[INFO] Including io.dropwizard:dropwizard-views:jar:1.3.7 in the shaded jar.
[INFO] Including org.freemarker:freemarker:jar:2.3.27-incubating in the shaded jar.
[INFO] Including io.dropwizard:dropwizard-views-mustache:jar:1.3.7 in the shaded jar.
[INFO] Including com.github.spullara.mustache.java:compiler:jar:0.9.5 in the shaded jar.
[INFO] Including io.dropwizard:dropwizard-metrics-graphite:jar:1.3.7 in the shaded jar.
[INFO] Including io.dropwizard.metrics:metrics-graphite:jar:4.0.2 in the shaded jar.
[INFO] Including com.rabbitmq:amqp-client:jar:4.4.1 in the shaded jar.
[INFO] Including com.h2database:h2:jar:1.4.197 in the shaded jar.
[INFO] Including mysql:mysql-connector-java:jar:8.0.13 in the shaded jar.
[INFO] Including com.google.protobuf:protobuf-java:jar:3.6.1 in the shaded jar.
[INFO] Including org.glassfish.jersey.containers:jersey-container-servlet-core:jar:2.25.1 in the shaded jar.
[INFO] Including org.glassfish.jersey.core:jersey-server:jar:2.25.1 in the shaded jar.
[INFO] Including org.glassfish.jersey.core:jersey-common:jar:2.25.1 in the shaded jar.
[INFO] Including org.glassfish.jersey.bundles.repackaged:jersey-guava:jar:2.25.1 in the shaded jar.
[INFO] Including org.glassfish.hk2:osgi-resource-locator:jar:1.0.1 in the shaded jar.
[INFO] Including javax.ws.rs:javax.ws.rs-api:jar:2.0.1 in the shaded jar.
[INFO] Including org.glassfish.jersey.media:jersey-media-jaxb:jar:2.25.1 in the shaded jar.
[INFO] Including javax.annotation:javax.annotation-api:jar:1.2 in the shaded jar.
[INFO] Including org.glassfish.hk2:hk2-api:jar:2.5.0-b32 in the shaded jar.
[INFO] Including org.glassfish.hk2:hk2-utils:jar:2.5.0-b32 in the shaded jar.
[INFO] Including org.glassfish.hk2.external:aopalliance-repackaged:jar:2.5.0-b32 in the shaded jar.
[INFO] Including org.glassfish.hk2.external:javax.inject:jar:2.5.0-b32 in the shaded jar.
[INFO] Including org.glassfish.hk2:hk2-locator:jar:2.5.0-b32 in the shaded jar.
[INFO] Including javax.validation:validation-api:jar:1.1.0.Final in the shaded jar.
[INFO] Including org.glassfish.jersey.core:jersey-client:jar:2.25.1 in the shaded jar.
[INFO] Replacing original artifact with shaded artifact.
[INFO] Replacing /var/lib/jenkins/workspace/Application/release/target/dropwizard-example.jar with /var/lib/jenkins/workspace/Application/release/target/dropwizard-example-0.0.1-SNAPSHOT-shaded.jar
[INFO] Dependency-reduced POM written at: /var/lib/jenkins/workspace/Application/release/dependency-reduced-pom.xml
[INFO] ------------------------------------------------------------------------
[INFO] BUILD SUCCESS
[INFO] ------------------------------------------------------------------------
[INFO] Total time: 25.594 s
[INFO] Finished at: 2019-01-18T18:32:44Z
[INFO] Final Memory: 43M/457M
[INFO] ------------------------------------------------------------------------
+ aws s3 cp target/dropwizard-example.jar s3://30daysdevops/dropwizard/release/dropwizard-example-0.0.18.jar
Completed 256.0 KiB/33.1 MiB (2.5 MiB/s) with 1 file(s) remainingCompleted 512.0 KiB/33.1 MiB (4.7 MiB/s) with 1 file(s) remainingCompleted 768.0 KiB/33.1 MiB (6.7 MiB/s) with 1 file(s) remainingCompleted 1.0 MiB/33.1 MiB (8.6 MiB/s) with 1 file(s) remaining  Completed 1.2 MiB/33.1 MiB (8.1 MiB/s) with 1 file(s) remaining  Completed 1.5 MiB/33.1 MiB (9.7 MiB/s) with 1 file(s) remaining  Completed 1.8 MiB/33.1 MiB (11.0 MiB/s) with 1 file(s) remaining Completed 2.0 MiB/33.1 MiB (12.4 MiB/s) with 1 file(s) remaining Completed 2.2 MiB/33.1 MiB (14.0 MiB/s) with 1 file(s) remaining Completed 2.5 MiB/33.1 MiB (15.1 MiB/s) with 1 file(s) remaining Completed 2.8 MiB/33.1 MiB (16.5 MiB/s) with 1 file(s) remaining Completed 3.0 MiB/33.1 MiB (17.6 MiB/s) with 1 file(s) remaining Completed 3.2 MiB/33.1 MiB (19.0 MiB/s) with 1 file(s) remaining Completed 3.5 MiB/33.1 MiB (20.4 MiB/s) with 1 file(s) remaining Completed 3.8 MiB/33.1 MiB (21.2 MiB/s) with 1 file(s) remaining Completed 4.0 MiB/33.1 MiB (22.3 MiB/s) with 1 file(s) remaining Completed 4.2 MiB/33.1 MiB (23.6 MiB/s) with 1 file(s) remaining Completed 4.5 MiB/33.1 MiB (24.2 MiB/s) with 1 file(s) remaining Completed 4.8 MiB/33.1 MiB (25.5 MiB/s) with 1 file(s) remaining Completed 5.0 MiB/33.1 MiB (26.2 MiB/s) with 1 file(s) remaining Completed 5.2 MiB/33.1 MiB (27.5 MiB/s) with 1 file(s) remaining Completed 5.5 MiB/33.1 MiB (27.6 MiB/s) with 1 file(s) remaining Completed 5.8 MiB/33.1 MiB (28.8 MiB/s) with 1 file(s) remaining Completed 6.0 MiB/33.1 MiB (29.8 MiB/s) with 1 file(s) remaining Completed 6.2 MiB/33.1 MiB (30.9 MiB/s) with 1 file(s) remaining Completed 6.3 MiB/33.1 MiB (30.8 MiB/s) with 1 file(s) remaining Completed 6.6 MiB/33.1 MiB (31.4 MiB/s) with 1 file(s) remaining Completed 6.8 MiB/33.1 MiB (32.3 MiB/s) with 1 file(s) remaining Completed 7.1 MiB/33.1 MiB (33.3 MiB/s) with 1 file(s) remaining Completed 7.3 MiB/33.1 MiB (34.0 MiB/s) with 1 file(s) remaining Completed 7.6 MiB/33.1 MiB (34.3 MiB/s) with 1 file(s) remaining Completed 7.8 MiB/33.1 MiB (35.3 MiB/s) with 1 file(s) remaining Completed 8.1 MiB/33.1 MiB (36.4 MiB/s) with 1 file(s) remaining Completed 8.3 MiB/33.1 MiB (37.3 MiB/s) with 1 file(s) remaining Completed 8.6 MiB/33.1 MiB (37.4 MiB/s) with 1 file(s) remaining Completed 8.8 MiB/33.1 MiB (38.0 MiB/s) with 1 file(s) remaining Completed 9.1 MiB/33.1 MiB (38.8 MiB/s) with 1 file(s) remaining Completed 9.3 MiB/33.1 MiB (39.2 MiB/s) with 1 file(s) remaining Completed 9.6 MiB/33.1 MiB (40.1 MiB/s) with 1 file(s) remaining Completed 9.8 MiB/33.1 MiB (40.3 MiB/s) with 1 file(s) remaining Completed 10.1 MiB/33.1 MiB (41.3 MiB/s) with 1 file(s) remainingCompleted 10.3 MiB/33.1 MiB (42.2 MiB/s) with 1 file(s) remainingCompleted 10.6 MiB/33.1 MiB (43.1 MiB/s) with 1 file(s) remainingCompleted 10.8 MiB/33.1 MiB (42.2 MiB/s) with 1 file(s) remainingCompleted 11.1 MiB/33.1 MiB (42.9 MiB/s) with 1 file(s) remainingCompleted 11.3 MiB/33.1 MiB (43.6 MiB/s) with 1 file(s) remainingCompleted 11.6 MiB/33.1 MiB (43.8 MiB/s) with 1 file(s) remainingCompleted 11.8 MiB/33.1 MiB (44.1 MiB/s) with 1 file(s) remainingCompleted 12.1 MiB/33.1 MiB (44.7 MiB/s) with 1 file(s) remainingCompleted 12.3 MiB/33.1 MiB (45.6 MiB/s) with 1 file(s) remainingCompleted 12.6 MiB/33.1 MiB (46.4 MiB/s) with 1 file(s) remainingCompleted 12.8 MiB/33.1 MiB (46.3 MiB/s) with 1 file(s) remainingCompleted 13.1 MiB/33.1 MiB (47.0 MiB/s) with 1 file(s) remainingCompleted 13.3 MiB/33.1 MiB (47.9 MiB/s) with 1 file(s) remainingCompleted 13.6 MiB/33.1 MiB (48.6 MiB/s) with 1 file(s) remainingCompleted 13.8 MiB/33.1 MiB (48.6 MiB/s) with 1 file(s) remainingCompleted 14.1 MiB/33.1 MiB (49.0 MiB/s) with 1 file(s) remainingCompleted 14.3 MiB/33.1 MiB (49.2 MiB/s) with 1 file(s) remainingCompleted 14.6 MiB/33.1 MiB (49.9 MiB/s) with 1 file(s) remainingCompleted 14.8 MiB/33.1 MiB (50.4 MiB/s) with 1 file(s) remainingCompleted 15.1 MiB/33.1 MiB (51.2 MiB/s) with 1 file(s) remainingCompleted 15.3 MiB/33.1 MiB (51.2 MiB/s) with 1 file(s) remainingCompleted 15.6 MiB/33.1 MiB (51.6 MiB/s) with 1 file(s) remainingCompleted 15.8 MiB/33.1 MiB (52.1 MiB/s) with 1 file(s) remainingCompleted 16.1 MiB/33.1 MiB (52.4 MiB/s) with 1 file(s) remainingCompleted 16.3 MiB/33.1 MiB (53.1 MiB/s) with 1 file(s) remainingCompleted 16.6 MiB/33.1 MiB (53.8 MiB/s) with 1 file(s) remainingCompleted 16.8 MiB/33.1 MiB (52.9 MiB/s) with 1 file(s) remainingCompleted 17.1 MiB/33.1 MiB (53.6 MiB/s) with 1 file(s) remainingCompleted 17.3 MiB/33.1 MiB (54.3 MiB/s) with 1 file(s) remainingCompleted 17.6 MiB/33.1 MiB (53.9 MiB/s) with 1 file(s) remainingCompleted 17.8 MiB/33.1 MiB (54.5 MiB/s) with 1 file(s) remainingCompleted 18.1 MiB/33.1 MiB (54.9 MiB/s) with 1 file(s) remainingCompleted 18.3 MiB/33.1 MiB (55.4 MiB/s) with 1 file(s) remainingCompleted 18.6 MiB/33.1 MiB (56.0 MiB/s) with 1 file(s) remainingCompleted 18.8 MiB/33.1 MiB (56.3 MiB/s) with 1 file(s) remainingCompleted 19.1 MiB/33.1 MiB (56.3 MiB/s) with 1 file(s) remainingCompleted 19.3 MiB/33.1 MiB (56.9 MiB/s) with 1 file(s) remainingCompleted 19.6 MiB/33.1 MiB (57.0 MiB/s) with 1 file(s) remainingCompleted 19.8 MiB/33.1 MiB (57.2 MiB/s) with 1 file(s) remainingCompleted 20.1 MiB/33.1 MiB (57.6 MiB/s) with 1 file(s) remainingCompleted 20.3 MiB/33.1 MiB (58.1 MiB/s) with 1 file(s) remainingCompleted 20.6 MiB/33.1 MiB (58.6 MiB/s) with 1 file(s) remainingCompleted 20.8 MiB/33.1 MiB (58.3 MiB/s) with 1 file(s) remainingCompleted 21.1 MiB/33.1 MiB (58.3 MiB/s) with 1 file(s) remainingCompleted 21.3 MiB/33.1 MiB (58.3 MiB/s) with 1 file(s) remainingCompleted 21.6 MiB/33.1 MiB (58.8 MiB/s) with 1 file(s) remainingCompleted 21.8 MiB/33.1 MiB (59.4 MiB/s) with 1 file(s) remainingCompleted 22.1 MiB/33.1 MiB (59.7 MiB/s) with 1 file(s) remainingCompleted 22.3 MiB/33.1 MiB (59.8 MiB/s) with 1 file(s) remainingCompleted 22.6 MiB/33.1 MiB (60.4 MiB/s) with 1 file(s) remainingCompleted 22.8 MiB/33.1 MiB (60.0 MiB/s) with 1 file(s) remainingCompleted 23.1 MiB/33.1 MiB (60.6 MiB/s) with 1 file(s) remainingCompleted 23.3 MiB/33.1 MiB (61.2 MiB/s) with 1 file(s) remainingCompleted 23.6 MiB/33.1 MiB (61.8 MiB/s) with 1 file(s) remainingCompleted 23.8 MiB/33.1 MiB (61.8 MiB/s) with 1 file(s) remainingCompleted 24.1 MiB/33.1 MiB (61.5 MiB/s) with 1 file(s) remainingCompleted 24.3 MiB/33.1 MiB (61.6 MiB/s) with 1 file(s) remainingCompleted 24.6 MiB/33.1 MiB (62.0 MiB/s) with 1 file(s) remainingCompleted 24.8 MiB/33.1 MiB (62.3 MiB/s) with 1 file(s) remainingCompleted 25.1 MiB/33.1 MiB (62.7 MiB/s) with 1 file(s) remainingCompleted 25.3 MiB/33.1 MiB (63.1 MiB/s) with 1 file(s) remainingCompleted 25.6 MiB/33.1 MiB (63.1 MiB/s) with 1 file(s) remainingCompleted 25.8 MiB/33.1 MiB (63.1 MiB/s) with 1 file(s) remainingCompleted 26.1 MiB/33.1 MiB (62.8 MiB/s) with 1 file(s) remainingCompleted 26.3 MiB/33.1 MiB (62.8 MiB/s) with 1 file(s) remainingCompleted 26.6 MiB/33.1 MiB (63.4 MiB/s) with 1 file(s) remainingCompleted 26.8 MiB/33.1 MiB (63.1 MiB/s) with 1 file(s) remainingCompleted 27.1 MiB/33.1 MiB (63.6 MiB/s) with 1 file(s) remainingCompleted 27.3 MiB/33.1 MiB (63.8 MiB/s) with 1 file(s) remainingCompleted 27.6 MiB/33.1 MiB (63.3 MiB/s) with 1 file(s) remainingCompleted 27.8 MiB/33.1 MiB (63.5 MiB/s) with 1 file(s) remainingCompleted 28.1 MiB/33.1 MiB (64.0 MiB/s) with 1 file(s) remainingCompleted 28.3 MiB/33.1 MiB (64.1 MiB/s) with 1 file(s) remainingCompleted 28.6 MiB/33.1 MiB (64.1 MiB/s) with 1 file(s) remainingCompleted 28.8 MiB/33.1 MiB (64.5 MiB/s) with 1 file(s) remainingCompleted 29.1 MiB/33.1 MiB (64.6 MiB/s) with 1 file(s) remainingCompleted 29.3 MiB/33.1 MiB (64.3 MiB/s) with 1 file(s) remainingCompleted 29.6 MiB/33.1 MiB (64.7 MiB/s) with 1 file(s) remainingCompleted 29.8 MiB/33.1 MiB (64.6 MiB/s) with 1 file(s) remainingCompleted 30.1 MiB/33.1 MiB (64.7 MiB/s) with 1 file(s) remainingCompleted 30.3 MiB/33.1 MiB (65.1 MiB/s) with 1 file(s) remainingCompleted 30.6 MiB/33.1 MiB (65.0 MiB/s) with 1 file(s) remainingCompleted 30.8 MiB/33.1 MiB (65.3 MiB/s) with 1 file(s) remainingCompleted 31.1 MiB/33.1 MiB (65.3 MiB/s) with 1 file(s) remainingCompleted 31.3 MiB/33.1 MiB (65.8 MiB/s) with 1 file(s) remainingCompleted 31.6 MiB/33.1 MiB (66.0 MiB/s) with 1 file(s) remainingCompleted 31.8 MiB/33.1 MiB (65.4 MiB/s) with 1 file(s) remainingCompleted 32.1 MiB/33.1 MiB (65.4 MiB/s) with 1 file(s) remainingCompleted 32.3 MiB/33.1 MiB (65.6 MiB/s) with 1 file(s) remainingCompleted 32.6 MiB/33.1 MiB (65.8 MiB/s) with 1 file(s) remainingCompleted 32.8 MiB/33.1 MiB (66.2 MiB/s) with 1 file(s) remainingCompleted 33.1 MiB/33.1 MiB (66.2 MiB/s) with 1 file(s) remainingupload: target/dropwizard-example.jar to s3://30daysdevops/dropwizard/release/dropwizard-example-0.0.18.jar
+ sed -i 's/^defaultName:.*/defaultName: DropWizard-0.0.18/' mysql.yml
+ aws s3 cp mysql.yml s3://30daysdevops/dropwizard/release/mysql.yml
Completed 2.5 KiB/2.5 KiB (40.0 KiB/s) with 1 file(s) remainingupload: ./mysql.yml to s3://30daysdevops/dropwizard/release/mysql.yml
+ cp target/dropwizard-example.jar dropwizard.jar
++ aws secretsmanager get-secret-value --region us-east-1 --secret-id rds_db_password --output json --version-stage AWSCURRENT
++ jq .SecretString -r
++ jq .password -r
+ dbpass=jD6Y#%k2
+ sed -i 's/\spassword:.*/ password: jD6Y#%k2/' mysql.yml
+ docker build -t dropwizard .
Sending build context to Docker daemon  70.57MB
Step 1/8 : FROM openjdk:8-jre-alpine
 ---> 7e72a7dcf7dc
Step 2/8 : WORKDIR /
 ---> Using cache
 ---> 8dd1abe86e40
Step 3/8 : ADD dropwizard.jar dropwizard.jar
 ---> 5632929fece2
Step 4/8 : ADD mysql.yml mysql.yml
 ---> de085e8e1cd4
Step 5/8 : EXPOSE 8080
 ---> Running in 60f7f61fbe51
Removing intermediate container 60f7f61fbe51
 ---> b78dee6a1b7e
Step 6/8 : EXPOSE 8081
 ---> Running in bcabc4508c39
Removing intermediate container bcabc4508c39
 ---> 22f6b30c6799
Step 7/8 : CMD java -Xmx750M -jar dropwizard.jar server mysql.yml
 ---> Running in f56326059a49
Removing intermediate container f56326059a49
 ---> a649e3b8b12e
Step 8/8 : LABEL "com.datadoghq.ad.logs"='[{"environment": "qa", "source": "application", "service": "dropwizard"}]'
 ---> Running in 8dfad8b62870
Removing intermediate container 8dfad8b62870
 ---> d2002c251644
Successfully built d2002c251644
Successfully tagged dropwizard:latest
++ aws ecr get-login --no-include-email --region us-east-1
+ docker login -u AWS -p eyJwYXlsb2FkIjoiTU13c2pISDU3Q3Zqb3h6VGxJZU9yL0swMWk0NDdsWEVRNnd4RWV6d0tWVDUvb2l0c2hxcytSU1M5dkVGMjZNVnplRElEd0FJVnlJczZwbWVWamRlWm8vRU14WThPa0c5MjVIVVRLdENWSzRiOWk2djRtS3FMTGdLeENjeENXQW5EVm9la0RZNkdXeEQ4Tk0rRW1CVWplM3ljb21QK3FNZWVLQkh0bW56aUNnS2s0UDREK2o3SER0U2tpeVo2Wk9NaVVjTjl5QjM2dVEvN0kzRXkzZkIrckl5VGhGZGQ0U1d2ajdlSkhuS2hkZE92alVZbzJoUHVrU1VpRXJTSzR6Y2hsdEJLNXozczVGK1UxRDRCNlNtM0N3bnRQVFhKSTRqTXJZQzhWRmZCLy9hZkEyQTJYa3FjeXZGY0FYR2VHY3B6NEJ5M25QWm1OSmF1bEN2cHgxRmpiNXNDdlNFaUpBc0Y4THBuWWlOL0Q1N0lmdXhMTHpmclRnd1ZwNnJIbUFFZ3FESmNiQUo5K1lMZnVId3V4cktjcCtPbTYrQnJTR0cvM1VVMnZmdEprZmUwN3F1cWFFNjF6SGZla3M0aW8ybGFJaHcwK1h2Z0VwZHI1YkZkTDdrY29sSEQ4QnpNNUhPNVNEV1JDOWhTWE9ZSWI3bDNzYmlWRXZFOTVzczlDQUI3VU15N25JOWgyMnpkMjM5OUsydnNSOFNJTmRpbGh4TkpnTzY2NGlpcFVCZXlqWEJteUVGZExqWEdBQVhaK2tnWjN1ZXQxbmdkTzNFSzdsR0xMdHFrUml3SkI1d0p0TnV2NFFmeE1XZTNJMXJlcksxd1dndDhYekNKM2loRm0wZzNJUnJ5aU9EK1grbFJPamhkaWRBeTFnamo0R0tEL28zVi9xZE5ReXF6UkV5Q21ZWVZONVp6M01pYnBMSlJCclNkT3U1UURLYXgxRVQ2c25hZURseE9BTlQxcUdpZmxua0I2SE9IcXlkYXZMSVdaRFM3OWV0TEFlMmY0ZUVHLzRkVFczdjBKRlJDekdHQXU2NDdzLytSdnVnRTJ4OExrdXhEcHNLakg2MkZuNG1pbWlPWkc5cFhIVUdQVldCSmhhQmRyT05nakRsZUNXQTlmRXkrVHFjZW5YRm9IUFZ2SGl6SHBFbUt3VjdYbG5aQmpRV1FTMU9JVHpFamQ1UkFMelJaaWplTkRuUmVJRDI5RzBHcjEwbjNpeGVUcXBCOEhEaDdlMGVaVmhQaGs1Um02ZWlRckRrR3FJVlhzVE96OUx2ck9ONkdIWGFobjZTVFprRkZ6M1dacHZVWGYrMVl3Z09YcHZ6dkl1SXRBTFdjenpHK25EK3RuMnhNOUZINExGWjIzL0VtZDk0bW8xNlIyb1M5QzZWVHdSOFNMRWNCVHZIU080dnczclp5aC96OGp5eGVyWjA3bzYva3hjcTlpOS9lSTJnWnBXQnBJK3lQSnRnc2VMR00yQ3g0NHBXOXB1SlJMZlZxaEVDSWdYREt6aGdyemZVRmMvNjM0UGw2UndBOHZGMEhDeTFqQVpOblJlSkp6a1RyUnRHQ0MrUmRjTU40QzFjNGFKR2JkeUwyNnFEUHFqdFlCd0VRaS93Undkek1LbXkrcGd5SmQ2azFCZlFqSTY1RlZ3b0xNQ0hWMFo5RmVKRjFja0FpdXU5dUM1T1B0UWs0WUthYSs1NnptTWZadUhNSWlETDVER1QrbXNCWjJJYzIyUkk2ZFFhUTFvT3h2Q0U5dUFQRnJ5djlXRW83NWFWRklYaDQrTGJCUjlIeXVEN0NQSzAyYU80N2dvK2dvMXNwaWJLa05OcXBNTHBpWTB3R01JSjVNYnFjNzhzWDdBdnROMjlkS0lqZFhMWUdkUS9mR29oSi80b0FiSlJHcWFVRkgrT1QyV3Q5d0U4YnFpbkhJQlJXRVJOWnJTbnh4cytSVDlIcUt6dzAyNldBeHovZGJoUndFTTlBd0FGM0dxcDdocGhDUWZsbkIrdEtaSWRPQnNvcElpTDFNQ0Z1dGswc2kyUksyRXgvZzZJN3NETkxCaC9EVWdkQ3E3bkYvcEhYcDhURVNxaG1iUC9yUzFEYlVZdWJaME55UXA2dmFRPSIsImRhdGFrZXkiOiJBUUVCQUhod20wWWFJU0plUnRKbTVuMUc2dXFlZWtYdW9YWFBlNVVGY2U5UnE4LzE0d0FBQUg0d2ZBWUpLb1pJaHZjTkFRY0dvRzh3YlFJQkFEQm9CZ2txaGtpRzl3MEJCd0V3SGdZSllJWklBV1VEQkFFdU1CRUVESk5lQXdXcTNIVXY0MUdoVUFJQkVJQTdWNEcwREk1TGZ1bzB5ZnVDV3Y3eit0eFNXRVhRWDAwaXVHVmdQUllQMTVpeDhuOWliT2pIQlVXeEpVbjdDYk9xZ1o3QjJQaTZGL0cxcW5JPSIsInZlcnNpb24iOiIyIiwidHlwZSI6IkRBVEFfS0VZIiwiZXhwaXJhdGlvbiI6MTU0Nzg3OTU3MH0= https://230883561944.dkr.ecr.us-east-1.amazonaws.com
WARNING! Using --password via the CLI is insecure. Use --password-stdin.
WARNING! Your password will be stored unencrypted in /var/lib/jenkins/.docker/config.json.
Configure a credential helper to remove this warning. See
https://docs.docker.com/engine/reference/commandline/login/#credentials-store

Login Succeeded
+ docker tag dropwizard:latest 230883561944.dkr.ecr.us-east-1.amazonaws.com/dropwizard:0.0.18
+ docker push 230883561944.dkr.ecr.us-east-1.amazonaws.com/dropwizard:0.0.18
The push refers to repository [230883561944.dkr.ecr.us-east-1.amazonaws.com/dropwizard]
3c8212acca61: Preparing
de11fec24e21: Preparing
382d47ad6dc1: Preparing
dbc783c89851: Preparing
7bff100f35cb: Preparing
dbc783c89851: Layer already exists
7bff100f35cb: Layer already exists
382d47ad6dc1: Layer already exists
3c8212acca61: Pushed
de11fec24e21: Pushed
0.0.18: digest: sha256:b6f335d18714c9dc47aa102ec0aa6713b001df11f304187359786c7769ceacb3 size: 1367
 > git tag -l 0.0.18 # timeout=10
 > git tag -a -f -m Jenkins Git plugin tagging with 0.0.18 0.0.18 # timeout=10
Pushing tag 0.0.18 to repo origin
 > git --version # timeout=10
 > git push git@github.com:babinskiy/dropwizard-example.git 0.0.18
Finished: SUCCESS
