Started by user [8mha:////4JrjmSRx4qOtNYMMhYugXsyw+fINujBQhhzqimlc3f+QAAAAkx+LCAAAAAAAAP9b85aBtbiIQTGjNKU4P08vOT+vOD8nVc83PyU1x6OyILUoJzMv2y+/JJUBAhiZGBgqihhk0NSjKDWzXb3RdlLBUSYGJk8GtpzUvPSSDB8G5tKinBIGIZ+sxLJE/ZzEvHT94JKizLx0a6BxUmjGOUNodHsLgAyWEgYu/dLi1CIwAQDYegtJvwAAAA==[0muser
Building in workspace /var/lib/jenkins/workspace/Application/release
[WS-CLEANUP] Deleting project workspace...
[WS-CLEANUP] Deferred wipeout is used...
[WS-CLEANUP] Done
Cloning the remote Git repository
Cloning repository git@github.com:babinskiy/dropwizard-example.git
 > git init /var/lib/jenkins/workspace/Application/release # timeout=10
Fetching upstream changes from git@github.com:babinskiy/dropwizard-example.git
 > git --version # timeout=10
 > git fetch --tags --progress git@github.com:babinskiy/dropwizard-example.git +refs/heads/*:refs/remotes/origin/*
 > git config remote.origin.url git@github.com:babinskiy/dropwizard-example.git # timeout=10
 > git config --add remote.origin.fetch +refs/heads/*:refs/remotes/origin/* # timeout=10
 > git config remote.origin.url git@github.com:babinskiy/dropwizard-example.git # timeout=10
Fetching upstream changes from git@github.com:babinskiy/dropwizard-example.git
 > git fetch --tags --progress git@github.com:babinskiy/dropwizard-example.git +refs/heads/*:refs/remotes/origin/*
 > git rev-parse refs/remotes/origin/master^{commit} # timeout=10
 > git rev-parse refs/remotes/origin/origin/master^{commit} # timeout=10
Checking out Revision afbe63f3a12b580a77a9b8a391cc18dd6897f4f2 (refs/remotes/origin/master)
 > git config core.sparsecheckout # timeout=10
 > git checkout -f afbe63f3a12b580a77a9b8a391cc18dd6897f4f2
Commit message: "Delete DB password"
 > git rev-list --no-walk afbe63f3a12b580a77a9b8a391cc18dd6897f4f2 # timeout=10
[release] $ /bin/sh -xe /tmp/jenkins1301172265077472544.sh
+ mvn clean package
[INFO] Scanning for projects...
[INFO] 
[INFO] ------------------------------------------------------------------------
[INFO] Building Dropwizard Example Application 0.0.1-SNAPSHOT
[INFO] ------------------------------------------------------------------------
[INFO] 
[INFO] --- maven-clean-plugin:3.1.0:clean (default-clean) @ dropwizard-example ---
[INFO] 
[INFO] --- maven-enforcer-plugin:1.4.1:enforce (enforce) @ dropwizard-example ---
[INFO] 
[INFO] --- maven-checkstyle-plugin:3.0.0:check (checkstyle) @ dropwizard-example ---
[INFO] 
[INFO] --- jacoco-maven-plugin:0.8.2:prepare-agent (prepare-agent) @ dropwizard-example ---
[INFO] argLine set to -javaagent:/var/lib/jenkins/.m2/repository/org/jacoco/org.jacoco.agent/0.8.2/org.jacoco.agent-0.8.2-runtime.jar=destfile=/var/lib/jenkins/workspace/Application/release/target/jacoco.exec
[INFO] 
[INFO] --- maven-resources-plugin:3.1.0:resources (default-resources) @ dropwizard-example ---
[INFO] Using 'UTF-8' encoding to copy filtered resources.
[INFO] Copying 10 resources
[INFO] 
[INFO] --- maven-compiler-plugin:3.8.0:compile (default-compile) @ dropwizard-example ---
[INFO] Changes detected - recompiling the module!
[INFO] Compiling 23 source files to /var/lib/jenkins/workspace/Application/release/target/classes
[INFO] 
[INFO] --- maven-resources-plugin:3.1.0:testResources (default-testResources) @ dropwizard-example ---
[INFO] Using 'UTF-8' encoding to copy filtered resources.
[INFO] Copying 1 resource
[INFO] 
[INFO] --- maven-compiler-plugin:3.8.0:testCompile (default-testCompile) @ dropwizard-example ---
[INFO] Changes detected - recompiling the module!
[INFO] Compiling 6 source files to /var/lib/jenkins/workspace/Application/release/target/test-classes
[INFO] 
[INFO] --- maven-surefire-plugin:2.22.1:test (default-test) @ dropwizard-example ---
[INFO] 
[INFO] -------------------------------------------------------
[INFO]  T E S T S
[INFO] -------------------------------------------------------
[INFO] Running com.example.helloworld.resources.PersonResourceTest
22:05:26.742 [main] DEBUG org.jboss.logging - Logging Provider: org.jboss.logging.Slf4jLoggerProvider
22:05:26.748 [main] INFO org.hibernate.validator.internal.util.Version - HV000001: Hibernate Validator 5.4.2.Final
22:05:26.807 [main] DEBUG org.hibernate.validator.internal.engine.resolver.DefaultTraversableResolver - Found javax.persistence.Persistence on classpath containing 'getPersistenceUtil'. Assuming JPA 2 environment. Trying to instantiate JPA aware TraversableResolver
22:05:26.817 [main] DEBUG org.hibernate.validator.internal.engine.resolver.DefaultTraversableResolver - Instantiated JPA aware TraversableResolver of type org.hibernate.validator.internal.engine.resolver.JPATraversableResolver.
22:05:26.824 [main] DEBUG org.hibernate.validator.internal.engine.ConfigurationImpl - Setting custom ParameterNameProvider of type io.dropwizard.jersey.validation.JerseyParameterNameProvider
22:05:26.830 [main] DEBUG org.hibernate.validator.internal.xml.ValidationXmlParser - Trying to load META-INF/validation.xml for XML based Validator configuration.
22:05:26.832 [main] DEBUG org.hibernate.validator.internal.xml.ResourceLoaderHelper - Trying to load META-INF/validation.xml via TCCL
22:05:26.835 [main] DEBUG org.hibernate.validator.internal.xml.ResourceLoaderHelper - Trying to load META-INF/validation.xml via Hibernate Validator's class loader
22:05:26.835 [main] DEBUG org.hibernate.validator.internal.xml.ValidationXmlParser - No META-INF/validation.xml found. Using annotation based configuration only.
[INFO] Tests run: 2, Failures: 0, Errors: 0, Skipped: 0, Time elapsed: 5.323 s - in com.example.helloworld.resources.PersonResourceTest
[INFO] Running com.example.helloworld.resources.ProtectedClassResourceTest
[INFO] Tests run: 5, Failures: 0, Errors: 0, Skipped: 0, Time elapsed: 0.28 s - in com.example.helloworld.resources.ProtectedClassResourceTest
[INFO] Running com.example.helloworld.resources.ProtectedResourceTest
[INFO] Tests run: 5, Failures: 0, Errors: 0, Skipped: 0, Time elapsed: 0.245 s - in com.example.helloworld.resources.ProtectedResourceTest
[INFO] Running com.example.helloworld.resources.PeopleResourceTest
[INFO] Tests run: 2, Failures: 0, Errors: 0, Skipped: 0, Time elapsed: 0.183 s - in com.example.helloworld.resources.PeopleResourceTest
[INFO] Running com.example.helloworld.IntegrationTest
INFO  [2019-01-18 22:05:31,195] io.dropwizard.server.DefaultServerFactory: Registering jersey handler with root path prefix: /
INFO  [2019-01-18 22:05:31,201] io.dropwizard.server.DefaultServerFactory: Registering admin handler with root path prefix: /
INFO  [2019-01-18 22:05:31,203] io.dropwizard.assets.AssetsBundle: Registering AssetBundle with name: assets for path /assets/*
INFO  [2019-01-18 22:05:31,502] org.hibernate.Version: HHH000412: Hibernate Core {5.2.15.Final}
INFO  [2019-01-18 22:05:31,504] org.hibernate.cfg.Environment: HHH000206: hibernate.properties not found
INFO  [2019-01-18 22:05:31,523] io.dropwizard.hibernate.SessionFactoryFactory: Entity classes: [com.example.helloworld.core.Person]
INFO  [2019-01-18 22:05:31,562] org.hibernate.annotations.common.Version: HCANN000001: Hibernate Commons Annotations {5.0.1.Final}
INFO  [2019-01-18 22:05:32,260] org.hibernate.dialect.Dialect: HHH000400: Using dialect: org.hibernate.dialect.H2Dialect
INFO  [2019-01-18 22:05:32,802] org.hibernate.type.BasicTypeRegistry: HHH000270: Type registration [java.util.Currency] overrides previous : org.hibernate.type.CurrencyType@233de714
INFO  [2019-01-18 22:05:32,802] org.hibernate.type.BasicTypeRegistry: HHH000270: Type registration [java.time.Duration] overrides previous : org.hibernate.type.DurationType@45aefed8
INFO  [2019-01-18 22:05:32,803] org.hibernate.type.BasicTypeRegistry: HHH000270: Type registration [java.time.Instant] overrides previous : org.hibernate.type.InstantType@333915a
INFO  [2019-01-18 22:05:32,803] org.hibernate.type.BasicTypeRegistry: HHH000270: Type registration [java.time.LocalDate] overrides previous : org.hibernate.type.LocalDateType@6f07bc19
INFO  [2019-01-18 22:05:32,803] org.hibernate.type.BasicTypeRegistry: HHH000270: Type registration [java.time.LocalDateTime] overrides previous : org.hibernate.type.LocalDateTimeType@234ef3aa
INFO  [2019-01-18 22:05:32,804] org.hibernate.type.BasicTypeRegistry: HHH000270: Type registration [java.time.LocalTime] overrides previous : org.hibernate.type.LocalTimeType@11249125
INFO  [2019-01-18 22:05:32,804] org.hibernate.type.BasicTypeRegistry: HHH000270: Type registration [java.time.OffsetDateTime] overrides previous : org.hibernate.type.OffsetDateTimeType@e826b1a
INFO  [2019-01-18 22:05:32,806] org.hibernate.type.BasicTypeRegistry: HHH000270: Type registration [java.time.OffsetTime] overrides previous : org.hibernate.type.OffsetTimeType@5c37f9a7
INFO  [2019-01-18 22:05:32,813] org.hibernate.type.BasicTypeRegistry: HHH000270: Type registration [java.time.ZonedDateTime] overrides previous : org.hibernate.type.ZonedDateTimeType@8b08228
INFO  [2019-01-18 22:05:33,155] org.hibernate.hql.internal.QueryTranslatorFactoryInitiator: HHH000397: Using ASTQueryTranslatorFactory
INFO  [2019-01-18 22:05:33,316] io.dropwizard.server.ServerFactory: Starting hello-world
                           web-scale hello world dP for the web
                                                 88
  .d8888b. dP.  .dP .d8888b. 88d8b.d8b. 88d888b. 88 .d8888b.
  88ooood8  `8bd8'  88'  `88 88'`88'`88 88'  `88 88 88ooood8
  88.  ...  .d88b.  88.  .88 88  88  88 88.  .88 88 88.  ...
  `88888P' dP'  `dP `88888P8 dP  dP  dP 88Y888P' dP `88888P'
                                        88
                                        dP

INFO  [2019-01-18 22:05:33,463] org.eclipse.jetty.setuid.SetUIDListener: Opened application@1d3d957f{HTTP/1.1,[http/1.1]}{0.0.0.0:39099}
INFO  [2019-01-18 22:05:33,464] org.eclipse.jetty.setuid.SetUIDListener: Opened admin@5ff4e3c1{HTTP/1.1,[http/1.1]}{0.0.0.0:39107}
INFO  [2019-01-18 22:05:33,467] org.eclipse.jetty.server.Server: jetty-9.4.11.v20180605; built: 2018-06-05T18:24:03.829Z; git: d5fc0523cfa96bfebfbda19606cad384d772f04c; jvm 1.8.0_191-b12
INFO  [2019-01-18 22:05:33,675] io.dropwizard.jersey.DropwizardResourceConfig: The following paths were found for the configured resources:

    GET     /filtered/hello (com.example.helloworld.resources.FilteredResource)
    GET     /hello-world (com.example.helloworld.resources.HelloWorldResource)
    POST    /hello-world (com.example.helloworld.resources.HelloWorldResource)
    GET     /hello-world/date (com.example.helloworld.resources.HelloWorldResource)
    GET     /people (com.example.helloworld.resources.PeopleResource)
    POST    /people (com.example.helloworld.resources.PeopleResource)
    GET     /people/{personId} (com.example.helloworld.resources.PersonResource)
    GET     /people/{personId}/view_freemarker (com.example.helloworld.resources.PersonResource)
    GET     /people/{personId}/view_mustache (com.example.helloworld.resources.PersonResource)
    GET     /protected (com.example.helloworld.resources.ProtectedResource)
    GET     /protected/admin (com.example.helloworld.resources.ProtectedResource)
    GET     /views/iso88591.ftl (com.example.helloworld.resources.ViewResource)
    GET     /views/iso88591.mustache (com.example.helloworld.resources.ViewResource)
    GET     /views/utf8.ftl (com.example.helloworld.resources.ViewResource)
    GET     /views/utf8.mustache (com.example.helloworld.resources.ViewResource)

INFO  [2019-01-18 22:05:33,688] org.eclipse.jetty.server.handler.ContextHandler: Started i.d.j.MutableServletContextHandler@37f77e0b{/,null,AVAILABLE}
INFO  [2019-01-18 22:05:33,694] io.dropwizard.setup.AdminEnvironment: tasks = 

    POST    /tasks/echo (com.example.helloworld.tasks.EchoTask)
    POST    /tasks/log-level (io.dropwizard.servlets.tasks.LogConfigurationTask)
    POST    /tasks/gc (io.dropwizard.servlets.tasks.GarbageCollectionTask)

INFO  [2019-01-18 22:05:33,705] org.eclipse.jetty.server.handler.ContextHandler: Started i.d.j.MutableServletContextHandler@7fac34ca{/,null,AVAILABLE}
INFO  [2019-01-18 22:05:33,719] org.eclipse.jetty.server.AbstractConnector: Started application@1d3d957f{HTTP/1.1,[http/1.1]}{0.0.0.0:39099}
INFO  [2019-01-18 22:05:33,720] org.eclipse.jetty.server.AbstractConnector: Started admin@5ff4e3c1{HTTP/1.1,[http/1.1]}{0.0.0.0:39107}
INFO  [2019-01-18 22:05:33,736] org.eclipse.jetty.server.Server: Started @11090ms
INFO  [2019-01-18 22:05:34,655] liquibase.executor.jvm.JdbcExecutor: SELECT COUNT(*) FROM PUBLIC.DATABASECHANGELOGLOCK
INFO  [2019-01-18 22:05:34,669] liquibase.executor.jvm.JdbcExecutor: CREATE TABLE PUBLIC.DATABASECHANGELOGLOCK (ID INT NOT NULL, LOCKED BOOLEAN NOT NULL, LOCKGRANTED TIMESTAMP, LOCKEDBY VARCHAR(255), CONSTRAINT PK_DATABASECHANGELOGLOCK PRIMARY KEY (ID))
INFO  [2019-01-18 22:05:34,679] liquibase.executor.jvm.JdbcExecutor: SELECT COUNT(*) FROM PUBLIC.DATABASECHANGELOGLOCK
INFO  [2019-01-18 22:05:34,683] liquibase.executor.jvm.JdbcExecutor: DELETE FROM PUBLIC.DATABASECHANGELOGLOCK
INFO  [2019-01-18 22:05:34,685] liquibase.executor.jvm.JdbcExecutor: INSERT INTO PUBLIC.DATABASECHANGELOGLOCK (ID, LOCKED) VALUES (1, FALSE)
INFO  [2019-01-18 22:05:34,689] liquibase.executor.jvm.JdbcExecutor: SELECT LOCKED FROM PUBLIC.DATABASECHANGELOGLOCK WHERE ID=1
INFO  [2019-01-18 22:05:34,703] liquibase.lockservice.StandardLockService: Successfully acquired change log lock
INFO  [2019-01-18 22:05:35,711] liquibase.changelog.StandardChangeLogHistoryService: Creating database history table with name: PUBLIC.DATABASECHANGELOG
INFO  [2019-01-18 22:05:35,713] liquibase.executor.jvm.JdbcExecutor: CREATE TABLE PUBLIC.DATABASECHANGELOG (ID VARCHAR(255) NOT NULL, AUTHOR VARCHAR(255) NOT NULL, FILENAME VARCHAR(255) NOT NULL, DATEEXECUTED TIMESTAMP NOT NULL, ORDEREXECUTED INT NOT NULL, EXECTYPE VARCHAR(10) NOT NULL, MD5SUM VARCHAR(35), DESCRIPTION VARCHAR(255), COMMENTS VARCHAR(255), TAG VARCHAR(255), LIQUIBASE VARCHAR(20), CONTEXTS VARCHAR(255), LABELS VARCHAR(255), DEPLOYMENT_ID VARCHAR(10))
INFO  [2019-01-18 22:05:35,716] liquibase.executor.jvm.JdbcExecutor: SELECT COUNT(*) FROM PUBLIC.DATABASECHANGELOG
INFO  [2019-01-18 22:05:35,716] liquibase.changelog.StandardChangeLogHistoryService: Reading from PUBLIC.DATABASECHANGELOG
INFO  [2019-01-18 22:05:35,720] liquibase.executor.jvm.JdbcExecutor: SELECT * FROM PUBLIC.DATABASECHANGELOG ORDER BY DATEEXECUTED ASC, ORDEREXECUTED ASC
INFO  [2019-01-18 22:05:35,724] liquibase.executor.jvm.JdbcExecutor: SELECT COUNT(*) FROM PUBLIC.DATABASECHANGELOGLOCK
INFO  [2019-01-18 22:05:35,742] liquibase.executor.jvm.JdbcExecutor: CREATE TABLE PUBLIC.people (id BIGINT AUTO_INCREMENT NOT NULL, fullName VARCHAR(255) NOT NULL, jobTitle VARCHAR(255), CONSTRAINT PK_PEOPLE PRIMARY KEY (id))
INFO  [2019-01-18 22:05:35,752] liquibase.changelog.ChangeSet: Table people created
INFO  [2019-01-18 22:05:35,752] liquibase.changelog.ChangeSet: ChangeSet migrations.xml::1::codahale ran successfully in 11ms
INFO  [2019-01-18 22:05:35,754] liquibase.executor.jvm.JdbcExecutor: SELECT MAX(ORDEREXECUTED) FROM PUBLIC.DATABASECHANGELOG
INFO  [2019-01-18 22:05:35,762] liquibase.executor.jvm.JdbcExecutor: INSERT INTO PUBLIC.DATABASECHANGELOG (ID, AUTHOR, FILENAME, DATEEXECUTED, ORDEREXECUTED, MD5SUM, DESCRIPTION, COMMENTS, EXECTYPE, CONTEXTS, LABELS, LIQUIBASE, DEPLOYMENT_ID) VALUES ('1', 'codahale', 'migrations.xml', NOW(), 1, '8:a466b7f04155c06f80453d6d5a36b55c', 'createTable tableName=people', '', 'EXECUTED', NULL, NULL, '3.6.1', '7849135724')
INFO  [2019-01-18 22:05:35,773] liquibase.lockservice.StandardLockService: Successfully released change log lock
INFO  [2019-01-18 22:05:36,138] org.hibernate.engine.internal.StatisticalLoggingSessionEventListener: Session Metrics {
    121519 nanoseconds spent acquiring 2 JDBC connections;
    70304 nanoseconds spent releasing 2 JDBC connections;
    7036763 nanoseconds spent preparing 1 JDBC statements;
    2447671 nanoseconds spent executing 1 JDBC statements;
    0 nanoseconds spent executing 0 JDBC batches;
    0 nanoseconds spent performing 0 L2C puts;
    0 nanoseconds spent performing 0 L2C hits;
    0 nanoseconds spent performing 0 L2C misses;
    4629507 nanoseconds spent executing 1 flushes (flushing a total of 1 entities and 0 collections);
    0 nanoseconds spent executing 0 partial-flushes (flushing a total of 0 entities and 0 collections)
}
127.0.0.1 - - [18/Jan/2019:22:05:36 +0000] "POST /people HTTP/1.1" 200 67 "-" "Jersey/2.25.1 (HttpUrlConnection 1.8.0_191)" 208
INFO  [2019-01-18 22:05:36,216] org.hibernate.engine.internal.StatisticalLoggingSessionEventListener: Session Metrics {
    91398 nanoseconds spent acquiring 2 JDBC connections;
    65794 nanoseconds spent releasing 2 JDBC connections;
    415383 nanoseconds spent preparing 1 JDBC statements;
    252966 nanoseconds spent executing 1 JDBC statements;
    0 nanoseconds spent executing 0 JDBC batches;
    0 nanoseconds spent performing 0 L2C puts;
    0 nanoseconds spent performing 0 L2C hits;
    0 nanoseconds spent performing 0 L2C misses;
    211049 nanoseconds spent executing 1 flushes (flushing a total of 1 entities and 0 collections);
    0 nanoseconds spent executing 0 partial-flushes (flushing a total of 0 entities and 0 collections)
}
127.0.0.1 - - [18/Jan/2019:22:05:36 +0000] "GET /people/1/view_mustache HTTP/1.1" 200 205 "-" "Jersey/2.25.1 (HttpUrlConnection 1.8.0_191)" 68
INFO  [2019-01-18 22:05:36,247] org.hibernate.engine.internal.StatisticalLoggingSessionEventListener: Session Metrics {
    84838 nanoseconds spent acquiring 2 JDBC connections;
    48255 nanoseconds spent releasing 2 JDBC connections;
    81107 nanoseconds spent preparing 1 JDBC statements;
    663522 nanoseconds spent executing 1 JDBC statements;
    0 nanoseconds spent executing 0 JDBC batches;
    0 nanoseconds spent performing 0 L2C puts;
    0 nanoseconds spent performing 0 L2C hits;
    0 nanoseconds spent performing 0 L2C misses;
    184009 nanoseconds spent executing 1 flushes (flushing a total of 1 entities and 0 collections);
    0 nanoseconds spent executing 0 partial-flushes (flushing a total of 0 entities and 0 collections)
}
127.0.0.1 - - [18/Jan/2019:22:05:36 +0000] "POST /people HTTP/1.1" 200 67 "-" "Jersey/2.25.1 (HttpUrlConnection 1.8.0_191)" 13
INFO  [2019-01-18 22:05:36,261] org.hibernate.engine.internal.StatisticalLoggingSessionEventListener: Session Metrics {
    76722 nanoseconds spent acquiring 2 JDBC connections;
    46039 nanoseconds spent releasing 2 JDBC connections;
    64055 nanoseconds spent preparing 1 JDBC statements;
    245247 nanoseconds spent executing 1 JDBC statements;
    0 nanoseconds spent executing 0 JDBC batches;
    0 nanoseconds spent performing 0 L2C puts;
    0 nanoseconds spent performing 0 L2C hits;
    0 nanoseconds spent performing 0 L2C misses;
    168193 nanoseconds spent executing 1 flushes (flushing a total of 1 entities and 0 collections);
    0 nanoseconds spent executing 0 partial-flushes (flushing a total of 0 entities and 0 collections)
}
127.0.0.1 - - [18/Jan/2019:22:05:36 +0000] "POST /people HTTP/1.1" 200 67 "-" "Jersey/2.25.1 (HttpUrlConnection 1.8.0_191)" 6
127.0.0.1 - - [18/Jan/2019:22:05:36 +0000] "GET /people/3/view_freemarker HTTP/1.1" 200 270 "-" "Jersey/2.25.1 (HttpUrlConnection 1.8.0_191)" 200
INFO  [2019-01-18 22:05:36,462] org.hibernate.engine.internal.StatisticalLoggingSessionEventListener: Session Metrics {
    374761 nanoseconds spent acquiring 2 JDBC connections;
    42080 nanoseconds spent releasing 2 JDBC connections;
    44828 nanoseconds spent preparing 1 JDBC statements;
    197116 nanoseconds spent executing 1 JDBC statements;
    0 nanoseconds spent executing 0 JDBC batches;
    0 nanoseconds spent performing 0 L2C puts;
    0 nanoseconds spent performing 0 L2C hits;
    0 nanoseconds spent performing 0 L2C misses;
    135163 nanoseconds spent executing 1 flushes (flushing a total of 1 entities and 0 collections);
    0 nanoseconds spent executing 0 partial-flushes (flushing a total of 0 entities and 0 collections)
}
INFO  [2019-01-18 22:05:36,492] org.eclipse.jetty.server.AbstractConnector: Stopped application@1d3d957f{HTTP/1.1,[http/1.1]}{0.0.0.0:0}
INFO  [2019-01-18 22:05:36,493] org.eclipse.jetty.server.AbstractConnector: Stopped admin@5ff4e3c1{HTTP/1.1,[http/1.1]}{0.0.0.0:0}
INFO  [2019-01-18 22:05:36,495] org.eclipse.jetty.server.handler.ContextHandler: Stopped i.d.j.MutableServletContextHandler@7fac34ca{/,null,UNAVAILABLE}
INFO  [2019-01-18 22:05:36,496] org.eclipse.jetty.server.handler.ContextHandler: Stopped i.d.j.MutableServletContextHandler@37f77e0b{/,null,UNAVAILABLE}
127.0.0.1 - - [18/Jan/2019:22:05:36 +0000] "GET /hello-world?name=Dr.+IntegrationTest HTTP/1.1" 200 48 "-" "Jersey/2.25.1 (HttpUrlConnection 1.8.0_191)" 20
[INFO] Tests run: 5, Failures: 0, Errors: 0, Skipped: 0, Time elapsed: 6.291 s - in com.example.helloworld.IntegrationTest
[INFO] Running com.example.helloworld.db.PersonDAOTest
WARN  [2019-01-18 22:05:36,547] org.hibernate.orm.connections.pooling: HHH10001002: Using Hibernate built-in connection pool (not for production use!)
INFO  [2019-01-18 22:05:36,549] org.hibernate.orm.connections.pooling: HHH10001005: using driver [org.h2.Driver] at URL [jdbc:h2:mem:fe805dbe-1255-409a-9276-f2941b09fa29]
INFO  [2019-01-18 22:05:36,549] org.hibernate.orm.connections.pooling: HHH10001001: Connection properties: {user=sa, password=}
INFO  [2019-01-18 22:05:36,549] org.hibernate.orm.connections.pooling: HHH10001003: Autocommit mode: false
INFO  [2019-01-18 22:05:36,553] org.hibernate.engine.jdbc.connections.internal.DriverManagerConnectionProviderImpl: HHH000115: Hibernate connection pool size: 20 (min=1)
INFO  [2019-01-18 22:05:36,560] org.hibernate.dialect.Dialect: HHH000400: Using dialect: org.hibernate.dialect.H2Dialect
INFO  [2019-01-18 22:05:36,596] org.hibernate.type.BasicTypeRegistry: HHH000270: Type registration [java.util.Currency] overrides previous : org.hibernate.type.CurrencyType@233de714
INFO  [2019-01-18 22:05:36,602] org.hibernate.type.BasicTypeRegistry: HHH000270: Type registration [java.time.Duration] overrides previous : org.hibernate.type.DurationType@45aefed8
INFO  [2019-01-18 22:05:36,602] org.hibernate.type.BasicTypeRegistry: HHH000270: Type registration [java.time.Instant] overrides previous : org.hibernate.type.InstantType@333915a
INFO  [2019-01-18 22:05:36,603] org.hibernate.type.BasicTypeRegistry: HHH000270: Type registration [java.time.LocalDate] overrides previous : org.hibernate.type.LocalDateType@6f07bc19
INFO  [2019-01-18 22:05:36,603] org.hibernate.type.BasicTypeRegistry: HHH000270: Type registration [java.time.LocalDateTime] overrides previous : org.hibernate.type.LocalDateTimeType@234ef3aa
INFO  [2019-01-18 22:05:36,604] org.hibernate.type.BasicTypeRegistry: HHH000270: Type registration [java.time.LocalTime] overrides previous : org.hibernate.type.LocalTimeType@11249125
INFO  [2019-01-18 22:05:36,605] org.hibernate.type.BasicTypeRegistry: HHH000270: Type registration [java.time.OffsetDateTime] overrides previous : org.hibernate.type.OffsetDateTimeType@e826b1a
INFO  [2019-01-18 22:05:36,605] org.hibernate.type.BasicTypeRegistry: HHH000270: Type registration [java.time.OffsetTime] overrides previous : org.hibernate.type.OffsetTimeType@5c37f9a7
INFO  [2019-01-18 22:05:36,607] org.hibernate.type.BasicTypeRegistry: HHH000270: Type registration [java.time.ZonedDateTime] overrides previous : org.hibernate.type.ZonedDateTimeType@8b08228
INFO  [2019-01-18 22:05:36,651] org.hibernate.orm.connections.access: HHH10001501: Connection obtained from JdbcConnectionAccess [org.hibernate.engine.jdbc.env.internal.JdbcEnvironmentInitiator$ConnectionProviderJdbcConnectionAccess@4d93e414] for (non-JTA) DDL execution was not in auto-commit mode; the Connection 'local transaction' will be committed and the Connection will be set into auto-commit mode.
INFO  [2019-01-18 22:05:36,659] org.hibernate.orm.connections.access: HHH10001501: Connection obtained from JdbcConnectionAccess [org.hibernate.engine.jdbc.env.internal.JdbcEnvironmentInitiator$ConnectionProviderJdbcConnectionAccess@22db324] for (non-JTA) DDL execution was not in auto-commit mode; the Connection 'local transaction' will be committed and the Connection will be set into auto-commit mode.
INFO  [2019-01-18 22:05:36,664] org.hibernate.tool.schema.internal.SchemaCreatorImpl: HHH000476: Executing import script 'org.hibernate.tool.schema.internal.exec.ScriptSourceInputNonExistentImpl@4b9447b1'
INFO  [2019-01-18 22:05:36,664] org.hibernate.hql.internal.QueryTranslatorFactoryInitiator: HHH000397: Using ASTQueryTranslatorFactory
INFO  [2019-01-18 22:05:36,735] org.hibernate.engine.internal.StatisticalLoggingSessionEventListener: Session Metrics {
    36628 nanoseconds spent acquiring 2 JDBC connections;
    137250 nanoseconds spent releasing 2 JDBC connections;
    10747153 nanoseconds spent preparing 4 JDBC statements;
    2225650 nanoseconds spent executing 4 JDBC statements;
    0 nanoseconds spent executing 0 JDBC batches;
    0 nanoseconds spent performing 0 L2C puts;
    0 nanoseconds spent performing 0 L2C hits;
    0 nanoseconds spent performing 0 L2C misses;
    2277754 nanoseconds spent executing 1 flushes (flushing a total of 3 entities and 0 collections);
    0 nanoseconds spent executing 0 partial-flushes (flushing a total of 0 entities and 0 collections)
}
WARN  [2019-01-18 22:05:36,741] org.hibernate.orm.connections.pooling: HHH10001002: Using Hibernate built-in connection pool (not for production use!)
INFO  [2019-01-18 22:05:36,741] org.hibernate.orm.connections.pooling: HHH10001005: using driver [org.h2.Driver] at URL [jdbc:h2:mem:395e35fd-deff-437e-99e0-dcbf2a9483b5]
INFO  [2019-01-18 22:05:36,742] org.hibernate.orm.connections.pooling: HHH10001001: Connection properties: {user=sa, password=}
INFO  [2019-01-18 22:05:36,752] org.hibernate.orm.connections.pooling: HHH10001003: Autocommit mode: false
INFO  [2019-01-18 22:05:36,753] org.hibernate.engine.jdbc.connections.internal.DriverManagerConnectionProviderImpl: HHH000115: Hibernate connection pool size: 20 (min=1)
INFO  [2019-01-18 22:05:36,764] org.hibernate.dialect.Dialect: HHH000400: Using dialect: org.hibernate.dialect.H2Dialect
INFO  [2019-01-18 22:05:36,786] org.hibernate.type.BasicTypeRegistry: HHH000270: Type registration [java.util.Currency] overrides previous : org.hibernate.type.CurrencyType@233de714
INFO  [2019-01-18 22:05:36,787] org.hibernate.type.BasicTypeRegistry: HHH000270: Type registration [java.time.Duration] overrides previous : org.hibernate.type.DurationType@45aefed8
INFO  [2019-01-18 22:05:36,789] org.hibernate.type.BasicTypeRegistry: HHH000270: Type registration [java.time.Instant] overrides previous : org.hibernate.type.InstantType@333915a
INFO  [2019-01-18 22:05:36,789] org.hibernate.type.BasicTypeRegistry: HHH000270: Type registration [java.time.LocalDate] overrides previous : org.hibernate.type.LocalDateType@6f07bc19
INFO  [2019-01-18 22:05:36,789] org.hibernate.type.BasicTypeRegistry: HHH000270: Type registration [java.time.LocalDateTime] overrides previous : org.hibernate.type.LocalDateTimeType@234ef3aa
INFO  [2019-01-18 22:05:36,789] org.hibernate.type.BasicTypeRegistry: HHH000270: Type registration [java.time.LocalTime] overrides previous : org.hibernate.type.LocalTimeType@11249125
INFO  [2019-01-18 22:05:36,790] org.hibernate.type.BasicTypeRegistry: HHH000270: Type registration [java.time.OffsetDateTime] overrides previous : org.hibernate.type.OffsetDateTimeType@e826b1a
INFO  [2019-01-18 22:05:36,792] org.hibernate.type.BasicTypeRegistry: HHH000270: Type registration [java.time.OffsetTime] overrides previous : org.hibernate.type.OffsetTimeType@5c37f9a7
INFO  [2019-01-18 22:05:36,792] org.hibernate.type.BasicTypeRegistry: HHH000270: Type registration [java.time.ZonedDateTime] overrides previous : org.hibernate.type.ZonedDateTimeType@8b08228
INFO  [2019-01-18 22:05:36,802] org.hibernate.orm.connections.access: HHH10001501: Connection obtained from JdbcConnectionAccess [org.hibernate.engine.jdbc.env.internal.JdbcEnvironmentInitiator$ConnectionProviderJdbcConnectionAccess@7fdbf2fb] for (non-JTA) DDL execution was not in auto-commit mode; the Connection 'local transaction' will be committed and the Connection will be set into auto-commit mode.
INFO  [2019-01-18 22:05:36,803] org.hibernate.orm.connections.access: HHH10001501: Connection obtained from JdbcConnectionAccess [org.hibernate.engine.jdbc.env.internal.JdbcEnvironmentInitiator$ConnectionProviderJdbcConnectionAccess@53c2657a] for (non-JTA) DDL execution was not in auto-commit mode; the Connection 'local transaction' will be committed and the Connection will be set into auto-commit mode.
INFO  [2019-01-18 22:05:36,805] org.hibernate.tool.schema.internal.SchemaCreatorImpl: HHH000476: Executing import script 'org.hibernate.tool.schema.internal.exec.ScriptSourceInputNonExistentImpl@4b9447b1'
INFO  [2019-01-18 22:05:36,805] org.hibernate.hql.internal.QueryTranslatorFactoryInitiator: HHH000397: Using ASTQueryTranslatorFactory
WARN  [2019-01-18 22:05:36,815] org.hibernate.engine.jdbc.spi.SqlExceptionHelper: SQL Error: 23502, SQLState: 23502
ERROR [2019-01-18 22:05:36,815] org.hibernate.engine.jdbc.spi.SqlExceptionHelper: NULL not allowed for column "FULLNAME"; SQL statement:
insert into people (id, fullName, jobTitle) values (null, ?, ?) [23502-197]
INFO  [2019-01-18 22:05:36,823] org.hibernate.engine.internal.StatisticalLoggingSessionEventListener: Session Metrics {
    11417 nanoseconds spent acquiring 1 JDBC connections;
    43956 nanoseconds spent releasing 1 JDBC connections;
    137826 nanoseconds spent preparing 1 JDBC statements;
    5406533 nanoseconds spent executing 1 JDBC statements;
    0 nanoseconds spent executing 0 JDBC batches;
    0 nanoseconds spent performing 0 L2C puts;
    0 nanoseconds spent performing 0 L2C hits;
    0 nanoseconds spent performing 0 L2C misses;
    0 nanoseconds spent executing 0 flushes (flushing a total of 0 entities and 0 collections);
    0 nanoseconds spent executing 0 partial-flushes (flushing a total of 0 entities and 0 collections)
}
WARN  [2019-01-18 22:05:36,829] org.hibernate.orm.connections.pooling: HHH10001002: Using Hibernate built-in connection pool (not for production use!)
INFO  [2019-01-18 22:05:36,829] org.hibernate.orm.connections.pooling: HHH10001005: using driver [org.h2.Driver] at URL [jdbc:h2:mem:6342e967-6e99-46fc-b973-4bd6b1d21765]
INFO  [2019-01-18 22:05:36,829] org.hibernate.orm.connections.pooling: HHH10001001: Connection properties: {user=sa, password=}
INFO  [2019-01-18 22:05:36,829] org.hibernate.orm.connections.pooling: HHH10001003: Autocommit mode: false
INFO  [2019-01-18 22:05:36,829] org.hibernate.engine.jdbc.connections.internal.DriverManagerConnectionProviderImpl: HHH000115: Hibernate connection pool size: 20 (min=1)
INFO  [2019-01-18 22:05:36,831] org.hibernate.dialect.Dialect: HHH000400: Using dialect: org.hibernate.dialect.H2Dialect
INFO  [2019-01-18 22:05:36,846] org.hibernate.type.BasicTypeRegistry: HHH000270: Type registration [java.util.Currency] overrides previous : org.hibernate.type.CurrencyType@233de714
INFO  [2019-01-18 22:05:36,848] org.hibernate.type.BasicTypeRegistry: HHH000270: Type registration [java.time.Duration] overrides previous : org.hibernate.type.DurationType@45aefed8
INFO  [2019-01-18 22:05:36,848] org.hibernate.type.BasicTypeRegistry: HHH000270: Type registration [java.time.Instant] overrides previous : org.hibernate.type.InstantType@333915a
INFO  [2019-01-18 22:05:36,848] org.hibernate.type.BasicTypeRegistry: HHH000270: Type registration [java.time.LocalDate] overrides previous : org.hibernate.type.LocalDateType@6f07bc19
INFO  [2019-01-18 22:05:36,848] org.hibernate.type.BasicTypeRegistry: HHH000270: Type registration [java.time.LocalDateTime] overrides previous : org.hibernate.type.LocalDateTimeType@234ef3aa
INFO  [2019-01-18 22:05:36,848] org.hibernate.type.BasicTypeRegistry: HHH000270: Type registration [java.time.LocalTime] overrides previous : org.hibernate.type.LocalTimeType@11249125
INFO  [2019-01-18 22:05:36,849] org.hibernate.type.BasicTypeRegistry: HHH000270: Type registration [java.time.OffsetDateTime] overrides previous : org.hibernate.type.OffsetDateTimeType@e826b1a
INFO  [2019-01-18 22:05:36,849] org.hibernate.type.BasicTypeRegistry: HHH000270: Type registration [java.time.OffsetTime] overrides previous : org.hibernate.type.OffsetTimeType@5c37f9a7
INFO  [2019-01-18 22:05:36,849] org.hibernate.type.BasicTypeRegistry: HHH000270: Type registration [java.time.ZonedDateTime] overrides previous : org.hibernate.type.ZonedDateTimeType@8b08228
INFO  [2019-01-18 22:05:36,859] org.hibernate.orm.connections.access: HHH10001501: Connection obtained from JdbcConnectionAccess [org.hibernate.engine.jdbc.env.internal.JdbcEnvironmentInitiator$ConnectionProviderJdbcConnectionAccess@7d08fd1f] for (non-JTA) DDL execution was not in auto-commit mode; the Connection 'local transaction' will be committed and the Connection will be set into auto-commit mode.
INFO  [2019-01-18 22:05:36,859] org.hibernate.orm.connections.access: HHH10001501: Connection obtained from JdbcConnectionAccess [org.hibernate.engine.jdbc.env.internal.JdbcEnvironmentInitiator$ConnectionProviderJdbcConnectionAccess@4220a0d6] for (non-JTA) DDL execution was not in auto-commit mode; the Connection 'local transaction' will be committed and the Connection will be set into auto-commit mode.
INFO  [2019-01-18 22:05:36,862] org.hibernate.tool.schema.internal.SchemaCreatorImpl: HHH000476: Executing import script 'org.hibernate.tool.schema.internal.exec.ScriptSourceInputNonExistentImpl@4b9447b1'
INFO  [2019-01-18 22:05:36,863] org.hibernate.hql.internal.QueryTranslatorFactoryInitiator: HHH000397: Using ASTQueryTranslatorFactory
INFO  [2019-01-18 22:05:36,871] org.hibernate.engine.internal.StatisticalLoggingSessionEventListener: Session Metrics {
    10299 nanoseconds spent acquiring 1 JDBC connections;
    41471 nanoseconds spent releasing 1 JDBC connections;
    103350 nanoseconds spent preparing 1 JDBC statements;
    390756 nanoseconds spent executing 1 JDBC statements;
    0 nanoseconds spent executing 0 JDBC batches;
    0 nanoseconds spent performing 0 L2C puts;
    0 nanoseconds spent performing 0 L2C hits;
    0 nanoseconds spent performing 0 L2C misses;
    245869 nanoseconds spent executing 1 flushes (flushing a total of 1 entities and 0 collections);
    0 nanoseconds spent executing 0 partial-flushes (flushing a total of 0 entities and 0 collections)
}
[INFO] Tests run: 3, Failures: 0, Errors: 0, Skipped: 0, Time elapsed: 0.349 s - in com.example.helloworld.db.PersonDAOTest
[INFO] 
[INFO] Results:
[INFO] 
[INFO] Tests run: 22, Failures: 0, Errors: 0, Skipped: 0
[INFO] 
[INFO] 
[INFO] --- maven-jar-plugin:3.1.0:jar (default-jar) @ dropwizard-example ---
[INFO] Building jar: /var/lib/jenkins/workspace/Application/release/target/dropwizard-example.jar
[INFO] 
[INFO] >>> maven-source-plugin:3.0.1:jar (attach-sources) > generate-sources @ dropwizard-example >>>
[INFO] 
[INFO] --- maven-enforcer-plugin:1.4.1:enforce (enforce) @ dropwizard-example ---
[INFO] 
[INFO] --- maven-checkstyle-plugin:3.0.0:check (checkstyle) @ dropwizard-example ---
[INFO] 
[INFO] --- jacoco-maven-plugin:0.8.2:prepare-agent (prepare-agent) @ dropwizard-example ---
[INFO] argLine set to -javaagent:/var/lib/jenkins/.m2/repository/org/jacoco/org.jacoco.agent/0.8.2/org.jacoco.agent-0.8.2-runtime.jar=destfile=/var/lib/jenkins/workspace/Application/release/target/jacoco.exec
[INFO] 
[INFO] <<< maven-source-plugin:3.0.1:jar (attach-sources) < generate-sources @ dropwizard-example <<<
[INFO] 
[INFO] 
[INFO] --- maven-source-plugin:3.0.1:jar (attach-sources) @ dropwizard-example ---
[INFO] Building jar: /var/lib/jenkins/workspace/Application/release/target/dropwizard-example-sources.jar
[INFO] 
[INFO] --- maven-shade-plugin:3.2.1:shade (default) @ dropwizard-example ---
[INFO] Including io.dropwizard:dropwizard-core:jar:1.3.7 in the shaded jar.
[INFO] Including io.dropwizard:dropwizard-util:jar:1.3.7 in the shaded jar.
[INFO] Including com.fasterxml.jackson.core:jackson-annotations:jar:2.9.0 in the shaded jar.
[INFO] Including com.google.guava:guava:jar:24.0-jre in the shaded jar.
[INFO] Including org.checkerframework:checker-compat-qual:jar:2.0.0 in the shaded jar.
[INFO] Including com.google.errorprone:error_prone_annotations:jar:2.1.3 in the shaded jar.
[INFO] Including com.google.j2objc:j2objc-annotations:jar:1.1 in the shaded jar.
[INFO] Including org.codehaus.mojo:animal-sniffer-annotations:jar:1.14 in the shaded jar.
[INFO] Including com.google.code.findbugs:jsr305:jar:3.0.2 in the shaded jar.
[INFO] Including joda-time:joda-time:jar:2.9.9 in the shaded jar.
[INFO] Including io.dropwizard:dropwizard-jackson:jar:1.3.7 in the shaded jar.
[INFO] Including com.fasterxml.jackson.core:jackson-core:jar:2.9.6 in the shaded jar.
[INFO] Including com.fasterxml.jackson.core:jackson-databind:jar:2.9.6 in the shaded jar.
[INFO] Including com.fasterxml.jackson.datatype:jackson-datatype-guava:jar:2.9.6 in the shaded jar.
[INFO] Including com.fasterxml.jackson.datatype:jackson-datatype-jsr310:jar:2.9.6 in the shaded jar.
[INFO] Including com.fasterxml.jackson.datatype:jackson-datatype-jdk8:jar:2.9.6 in the shaded jar.
[INFO] Including com.fasterxml.jackson.module:jackson-module-parameter-names:jar:2.9.6 in the shaded jar.
[INFO] Including com.fasterxml.jackson.module:jackson-module-afterburner:jar:2.9.6 in the shaded jar.
[INFO] Including com.fasterxml.jackson.datatype:jackson-datatype-joda:jar:2.9.6 in the shaded jar.
[INFO] Including org.slf4j:slf4j-api:jar:1.7.25 in the shaded jar.
[INFO] Including io.dropwizard:dropwizard-validation:jar:1.3.7 in the shaded jar.
[INFO] Including org.hibernate:hibernate-validator:jar:5.4.2.Final in the shaded jar.
[INFO] Including org.jboss.logging:jboss-logging:jar:3.3.0.Final in the shaded jar.
[INFO] Including org.glassfish:javax.el:jar:3.0.0 in the shaded jar.
[INFO] Including org.javassist:javassist:jar:3.22.0-GA in the shaded jar.
[INFO] Including io.dropwizard:dropwizard-configuration:jar:1.3.7 in the shaded jar.
[INFO] Including com.fasterxml.jackson.dataformat:jackson-dataformat-yaml:jar:2.9.6 in the shaded jar.
[INFO] Including org.yaml:snakeyaml:jar:1.18 in the shaded jar.
[INFO] Including org.apache.commons:commons-lang3:jar:3.7 in the shaded jar.
[INFO] Including org.apache.commons:commons-text:jar:1.2 in the shaded jar.
[INFO] Including io.dropwizard:dropwizard-logging:jar:1.3.7 in the shaded jar.
[INFO] Including io.dropwizard.metrics:metrics-logback:jar:4.0.2 in the shaded jar.
[INFO] Including org.slf4j:jul-to-slf4j:jar:1.7.25 in the shaded jar.
[INFO] Including ch.qos.logback:logback-core:jar:1.2.3 in the shaded jar.
[INFO] Including ch.qos.logback:logback-classic:jar:1.2.3 in the shaded jar.
[INFO] Including org.slf4j:log4j-over-slf4j:jar:1.7.25 in the shaded jar.
[INFO] Including org.slf4j:jcl-over-slf4j:jar:1.7.25 in the shaded jar.
[INFO] Including org.eclipse.jetty:jetty-util:jar:9.4.11.v20180605 in the shaded jar.
[INFO] Including io.dropwizard:dropwizard-metrics:jar:1.3.7 in the shaded jar.
[INFO] Including io.dropwizard:dropwizard-jersey:jar:1.3.7 in the shaded jar.
[INFO] Including org.glassfish.jersey.ext:jersey-metainf-services:jar:2.25.1 in the shaded jar.
[INFO] Including org.glassfish.jersey.ext:jersey-bean-validation:jar:2.25.1 in the shaded jar.
[INFO] Including io.dropwizard.metrics:metrics-jersey2:jar:4.0.2 in the shaded jar.
[INFO] Including com.fasterxml.jackson.jaxrs:jackson-jaxrs-json-provider:jar:2.9.6 in the shaded jar.
[INFO] Including com.fasterxml.jackson.jaxrs:jackson-jaxrs-base:jar:2.9.6 in the shaded jar.
[INFO] Including com.fasterxml.jackson.module:jackson-module-jaxb-annotations:jar:2.9.6 in the shaded jar.
[INFO] Including org.glassfish.jersey.containers:jersey-container-servlet:jar:2.25.1 in the shaded jar.
[INFO] Including org.eclipse.jetty:jetty-server:jar:9.4.11.v20180605 in the shaded jar.
[INFO] Including javax.servlet:javax.servlet-api:jar:3.1.0 in the shaded jar.
[INFO] Including org.eclipse.jetty:jetty-webapp:jar:9.4.11.v20180605 in the shaded jar.
[INFO] Including org.eclipse.jetty:jetty-xml:jar:9.4.11.v20180605 in the shaded jar.
[INFO] Including org.eclipse.jetty:jetty-continuation:jar:9.4.11.v20180605 in the shaded jar.
[INFO] Including io.dropwizard:dropwizard-servlets:jar:1.3.7 in the shaded jar.
[INFO] Including io.dropwizard.metrics:metrics-annotation:jar:4.0.2 in the shaded jar.
[INFO] Including io.dropwizard:dropwizard-jetty:jar:1.3.7 in the shaded jar.
[INFO] Including io.dropwizard.metrics:metrics-jetty9:jar:4.0.2 in the shaded jar.
[INFO] Including org.eclipse.jetty:jetty-servlet:jar:9.4.11.v20180605 in the shaded jar.
[INFO] Including org.eclipse.jetty:jetty-security:jar:9.4.11.v20180605 in the shaded jar.
[INFO] Including org.eclipse.jetty:jetty-servlets:jar:9.4.11.v20180605 in the shaded jar.
[INFO] Including org.eclipse.jetty:jetty-http:jar:9.4.11.v20180605 in the shaded jar.
[INFO] Including io.dropwizard:dropwizard-lifecycle:jar:1.3.7 in the shaded jar.
[INFO] Including io.dropwizard.metrics:metrics-core:jar:4.0.2 in the shaded jar.
[INFO] Including io.dropwizard.metrics:metrics-jvm:jar:4.0.2 in the shaded jar.
[INFO] Including io.dropwizard.metrics:metrics-jmx:jar:4.0.2 in the shaded jar.
[INFO] Including io.dropwizard.metrics:metrics-servlets:jar:4.0.2 in the shaded jar.
[INFO] Including io.dropwizard.metrics:metrics-json:jar:4.0.2 in the shaded jar.
[INFO] Including com.papertrail:profiler:jar:1.0.2 in the shaded jar.
[INFO] Including io.dropwizard.metrics:metrics-healthchecks:jar:4.0.2 in the shaded jar.
[INFO] Including io.dropwizard:dropwizard-request-logging:jar:1.3.7 in the shaded jar.
[INFO] Including ch.qos.logback:logback-access:jar:1.2.3 in the shaded jar.
[INFO] Including net.sourceforge.argparse4j:argparse4j:jar:0.8.1 in the shaded jar.
[INFO] Including org.eclipse.jetty.toolchain.setuid:jetty-setuid-java:jar:1.0.3 in the shaded jar.
[INFO] Including io.dropwizard:dropwizard-auth:jar:1.3.7 in the shaded jar.
[INFO] Including io.dropwizard:dropwizard-assets:jar:1.3.7 in the shaded jar.
[INFO] Including io.dropwizard:dropwizard-http2:jar:1.3.7 in the shaded jar.
[INFO] Including org.eclipse.jetty.http2:http2-server:jar:9.4.11.v20180605 in the shaded jar.
[INFO] Including org.eclipse.jetty.http2:http2-common:jar:9.4.11.v20180605 in the shaded jar.
[INFO] Including org.eclipse.jetty.http2:http2-hpack:jar:9.4.11.v20180605 in the shaded jar.
[INFO] Including org.eclipse.jetty:jetty-alpn-openjdk8-server:jar:9.4.11.v20180605 in the shaded jar.
[INFO] Including org.eclipse.jetty:jetty-alpn-server:jar:9.4.11.v20180605 in the shaded jar.
[INFO] Including org.eclipse.jetty:jetty-io:jar:9.4.11.v20180605 in the shaded jar.
[INFO] Including io.dropwizard:dropwizard-hibernate:jar:1.3.7 in the shaded jar.
[INFO] Including io.dropwizard:dropwizard-db:jar:1.3.7 in the shaded jar.
[INFO] Including org.apache.tomcat:tomcat-jdbc:jar:9.0.5 in the shaded jar.
[INFO] Including org.apache.tomcat:tomcat-juli:jar:9.0.5 in the shaded jar.
[INFO] Including com.fasterxml.jackson.datatype:jackson-datatype-hibernate5:jar:2.9.6 in the shaded jar.
[INFO] Including org.jadira.usertype:usertype.core:jar:7.0.0.CR1 in the shaded jar.
[INFO] Including org.jadira.usertype:usertype.spi:jar:7.0.0.CR1 in the shaded jar.
[INFO] Including org.hibernate:hibernate-core:jar:5.2.15.Final in the shaded jar.
[INFO] Including org.hibernate.javax.persistence:hibernate-jpa-2.1-api:jar:1.0.0.Final in the shaded jar.
[INFO] Including antlr:antlr:jar:2.7.7 in the shaded jar.
[INFO] Including org.jboss.spec.javax.transaction:jboss-transaction-api_1.2_spec:jar:1.0.1.Final in the shaded jar.
[INFO] Including org.jboss:jandex:jar:2.0.3.Final in the shaded jar.
[INFO] Including com.fasterxml:classmate:jar:1.3.4 in the shaded jar.
[INFO] Including dom4j:dom4j:jar:1.6.1 in the shaded jar.
[INFO] Including org.hibernate.common:hibernate-commons-annotations:jar:5.0.1.Final in the shaded jar.
[INFO] Including io.dropwizard:dropwizard-migrations:jar:1.3.7 in the shaded jar.
[INFO] Including org.liquibase:liquibase-core:jar:3.6.1 in the shaded jar.
[INFO] Including com.mattbertolini:liquibase-slf4j:jar:2.0.0 in the shaded jar.
[INFO] Including io.dropwizard:dropwizard-views-freemarker:jar:1.3.7 in the shaded jar.
[INFO] Including io.dropwizard:dropwizard-views:jar:1.3.7 in the shaded jar.
[INFO] Including org.freemarker:freemarker:jar:2.3.27-incubating in the shaded jar.
[INFO] Including io.dropwizard:dropwizard-views-mustache:jar:1.3.7 in the shaded jar.
[INFO] Including com.github.spullara.mustache.java:compiler:jar:0.9.5 in the shaded jar.
[INFO] Including io.dropwizard:dropwizard-metrics-graphite:jar:1.3.7 in the shaded jar.
[INFO] Including io.dropwizard.metrics:metrics-graphite:jar:4.0.2 in the shaded jar.
[INFO] Including com.rabbitmq:amqp-client:jar:4.4.1 in the shaded jar.
[INFO] Including com.h2database:h2:jar:1.4.197 in the shaded jar.
[INFO] Including mysql:mysql-connector-java:jar:8.0.13 in the shaded jar.
[INFO] Including com.google.protobuf:protobuf-java:jar:3.6.1 in the shaded jar.
[INFO] Including org.glassfish.jersey.containers:jersey-container-servlet-core:jar:2.25.1 in the shaded jar.
[INFO] Including org.glassfish.jersey.core:jersey-server:jar:2.25.1 in the shaded jar.
[INFO] Including org.glassfish.jersey.core:jersey-common:jar:2.25.1 in the shaded jar.
[INFO] Including org.glassfish.jersey.bundles.repackaged:jersey-guava:jar:2.25.1 in the shaded jar.
[INFO] Including org.glassfish.hk2:osgi-resource-locator:jar:1.0.1 in the shaded jar.
[INFO] Including javax.ws.rs:javax.ws.rs-api:jar:2.0.1 in the shaded jar.
[INFO] Including org.glassfish.jersey.media:jersey-media-jaxb:jar:2.25.1 in the shaded jar.
[INFO] Including javax.annotation:javax.annotation-api:jar:1.2 in the shaded jar.
[INFO] Including org.glassfish.hk2:hk2-api:jar:2.5.0-b32 in the shaded jar.
[INFO] Including org.glassfish.hk2:hk2-utils:jar:2.5.0-b32 in the shaded jar.
[INFO] Including org.glassfish.hk2.external:aopalliance-repackaged:jar:2.5.0-b32 in the shaded jar.
[INFO] Including org.glassfish.hk2.external:javax.inject:jar:2.5.0-b32 in the shaded jar.
[INFO] Including org.glassfish.hk2:hk2-locator:jar:2.5.0-b32 in the shaded jar.
[INFO] Including javax.validation:validation-api:jar:1.1.0.Final in the shaded jar.
[INFO] Including org.glassfish.jersey.core:jersey-client:jar:2.25.1 in the shaded jar.
[INFO] Replacing original artifact with shaded artifact.
[INFO] Replacing /var/lib/jenkins/workspace/Application/release/target/dropwizard-example.jar with /var/lib/jenkins/workspace/Application/release/target/dropwizard-example-0.0.1-SNAPSHOT-shaded.jar
[INFO] Dependency-reduced POM written at: /var/lib/jenkins/workspace/Application/release/dependency-reduced-pom.xml
[INFO] ------------------------------------------------------------------------
[INFO] BUILD SUCCESS
[INFO] ------------------------------------------------------------------------
[INFO] Total time: 27.015 s
[INFO] Finished at: 2019-01-18T22:05:42Z
[INFO] Final Memory: 44M/432M
[INFO] ------------------------------------------------------------------------
+ aws s3 cp target/dropwizard-example.jar s3://30daysdevops/dropwizard/release/dropwizard-example-0.0.22.jar
Completed 256.0 KiB/33.1 MiB (2.5 MiB/s) with 1 file(s) remainingCompleted 512.0 KiB/33.1 MiB (4.6 MiB/s) with 1 file(s) remainingCompleted 768.0 KiB/33.1 MiB (6.7 MiB/s) with 1 file(s) remainingCompleted 1.0 MiB/33.1 MiB (8.6 MiB/s) with 1 file(s) remaining  Completed 1.2 MiB/33.1 MiB (8.2 MiB/s) with 1 file(s) remaining  Completed 1.5 MiB/33.1 MiB (9.6 MiB/s) with 1 file(s) remaining  Completed 1.8 MiB/33.1 MiB (11.2 MiB/s) with 1 file(s) remaining Completed 2.0 MiB/33.1 MiB (12.7 MiB/s) with 1 file(s) remaining Completed 2.2 MiB/33.1 MiB (14.1 MiB/s) with 1 file(s) remaining Completed 2.5 MiB/33.1 MiB (15.4 MiB/s) with 1 file(s) remaining Completed 2.8 MiB/33.1 MiB (16.7 MiB/s) with 1 file(s) remaining Completed 2.8 MiB/33.1 MiB (16.7 MiB/s) with 1 file(s) remaining Completed 3.1 MiB/33.1 MiB (17.9 MiB/s) with 1 file(s) remaining Completed 3.3 MiB/33.1 MiB (19.2 MiB/s) with 1 file(s) remaining Completed 3.6 MiB/33.1 MiB (20.5 MiB/s) with 1 file(s) remaining Completed 3.8 MiB/33.1 MiB (21.7 MiB/s) with 1 file(s) remaining Completed 4.1 MiB/33.1 MiB (23.0 MiB/s) with 1 file(s) remaining Completed 4.3 MiB/33.1 MiB (23.6 MiB/s) with 1 file(s) remaining Completed 4.6 MiB/33.1 MiB (24.4 MiB/s) with 1 file(s) remaining Completed 4.8 MiB/33.1 MiB (25.6 MiB/s) with 1 file(s) remaining Completed 5.1 MiB/33.1 MiB (26.8 MiB/s) with 1 file(s) remaining Completed 5.3 MiB/33.1 MiB (27.8 MiB/s) with 1 file(s) remaining Completed 5.6 MiB/33.1 MiB (28.7 MiB/s) with 1 file(s) remaining Completed 5.8 MiB/33.1 MiB (29.6 MiB/s) with 1 file(s) remaining Completed 6.1 MiB/33.1 MiB (30.6 MiB/s) with 1 file(s) remaining Completed 6.3 MiB/33.1 MiB (31.4 MiB/s) with 1 file(s) remaining Completed 6.6 MiB/33.1 MiB (32.4 MiB/s) with 1 file(s) remaining Completed 6.8 MiB/33.1 MiB (33.5 MiB/s) with 1 file(s) remaining Completed 7.1 MiB/33.1 MiB (34.3 MiB/s) with 1 file(s) remaining Completed 7.3 MiB/33.1 MiB (35.1 MiB/s) with 1 file(s) remaining Completed 7.6 MiB/33.1 MiB (35.5 MiB/s) with 1 file(s) remaining Completed 7.8 MiB/33.1 MiB (36.6 MiB/s) with 1 file(s) remaining Completed 8.1 MiB/33.1 MiB (37.4 MiB/s) with 1 file(s) remaining Completed 8.3 MiB/33.1 MiB (38.5 MiB/s) with 1 file(s) remaining Completed 8.6 MiB/33.1 MiB (39.3 MiB/s) with 1 file(s) remaining Completed 8.8 MiB/33.1 MiB (39.5 MiB/s) with 1 file(s) remaining Completed 9.1 MiB/33.1 MiB (40.2 MiB/s) with 1 file(s) remaining Completed 9.3 MiB/33.1 MiB (40.6 MiB/s) with 1 file(s) remaining Completed 9.6 MiB/33.1 MiB (41.5 MiB/s) with 1 file(s) remaining Completed 9.8 MiB/33.1 MiB (42.5 MiB/s) with 1 file(s) remaining Completed 10.1 MiB/33.1 MiB (42.5 MiB/s) with 1 file(s) remainingCompleted 10.3 MiB/33.1 MiB (43.2 MiB/s) with 1 file(s) remainingCompleted 10.6 MiB/33.1 MiB (43.3 MiB/s) with 1 file(s) remainingCompleted 10.8 MiB/33.1 MiB (44.3 MiB/s) with 1 file(s) remainingCompleted 11.1 MiB/33.1 MiB (45.1 MiB/s) with 1 file(s) remainingCompleted 11.3 MiB/33.1 MiB (45.7 MiB/s) with 1 file(s) remainingCompleted 11.6 MiB/33.1 MiB (46.4 MiB/s) with 1 file(s) remainingCompleted 11.8 MiB/33.1 MiB (46.7 MiB/s) with 1 file(s) remainingCompleted 12.1 MiB/33.1 MiB (47.4 MiB/s) with 1 file(s) remainingCompleted 12.3 MiB/33.1 MiB (48.1 MiB/s) with 1 file(s) remainingCompleted 12.6 MiB/33.1 MiB (48.2 MiB/s) with 1 file(s) remainingCompleted 12.8 MiB/33.1 MiB (49.2 MiB/s) with 1 file(s) remainingCompleted 13.1 MiB/33.1 MiB (50.0 MiB/s) with 1 file(s) remainingCompleted 13.3 MiB/33.1 MiB (50.1 MiB/s) with 1 file(s) remainingCompleted 13.6 MiB/33.1 MiB (50.8 MiB/s) with 1 file(s) remainingCompleted 13.8 MiB/33.1 MiB (51.3 MiB/s) with 1 file(s) remainingCompleted 14.1 MiB/33.1 MiB (51.6 MiB/s) with 1 file(s) remainingCompleted 14.3 MiB/33.1 MiB (52.3 MiB/s) with 1 file(s) remainingCompleted 14.6 MiB/33.1 MiB (52.6 MiB/s) with 1 file(s) remainingCompleted 14.8 MiB/33.1 MiB (52.6 MiB/s) with 1 file(s) remainingCompleted 15.1 MiB/33.1 MiB (53.3 MiB/s) with 1 file(s) remainingCompleted 15.3 MiB/33.1 MiB (54.1 MiB/s) with 1 file(s) remainingCompleted 15.6 MiB/33.1 MiB (54.8 MiB/s) with 1 file(s) remainingCompleted 15.8 MiB/33.1 MiB (54.4 MiB/s) with 1 file(s) remainingCompleted 16.1 MiB/33.1 MiB (54.9 MiB/s) with 1 file(s) remainingCompleted 16.3 MiB/33.1 MiB (55.5 MiB/s) with 1 file(s) remainingCompleted 16.6 MiB/33.1 MiB (55.9 MiB/s) with 1 file(s) remainingCompleted 16.8 MiB/33.1 MiB (56.1 MiB/s) with 1 file(s) remainingCompleted 17.1 MiB/33.1 MiB (56.9 MiB/s) with 1 file(s) remainingCompleted 17.3 MiB/33.1 MiB (57.5 MiB/s) with 1 file(s) remainingCompleted 17.6 MiB/33.1 MiB (57.5 MiB/s) with 1 file(s) remainingCompleted 17.8 MiB/33.1 MiB (57.6 MiB/s) with 1 file(s) remainingCompleted 18.1 MiB/33.1 MiB (58.4 MiB/s) with 1 file(s) remainingCompleted 18.3 MiB/33.1 MiB (58.7 MiB/s) with 1 file(s) remainingCompleted 18.6 MiB/33.1 MiB (59.2 MiB/s) with 1 file(s) remainingCompleted 18.8 MiB/33.1 MiB (59.8 MiB/s) with 1 file(s) remainingCompleted 19.1 MiB/33.1 MiB (59.6 MiB/s) with 1 file(s) remainingCompleted 19.3 MiB/33.1 MiB (60.3 MiB/s) with 1 file(s) remainingCompleted 19.6 MiB/33.1 MiB (60.9 MiB/s) with 1 file(s) remainingCompleted 19.8 MiB/33.1 MiB (60.4 MiB/s) with 1 file(s) remainingCompleted 20.1 MiB/33.1 MiB (61.0 MiB/s) with 1 file(s) remainingCompleted 20.3 MiB/33.1 MiB (61.5 MiB/s) with 1 file(s) remainingCompleted 20.6 MiB/33.1 MiB (62.1 MiB/s) with 1 file(s) remainingCompleted 20.8 MiB/33.1 MiB (60.8 MiB/s) with 1 file(s) remainingCompleted 21.1 MiB/33.1 MiB (61.0 MiB/s) with 1 file(s) remainingCompleted 21.3 MiB/33.1 MiB (61.4 MiB/s) with 1 file(s) remainingCompleted 21.6 MiB/33.1 MiB (62.0 MiB/s) with 1 file(s) remainingCompleted 21.8 MiB/33.1 MiB (62.4 MiB/s) with 1 file(s) remainingCompleted 22.1 MiB/33.1 MiB (62.5 MiB/s) with 1 file(s) remainingCompleted 22.3 MiB/33.1 MiB (62.9 MiB/s) with 1 file(s) remainingCompleted 22.6 MiB/33.1 MiB (62.8 MiB/s) with 1 file(s) remainingCompleted 22.8 MiB/33.1 MiB (63.4 MiB/s) with 1 file(s) remainingCompleted 23.1 MiB/33.1 MiB (63.6 MiB/s) with 1 file(s) remainingCompleted 23.3 MiB/33.1 MiB (64.2 MiB/s) with 1 file(s) remainingCompleted 23.6 MiB/33.1 MiB (64.0 MiB/s) with 1 file(s) remainingCompleted 23.8 MiB/33.1 MiB (64.2 MiB/s) with 1 file(s) remainingCompleted 24.1 MiB/33.1 MiB (64.5 MiB/s) with 1 file(s) remainingCompleted 24.3 MiB/33.1 MiB (64.4 MiB/s) with 1 file(s) remainingCompleted 24.6 MiB/33.1 MiB (65.1 MiB/s) with 1 file(s) remainingCompleted 24.8 MiB/33.1 MiB (65.5 MiB/s) with 1 file(s) remainingCompleted 25.1 MiB/33.1 MiB (65.6 MiB/s) with 1 file(s) remainingCompleted 25.3 MiB/33.1 MiB (65.1 MiB/s) with 1 file(s) remainingCompleted 25.6 MiB/33.1 MiB (65.7 MiB/s) with 1 file(s) remainingCompleted 25.8 MiB/33.1 MiB (66.3 MiB/s) with 1 file(s) remainingCompleted 26.1 MiB/33.1 MiB (65.9 MiB/s) with 1 file(s) remainingCompleted 26.3 MiB/33.1 MiB (66.4 MiB/s) with 1 file(s) remainingCompleted 26.6 MiB/33.1 MiB (66.4 MiB/s) with 1 file(s) remainingCompleted 26.8 MiB/33.1 MiB (66.9 MiB/s) with 1 file(s) remainingCompleted 27.1 MiB/33.1 MiB (66.9 MiB/s) with 1 file(s) remainingCompleted 27.3 MiB/33.1 MiB (67.4 MiB/s) with 1 file(s) remainingCompleted 27.6 MiB/33.1 MiB (67.6 MiB/s) with 1 file(s) remainingCompleted 27.8 MiB/33.1 MiB (68.1 MiB/s) with 1 file(s) remainingCompleted 28.1 MiB/33.1 MiB (67.6 MiB/s) with 1 file(s) remainingCompleted 28.3 MiB/33.1 MiB (68.0 MiB/s) with 1 file(s) remainingCompleted 28.6 MiB/33.1 MiB (68.3 MiB/s) with 1 file(s) remainingCompleted 28.8 MiB/33.1 MiB (67.5 MiB/s) with 1 file(s) remainingCompleted 29.1 MiB/33.1 MiB (67.6 MiB/s) with 1 file(s) remainingCompleted 29.3 MiB/33.1 MiB (68.2 MiB/s) with 1 file(s) remainingCompleted 29.6 MiB/33.1 MiB (68.4 MiB/s) with 1 file(s) remainingCompleted 29.8 MiB/33.1 MiB (68.4 MiB/s) with 1 file(s) remainingCompleted 30.1 MiB/33.1 MiB (68.7 MiB/s) with 1 file(s) remainingCompleted 30.3 MiB/33.1 MiB (69.0 MiB/s) with 1 file(s) remainingCompleted 30.6 MiB/33.1 MiB (69.1 MiB/s) with 1 file(s) remainingCompleted 30.8 MiB/33.1 MiB (69.2 MiB/s) with 1 file(s) remainingCompleted 31.1 MiB/33.1 MiB (69.7 MiB/s) with 1 file(s) remainingCompleted 31.3 MiB/33.1 MiB (69.6 MiB/s) with 1 file(s) remainingCompleted 31.6 MiB/33.1 MiB (70.0 MiB/s) with 1 file(s) remainingCompleted 31.8 MiB/33.1 MiB (70.4 MiB/s) with 1 file(s) remainingCompleted 32.1 MiB/33.1 MiB (69.0 MiB/s) with 1 file(s) remainingCompleted 32.3 MiB/33.1 MiB (68.6 MiB/s) with 1 file(s) remainingCompleted 32.6 MiB/33.1 MiB (68.2 MiB/s) with 1 file(s) remainingCompleted 32.8 MiB/33.1 MiB (68.0 MiB/s) with 1 file(s) remainingCompleted 33.1 MiB/33.1 MiB (67.7 MiB/s) with 1 file(s) remainingupload: target/dropwizard-example.jar to s3://30daysdevops/dropwizard/release/dropwizard-example-0.0.22.jar
+ sed -i 's/^defaultName:.*/defaultName: DropWizard-0.0.22/' mysql.yml
+ aws s3 cp mysql.yml s3://30daysdevops/dropwizard/release/mysql.yml
Completed 2.5 KiB/2.5 KiB (52.3 KiB/s) with 1 file(s) remainingupload: ./mysql.yml to s3://30daysdevops/dropwizard/release/mysql.yml
+ cp target/dropwizard-example.jar dropwizard.jar
++ aws secretsmanager get-secret-value --region us-east-1 --secret-id rds_db_password --output json --version-stage AWSCURRENT
++ jq .SecretString -r
++ jq .password -r
+ dbpass=jD6Y#%k2
+ sed -i 's/\spassword:.*/ password: jD6Y#%k2/' mysql.yml
+ docker build -t dropwizard .
Sending build context to Docker daemon  70.57MB
Step 1/8 : FROM openjdk:8-jre-alpine
 ---> 7e72a7dcf7dc
Step 2/8 : WORKDIR /
 ---> Using cache
 ---> 8dd1abe86e40
Step 3/8 : ADD dropwizard.jar dropwizard.jar
 ---> e637e71437a3
Step 4/8 : ADD mysql.yml mysql.yml
 ---> a3dd74148ce5
Step 5/8 : EXPOSE 8080
 ---> Running in 22f3f5114914
Removing intermediate container 22f3f5114914
 ---> 457b5a73dd2f
Step 6/8 : EXPOSE 8081
 ---> Running in 0bedc182554f
Removing intermediate container 0bedc182554f
 ---> 15a361488ca3
Step 7/8 : CMD java -Xmx750M -jar dropwizard.jar server mysql.yml
 ---> Running in 5def49ed6054
Removing intermediate container 5def49ed6054
 ---> 39e72a938f08
Step 8/8 : LABEL "com.datadoghq.ad.logs"='[{"environment": "qa", "source": "application", "service": "dropwizard"}]'
 ---> Running in b1be5ef50e72
Removing intermediate container b1be5ef50e72
 ---> 8f2cbf46df29
Successfully built 8f2cbf46df29
Successfully tagged dropwizard:latest
++ aws ecr get-login --no-include-email --region us-east-1
+ docker login -u AWS -p eyJwYXlsb2FkIjoiM2ZIOHU0TVpPWjc4bzZ6ZEVCMXdadDI5bGNEZ1JiZS82UkJ5QUFxc1F6Q0ZPaXF6OCtsc1RFTGg3MUUzR2N6Uk5wSmVrM3c3V29qTWFjbXJmL3FLU2dyNm5RZ3pzcUlRYXRhRGhEMTJ5QjE1V1hCU0tYU3FpaDdRcG0vcHZ4RmZreEdsU2ljNnNmMngvcDd5TWU1VCt2UUorcVBtZ0k4NzFTaGIvSjlaUlFtNnpoclM4ZStCajZ3ZGs4dmQvZENHeEtaTm4wL3VlY3g5Y0lyajh6N2ErcUtuWEljcEpNa1ZidTQ0aFNtbDY5ZmlGSlVVd1RpSFNlcm04dERVZDhTVW9TZ2pHSkk3TlF6NG4yRW05YW42ZXgxeUZ3ZEF3d2hDcmFXc3ErMkZ4SngvZXZCdFh4WVEyRk1ORC84bWwvc0hsN0J4ZHB4U0dEWmtUT1JZb3hDU29sZmNXVkJCYXc5TGdkVVhoUDFnS1dLTkRUdGJPSldCQmlpbjFWZXE2T25oOUs3eHh4M0k0Y3lyclJzTEwzYWVicGlXVUtvVGtyYTNtVjNnZWVaKzcxZzhUaEdFWVdRVkx5SjhMQWtTVVU5clRFL3J2NnZZWDZUNm5jVzhPZm5RRTNYb0RYZUN4eTRvYWdZdkZuZ0Fsa0QzMVdYcnZmYlpQYVF5UGtnbVBreElDZ0JSckxnT0tEVVdMRklWWHZrSllpbXQyRXpNV1BuSVc3WElienk1OUsxOWV1SjVZMmJySFFycWxUaFllNzVxZE9OR0RTVWhXRWdZa3JvQm9zMi9BWFpYVGN3ZHJUV1FNSkYxblpJZ3dHclV1Q0pmNUFnRTVnbDI5dFFORG9wU1NQTjJoNjJVOUtxOVJIdnAvVGpES1pBZmkxeFdSUFNLM0pGMWhjc1o4YnhyUkN3dFJHeTUxaDBxMmxWRUp3WFJ0MjV6YTNPcERUMms2K3F6NHlxVFVjNmdVbDN0eFJQb1M3a1FpbFB0VW1EMWdtSXNRRTJpejMySzh6Qm04cWlSeCtHam5TRE5kV2VqZ1pnTVhIdTR2NkRkUkJaMmNUOTJaYysxUEp4YmcrRmJMWW9NNFFBOHFGWU9IMk5NUEM3TU91cC80Z0RVb2QyT1FYWHRpVUF3NytFVHFOck9VY1ROMkRhcDN4L1lEcW5aSDgzSnJkMmdHM2k3QVZTaklock1vbVU3ZXBuYWpMVCt1eENDZkp2SnYrdm5PcHhZeVNLY3pXbWUvWEhKYXM0SVFNUG8xNEN0RTNQbEk5MW9uOHJ0NU8vK2d2TjJWMDNseGxNSy9LZTlMN3I3Sm9wVzVSSVp0Z2pxM2N3OHJFNWJ6TVNwR3lKZ21DRlVta21MckhHWXB2TzJkRktiRzZKV1dKeFhobTZkeC9LeG5KcTZpRUcxN0g2ak4zV3lIMlNobmtQVkN0bDFUbmova0Y1ZHROa0NxbmxNeDE1b3UyQ21ESG8wUE11anNKWUY4eTNnVUU2b2JLODN2cWZ4ekxGN3pOLzFlYmZocVhLek9UdzVMSG1Ia1VaUG9WZG04VUo3RzZrR2JRcVdReFhLTDM3WkVaNXhqelJHN05ITDJnVFp1VmtaenJTbUxRV2tqS3IwVWRvdTRRdy9UQjlNK2xZczFQWDF1QUc2aXd5ZWYwaFJvN3Y2eUFXRjA5ZDh2UHRwMW13V28zd1FndnEwd1RBalZwSXdBSVNxT1VUWS9mdlV0N05sK0VWN3lSRHNkNE1TTFBGYmpUaTVvcXpmZ0pVQjBzbVA1MWgydXhld1hLUzZZQ2FDTTNtRFU2azFNalpEcjhVTVd3ZFk2dlVxbXNlODdNQlJSakVNQk5ldkhQN1NWbjNNOWNZcDc3a2g1V0JYNWpkYis1Y0F2S1RaQVJiK1J3T1lQZksyTGJ3SFFRVU1QZmFkVVViUkxOeFJHVTMwVXptdVJEM2VnVHJ3cjVQbnM2V2RmQVVSU2pmTUVlcEg3TFI3YTFRMHRia0NjNHdnSzB3V3gxMFQ1TXl3V3BDODVZNFZCUjFMSlQ4ZG83L0FlK1BoSjJFZkdEc0xzQTQ1eElObmovSXBSRUtzYXFMYyswZVl4Wkx1YVhQRGd1YkQ4OTkxekJnPSIsImRhdGFrZXkiOiJBUUVCQUhod20wWWFJU0plUnRKbTVuMUc2dXFlZWtYdW9YWFBlNVVGY2U5UnE4LzE0d0FBQUg0d2ZBWUpLb1pJaHZjTkFRY0dvRzh3YlFJQkFEQm9CZ2txaGtpRzl3MEJCd0V3SGdZSllJWklBV1VEQkFFdU1CRUVERXlxa0ZtK2pvSFZ0UTFZbndJQkVJQTdBdmRzU3FHNXVVQlRCRmM3S3pIODZDOGhDZzdteVB3MVR1c1IvKzNWWWtBK0ZSTFNyVFduZEtiQUpRcVZKdEdGdlRtMHptdm9xMFRFQkJFPSIsInZlcnNpb24iOiIyIiwidHlwZSI6IkRBVEFfS0VZIiwiZXhwaXJhdGlvbiI6MTU0Nzg5MjM1MH0= https://230883561944.dkr.ecr.us-east-1.amazonaws.com
WARNING! Using --password via the CLI is insecure. Use --password-stdin.
WARNING! Your password will be stored unencrypted in /var/lib/jenkins/.docker/config.json.
Configure a credential helper to remove this warning. See
https://docs.docker.com/engine/reference/commandline/login/#credentials-store

Login Succeeded
+ docker tag dropwizard:latest 230883561944.dkr.ecr.us-east-1.amazonaws.com/dropwizard:0.0.22
+ docker push 230883561944.dkr.ecr.us-east-1.amazonaws.com/dropwizard:0.0.22
The push refers to repository [230883561944.dkr.ecr.us-east-1.amazonaws.com/dropwizard]
f219d5621fef: Preparing
c68215966a9e: Preparing
382d47ad6dc1: Preparing
dbc783c89851: Preparing
7bff100f35cb: Preparing
382d47ad6dc1: Layer already exists
7bff100f35cb: Layer already exists
dbc783c89851: Layer already exists
f219d5621fef: Pushed
c68215966a9e: Pushed
0.0.22: digest: sha256:142d2c5735e104bb1c9ed8d32421a98f64fe0697959e39d888062c2a2e6c9f44 size: 1367
 > git tag -l 0.0.22 # timeout=10
 > git tag -a -f -m Jenkins Git plugin tagging with 0.0.22 0.0.22 # timeout=10
Pushing tag 0.0.22 to repo origin
 > git --version # timeout=10
 > git push git@github.com:babinskiy/dropwizard-example.git 0.0.22
Finished: SUCCESS
