Started by user [8mha:////4JrjmSRx4qOtNYMMhYugXsyw+fINujBQhhzqimlc3f+QAAAAkx+LCAAAAAAAAP9b85aBtbiIQTGjNKU4P08vOT+vOD8nVc83PyU1x6OyILUoJzMv2y+/JJUBAhiZGBgqihhk0NSjKDWzXb3RdlLBUSYGJk8GtpzUvPSSDB8G5tKinBIGIZ+sxLJE/ZzEvHT94JKizLx0a6BxUmjGOUNodHsLgAyWEgYu/dLi1CIwAQDYegtJvwAAAA==[0muser
Building in workspace /var/lib/jenkins/workspace/Application/release
[WS-CLEANUP] Deleting project workspace...
[WS-CLEANUP] Deferred wipeout is used...
[WS-CLEANUP] Done
Cloning the remote Git repository
Cloning repository git@github.com:babinskiy/dropwizard-example.git
 > git init /var/lib/jenkins/workspace/Application/release # timeout=10
Fetching upstream changes from git@github.com:babinskiy/dropwizard-example.git
 > git --version # timeout=10
 > git fetch --tags --progress git@github.com:babinskiy/dropwizard-example.git +refs/heads/*:refs/remotes/origin/*
 > git config remote.origin.url git@github.com:babinskiy/dropwizard-example.git # timeout=10
 > git config --add remote.origin.fetch +refs/heads/*:refs/remotes/origin/* # timeout=10
 > git config remote.origin.url git@github.com:babinskiy/dropwizard-example.git # timeout=10
Fetching upstream changes from git@github.com:babinskiy/dropwizard-example.git
 > git fetch --tags --progress git@github.com:babinskiy/dropwizard-example.git +refs/heads/*:refs/remotes/origin/*
 > git rev-parse refs/remotes/origin/master^{commit} # timeout=10
 > git rev-parse refs/remotes/origin/origin/master^{commit} # timeout=10
Checking out Revision afbe63f3a12b580a77a9b8a391cc18dd6897f4f2 (refs/remotes/origin/master)
 > git config core.sparsecheckout # timeout=10
 > git checkout -f afbe63f3a12b580a77a9b8a391cc18dd6897f4f2
Commit message: "Delete DB password"
 > git rev-list --no-walk afbe63f3a12b580a77a9b8a391cc18dd6897f4f2 # timeout=10
[release] $ /bin/sh -xe /tmp/jenkins5266807191101614811.sh
+ mvn clean package
[INFO] Scanning for projects...
[INFO] 
[INFO] ------------------------------------------------------------------------
[INFO] Building Dropwizard Example Application 0.0.1-SNAPSHOT
[INFO] ------------------------------------------------------------------------
[INFO] 
[INFO] --- maven-clean-plugin:3.1.0:clean (default-clean) @ dropwizard-example ---
[INFO] 
[INFO] --- maven-enforcer-plugin:1.4.1:enforce (enforce) @ dropwizard-example ---
[INFO] 
[INFO] --- maven-checkstyle-plugin:3.0.0:check (checkstyle) @ dropwizard-example ---
[INFO] 
[INFO] --- jacoco-maven-plugin:0.8.2:prepare-agent (prepare-agent) @ dropwizard-example ---
[INFO] argLine set to -javaagent:/var/lib/jenkins/.m2/repository/org/jacoco/org.jacoco.agent/0.8.2/org.jacoco.agent-0.8.2-runtime.jar=destfile=/var/lib/jenkins/workspace/Application/release/target/jacoco.exec
[INFO] 
[INFO] --- maven-resources-plugin:3.1.0:resources (default-resources) @ dropwizard-example ---
[INFO] Using 'UTF-8' encoding to copy filtered resources.
[INFO] Copying 10 resources
[INFO] 
[INFO] --- maven-compiler-plugin:3.8.0:compile (default-compile) @ dropwizard-example ---
[INFO] Changes detected - recompiling the module!
[INFO] Compiling 23 source files to /var/lib/jenkins/workspace/Application/release/target/classes
[INFO] 
[INFO] --- maven-resources-plugin:3.1.0:testResources (default-testResources) @ dropwizard-example ---
[INFO] Using 'UTF-8' encoding to copy filtered resources.
[INFO] Copying 1 resource
[INFO] 
[INFO] --- maven-compiler-plugin:3.8.0:testCompile (default-testCompile) @ dropwizard-example ---
[INFO] Changes detected - recompiling the module!
[INFO] Compiling 6 source files to /var/lib/jenkins/workspace/Application/release/target/test-classes
[INFO] 
[INFO] --- maven-surefire-plugin:2.22.1:test (default-test) @ dropwizard-example ---
[INFO] 
[INFO] -------------------------------------------------------
[INFO]  T E S T S
[INFO] -------------------------------------------------------
[INFO] Running com.example.helloworld.resources.PersonResourceTest
17:47:33.458 [main] DEBUG org.jboss.logging - Logging Provider: org.jboss.logging.Slf4jLoggerProvider
17:47:33.464 [main] INFO org.hibernate.validator.internal.util.Version - HV000001: Hibernate Validator 5.4.2.Final
17:47:33.496 [main] DEBUG org.hibernate.validator.internal.engine.resolver.DefaultTraversableResolver - Found javax.persistence.Persistence on classpath containing 'getPersistenceUtil'. Assuming JPA 2 environment. Trying to instantiate JPA aware TraversableResolver
17:47:33.497 [main] DEBUG org.hibernate.validator.internal.engine.resolver.DefaultTraversableResolver - Instantiated JPA aware TraversableResolver of type org.hibernate.validator.internal.engine.resolver.JPATraversableResolver.
17:47:33.505 [main] DEBUG org.hibernate.validator.internal.engine.ConfigurationImpl - Setting custom ParameterNameProvider of type io.dropwizard.jersey.validation.JerseyParameterNameProvider
17:47:33.508 [main] DEBUG org.hibernate.validator.internal.xml.ValidationXmlParser - Trying to load META-INF/validation.xml for XML based Validator configuration.
17:47:33.510 [main] DEBUG org.hibernate.validator.internal.xml.ResourceLoaderHelper - Trying to load META-INF/validation.xml via TCCL
17:47:33.511 [main] DEBUG org.hibernate.validator.internal.xml.ResourceLoaderHelper - Trying to load META-INF/validation.xml via Hibernate Validator's class loader
17:47:33.512 [main] DEBUG org.hibernate.validator.internal.xml.ValidationXmlParser - No META-INF/validation.xml found. Using annotation based configuration only.
[INFO] Tests run: 2, Failures: 0, Errors: 0, Skipped: 0, Time elapsed: 4.625 s - in com.example.helloworld.resources.PersonResourceTest
[INFO] Running com.example.helloworld.resources.ProtectedClassResourceTest
[INFO] Tests run: 5, Failures: 0, Errors: 0, Skipped: 0, Time elapsed: 0.383 s - in com.example.helloworld.resources.ProtectedClassResourceTest
[INFO] Running com.example.helloworld.resources.ProtectedResourceTest
[INFO] Tests run: 5, Failures: 0, Errors: 0, Skipped: 0, Time elapsed: 0.192 s - in com.example.helloworld.resources.ProtectedResourceTest
[INFO] Running com.example.helloworld.resources.PeopleResourceTest
[INFO] Tests run: 2, Failures: 0, Errors: 0, Skipped: 0, Time elapsed: 0.246 s - in com.example.helloworld.resources.PeopleResourceTest
[INFO] Running com.example.helloworld.IntegrationTest
INFO  [2019-01-18 17:47:38,213] io.dropwizard.server.DefaultServerFactory: Registering jersey handler with root path prefix: /
INFO  [2019-01-18 17:47:38,219] io.dropwizard.server.DefaultServerFactory: Registering admin handler with root path prefix: /
INFO  [2019-01-18 17:47:38,221] io.dropwizard.assets.AssetsBundle: Registering AssetBundle with name: assets for path /assets/*
INFO  [2019-01-18 17:47:38,535] org.hibernate.Version: HHH000412: Hibernate Core {5.2.15.Final}
INFO  [2019-01-18 17:47:38,537] org.hibernate.cfg.Environment: HHH000206: hibernate.properties not found
INFO  [2019-01-18 17:47:38,554] io.dropwizard.hibernate.SessionFactoryFactory: Entity classes: [com.example.helloworld.core.Person]
INFO  [2019-01-18 17:47:38,591] org.hibernate.annotations.common.Version: HCANN000001: Hibernate Commons Annotations {5.0.1.Final}
INFO  [2019-01-18 17:47:39,197] org.hibernate.dialect.Dialect: HHH000400: Using dialect: org.hibernate.dialect.H2Dialect
INFO  [2019-01-18 17:47:39,654] org.hibernate.type.BasicTypeRegistry: HHH000270: Type registration [java.util.Currency] overrides previous : org.hibernate.type.CurrencyType@233de714
INFO  [2019-01-18 17:47:39,655] org.hibernate.type.BasicTypeRegistry: HHH000270: Type registration [java.time.Duration] overrides previous : org.hibernate.type.DurationType@45aefed8
INFO  [2019-01-18 17:47:39,655] org.hibernate.type.BasicTypeRegistry: HHH000270: Type registration [java.time.Instant] overrides previous : org.hibernate.type.InstantType@333915a
INFO  [2019-01-18 17:47:39,655] org.hibernate.type.BasicTypeRegistry: HHH000270: Type registration [java.time.LocalDate] overrides previous : org.hibernate.type.LocalDateType@6f07bc19
INFO  [2019-01-18 17:47:39,656] org.hibernate.type.BasicTypeRegistry: HHH000270: Type registration [java.time.LocalDateTime] overrides previous : org.hibernate.type.LocalDateTimeType@234ef3aa
INFO  [2019-01-18 17:47:39,656] org.hibernate.type.BasicTypeRegistry: HHH000270: Type registration [java.time.LocalTime] overrides previous : org.hibernate.type.LocalTimeType@11249125
INFO  [2019-01-18 17:47:39,657] org.hibernate.type.BasicTypeRegistry: HHH000270: Type registration [java.time.OffsetDateTime] overrides previous : org.hibernate.type.OffsetDateTimeType@e826b1a
INFO  [2019-01-18 17:47:39,657] org.hibernate.type.BasicTypeRegistry: HHH000270: Type registration [java.time.OffsetTime] overrides previous : org.hibernate.type.OffsetTimeType@5c37f9a7
INFO  [2019-01-18 17:47:39,657] org.hibernate.type.BasicTypeRegistry: HHH000270: Type registration [java.time.ZonedDateTime] overrides previous : org.hibernate.type.ZonedDateTimeType@8b08228
INFO  [2019-01-18 17:47:39,981] org.hibernate.hql.internal.QueryTranslatorFactoryInitiator: HHH000397: Using ASTQueryTranslatorFactory
INFO  [2019-01-18 17:47:40,150] io.dropwizard.server.ServerFactory: Starting hello-world
                           web-scale hello world dP for the web
                                                 88
  .d8888b. dP.  .dP .d8888b. 88d8b.d8b. 88d888b. 88 .d8888b.
  88ooood8  `8bd8'  88'  `88 88'`88'`88 88'  `88 88 88ooood8
  88.  ...  .d88b.  88.  .88 88  88  88 88.  .88 88 88.  ...
  `88888P' dP'  `dP `88888P8 dP  dP  dP 88Y888P' dP `88888P'
                                        88
                                        dP

INFO  [2019-01-18 17:47:40,297] org.eclipse.jetty.setuid.SetUIDListener: Opened application@1d3d957f{HTTP/1.1,[http/1.1]}{0.0.0.0:32965}
INFO  [2019-01-18 17:47:40,298] org.eclipse.jetty.setuid.SetUIDListener: Opened admin@5ff4e3c1{HTTP/1.1,[http/1.1]}{0.0.0.0:35657}
INFO  [2019-01-18 17:47:40,301] org.eclipse.jetty.server.Server: jetty-9.4.11.v20180605; built: 2018-06-05T18:24:03.829Z; git: d5fc0523cfa96bfebfbda19606cad384d772f04c; jvm 1.8.0_191-b12
INFO  [2019-01-18 17:47:40,490] io.dropwizard.jersey.DropwizardResourceConfig: The following paths were found for the configured resources:

    GET     /filtered/hello (com.example.helloworld.resources.FilteredResource)
    GET     /hello-world (com.example.helloworld.resources.HelloWorldResource)
    POST    /hello-world (com.example.helloworld.resources.HelloWorldResource)
    GET     /hello-world/date (com.example.helloworld.resources.HelloWorldResource)
    GET     /people (com.example.helloworld.resources.PeopleResource)
    POST    /people (com.example.helloworld.resources.PeopleResource)
    GET     /people/{personId} (com.example.helloworld.resources.PersonResource)
    GET     /people/{personId}/view_freemarker (com.example.helloworld.resources.PersonResource)
    GET     /people/{personId}/view_mustache (com.example.helloworld.resources.PersonResource)
    GET     /protected (com.example.helloworld.resources.ProtectedResource)
    GET     /protected/admin (com.example.helloworld.resources.ProtectedResource)
    GET     /views/iso88591.ftl (com.example.helloworld.resources.ViewResource)
    GET     /views/iso88591.mustache (com.example.helloworld.resources.ViewResource)
    GET     /views/utf8.ftl (com.example.helloworld.resources.ViewResource)
    GET     /views/utf8.mustache (com.example.helloworld.resources.ViewResource)

INFO  [2019-01-18 17:47:40,508] org.eclipse.jetty.server.handler.ContextHandler: Started i.d.j.MutableServletContextHandler@37f77e0b{/,null,AVAILABLE}
INFO  [2019-01-18 17:47:40,512] io.dropwizard.setup.AdminEnvironment: tasks = 

    POST    /tasks/echo (com.example.helloworld.tasks.EchoTask)
    POST    /tasks/log-level (io.dropwizard.servlets.tasks.LogConfigurationTask)
    POST    /tasks/gc (io.dropwizard.servlets.tasks.GarbageCollectionTask)

INFO  [2019-01-18 17:47:40,523] org.eclipse.jetty.server.handler.ContextHandler: Started i.d.j.MutableServletContextHandler@7fac34ca{/,null,AVAILABLE}
INFO  [2019-01-18 17:47:40,534] org.eclipse.jetty.server.AbstractConnector: Started application@1d3d957f{HTTP/1.1,[http/1.1]}{0.0.0.0:32965}
INFO  [2019-01-18 17:47:40,537] org.eclipse.jetty.server.AbstractConnector: Started admin@5ff4e3c1{HTTP/1.1,[http/1.1]}{0.0.0.0:35657}
INFO  [2019-01-18 17:47:40,537] org.eclipse.jetty.server.Server: Started @10196ms
INFO  [2019-01-18 17:47:41,511] liquibase.executor.jvm.JdbcExecutor: SELECT COUNT(*) FROM PUBLIC.DATABASECHANGELOGLOCK
INFO  [2019-01-18 17:47:41,525] liquibase.executor.jvm.JdbcExecutor: CREATE TABLE PUBLIC.DATABASECHANGELOGLOCK (ID INT NOT NULL, LOCKED BOOLEAN NOT NULL, LOCKGRANTED TIMESTAMP, LOCKEDBY VARCHAR(255), CONSTRAINT PK_DATABASECHANGELOGLOCK PRIMARY KEY (ID))
INFO  [2019-01-18 17:47:41,534] liquibase.executor.jvm.JdbcExecutor: SELECT COUNT(*) FROM PUBLIC.DATABASECHANGELOGLOCK
INFO  [2019-01-18 17:47:41,538] liquibase.executor.jvm.JdbcExecutor: DELETE FROM PUBLIC.DATABASECHANGELOGLOCK
INFO  [2019-01-18 17:47:41,540] liquibase.executor.jvm.JdbcExecutor: INSERT INTO PUBLIC.DATABASECHANGELOGLOCK (ID, LOCKED) VALUES (1, FALSE)
INFO  [2019-01-18 17:47:41,543] liquibase.executor.jvm.JdbcExecutor: SELECT LOCKED FROM PUBLIC.DATABASECHANGELOGLOCK WHERE ID=1
INFO  [2019-01-18 17:47:41,554] liquibase.lockservice.StandardLockService: Successfully acquired change log lock
INFO  [2019-01-18 17:47:42,537] liquibase.changelog.StandardChangeLogHistoryService: Creating database history table with name: PUBLIC.DATABASECHANGELOG
INFO  [2019-01-18 17:47:42,539] liquibase.executor.jvm.JdbcExecutor: CREATE TABLE PUBLIC.DATABASECHANGELOG (ID VARCHAR(255) NOT NULL, AUTHOR VARCHAR(255) NOT NULL, FILENAME VARCHAR(255) NOT NULL, DATEEXECUTED TIMESTAMP NOT NULL, ORDEREXECUTED INT NOT NULL, EXECTYPE VARCHAR(10) NOT NULL, MD5SUM VARCHAR(35), DESCRIPTION VARCHAR(255), COMMENTS VARCHAR(255), TAG VARCHAR(255), LIQUIBASE VARCHAR(20), CONTEXTS VARCHAR(255), LABELS VARCHAR(255), DEPLOYMENT_ID VARCHAR(10))
INFO  [2019-01-18 17:47:42,542] liquibase.executor.jvm.JdbcExecutor: SELECT COUNT(*) FROM PUBLIC.DATABASECHANGELOG
INFO  [2019-01-18 17:47:42,543] liquibase.changelog.StandardChangeLogHistoryService: Reading from PUBLIC.DATABASECHANGELOG
INFO  [2019-01-18 17:47:42,544] liquibase.executor.jvm.JdbcExecutor: SELECT * FROM PUBLIC.DATABASECHANGELOG ORDER BY DATEEXECUTED ASC, ORDEREXECUTED ASC
INFO  [2019-01-18 17:47:42,547] liquibase.executor.jvm.JdbcExecutor: SELECT COUNT(*) FROM PUBLIC.DATABASECHANGELOGLOCK
INFO  [2019-01-18 17:47:42,559] liquibase.executor.jvm.JdbcExecutor: CREATE TABLE PUBLIC.people (id BIGINT AUTO_INCREMENT NOT NULL, fullName VARCHAR(255) NOT NULL, jobTitle VARCHAR(255), CONSTRAINT PK_PEOPLE PRIMARY KEY (id))
INFO  [2019-01-18 17:47:42,569] liquibase.changelog.ChangeSet: Table people created
INFO  [2019-01-18 17:47:42,569] liquibase.changelog.ChangeSet: ChangeSet migrations.xml::1::codahale ran successfully in 11ms
INFO  [2019-01-18 17:47:42,570] liquibase.executor.jvm.JdbcExecutor: SELECT MAX(ORDEREXECUTED) FROM PUBLIC.DATABASECHANGELOG
INFO  [2019-01-18 17:47:42,577] liquibase.executor.jvm.JdbcExecutor: INSERT INTO PUBLIC.DATABASECHANGELOG (ID, AUTHOR, FILENAME, DATEEXECUTED, ORDEREXECUTED, MD5SUM, DESCRIPTION, COMMENTS, EXECTYPE, CONTEXTS, LABELS, LIQUIBASE, DEPLOYMENT_ID) VALUES ('1', 'codahale', 'migrations.xml', NOW(), 1, '8:a466b7f04155c06f80453d6d5a36b55c', 'createTable tableName=people', '', 'EXECUTED', NULL, NULL, '3.6.1', '7833662547')
INFO  [2019-01-18 17:47:42,579] liquibase.lockservice.StandardLockService: Successfully released change log lock
INFO  [2019-01-18 17:47:42,898] org.hibernate.engine.internal.StatisticalLoggingSessionEventListener: Session Metrics {
    121091 nanoseconds spent acquiring 2 JDBC connections;
    72280 nanoseconds spent releasing 2 JDBC connections;
    7637597 nanoseconds spent preparing 1 JDBC statements;
    3523869 nanoseconds spent executing 1 JDBC statements;
    0 nanoseconds spent executing 0 JDBC batches;
    0 nanoseconds spent performing 0 L2C puts;
    0 nanoseconds spent performing 0 L2C hits;
    0 nanoseconds spent performing 0 L2C misses;
    4649443 nanoseconds spent executing 1 flushes (flushing a total of 1 entities and 0 collections);
    0 nanoseconds spent executing 0 partial-flushes (flushing a total of 0 entities and 0 collections)
}
127.0.0.1 - - [18/Jan/2019:17:47:42 +0000] "POST /people HTTP/1.1" 200 67 "-" "Jersey/2.25.1 (HttpUrlConnection 1.8.0_191)" 211
127.0.0.1 - - [18/Jan/2019:17:47:42 +0000] "GET /people/1/view_mustache HTTP/1.1" 200 205 "-" "Jersey/2.25.1 (HttpUrlConnection 1.8.0_191)" 67
INFO  [2019-01-18 17:47:42,976] org.hibernate.engine.internal.StatisticalLoggingSessionEventListener: Session Metrics {
    98369 nanoseconds spent acquiring 2 JDBC connections;
    66974 nanoseconds spent releasing 2 JDBC connections;
    435701 nanoseconds spent preparing 1 JDBC statements;
    270412 nanoseconds spent executing 1 JDBC statements;
    0 nanoseconds spent executing 0 JDBC batches;
    0 nanoseconds spent performing 0 L2C puts;
    0 nanoseconds spent performing 0 L2C hits;
    0 nanoseconds spent performing 0 L2C misses;
    208691 nanoseconds spent executing 1 flushes (flushing a total of 1 entities and 0 collections);
    0 nanoseconds spent executing 0 partial-flushes (flushing a total of 0 entities and 0 collections)
}
INFO  [2019-01-18 17:47:42,998] org.hibernate.engine.internal.StatisticalLoggingSessionEventListener: Session Metrics {
    90754 nanoseconds spent acquiring 2 JDBC connections;
    58376 nanoseconds spent releasing 2 JDBC connections;
    85813 nanoseconds spent preparing 1 JDBC statements;
    816584 nanoseconds spent executing 1 JDBC statements;
    0 nanoseconds spent executing 0 JDBC batches;
    0 nanoseconds spent performing 0 L2C puts;
    0 nanoseconds spent performing 0 L2C hits;
    0 nanoseconds spent performing 0 L2C misses;
    181363 nanoseconds spent executing 1 flushes (flushing a total of 1 entities and 0 collections);
    0 nanoseconds spent executing 0 partial-flushes (flushing a total of 0 entities and 0 collections)
}
127.0.0.1 - - [18/Jan/2019:17:47:42 +0000] "POST /people HTTP/1.1" 200 67 "-" "Jersey/2.25.1 (HttpUrlConnection 1.8.0_191)" 9
INFO  [2019-01-18 17:47:43,005] org.hibernate.engine.internal.StatisticalLoggingSessionEventListener: Session Metrics {
    69232 nanoseconds spent acquiring 2 JDBC connections;
    46282 nanoseconds spent releasing 2 JDBC connections;
    56826 nanoseconds spent preparing 1 JDBC statements;
    220916 nanoseconds spent executing 1 JDBC statements;
    0 nanoseconds spent executing 0 JDBC batches;
    0 nanoseconds spent performing 0 L2C puts;
    0 nanoseconds spent performing 0 L2C hits;
    0 nanoseconds spent performing 0 L2C misses;
    164407 nanoseconds spent executing 1 flushes (flushing a total of 1 entities and 0 collections);
    0 nanoseconds spent executing 0 partial-flushes (flushing a total of 0 entities and 0 collections)
}
127.0.0.1 - - [18/Jan/2019:17:47:43 +0000] "POST /people HTTP/1.1" 200 67 "-" "Jersey/2.25.1 (HttpUrlConnection 1.8.0_191)" 6
INFO  [2019-01-18 17:47:43,204] org.hibernate.engine.internal.StatisticalLoggingSessionEventListener: Session Metrics {
    435661 nanoseconds spent acquiring 2 JDBC connections;
    46453 nanoseconds spent releasing 2 JDBC connections;
    56858 nanoseconds spent preparing 1 JDBC statements;
    186606 nanoseconds spent executing 1 JDBC statements;
    0 nanoseconds spent executing 0 JDBC batches;
    0 nanoseconds spent performing 0 L2C puts;
    0 nanoseconds spent performing 0 L2C hits;
    0 nanoseconds spent performing 0 L2C misses;
    819471 nanoseconds spent executing 1 flushes (flushing a total of 1 entities and 0 collections);
    0 nanoseconds spent executing 0 partial-flushes (flushing a total of 0 entities and 0 collections)
}
127.0.0.1 - - [18/Jan/2019:17:47:43 +0000] "GET /people/3/view_freemarker HTTP/1.1" 200 270 "-" "Jersey/2.25.1 (HttpUrlConnection 1.8.0_191)" 199
127.0.0.1 - - [18/Jan/2019:17:47:43 +0000] "GET /hello-world?name=Dr.+IntegrationTest HTTP/1.1" 200 48 "-" "Jersey/2.25.1 (HttpUrlConnection 1.8.0_191)" 10
INFO  [2019-01-18 17:47:43,229] org.eclipse.jetty.server.AbstractConnector: Stopped application@1d3d957f{HTTP/1.1,[http/1.1]}{0.0.0.0:0}
INFO  [2019-01-18 17:47:43,229] org.eclipse.jetty.server.AbstractConnector: Stopped admin@5ff4e3c1{HTTP/1.1,[http/1.1]}{0.0.0.0:0}
INFO  [2019-01-18 17:47:43,231] org.eclipse.jetty.server.handler.ContextHandler: Stopped i.d.j.MutableServletContextHandler@7fac34ca{/,null,UNAVAILABLE}
INFO  [2019-01-18 17:47:43,233] org.eclipse.jetty.server.handler.ContextHandler: Stopped i.d.j.MutableServletContextHandler@37f77e0b{/,null,UNAVAILABLE}
[INFO] Tests run: 5, Failures: 0, Errors: 0, Skipped: 0, Time elapsed: 6.135 s - in com.example.helloworld.IntegrationTest
[INFO] Running com.example.helloworld.db.PersonDAOTest
WARN  [2019-01-18 17:47:43,263] org.hibernate.orm.connections.pooling: HHH10001002: Using Hibernate built-in connection pool (not for production use!)
INFO  [2019-01-18 17:47:43,264] org.hibernate.orm.connections.pooling: HHH10001005: using driver [org.h2.Driver] at URL [jdbc:h2:mem:066ca417-7d6f-4abb-8962-d4d968236025]
INFO  [2019-01-18 17:47:43,264] org.hibernate.orm.connections.pooling: HHH10001001: Connection properties: {user=sa, password=}
INFO  [2019-01-18 17:47:43,265] org.hibernate.orm.connections.pooling: HHH10001003: Autocommit mode: false
INFO  [2019-01-18 17:47:43,268] org.hibernate.engine.jdbc.connections.internal.DriverManagerConnectionProviderImpl: HHH000115: Hibernate connection pool size: 20 (min=1)
INFO  [2019-01-18 17:47:43,271] org.hibernate.dialect.Dialect: HHH000400: Using dialect: org.hibernate.dialect.H2Dialect
INFO  [2019-01-18 17:47:43,291] org.hibernate.type.BasicTypeRegistry: HHH000270: Type registration [java.util.Currency] overrides previous : org.hibernate.type.CurrencyType@233de714
INFO  [2019-01-18 17:47:43,293] org.hibernate.type.BasicTypeRegistry: HHH000270: Type registration [java.time.Duration] overrides previous : org.hibernate.type.DurationType@45aefed8
INFO  [2019-01-18 17:47:43,293] org.hibernate.type.BasicTypeRegistry: HHH000270: Type registration [java.time.Instant] overrides previous : org.hibernate.type.InstantType@333915a
INFO  [2019-01-18 17:47:43,293] org.hibernate.type.BasicTypeRegistry: HHH000270: Type registration [java.time.LocalDate] overrides previous : org.hibernate.type.LocalDateType@6f07bc19
INFO  [2019-01-18 17:47:43,294] org.hibernate.type.BasicTypeRegistry: HHH000270: Type registration [java.time.LocalDateTime] overrides previous : org.hibernate.type.LocalDateTimeType@234ef3aa
INFO  [2019-01-18 17:47:43,294] org.hibernate.type.BasicTypeRegistry: HHH000270: Type registration [java.time.LocalTime] overrides previous : org.hibernate.type.LocalTimeType@11249125
INFO  [2019-01-18 17:47:43,294] org.hibernate.type.BasicTypeRegistry: HHH000270: Type registration [java.time.OffsetDateTime] overrides previous : org.hibernate.type.OffsetDateTimeType@e826b1a
INFO  [2019-01-18 17:47:43,295] org.hibernate.type.BasicTypeRegistry: HHH000270: Type registration [java.time.OffsetTime] overrides previous : org.hibernate.type.OffsetTimeType@5c37f9a7
INFO  [2019-01-18 17:47:43,295] org.hibernate.type.BasicTypeRegistry: HHH000270: Type registration [java.time.ZonedDateTime] overrides previous : org.hibernate.type.ZonedDateTimeType@8b08228
INFO  [2019-01-18 17:47:43,328] org.hibernate.orm.connections.access: HHH10001501: Connection obtained from JdbcConnectionAccess [org.hibernate.engine.jdbc.env.internal.JdbcEnvironmentInitiator$ConnectionProviderJdbcConnectionAccess@4d93e414] for (non-JTA) DDL execution was not in auto-commit mode; the Connection 'local transaction' will be committed and the Connection will be set into auto-commit mode.
INFO  [2019-01-18 17:47:43,333] org.hibernate.orm.connections.access: HHH10001501: Connection obtained from JdbcConnectionAccess [org.hibernate.engine.jdbc.env.internal.JdbcEnvironmentInitiator$ConnectionProviderJdbcConnectionAccess@22db324] for (non-JTA) DDL execution was not in auto-commit mode; the Connection 'local transaction' will be committed and the Connection will be set into auto-commit mode.
INFO  [2019-01-18 17:47:43,336] org.hibernate.tool.schema.internal.SchemaCreatorImpl: HHH000476: Executing import script 'org.hibernate.tool.schema.internal.exec.ScriptSourceInputNonExistentImpl@4b9447b1'
INFO  [2019-01-18 17:47:43,337] org.hibernate.hql.internal.QueryTranslatorFactoryInitiator: HHH000397: Using ASTQueryTranslatorFactory
INFO  [2019-01-18 17:47:43,377] org.hibernate.engine.internal.StatisticalLoggingSessionEventListener: Session Metrics {
    27034 nanoseconds spent acquiring 2 JDBC connections;
    131342 nanoseconds spent releasing 2 JDBC connections;
    461274 nanoseconds spent preparing 4 JDBC statements;
    920208 nanoseconds spent executing 4 JDBC statements;
    0 nanoseconds spent executing 0 JDBC batches;
    0 nanoseconds spent performing 0 L2C puts;
    0 nanoseconds spent performing 0 L2C hits;
    0 nanoseconds spent performing 0 L2C misses;
    2102385 nanoseconds spent executing 1 flushes (flushing a total of 3 entities and 0 collections);
    0 nanoseconds spent executing 0 partial-flushes (flushing a total of 0 entities and 0 collections)
}
WARN  [2019-01-18 17:47:43,384] org.hibernate.orm.connections.pooling: HHH10001002: Using Hibernate built-in connection pool (not for production use!)
INFO  [2019-01-18 17:47:43,384] org.hibernate.orm.connections.pooling: HHH10001005: using driver [org.h2.Driver] at URL [jdbc:h2:mem:26ebf9e5-14e4-49ef-8b85-03cb2b708966]
INFO  [2019-01-18 17:47:43,385] org.hibernate.orm.connections.pooling: HHH10001001: Connection properties: {user=sa, password=}
INFO  [2019-01-18 17:47:43,385] org.hibernate.orm.connections.pooling: HHH10001003: Autocommit mode: false
INFO  [2019-01-18 17:47:43,385] org.hibernate.engine.jdbc.connections.internal.DriverManagerConnectionProviderImpl: HHH000115: Hibernate connection pool size: 20 (min=1)
INFO  [2019-01-18 17:47:43,387] org.hibernate.dialect.Dialect: HHH000400: Using dialect: org.hibernate.dialect.H2Dialect
INFO  [2019-01-18 17:47:43,404] org.hibernate.type.BasicTypeRegistry: HHH000270: Type registration [java.util.Currency] overrides previous : org.hibernate.type.CurrencyType@233de714
INFO  [2019-01-18 17:47:43,405] org.hibernate.type.BasicTypeRegistry: HHH000270: Type registration [java.time.Duration] overrides previous : org.hibernate.type.DurationType@45aefed8
INFO  [2019-01-18 17:47:43,405] org.hibernate.type.BasicTypeRegistry: HHH000270: Type registration [java.time.Instant] overrides previous : org.hibernate.type.InstantType@333915a
INFO  [2019-01-18 17:47:43,406] org.hibernate.type.BasicTypeRegistry: HHH000270: Type registration [java.time.LocalDate] overrides previous : org.hibernate.type.LocalDateType@6f07bc19
INFO  [2019-01-18 17:47:43,406] org.hibernate.type.BasicTypeRegistry: HHH000270: Type registration [java.time.LocalDateTime] overrides previous : org.hibernate.type.LocalDateTimeType@234ef3aa
INFO  [2019-01-18 17:47:43,406] org.hibernate.type.BasicTypeRegistry: HHH000270: Type registration [java.time.LocalTime] overrides previous : org.hibernate.type.LocalTimeType@11249125
INFO  [2019-01-18 17:47:43,406] org.hibernate.type.BasicTypeRegistry: HHH000270: Type registration [java.time.OffsetDateTime] overrides previous : org.hibernate.type.OffsetDateTimeType@e826b1a
INFO  [2019-01-18 17:47:43,407] org.hibernate.type.BasicTypeRegistry: HHH000270: Type registration [java.time.OffsetTime] overrides previous : org.hibernate.type.OffsetTimeType@5c37f9a7
INFO  [2019-01-18 17:47:43,407] org.hibernate.type.BasicTypeRegistry: HHH000270: Type registration [java.time.ZonedDateTime] overrides previous : org.hibernate.type.ZonedDateTimeType@8b08228
INFO  [2019-01-18 17:47:43,418] org.hibernate.orm.connections.access: HHH10001501: Connection obtained from JdbcConnectionAccess [org.hibernate.engine.jdbc.env.internal.JdbcEnvironmentInitiator$ConnectionProviderJdbcConnectionAccess@7fdbf2fb] for (non-JTA) DDL execution was not in auto-commit mode; the Connection 'local transaction' will be committed and the Connection will be set into auto-commit mode.
INFO  [2019-01-18 17:47:43,418] org.hibernate.orm.connections.access: HHH10001501: Connection obtained from JdbcConnectionAccess [org.hibernate.engine.jdbc.env.internal.JdbcEnvironmentInitiator$ConnectionProviderJdbcConnectionAccess@53c2657a] for (non-JTA) DDL execution was not in auto-commit mode; the Connection 'local transaction' will be committed and the Connection will be set into auto-commit mode.
INFO  [2019-01-18 17:47:43,420] org.hibernate.tool.schema.internal.SchemaCreatorImpl: HHH000476: Executing import script 'org.hibernate.tool.schema.internal.exec.ScriptSourceInputNonExistentImpl@4b9447b1'
INFO  [2019-01-18 17:47:43,421] org.hibernate.hql.internal.QueryTranslatorFactoryInitiator: HHH000397: Using ASTQueryTranslatorFactory
WARN  [2019-01-18 17:47:43,430] org.hibernate.engine.jdbc.spi.SqlExceptionHelper: SQL Error: 23502, SQLState: 23502
ERROR [2019-01-18 17:47:43,430] org.hibernate.engine.jdbc.spi.SqlExceptionHelper: NULL not allowed for column "FULLNAME"; SQL statement:
insert into people (id, fullName, jobTitle) values (null, ?, ?) [23502-197]
INFO  [2019-01-18 17:47:43,439] org.hibernate.engine.internal.StatisticalLoggingSessionEventListener: Session Metrics {
    11000 nanoseconds spent acquiring 1 JDBC connections;
    47277 nanoseconds spent releasing 1 JDBC connections;
    110242 nanoseconds spent preparing 1 JDBC statements;
    5518737 nanoseconds spent executing 1 JDBC statements;
    0 nanoseconds spent executing 0 JDBC batches;
    0 nanoseconds spent performing 0 L2C puts;
    0 nanoseconds spent performing 0 L2C hits;
    0 nanoseconds spent performing 0 L2C misses;
    0 nanoseconds spent executing 0 flushes (flushing a total of 0 entities and 0 collections);
    0 nanoseconds spent executing 0 partial-flushes (flushing a total of 0 entities and 0 collections)
}
WARN  [2019-01-18 17:47:43,445] org.hibernate.orm.connections.pooling: HHH10001002: Using Hibernate built-in connection pool (not for production use!)
INFO  [2019-01-18 17:47:43,445] org.hibernate.orm.connections.pooling: HHH10001005: using driver [org.h2.Driver] at URL [jdbc:h2:mem:8c07b06f-9ed2-41be-9316-47fe09c05618]
INFO  [2019-01-18 17:47:43,445] org.hibernate.orm.connections.pooling: HHH10001001: Connection properties: {user=sa, password=}
INFO  [2019-01-18 17:47:43,446] org.hibernate.orm.connections.pooling: HHH10001003: Autocommit mode: false
INFO  [2019-01-18 17:47:43,446] org.hibernate.engine.jdbc.connections.internal.DriverManagerConnectionProviderImpl: HHH000115: Hibernate connection pool size: 20 (min=1)
INFO  [2019-01-18 17:47:43,448] org.hibernate.dialect.Dialect: HHH000400: Using dialect: org.hibernate.dialect.H2Dialect
INFO  [2019-01-18 17:47:43,464] org.hibernate.type.BasicTypeRegistry: HHH000270: Type registration [java.util.Currency] overrides previous : org.hibernate.type.CurrencyType@233de714
INFO  [2019-01-18 17:47:43,466] org.hibernate.type.BasicTypeRegistry: HHH000270: Type registration [java.time.Duration] overrides previous : org.hibernate.type.DurationType@45aefed8
INFO  [2019-01-18 17:47:43,466] org.hibernate.type.BasicTypeRegistry: HHH000270: Type registration [java.time.Instant] overrides previous : org.hibernate.type.InstantType@333915a
INFO  [2019-01-18 17:47:43,467] org.hibernate.type.BasicTypeRegistry: HHH000270: Type registration [java.time.LocalDate] overrides previous : org.hibernate.type.LocalDateType@6f07bc19
INFO  [2019-01-18 17:47:43,467] org.hibernate.type.BasicTypeRegistry: HHH000270: Type registration [java.time.LocalDateTime] overrides previous : org.hibernate.type.LocalDateTimeType@234ef3aa
INFO  [2019-01-18 17:47:43,467] org.hibernate.type.BasicTypeRegistry: HHH000270: Type registration [java.time.LocalTime] overrides previous : org.hibernate.type.LocalTimeType@11249125
INFO  [2019-01-18 17:47:43,467] org.hibernate.type.BasicTypeRegistry: HHH000270: Type registration [java.time.OffsetDateTime] overrides previous : org.hibernate.type.OffsetDateTimeType@e826b1a
INFO  [2019-01-18 17:47:43,468] org.hibernate.type.BasicTypeRegistry: HHH000270: Type registration [java.time.OffsetTime] overrides previous : org.hibernate.type.OffsetTimeType@5c37f9a7
INFO  [2019-01-18 17:47:43,468] org.hibernate.type.BasicTypeRegistry: HHH000270: Type registration [java.time.ZonedDateTime] overrides previous : org.hibernate.type.ZonedDateTimeType@8b08228
INFO  [2019-01-18 17:47:43,479] org.hibernate.orm.connections.access: HHH10001501: Connection obtained from JdbcConnectionAccess [org.hibernate.engine.jdbc.env.internal.JdbcEnvironmentInitiator$ConnectionProviderJdbcConnectionAccess@7d08fd1f] for (non-JTA) DDL execution was not in auto-commit mode; the Connection 'local transaction' will be committed and the Connection will be set into auto-commit mode.
INFO  [2019-01-18 17:47:43,479] org.hibernate.orm.connections.access: HHH10001501: Connection obtained from JdbcConnectionAccess [org.hibernate.engine.jdbc.env.internal.JdbcEnvironmentInitiator$ConnectionProviderJdbcConnectionAccess@4220a0d6] for (non-JTA) DDL execution was not in auto-commit mode; the Connection 'local transaction' will be committed and the Connection will be set into auto-commit mode.
INFO  [2019-01-18 17:47:43,481] org.hibernate.tool.schema.internal.SchemaCreatorImpl: HHH000476: Executing import script 'org.hibernate.tool.schema.internal.exec.ScriptSourceInputNonExistentImpl@4b9447b1'
INFO  [2019-01-18 17:47:43,482] org.hibernate.hql.internal.QueryTranslatorFactoryInitiator: HHH000397: Using ASTQueryTranslatorFactory
INFO  [2019-01-18 17:47:43,491] org.hibernate.engine.internal.StatisticalLoggingSessionEventListener: Session Metrics {
    10222 nanoseconds spent acquiring 1 JDBC connections;
    42399 nanoseconds spent releasing 1 JDBC connections;
    110086 nanoseconds spent preparing 1 JDBC statements;
    374636 nanoseconds spent executing 1 JDBC statements;
    0 nanoseconds spent executing 0 JDBC batches;
    0 nanoseconds spent performing 0 L2C puts;
    0 nanoseconds spent performing 0 L2C hits;
    0 nanoseconds spent performing 0 L2C misses;
    262263 nanoseconds spent executing 1 flushes (flushing a total of 1 entities and 0 collections);
    0 nanoseconds spent executing 0 partial-flushes (flushing a total of 0 entities and 0 collections)
}
[INFO] Tests run: 3, Failures: 0, Errors: 0, Skipped: 0, Time elapsed: 0.243 s - in com.example.helloworld.db.PersonDAOTest
[INFO] 
[INFO] Results:
[INFO] 
[INFO] Tests run: 22, Failures: 0, Errors: 0, Skipped: 0
[INFO] 
[INFO] 
[INFO] --- maven-jar-plugin:3.1.0:jar (default-jar) @ dropwizard-example ---
[INFO] Building jar: /var/lib/jenkins/workspace/Application/release/target/dropwizard-example.jar
[INFO] 
[INFO] >>> maven-source-plugin:3.0.1:jar (attach-sources) > generate-sources @ dropwizard-example >>>
[INFO] 
[INFO] --- maven-enforcer-plugin:1.4.1:enforce (enforce) @ dropwizard-example ---
[INFO] 
[INFO] --- maven-checkstyle-plugin:3.0.0:check (checkstyle) @ dropwizard-example ---
[INFO] 
[INFO] --- jacoco-maven-plugin:0.8.2:prepare-agent (prepare-agent) @ dropwizard-example ---
[INFO] argLine set to -javaagent:/var/lib/jenkins/.m2/repository/org/jacoco/org.jacoco.agent/0.8.2/org.jacoco.agent-0.8.2-runtime.jar=destfile=/var/lib/jenkins/workspace/Application/release/target/jacoco.exec
[INFO] 
[INFO] <<< maven-source-plugin:3.0.1:jar (attach-sources) < generate-sources @ dropwizard-example <<<
[INFO] 
[INFO] 
[INFO] --- maven-source-plugin:3.0.1:jar (attach-sources) @ dropwizard-example ---
[INFO] Building jar: /var/lib/jenkins/workspace/Application/release/target/dropwizard-example-sources.jar
[INFO] 
[INFO] --- maven-shade-plugin:3.2.1:shade (default) @ dropwizard-example ---
[INFO] Including io.dropwizard:dropwizard-core:jar:1.3.7 in the shaded jar.
[INFO] Including io.dropwizard:dropwizard-util:jar:1.3.7 in the shaded jar.
[INFO] Including com.fasterxml.jackson.core:jackson-annotations:jar:2.9.0 in the shaded jar.
[INFO] Including com.google.guava:guava:jar:24.0-jre in the shaded jar.
[INFO] Including org.checkerframework:checker-compat-qual:jar:2.0.0 in the shaded jar.
[INFO] Including com.google.errorprone:error_prone_annotations:jar:2.1.3 in the shaded jar.
[INFO] Including com.google.j2objc:j2objc-annotations:jar:1.1 in the shaded jar.
[INFO] Including org.codehaus.mojo:animal-sniffer-annotations:jar:1.14 in the shaded jar.
[INFO] Including com.google.code.findbugs:jsr305:jar:3.0.2 in the shaded jar.
[INFO] Including joda-time:joda-time:jar:2.9.9 in the shaded jar.
[INFO] Including io.dropwizard:dropwizard-jackson:jar:1.3.7 in the shaded jar.
[INFO] Including com.fasterxml.jackson.core:jackson-core:jar:2.9.6 in the shaded jar.
[INFO] Including com.fasterxml.jackson.core:jackson-databind:jar:2.9.6 in the shaded jar.
[INFO] Including com.fasterxml.jackson.datatype:jackson-datatype-guava:jar:2.9.6 in the shaded jar.
[INFO] Including com.fasterxml.jackson.datatype:jackson-datatype-jsr310:jar:2.9.6 in the shaded jar.
[INFO] Including com.fasterxml.jackson.datatype:jackson-datatype-jdk8:jar:2.9.6 in the shaded jar.
[INFO] Including com.fasterxml.jackson.module:jackson-module-parameter-names:jar:2.9.6 in the shaded jar.
[INFO] Including com.fasterxml.jackson.module:jackson-module-afterburner:jar:2.9.6 in the shaded jar.
[INFO] Including com.fasterxml.jackson.datatype:jackson-datatype-joda:jar:2.9.6 in the shaded jar.
[INFO] Including org.slf4j:slf4j-api:jar:1.7.25 in the shaded jar.
[INFO] Including io.dropwizard:dropwizard-validation:jar:1.3.7 in the shaded jar.
[INFO] Including org.hibernate:hibernate-validator:jar:5.4.2.Final in the shaded jar.
[INFO] Including org.jboss.logging:jboss-logging:jar:3.3.0.Final in the shaded jar.
[INFO] Including org.glassfish:javax.el:jar:3.0.0 in the shaded jar.
[INFO] Including org.javassist:javassist:jar:3.22.0-GA in the shaded jar.
[INFO] Including io.dropwizard:dropwizard-configuration:jar:1.3.7 in the shaded jar.
[INFO] Including com.fasterxml.jackson.dataformat:jackson-dataformat-yaml:jar:2.9.6 in the shaded jar.
[INFO] Including org.yaml:snakeyaml:jar:1.18 in the shaded jar.
[INFO] Including org.apache.commons:commons-lang3:jar:3.7 in the shaded jar.
[INFO] Including org.apache.commons:commons-text:jar:1.2 in the shaded jar.
[INFO] Including io.dropwizard:dropwizard-logging:jar:1.3.7 in the shaded jar.
[INFO] Including io.dropwizard.metrics:metrics-logback:jar:4.0.2 in the shaded jar.
[INFO] Including org.slf4j:jul-to-slf4j:jar:1.7.25 in the shaded jar.
[INFO] Including ch.qos.logback:logback-core:jar:1.2.3 in the shaded jar.
[INFO] Including ch.qos.logback:logback-classic:jar:1.2.3 in the shaded jar.
[INFO] Including org.slf4j:log4j-over-slf4j:jar:1.7.25 in the shaded jar.
[INFO] Including org.slf4j:jcl-over-slf4j:jar:1.7.25 in the shaded jar.
[INFO] Including org.eclipse.jetty:jetty-util:jar:9.4.11.v20180605 in the shaded jar.
[INFO] Including io.dropwizard:dropwizard-metrics:jar:1.3.7 in the shaded jar.
[INFO] Including io.dropwizard:dropwizard-jersey:jar:1.3.7 in the shaded jar.
[INFO] Including org.glassfish.jersey.ext:jersey-metainf-services:jar:2.25.1 in the shaded jar.
[INFO] Including org.glassfish.jersey.ext:jersey-bean-validation:jar:2.25.1 in the shaded jar.
[INFO] Including io.dropwizard.metrics:metrics-jersey2:jar:4.0.2 in the shaded jar.
[INFO] Including com.fasterxml.jackson.jaxrs:jackson-jaxrs-json-provider:jar:2.9.6 in the shaded jar.
[INFO] Including com.fasterxml.jackson.jaxrs:jackson-jaxrs-base:jar:2.9.6 in the shaded jar.
[INFO] Including com.fasterxml.jackson.module:jackson-module-jaxb-annotations:jar:2.9.6 in the shaded jar.
[INFO] Including org.glassfish.jersey.containers:jersey-container-servlet:jar:2.25.1 in the shaded jar.
[INFO] Including org.eclipse.jetty:jetty-server:jar:9.4.11.v20180605 in the shaded jar.
[INFO] Including javax.servlet:javax.servlet-api:jar:3.1.0 in the shaded jar.
[INFO] Including org.eclipse.jetty:jetty-webapp:jar:9.4.11.v20180605 in the shaded jar.
[INFO] Including org.eclipse.jetty:jetty-xml:jar:9.4.11.v20180605 in the shaded jar.
[INFO] Including org.eclipse.jetty:jetty-continuation:jar:9.4.11.v20180605 in the shaded jar.
[INFO] Including io.dropwizard:dropwizard-servlets:jar:1.3.7 in the shaded jar.
[INFO] Including io.dropwizard.metrics:metrics-annotation:jar:4.0.2 in the shaded jar.
[INFO] Including io.dropwizard:dropwizard-jetty:jar:1.3.7 in the shaded jar.
[INFO] Including io.dropwizard.metrics:metrics-jetty9:jar:4.0.2 in the shaded jar.
[INFO] Including org.eclipse.jetty:jetty-servlet:jar:9.4.11.v20180605 in the shaded jar.
[INFO] Including org.eclipse.jetty:jetty-security:jar:9.4.11.v20180605 in the shaded jar.
[INFO] Including org.eclipse.jetty:jetty-servlets:jar:9.4.11.v20180605 in the shaded jar.
[INFO] Including org.eclipse.jetty:jetty-http:jar:9.4.11.v20180605 in the shaded jar.
[INFO] Including io.dropwizard:dropwizard-lifecycle:jar:1.3.7 in the shaded jar.
[INFO] Including io.dropwizard.metrics:metrics-core:jar:4.0.2 in the shaded jar.
[INFO] Including io.dropwizard.metrics:metrics-jvm:jar:4.0.2 in the shaded jar.
[INFO] Including io.dropwizard.metrics:metrics-jmx:jar:4.0.2 in the shaded jar.
[INFO] Including io.dropwizard.metrics:metrics-servlets:jar:4.0.2 in the shaded jar.
[INFO] Including io.dropwizard.metrics:metrics-json:jar:4.0.2 in the shaded jar.
[INFO] Including com.papertrail:profiler:jar:1.0.2 in the shaded jar.
[INFO] Including io.dropwizard.metrics:metrics-healthchecks:jar:4.0.2 in the shaded jar.
[INFO] Including io.dropwizard:dropwizard-request-logging:jar:1.3.7 in the shaded jar.
[INFO] Including ch.qos.logback:logback-access:jar:1.2.3 in the shaded jar.
[INFO] Including net.sourceforge.argparse4j:argparse4j:jar:0.8.1 in the shaded jar.
[INFO] Including org.eclipse.jetty.toolchain.setuid:jetty-setuid-java:jar:1.0.3 in the shaded jar.
[INFO] Including io.dropwizard:dropwizard-auth:jar:1.3.7 in the shaded jar.
[INFO] Including io.dropwizard:dropwizard-assets:jar:1.3.7 in the shaded jar.
[INFO] Including io.dropwizard:dropwizard-http2:jar:1.3.7 in the shaded jar.
[INFO] Including org.eclipse.jetty.http2:http2-server:jar:9.4.11.v20180605 in the shaded jar.
[INFO] Including org.eclipse.jetty.http2:http2-common:jar:9.4.11.v20180605 in the shaded jar.
[INFO] Including org.eclipse.jetty.http2:http2-hpack:jar:9.4.11.v20180605 in the shaded jar.
[INFO] Including org.eclipse.jetty:jetty-alpn-openjdk8-server:jar:9.4.11.v20180605 in the shaded jar.
[INFO] Including org.eclipse.jetty:jetty-alpn-server:jar:9.4.11.v20180605 in the shaded jar.
[INFO] Including org.eclipse.jetty:jetty-io:jar:9.4.11.v20180605 in the shaded jar.
[INFO] Including io.dropwizard:dropwizard-hibernate:jar:1.3.7 in the shaded jar.
[INFO] Including io.dropwizard:dropwizard-db:jar:1.3.7 in the shaded jar.
[INFO] Including org.apache.tomcat:tomcat-jdbc:jar:9.0.5 in the shaded jar.
[INFO] Including org.apache.tomcat:tomcat-juli:jar:9.0.5 in the shaded jar.
[INFO] Including com.fasterxml.jackson.datatype:jackson-datatype-hibernate5:jar:2.9.6 in the shaded jar.
[INFO] Including org.jadira.usertype:usertype.core:jar:7.0.0.CR1 in the shaded jar.
[INFO] Including org.jadira.usertype:usertype.spi:jar:7.0.0.CR1 in the shaded jar.
[INFO] Including org.hibernate:hibernate-core:jar:5.2.15.Final in the shaded jar.
[INFO] Including org.hibernate.javax.persistence:hibernate-jpa-2.1-api:jar:1.0.0.Final in the shaded jar.
[INFO] Including antlr:antlr:jar:2.7.7 in the shaded jar.
[INFO] Including org.jboss.spec.javax.transaction:jboss-transaction-api_1.2_spec:jar:1.0.1.Final in the shaded jar.
[INFO] Including org.jboss:jandex:jar:2.0.3.Final in the shaded jar.
[INFO] Including com.fasterxml:classmate:jar:1.3.4 in the shaded jar.
[INFO] Including dom4j:dom4j:jar:1.6.1 in the shaded jar.
[INFO] Including org.hibernate.common:hibernate-commons-annotations:jar:5.0.1.Final in the shaded jar.
[INFO] Including io.dropwizard:dropwizard-migrations:jar:1.3.7 in the shaded jar.
[INFO] Including org.liquibase:liquibase-core:jar:3.6.1 in the shaded jar.
[INFO] Including com.mattbertolini:liquibase-slf4j:jar:2.0.0 in the shaded jar.
[INFO] Including io.dropwizard:dropwizard-views-freemarker:jar:1.3.7 in the shaded jar.
[INFO] Including io.dropwizard:dropwizard-views:jar:1.3.7 in the shaded jar.
[INFO] Including org.freemarker:freemarker:jar:2.3.27-incubating in the shaded jar.
[INFO] Including io.dropwizard:dropwizard-views-mustache:jar:1.3.7 in the shaded jar.
[INFO] Including com.github.spullara.mustache.java:compiler:jar:0.9.5 in the shaded jar.
[INFO] Including io.dropwizard:dropwizard-metrics-graphite:jar:1.3.7 in the shaded jar.
[INFO] Including io.dropwizard.metrics:metrics-graphite:jar:4.0.2 in the shaded jar.
[INFO] Including com.rabbitmq:amqp-client:jar:4.4.1 in the shaded jar.
[INFO] Including com.h2database:h2:jar:1.4.197 in the shaded jar.
[INFO] Including mysql:mysql-connector-java:jar:8.0.13 in the shaded jar.
[INFO] Including com.google.protobuf:protobuf-java:jar:3.6.1 in the shaded jar.
[INFO] Including org.glassfish.jersey.containers:jersey-container-servlet-core:jar:2.25.1 in the shaded jar.
[INFO] Including org.glassfish.jersey.core:jersey-server:jar:2.25.1 in the shaded jar.
[INFO] Including org.glassfish.jersey.core:jersey-common:jar:2.25.1 in the shaded jar.
[INFO] Including org.glassfish.jersey.bundles.repackaged:jersey-guava:jar:2.25.1 in the shaded jar.
[INFO] Including org.glassfish.hk2:osgi-resource-locator:jar:1.0.1 in the shaded jar.
[INFO] Including javax.ws.rs:javax.ws.rs-api:jar:2.0.1 in the shaded jar.
[INFO] Including org.glassfish.jersey.media:jersey-media-jaxb:jar:2.25.1 in the shaded jar.
[INFO] Including javax.annotation:javax.annotation-api:jar:1.2 in the shaded jar.
[INFO] Including org.glassfish.hk2:hk2-api:jar:2.5.0-b32 in the shaded jar.
[INFO] Including org.glassfish.hk2:hk2-utils:jar:2.5.0-b32 in the shaded jar.
[INFO] Including org.glassfish.hk2.external:aopalliance-repackaged:jar:2.5.0-b32 in the shaded jar.
[INFO] Including org.glassfish.hk2.external:javax.inject:jar:2.5.0-b32 in the shaded jar.
[INFO] Including org.glassfish.hk2:hk2-locator:jar:2.5.0-b32 in the shaded jar.
[INFO] Including javax.validation:validation-api:jar:1.1.0.Final in the shaded jar.
[INFO] Including org.glassfish.jersey.core:jersey-client:jar:2.25.1 in the shaded jar.
[INFO] Replacing original artifact with shaded artifact.
[INFO] Replacing /var/lib/jenkins/workspace/Application/release/target/dropwizard-example.jar with /var/lib/jenkins/workspace/Application/release/target/dropwizard-example-0.0.1-SNAPSHOT-shaded.jar
[INFO] Dependency-reduced POM written at: /var/lib/jenkins/workspace/Application/release/dependency-reduced-pom.xml
[INFO] ------------------------------------------------------------------------
[INFO] BUILD SUCCESS
[INFO] ------------------------------------------------------------------------
[INFO] Total time: 26.438 s
[INFO] Finished at: 2019-01-18T17:47:49Z
[INFO] Final Memory: 43M/460M
[INFO] ------------------------------------------------------------------------
+ aws s3 cp target/dropwizard-example.jar s3://30daysdevops/dropwizard/release/dropwizard-example-0.0.14.jar
Completed 256.0 KiB/33.1 MiB (1.3 MiB/s) with 1 file(s) remainingCompleted 512.0 KiB/33.1 MiB (2.5 MiB/s) with 1 file(s) remainingCompleted 768.0 KiB/33.1 MiB (3.6 MiB/s) with 1 file(s) remainingCompleted 1.0 MiB/33.1 MiB (4.8 MiB/s) with 1 file(s) remaining  Completed 1.2 MiB/33.1 MiB (5.1 MiB/s) with 1 file(s) remaining  Completed 1.5 MiB/33.1 MiB (6.0 MiB/s) with 1 file(s) remaining  Completed 1.8 MiB/33.1 MiB (7.0 MiB/s) with 1 file(s) remaining  Completed 2.0 MiB/33.1 MiB (7.9 MiB/s) with 1 file(s) remaining  Completed 2.2 MiB/33.1 MiB (8.8 MiB/s) with 1 file(s) remaining  Completed 2.3 MiB/33.1 MiB (9.0 MiB/s) with 1 file(s) remaining  Completed 2.6 MiB/33.1 MiB (9.9 MiB/s) with 1 file(s) remaining  Completed 2.8 MiB/33.1 MiB (10.8 MiB/s) with 1 file(s) remaining Completed 3.1 MiB/33.1 MiB (11.6 MiB/s) with 1 file(s) remaining Completed 3.3 MiB/33.1 MiB (12.5 MiB/s) with 1 file(s) remaining Completed 3.6 MiB/33.1 MiB (13.2 MiB/s) with 1 file(s) remaining Completed 3.8 MiB/33.1 MiB (14.0 MiB/s) with 1 file(s) remaining Completed 4.1 MiB/33.1 MiB (14.8 MiB/s) with 1 file(s) remaining Completed 4.3 MiB/33.1 MiB (15.6 MiB/s) with 1 file(s) remaining Completed 4.6 MiB/33.1 MiB (16.4 MiB/s) with 1 file(s) remaining Completed 4.8 MiB/33.1 MiB (16.9 MiB/s) with 1 file(s) remaining Completed 5.1 MiB/33.1 MiB (17.7 MiB/s) with 1 file(s) remaining Completed 5.3 MiB/33.1 MiB (18.5 MiB/s) with 1 file(s) remaining Completed 5.6 MiB/33.1 MiB (19.2 MiB/s) with 1 file(s) remaining Completed 5.8 MiB/33.1 MiB (19.9 MiB/s) with 1 file(s) remaining Completed 6.1 MiB/33.1 MiB (20.7 MiB/s) with 1 file(s) remaining Completed 6.3 MiB/33.1 MiB (21.3 MiB/s) with 1 file(s) remaining Completed 6.6 MiB/33.1 MiB (22.0 MiB/s) with 1 file(s) remaining Completed 6.8 MiB/33.1 MiB (22.7 MiB/s) with 1 file(s) remaining Completed 7.1 MiB/33.1 MiB (23.4 MiB/s) with 1 file(s) remaining Completed 7.3 MiB/33.1 MiB (24.0 MiB/s) with 1 file(s) remaining Completed 7.6 MiB/33.1 MiB (24.7 MiB/s) with 1 file(s) remaining Completed 7.8 MiB/33.1 MiB (25.5 MiB/s) with 1 file(s) remaining Completed 8.1 MiB/33.1 MiB (25.8 MiB/s) with 1 file(s) remaining Completed 8.3 MiB/33.1 MiB (26.2 MiB/s) with 1 file(s) remaining Completed 8.6 MiB/33.1 MiB (26.9 MiB/s) with 1 file(s) remaining Completed 8.8 MiB/33.1 MiB (27.5 MiB/s) with 1 file(s) remaining Completed 9.1 MiB/33.1 MiB (28.1 MiB/s) with 1 file(s) remaining Completed 9.3 MiB/33.1 MiB (28.8 MiB/s) with 1 file(s) remaining Completed 9.6 MiB/33.1 MiB (29.3 MiB/s) with 1 file(s) remaining Completed 9.8 MiB/33.1 MiB (29.9 MiB/s) with 1 file(s) remaining Completed 10.1 MiB/33.1 MiB (30.2 MiB/s) with 1 file(s) remainingCompleted 10.3 MiB/33.1 MiB (30.8 MiB/s) with 1 file(s) remainingCompleted 10.6 MiB/33.1 MiB (31.5 MiB/s) with 1 file(s) remainingCompleted 10.8 MiB/33.1 MiB (32.2 MiB/s) with 1 file(s) remainingCompleted 11.1 MiB/33.1 MiB (32.6 MiB/s) with 1 file(s) remainingCompleted 11.3 MiB/33.1 MiB (33.3 MiB/s) with 1 file(s) remainingCompleted 11.6 MiB/33.1 MiB (33.5 MiB/s) with 1 file(s) remainingCompleted 11.8 MiB/33.1 MiB (34.1 MiB/s) with 1 file(s) remainingCompleted 12.1 MiB/33.1 MiB (34.5 MiB/s) with 1 file(s) remainingCompleted 12.3 MiB/33.1 MiB (35.2 MiB/s) with 1 file(s) remainingCompleted 12.6 MiB/33.1 MiB (35.3 MiB/s) with 1 file(s) remainingCompleted 12.8 MiB/33.1 MiB (35.9 MiB/s) with 1 file(s) remainingCompleted 13.1 MiB/33.1 MiB (36.2 MiB/s) with 1 file(s) remainingCompleted 13.3 MiB/33.1 MiB (36.7 MiB/s) with 1 file(s) remainingCompleted 13.6 MiB/33.1 MiB (37.3 MiB/s) with 1 file(s) remainingCompleted 13.8 MiB/33.1 MiB (37.2 MiB/s) with 1 file(s) remainingCompleted 14.1 MiB/33.1 MiB (37.8 MiB/s) with 1 file(s) remainingCompleted 14.3 MiB/33.1 MiB (38.4 MiB/s) with 1 file(s) remainingCompleted 14.6 MiB/33.1 MiB (39.0 MiB/s) with 1 file(s) remainingCompleted 14.8 MiB/33.1 MiB (39.3 MiB/s) with 1 file(s) remainingCompleted 15.1 MiB/33.1 MiB (39.7 MiB/s) with 1 file(s) remainingCompleted 15.3 MiB/33.1 MiB (40.1 MiB/s) with 1 file(s) remainingCompleted 15.6 MiB/33.1 MiB (40.6 MiB/s) with 1 file(s) remainingCompleted 15.8 MiB/33.1 MiB (41.0 MiB/s) with 1 file(s) remainingCompleted 16.1 MiB/33.1 MiB (41.3 MiB/s) with 1 file(s) remainingCompleted 16.3 MiB/33.1 MiB (41.9 MiB/s) with 1 file(s) remainingCompleted 16.6 MiB/33.1 MiB (42.2 MiB/s) with 1 file(s) remainingCompleted 16.8 MiB/33.1 MiB (42.8 MiB/s) with 1 file(s) remainingCompleted 17.1 MiB/33.1 MiB (43.1 MiB/s) with 1 file(s) remainingCompleted 17.3 MiB/33.1 MiB (43.4 MiB/s) with 1 file(s) remainingCompleted 17.6 MiB/33.1 MiB (43.2 MiB/s) with 1 file(s) remainingCompleted 17.8 MiB/33.1 MiB (43.8 MiB/s) with 1 file(s) remainingCompleted 18.1 MiB/33.1 MiB (44.1 MiB/s) with 1 file(s) remainingCompleted 18.3 MiB/33.1 MiB (44.5 MiB/s) with 1 file(s) remainingCompleted 18.6 MiB/33.1 MiB (44.4 MiB/s) with 1 file(s) remainingCompleted 18.8 MiB/33.1 MiB (44.8 MiB/s) with 1 file(s) remainingCompleted 19.1 MiB/33.1 MiB (45.0 MiB/s) with 1 file(s) remainingCompleted 19.3 MiB/33.1 MiB (45.5 MiB/s) with 1 file(s) remainingCompleted 19.6 MiB/33.1 MiB (46.0 MiB/s) with 1 file(s) remainingCompleted 19.8 MiB/33.1 MiB (46.5 MiB/s) with 1 file(s) remainingCompleted 20.1 MiB/33.1 MiB (46.0 MiB/s) with 1 file(s) remainingCompleted 20.3 MiB/33.1 MiB (46.6 MiB/s) with 1 file(s) remainingCompleted 20.6 MiB/33.1 MiB (47.0 MiB/s) with 1 file(s) remainingCompleted 20.8 MiB/33.1 MiB (47.6 MiB/s) with 1 file(s) remainingCompleted 21.1 MiB/33.1 MiB (47.7 MiB/s) with 1 file(s) remainingCompleted 21.3 MiB/33.1 MiB (48.1 MiB/s) with 1 file(s) remainingCompleted 21.6 MiB/33.1 MiB (48.2 MiB/s) with 1 file(s) remainingCompleted 21.8 MiB/33.1 MiB (48.6 MiB/s) with 1 file(s) remainingCompleted 22.1 MiB/33.1 MiB (49.1 MiB/s) with 1 file(s) remainingCompleted 22.3 MiB/33.1 MiB (49.5 MiB/s) with 1 file(s) remainingCompleted 22.6 MiB/33.1 MiB (49.5 MiB/s) with 1 file(s) remainingCompleted 22.8 MiB/33.1 MiB (49.9 MiB/s) with 1 file(s) remainingCompleted 23.1 MiB/33.1 MiB (50.5 MiB/s) with 1 file(s) remainingCompleted 23.3 MiB/33.1 MiB (50.6 MiB/s) with 1 file(s) remainingCompleted 23.6 MiB/33.1 MiB (50.7 MiB/s) with 1 file(s) remainingCompleted 23.8 MiB/33.1 MiB (51.2 MiB/s) with 1 file(s) remainingCompleted 24.1 MiB/33.1 MiB (51.6 MiB/s) with 1 file(s) remainingCompleted 24.3 MiB/33.1 MiB (52.1 MiB/s) with 1 file(s) remainingCompleted 24.6 MiB/33.1 MiB (51.7 MiB/s) with 1 file(s) remainingCompleted 24.8 MiB/33.1 MiB (51.8 MiB/s) with 1 file(s) remainingCompleted 25.1 MiB/33.1 MiB (51.8 MiB/s) with 1 file(s) remainingCompleted 25.3 MiB/33.1 MiB (52.2 MiB/s) with 1 file(s) remainingCompleted 25.6 MiB/33.1 MiB (52.3 MiB/s) with 1 file(s) remainingCompleted 25.8 MiB/33.1 MiB (52.7 MiB/s) with 1 file(s) remainingCompleted 26.1 MiB/33.1 MiB (52.8 MiB/s) with 1 file(s) remainingCompleted 26.3 MiB/33.1 MiB (53.2 MiB/s) with 1 file(s) remainingCompleted 26.6 MiB/33.1 MiB (53.3 MiB/s) with 1 file(s) remainingCompleted 26.8 MiB/33.1 MiB (53.7 MiB/s) with 1 file(s) remainingCompleted 27.1 MiB/33.1 MiB (53.4 MiB/s) with 1 file(s) remainingCompleted 27.3 MiB/33.1 MiB (53.7 MiB/s) with 1 file(s) remainingCompleted 27.6 MiB/33.1 MiB (53.9 MiB/s) with 1 file(s) remainingCompleted 27.8 MiB/33.1 MiB (54.2 MiB/s) with 1 file(s) remainingCompleted 28.1 MiB/33.1 MiB (54.4 MiB/s) with 1 file(s) remainingCompleted 28.3 MiB/33.1 MiB (54.2 MiB/s) with 1 file(s) remainingCompleted 28.6 MiB/33.1 MiB (54.5 MiB/s) with 1 file(s) remainingCompleted 28.8 MiB/33.1 MiB (54.5 MiB/s) with 1 file(s) remainingCompleted 29.1 MiB/33.1 MiB (54.4 MiB/s) with 1 file(s) remainingCompleted 29.3 MiB/33.1 MiB (54.6 MiB/s) with 1 file(s) remainingCompleted 29.6 MiB/33.1 MiB (54.9 MiB/s) with 1 file(s) remainingCompleted 29.8 MiB/33.1 MiB (55.3 MiB/s) with 1 file(s) remainingCompleted 30.1 MiB/33.1 MiB (55.4 MiB/s) with 1 file(s) remainingCompleted 30.3 MiB/33.1 MiB (55.6 MiB/s) with 1 file(s) remainingCompleted 30.6 MiB/33.1 MiB (55.9 MiB/s) with 1 file(s) remainingCompleted 30.8 MiB/33.1 MiB (55.9 MiB/s) with 1 file(s) remainingCompleted 31.1 MiB/33.1 MiB (56.0 MiB/s) with 1 file(s) remainingCompleted 31.3 MiB/33.1 MiB (56.2 MiB/s) with 1 file(s) remainingCompleted 31.6 MiB/33.1 MiB (56.4 MiB/s) with 1 file(s) remainingCompleted 31.8 MiB/33.1 MiB (56.6 MiB/s) with 1 file(s) remainingCompleted 32.1 MiB/33.1 MiB (56.7 MiB/s) with 1 file(s) remainingCompleted 32.3 MiB/33.1 MiB (56.4 MiB/s) with 1 file(s) remainingCompleted 32.6 MiB/33.1 MiB (56.1 MiB/s) with 1 file(s) remainingCompleted 32.8 MiB/33.1 MiB (55.6 MiB/s) with 1 file(s) remainingCompleted 33.1 MiB/33.1 MiB (55.4 MiB/s) with 1 file(s) remainingupload: target/dropwizard-example.jar to s3://30daysdevops/dropwizard/release/dropwizard-example-0.0.14.jar
+ sed -i 's/^defaultName:.*/defaultName: DropWizard-0.0.14/' mysql.yml
+ aws s3 cp mysql.yml s3://30daysdevops/dropwizard/release/mysql.yml
Completed 2.5 KiB/2.5 KiB (40.3 KiB/s) with 1 file(s) remainingupload: ./mysql.yml to s3://30daysdevops/dropwizard/release/mysql.yml
+ cp target/dropwizard-example.jar dropwizard.jar
++ aws secretsmanager get-secret-value --region us-east-1 --secret-id rds_db_password --output json --version-stage AWSCURRENT
++ jq .SecretString -r
++ jq .password -r
+ dbpass=jD6Y#%k2
+ sed -i 's/\spassword:.*/ password: jD6Y#%k2/' mysql.yml
+ docker build -t dropwizard .
Sending build context to Docker daemon  70.56MB
Step 1/8 : FROM openjdk:8-jre-alpine
 ---> 7e72a7dcf7dc
Step 2/8 : WORKDIR /
 ---> Using cache
 ---> 8dd1abe86e40
Step 3/8 : ADD dropwizard.jar dropwizard.jar
 ---> 21909b628c89
Step 4/8 : ADD mysql.yml mysql.yml
 ---> a4f705698efe
Step 5/8 : EXPOSE 8080
 ---> Running in 75a410d36edd
Removing intermediate container 75a410d36edd
 ---> 71cf0f058a65
Step 6/8 : EXPOSE 8081
 ---> Running in 617c3fe07633
Removing intermediate container 617c3fe07633
 ---> aadb0d321519
Step 7/8 : CMD java -Xmx750M -jar dropwizard.jar server mysql.yml
 ---> Running in a176b859e62e
Removing intermediate container a176b859e62e
 ---> fe68706b2149
Step 8/8 : LABEL "com.datadoghq.ad.logs"='[{"environment": "qa", "source": "application", "service": "dropwizard"}]'
 ---> Running in c1a06ef480fd
Removing intermediate container c1a06ef480fd
 ---> e5069f14672c
Successfully built e5069f14672c
Successfully tagged dropwizard:latest
++ aws ecr get-login --no-include-email --region us-east-1
+ docker login -u AWS -p eyJwYXlsb2FkIjoiTlNMOWFJaU1ZclVDeWhBWmlzL0FtOVFYdDdEb2MwY29QSy9TeVRuM091eFRQL2h4QzZRY1ZRVHJhcmsyMGxCR1lUM2lJOGRmWnF0RzFKQmJCQjlIZkx2bFN0enovVWdOSXhLUkREdERGWlB0Y0NoYVBzdUNCZ0duVEk3YUZ6TThYWVZlWFdUaUFJczhhWE9MVWRKTkhDRnJJM0NxalpGYXdON2FEVmJPb05VSWt5RTczRXVjUmQvYURZYUNMN2gwb0E2UWZZS3BRMXhRdVB4OG9ndGM0YUxIRVdDUkZiNWNRTjBlUE9ERlRvNWNFVTdPaTlyRzFDcXJRUW9ocnpwK0ZwWFJxbUdaTTkyMDdHN3d4Z1Z5bmVBU3gzZlpicFViWXhjaktGOG83LzhHSVhEWWIwVEtwd0JDdW9GcE0vTmpERzhWRmhUa3p1MVdDc3lEbUZ1TS9XSHFDR0dSUXRHNWdyRDlsTmF4MndTNGdZMm4vZ2RqVGhmazNKdFVJVXpHK1JrQ1lHakh4QnBmWXJxVjBRamdtWGJidEdqaDVTUmJ3YjhRZjVNajduMEFFMlNkZFQvQUpvZFBHbjFqNjRRV3M1QXUraTFqYXB3djdkQ1k5SEQwb3NOOTlVa3RWdFcraTFaZFpKNTJFTU4vSWZqQjh5NTRwMkFYcyt2WFlEcUxNZFE2cmV6UlZlOVlxYnUxSTBRL2xwa0JRWTBxWURSZUdhc05TQ2xuTXNpaUdVOTJqQXZsOEpFZC9tYXhKd1dkOW5URmhaTGhCejhOZmFGSGdzc09oYlNicDZjcG9JWitSZVhqQXFLZzg5cHQ1N2hGY0JCaENRc0Ivc1RyNGZGQitHV3dxRkNrWWs0VldOYTlYZVpMVW15Sm9OUTY4cDBxcjFMaXdCaWJ1Zzlyamk0ajVXRnNTQkt0TnJRdy81RHlTUkJNSjljWFNPTTRLMkJ6N3FJbDVNUTIzWmhxRHY1VFhLSVFXMUkrbk8wcnFWcE1sNU83U1YwekNWT0VoMkRkakZrdTdqd2djREM5aVlKZDU2MFRONFVVY0tGVTdDZXpyZ2YzVFdQcW8xalhkUUFZMlhIYVJZY2p5NVdEeHVJQlRJYnR5djd6Q0dwSXJMay9aNERadG5rT212R2IxekNmbUI0Mk54NFFkVENLVkc2SWtPRmFCSE4yVndjZS92MDFPazBrOUUxWXAzOEQvNkdpTGM5ZHU3MXNCWUVFbitwWEsxYlJlbGlsNWxDZDJRQmZqai8xRHJLa0RTVWVNTnZiNitwc3loUndTR1YreFIyVzBoZC9hVzhqa3BRZjBNeFZmN2hvVDgrYXRoWHpxeGQyMGdwZ2tvWU5sWlc3OXduRU5TNDNFRW9zVGhwbmt6YTZhOGtsOXlLeU1MNCs0ZGwyNThQWjNQSjRCbG5QVlRhMTU5ZDJyaXVYNWpsK1ZIbm9ZUmQ2Ullicm53Mlo5dTBQcTczUmVvT1NyYjJXbitseXBXZ245OUNWZWtMazdxNUFiZFg3emFYeVY1Rk53MEVBYXA0MVI0dGo1N1Rob05YTGxQTlZQN1dtUzVqNEl1d015azlQL0hYRDRURnNDR1o1djEvTW5rV1ByTkZtTE5HTHlSaFJ2WlBvQS9tOVZPSmw2bEVSc29hSTFieEdsaVM3QWd4U0tKUy9Vb1JnNW55bXovRWp2VjNxU1FwZEpELy96SHNMbkdHV0IweTc1T0FCUW1XS3hBOTB4YUMwVkJONG4wc20zRUNqcmhnMU43YnRnTEJJOTBXeUtUQ0VFQ3JOcjVzSG05SVRDbXBUdmJQUnNWTCtnMnVIUzNyVGxGcjVJMVBlampJa252RmdJT3ZsQWdSR1pxa09qaXRWZTQ4QjIzaDFzWkJ3dFFCUzBvT21tVW91QVFLT0hJakd2c2t5LzRMRWRLWjNwNjZ2WU03cDFjYUhqbTlaWWdleDVEd2RhUis2ZGtNekFuUkN1b2d0R2xUNnJBK2VrSGdKZlpabHBVd3ZqeW0wTW8zRGdleDBhRXBYenlnb2Z5cjk0V3NkeDZxa2lqcGRaZkpVUWpNT3lhWlc1WnFESE1sbmxtamliTkxFcjNIbXN0ajNlUklDNXQwPSIsImRhdGFrZXkiOiJBUUVCQUhod20wWWFJU0plUnRKbTVuMUc2dXFlZWtYdW9YWFBlNVVGY2U5UnE4LzE0d0FBQUg0d2ZBWUpLb1pJaHZjTkFRY0dvRzh3YlFJQkFEQm9CZ2txaGtpRzl3MEJCd0V3SGdZSllJWklBV1VEQkFFdU1CRUVEQ2J1TUkraHJLaU1iVVRXUlFJQkVJQTdwWVNTY1pPOVdZcXV4aHdTemo1LzRoT3NSZHM2ME5yN2FRTlRYT1JtcEVwZzR0TWxieTBSOE4vTW85QjEwMFF0bGU2emhqcmxRQnJ1dUhjPSIsInZlcnNpb24iOiIyIiwidHlwZSI6IkRBVEFfS0VZIiwiZXhwaXJhdGlvbiI6MTU0Nzg3Njg3NX0= https://230883561944.dkr.ecr.us-east-1.amazonaws.com
WARNING! Using --password via the CLI is insecure. Use --password-stdin.
WARNING! Your password will be stored unencrypted in /var/lib/jenkins/.docker/config.json.
Configure a credential helper to remove this warning. See
https://docs.docker.com/engine/reference/commandline/login/#credentials-store

Login Succeeded
+ docker tag dropwizard:latest 230883561944.dkr.ecr.us-east-1.amazonaws.com/dropwizard:0.0.14
+ docker push 230883561944.dkr.ecr.us-east-1.amazonaws.com/dropwizard:0.0.14
The push refers to repository [230883561944.dkr.ecr.us-east-1.amazonaws.com/dropwizard]
87524ce97a0a: Preparing
316c936748e5: Preparing
382d47ad6dc1: Preparing
dbc783c89851: Preparing
7bff100f35cb: Preparing
7bff100f35cb: Layer already exists
dbc783c89851: Layer already exists
382d47ad6dc1: Layer already exists
87524ce97a0a: Pushed
316c936748e5: Pushed
0.0.14: digest: sha256:661e7367cb551fff1c86c5e24f9fa25997af1c1797a2b05fbd47e767eee57d8c size: 1367
 > git tag -l 0.0.14 # timeout=10
 > git tag -a -f -m Jenkins Git plugin tagging with 0.0.14 0.0.14 # timeout=10
Pushing tag 0.0.14 to repo origin
 > git --version # timeout=10
 > git push git@github.com:babinskiy/dropwizard-example.git 0.0.14
Finished: SUCCESS
