Started by user [8mha:////4JrjmSRx4qOtNYMMhYugXsyw+fINujBQhhzqimlc3f+QAAAAkx+LCAAAAAAAAP9b85aBtbiIQTGjNKU4P08vOT+vOD8nVc83PyU1x6OyILUoJzMv2y+/JJUBAhiZGBgqihhk0NSjKDWzXb3RdlLBUSYGJk8GtpzUvPSSDB8G5tKinBIGIZ+sxLJE/ZzEvHT94JKizLx0a6BxUmjGOUNodHsLgAyWEgYu/dLi1CIwAQDYegtJvwAAAA==[0muser
Building in workspace /var/lib/jenkins/workspace/Application/release
[WS-CLEANUP] Deleting project workspace...
[WS-CLEANUP] Deferred wipeout is used...
[WS-CLEANUP] Done
Cloning the remote Git repository
Cloning repository git@github.com:babinskiy/dropwizard-example.git
 > git init /var/lib/jenkins/workspace/Application/release # timeout=10
Fetching upstream changes from git@github.com:babinskiy/dropwizard-example.git
 > git --version # timeout=10
 > git fetch --tags --progress git@github.com:babinskiy/dropwizard-example.git +refs/heads/*:refs/remotes/origin/*
 > git config remote.origin.url git@github.com:babinskiy/dropwizard-example.git # timeout=10
 > git config --add remote.origin.fetch +refs/heads/*:refs/remotes/origin/* # timeout=10
 > git config remote.origin.url git@github.com:babinskiy/dropwizard-example.git # timeout=10
Fetching upstream changes from git@github.com:babinskiy/dropwizard-example.git
 > git fetch --tags --progress git@github.com:babinskiy/dropwizard-example.git +refs/heads/*:refs/remotes/origin/*
 > git rev-parse refs/remotes/origin/master^{commit} # timeout=10
 > git rev-parse refs/remotes/origin/origin/master^{commit} # timeout=10
Checking out Revision afbe63f3a12b580a77a9b8a391cc18dd6897f4f2 (refs/remotes/origin/master)
 > git config core.sparsecheckout # timeout=10
 > git checkout -f afbe63f3a12b580a77a9b8a391cc18dd6897f4f2
Commit message: "Delete DB password"
 > git rev-list --no-walk afbe63f3a12b580a77a9b8a391cc18dd6897f4f2 # timeout=10
[release] $ /bin/sh -xe /tmp/jenkins806020594231219052.sh
+ mvn clean package
[INFO] Scanning for projects...
[INFO] 
[INFO] ------------------------------------------------------------------------
[INFO] Building Dropwizard Example Application 0.0.1-SNAPSHOT
[INFO] ------------------------------------------------------------------------
[INFO] 
[INFO] --- maven-clean-plugin:3.1.0:clean (default-clean) @ dropwizard-example ---
[INFO] 
[INFO] --- maven-enforcer-plugin:1.4.1:enforce (enforce) @ dropwizard-example ---
[INFO] 
[INFO] --- maven-checkstyle-plugin:3.0.0:check (checkstyle) @ dropwizard-example ---
[INFO] 
[INFO] --- jacoco-maven-plugin:0.8.2:prepare-agent (prepare-agent) @ dropwizard-example ---
[INFO] argLine set to -javaagent:/var/lib/jenkins/.m2/repository/org/jacoco/org.jacoco.agent/0.8.2/org.jacoco.agent-0.8.2-runtime.jar=destfile=/var/lib/jenkins/workspace/Application/release/target/jacoco.exec
[INFO] 
[INFO] --- maven-resources-plugin:3.1.0:resources (default-resources) @ dropwizard-example ---
[INFO] Using 'UTF-8' encoding to copy filtered resources.
[INFO] Copying 10 resources
[INFO] 
[INFO] --- maven-compiler-plugin:3.8.0:compile (default-compile) @ dropwizard-example ---
[INFO] Changes detected - recompiling the module!
[INFO] Compiling 23 source files to /var/lib/jenkins/workspace/Application/release/target/classes
[INFO] 
[INFO] --- maven-resources-plugin:3.1.0:testResources (default-testResources) @ dropwizard-example ---
[INFO] Using 'UTF-8' encoding to copy filtered resources.
[INFO] Copying 1 resource
[INFO] 
[INFO] --- maven-compiler-plugin:3.8.0:testCompile (default-testCompile) @ dropwizard-example ---
[INFO] Changes detected - recompiling the module!
[INFO] Compiling 6 source files to /var/lib/jenkins/workspace/Application/release/target/test-classes
[INFO] 
[INFO] --- maven-surefire-plugin:2.22.1:test (default-test) @ dropwizard-example ---
[INFO] 
[INFO] -------------------------------------------------------
[INFO]  T E S T S
[INFO] -------------------------------------------------------
[INFO] Running com.example.helloworld.resources.PersonResourceTest
16:56:46.441 [main] DEBUG org.jboss.logging - Logging Provider: org.jboss.logging.Slf4jLoggerProvider
16:56:46.448 [main] INFO org.hibernate.validator.internal.util.Version - HV000001: Hibernate Validator 5.4.2.Final
16:56:46.480 [main] DEBUG org.hibernate.validator.internal.engine.resolver.DefaultTraversableResolver - Found javax.persistence.Persistence on classpath containing 'getPersistenceUtil'. Assuming JPA 2 environment. Trying to instantiate JPA aware TraversableResolver
16:56:46.482 [main] DEBUG org.hibernate.validator.internal.engine.resolver.DefaultTraversableResolver - Instantiated JPA aware TraversableResolver of type org.hibernate.validator.internal.engine.resolver.JPATraversableResolver.
16:56:46.489 [main] DEBUG org.hibernate.validator.internal.engine.ConfigurationImpl - Setting custom ParameterNameProvider of type io.dropwizard.jersey.validation.JerseyParameterNameProvider
16:56:46.491 [main] DEBUG org.hibernate.validator.internal.xml.ValidationXmlParser - Trying to load META-INF/validation.xml for XML based Validator configuration.
16:56:46.493 [main] DEBUG org.hibernate.validator.internal.xml.ResourceLoaderHelper - Trying to load META-INF/validation.xml via TCCL
16:56:46.494 [main] DEBUG org.hibernate.validator.internal.xml.ResourceLoaderHelper - Trying to load META-INF/validation.xml via Hibernate Validator's class loader
16:56:46.495 [main] DEBUG org.hibernate.validator.internal.xml.ValidationXmlParser - No META-INF/validation.xml found. Using annotation based configuration only.
[INFO] Tests run: 2, Failures: 0, Errors: 0, Skipped: 0, Time elapsed: 4.498 s - in com.example.helloworld.resources.PersonResourceTest
[INFO] Running com.example.helloworld.resources.ProtectedClassResourceTest
[INFO] Tests run: 5, Failures: 0, Errors: 0, Skipped: 0, Time elapsed: 0.41 s - in com.example.helloworld.resources.ProtectedClassResourceTest
[INFO] Running com.example.helloworld.resources.ProtectedResourceTest
[INFO] Tests run: 5, Failures: 0, Errors: 0, Skipped: 0, Time elapsed: 0.3 s - in com.example.helloworld.resources.ProtectedResourceTest
[INFO] Running com.example.helloworld.resources.PeopleResourceTest
[INFO] Tests run: 2, Failures: 0, Errors: 0, Skipped: 0, Time elapsed: 0.2 s - in com.example.helloworld.resources.PeopleResourceTest
[INFO] Running com.example.helloworld.IntegrationTest
INFO  [2019-01-18 16:56:51,040] io.dropwizard.server.DefaultServerFactory: Registering jersey handler with root path prefix: /
INFO  [2019-01-18 16:56:51,061] io.dropwizard.server.DefaultServerFactory: Registering admin handler with root path prefix: /
INFO  [2019-01-18 16:56:51,063] io.dropwizard.assets.AssetsBundle: Registering AssetBundle with name: assets for path /assets/*
INFO  [2019-01-18 16:56:51,397] org.hibernate.Version: HHH000412: Hibernate Core {5.2.15.Final}
INFO  [2019-01-18 16:56:51,400] org.hibernate.cfg.Environment: HHH000206: hibernate.properties not found
INFO  [2019-01-18 16:56:51,418] io.dropwizard.hibernate.SessionFactoryFactory: Entity classes: [com.example.helloworld.core.Person]
INFO  [2019-01-18 16:56:51,466] org.hibernate.annotations.common.Version: HCANN000001: Hibernate Commons Annotations {5.0.1.Final}
INFO  [2019-01-18 16:56:52,099] org.hibernate.dialect.Dialect: HHH000400: Using dialect: org.hibernate.dialect.H2Dialect
INFO  [2019-01-18 16:56:52,551] org.hibernate.type.BasicTypeRegistry: HHH000270: Type registration [java.util.Currency] overrides previous : org.hibernate.type.CurrencyType@233de714
INFO  [2019-01-18 16:56:52,551] org.hibernate.type.BasicTypeRegistry: HHH000270: Type registration [java.time.Duration] overrides previous : org.hibernate.type.DurationType@45aefed8
INFO  [2019-01-18 16:56:52,551] org.hibernate.type.BasicTypeRegistry: HHH000270: Type registration [java.time.Instant] overrides previous : org.hibernate.type.InstantType@333915a
INFO  [2019-01-18 16:56:52,551] org.hibernate.type.BasicTypeRegistry: HHH000270: Type registration [java.time.LocalDate] overrides previous : org.hibernate.type.LocalDateType@6f07bc19
INFO  [2019-01-18 16:56:52,551] org.hibernate.type.BasicTypeRegistry: HHH000270: Type registration [java.time.LocalDateTime] overrides previous : org.hibernate.type.LocalDateTimeType@234ef3aa
INFO  [2019-01-18 16:56:52,551] org.hibernate.type.BasicTypeRegistry: HHH000270: Type registration [java.time.LocalTime] overrides previous : org.hibernate.type.LocalTimeType@11249125
INFO  [2019-01-18 16:56:52,551] org.hibernate.type.BasicTypeRegistry: HHH000270: Type registration [java.time.OffsetDateTime] overrides previous : org.hibernate.type.OffsetDateTimeType@e826b1a
INFO  [2019-01-18 16:56:52,551] org.hibernate.type.BasicTypeRegistry: HHH000270: Type registration [java.time.OffsetTime] overrides previous : org.hibernate.type.OffsetTimeType@5c37f9a7
INFO  [2019-01-18 16:56:52,552] org.hibernate.type.BasicTypeRegistry: HHH000270: Type registration [java.time.ZonedDateTime] overrides previous : org.hibernate.type.ZonedDateTimeType@8b08228
INFO  [2019-01-18 16:56:52,851] org.hibernate.hql.internal.QueryTranslatorFactoryInitiator: HHH000397: Using ASTQueryTranslatorFactory
INFO  [2019-01-18 16:56:53,012] io.dropwizard.server.ServerFactory: Starting hello-world
                           web-scale hello world dP for the web
                                                 88
  .d8888b. dP.  .dP .d8888b. 88d8b.d8b. 88d888b. 88 .d8888b.
  88ooood8  `8bd8'  88'  `88 88'`88'`88 88'  `88 88 88ooood8
  88.  ...  .d88b.  88.  .88 88  88  88 88.  .88 88 88.  ...
  `88888P' dP'  `dP `88888P8 dP  dP  dP 88Y888P' dP `88888P'
                                        88
                                        dP

INFO  [2019-01-18 16:56:53,147] org.eclipse.jetty.setuid.SetUIDListener: Opened application@1d3d957f{HTTP/1.1,[http/1.1]}{0.0.0.0:44185}
INFO  [2019-01-18 16:56:53,147] org.eclipse.jetty.setuid.SetUIDListener: Opened admin@5ff4e3c1{HTTP/1.1,[http/1.1]}{0.0.0.0:44237}
INFO  [2019-01-18 16:56:53,150] org.eclipse.jetty.server.Server: jetty-9.4.11.v20180605; built: 2018-06-05T18:24:03.829Z; git: d5fc0523cfa96bfebfbda19606cad384d772f04c; jvm 1.8.0_191-b12
INFO  [2019-01-18 16:56:53,340] io.dropwizard.jersey.DropwizardResourceConfig: The following paths were found for the configured resources:

    GET     /filtered/hello (com.example.helloworld.resources.FilteredResource)
    GET     /hello-world (com.example.helloworld.resources.HelloWorldResource)
    POST    /hello-world (com.example.helloworld.resources.HelloWorldResource)
    GET     /hello-world/date (com.example.helloworld.resources.HelloWorldResource)
    GET     /people (com.example.helloworld.resources.PeopleResource)
    POST    /people (com.example.helloworld.resources.PeopleResource)
    GET     /people/{personId} (com.example.helloworld.resources.PersonResource)
    GET     /people/{personId}/view_freemarker (com.example.helloworld.resources.PersonResource)
    GET     /people/{personId}/view_mustache (com.example.helloworld.resources.PersonResource)
    GET     /protected (com.example.helloworld.resources.ProtectedResource)
    GET     /protected/admin (com.example.helloworld.resources.ProtectedResource)
    GET     /views/iso88591.ftl (com.example.helloworld.resources.ViewResource)
    GET     /views/iso88591.mustache (com.example.helloworld.resources.ViewResource)
    GET     /views/utf8.ftl (com.example.helloworld.resources.ViewResource)
    GET     /views/utf8.mustache (com.example.helloworld.resources.ViewResource)

INFO  [2019-01-18 16:56:53,346] org.eclipse.jetty.server.handler.ContextHandler: Started i.d.j.MutableServletContextHandler@37f77e0b{/,null,AVAILABLE}
INFO  [2019-01-18 16:56:53,351] io.dropwizard.setup.AdminEnvironment: tasks = 

    POST    /tasks/echo (com.example.helloworld.tasks.EchoTask)
    POST    /tasks/log-level (io.dropwizard.servlets.tasks.LogConfigurationTask)
    POST    /tasks/gc (io.dropwizard.servlets.tasks.GarbageCollectionTask)

INFO  [2019-01-18 16:56:53,363] org.eclipse.jetty.server.handler.ContextHandler: Started i.d.j.MutableServletContextHandler@7fac34ca{/,null,AVAILABLE}
INFO  [2019-01-18 16:56:53,372] org.eclipse.jetty.server.AbstractConnector: Started application@1d3d957f{HTTP/1.1,[http/1.1]}{0.0.0.0:44185}
INFO  [2019-01-18 16:56:53,373] org.eclipse.jetty.server.AbstractConnector: Started admin@5ff4e3c1{HTTP/1.1,[http/1.1]}{0.0.0.0:44237}
INFO  [2019-01-18 16:56:53,373] org.eclipse.jetty.server.Server: Started @10006ms
INFO  [2019-01-18 16:56:54,180] liquibase.executor.jvm.JdbcExecutor: SELECT COUNT(*) FROM PUBLIC.DATABASECHANGELOGLOCK
INFO  [2019-01-18 16:56:54,197] liquibase.executor.jvm.JdbcExecutor: CREATE TABLE PUBLIC.DATABASECHANGELOGLOCK (ID INT NOT NULL, LOCKED BOOLEAN NOT NULL, LOCKGRANTED TIMESTAMP, LOCKEDBY VARCHAR(255), CONSTRAINT PK_DATABASECHANGELOGLOCK PRIMARY KEY (ID))
INFO  [2019-01-18 16:56:54,209] liquibase.executor.jvm.JdbcExecutor: SELECT COUNT(*) FROM PUBLIC.DATABASECHANGELOGLOCK
INFO  [2019-01-18 16:56:54,214] liquibase.executor.jvm.JdbcExecutor: DELETE FROM PUBLIC.DATABASECHANGELOGLOCK
INFO  [2019-01-18 16:56:54,216] liquibase.executor.jvm.JdbcExecutor: INSERT INTO PUBLIC.DATABASECHANGELOGLOCK (ID, LOCKED) VALUES (1, FALSE)
INFO  [2019-01-18 16:56:54,219] liquibase.executor.jvm.JdbcExecutor: SELECT LOCKED FROM PUBLIC.DATABASECHANGELOGLOCK WHERE ID=1
INFO  [2019-01-18 16:56:54,229] liquibase.lockservice.StandardLockService: Successfully acquired change log lock
INFO  [2019-01-18 16:56:55,088] liquibase.changelog.StandardChangeLogHistoryService: Creating database history table with name: PUBLIC.DATABASECHANGELOG
INFO  [2019-01-18 16:56:55,089] liquibase.executor.jvm.JdbcExecutor: CREATE TABLE PUBLIC.DATABASECHANGELOG (ID VARCHAR(255) NOT NULL, AUTHOR VARCHAR(255) NOT NULL, FILENAME VARCHAR(255) NOT NULL, DATEEXECUTED TIMESTAMP NOT NULL, ORDEREXECUTED INT NOT NULL, EXECTYPE VARCHAR(10) NOT NULL, MD5SUM VARCHAR(35), DESCRIPTION VARCHAR(255), COMMENTS VARCHAR(255), TAG VARCHAR(255), LIQUIBASE VARCHAR(20), CONTEXTS VARCHAR(255), LABELS VARCHAR(255), DEPLOYMENT_ID VARCHAR(10))
INFO  [2019-01-18 16:56:55,091] liquibase.executor.jvm.JdbcExecutor: SELECT COUNT(*) FROM PUBLIC.DATABASECHANGELOG
INFO  [2019-01-18 16:56:55,091] liquibase.changelog.StandardChangeLogHistoryService: Reading from PUBLIC.DATABASECHANGELOG
INFO  [2019-01-18 16:56:55,092] liquibase.executor.jvm.JdbcExecutor: SELECT * FROM PUBLIC.DATABASECHANGELOG ORDER BY DATEEXECUTED ASC, ORDEREXECUTED ASC
INFO  [2019-01-18 16:56:55,093] liquibase.executor.jvm.JdbcExecutor: SELECT COUNT(*) FROM PUBLIC.DATABASECHANGELOGLOCK
INFO  [2019-01-18 16:56:55,118] liquibase.executor.jvm.JdbcExecutor: CREATE TABLE PUBLIC.people (id BIGINT AUTO_INCREMENT NOT NULL, fullName VARCHAR(255) NOT NULL, jobTitle VARCHAR(255), CONSTRAINT PK_PEOPLE PRIMARY KEY (id))
INFO  [2019-01-18 16:56:55,135] liquibase.changelog.ChangeSet: Table people created
INFO  [2019-01-18 16:56:55,139] liquibase.changelog.ChangeSet: ChangeSet migrations.xml::1::codahale ran successfully in 22ms
INFO  [2019-01-18 16:56:55,141] liquibase.executor.jvm.JdbcExecutor: SELECT MAX(ORDEREXECUTED) FROM PUBLIC.DATABASECHANGELOG
INFO  [2019-01-18 16:56:55,152] liquibase.executor.jvm.JdbcExecutor: INSERT INTO PUBLIC.DATABASECHANGELOG (ID, AUTHOR, FILENAME, DATEEXECUTED, ORDEREXECUTED, MD5SUM, DESCRIPTION, COMMENTS, EXECTYPE, CONTEXTS, LABELS, LIQUIBASE, DEPLOYMENT_ID) VALUES ('1', 'codahale', 'migrations.xml', NOW(), 1, '8:a466b7f04155c06f80453d6d5a36b55c', 'createTable tableName=people', '', 'EXECUTED', NULL, NULL, '3.6.1', '7830615093')
INFO  [2019-01-18 16:56:55,158] liquibase.lockservice.StandardLockService: Successfully released change log lock
INFO  [2019-01-18 16:56:55,487] org.hibernate.engine.internal.StatisticalLoggingSessionEventListener: Session Metrics {
    114451 nanoseconds spent acquiring 2 JDBC connections;
    76779 nanoseconds spent releasing 2 JDBC connections;
    8797551 nanoseconds spent preparing 1 JDBC statements;
    2086179 nanoseconds spent executing 1 JDBC statements;
    0 nanoseconds spent executing 0 JDBC batches;
    0 nanoseconds spent performing 0 L2C puts;
    0 nanoseconds spent performing 0 L2C hits;
    0 nanoseconds spent performing 0 L2C misses;
    4518456 nanoseconds spent executing 1 flushes (flushing a total of 1 entities and 0 collections);
    0 nanoseconds spent executing 0 partial-flushes (flushing a total of 0 entities and 0 collections)
}
127.0.0.1 - - [18/Jan/2019:16:56:55 +0000] "POST /people HTTP/1.1" 200 67 "-" "Jersey/2.25.1 (HttpUrlConnection 1.8.0_191)" 209
INFO  [2019-01-18 16:56:55,564] org.hibernate.engine.internal.StatisticalLoggingSessionEventListener: Session Metrics {
    94219 nanoseconds spent acquiring 2 JDBC connections;
    66366 nanoseconds spent releasing 2 JDBC connections;
    433589 nanoseconds spent preparing 1 JDBC statements;
    283768 nanoseconds spent executing 1 JDBC statements;
    0 nanoseconds spent executing 0 JDBC batches;
    0 nanoseconds spent performing 0 L2C puts;
    0 nanoseconds spent performing 0 L2C hits;
    0 nanoseconds spent performing 0 L2C misses;
    197890 nanoseconds spent executing 1 flushes (flushing a total of 1 entities and 0 collections);
    0 nanoseconds spent executing 0 partial-flushes (flushing a total of 0 entities and 0 collections)
}
127.0.0.1 - - [18/Jan/2019:16:56:55 +0000] "GET /people/1/view_mustache HTTP/1.1" 200 205 "-" "Jersey/2.25.1 (HttpUrlConnection 1.8.0_191)" 66
INFO  [2019-01-18 16:56:55,588] org.hibernate.engine.internal.StatisticalLoggingSessionEventListener: Session Metrics {
    84546 nanoseconds spent acquiring 2 JDBC connections;
    47251 nanoseconds spent releasing 2 JDBC connections;
    80175 nanoseconds spent preparing 1 JDBC statements;
    653258 nanoseconds spent executing 1 JDBC statements;
    0 nanoseconds spent executing 0 JDBC batches;
    0 nanoseconds spent performing 0 L2C puts;
    0 nanoseconds spent performing 0 L2C hits;
    0 nanoseconds spent performing 0 L2C misses;
    177864 nanoseconds spent executing 1 flushes (flushing a total of 1 entities and 0 collections);
    0 nanoseconds spent executing 0 partial-flushes (flushing a total of 0 entities and 0 collections)
}
127.0.0.1 - - [18/Jan/2019:16:56:55 +0000] "POST /people HTTP/1.1" 200 67 "-" "Jersey/2.25.1 (HttpUrlConnection 1.8.0_191)" 7
INFO  [2019-01-18 16:56:55,601] org.hibernate.engine.internal.StatisticalLoggingSessionEventListener: Session Metrics {
    85855 nanoseconds spent acquiring 2 JDBC connections;
    74608 nanoseconds spent releasing 2 JDBC connections;
    68792 nanoseconds spent preparing 1 JDBC statements;
    2522351 nanoseconds spent executing 1 JDBC statements;
    0 nanoseconds spent executing 0 JDBC batches;
    0 nanoseconds spent performing 0 L2C puts;
    0 nanoseconds spent performing 0 L2C hits;
    0 nanoseconds spent performing 0 L2C misses;
    176044 nanoseconds spent executing 1 flushes (flushing a total of 1 entities and 0 collections);
    0 nanoseconds spent executing 0 partial-flushes (flushing a total of 0 entities and 0 collections)
}
127.0.0.1 - - [18/Jan/2019:16:56:55 +0000] "POST /people HTTP/1.1" 200 67 "-" "Jersey/2.25.1 (HttpUrlConnection 1.8.0_191)" 9
INFO  [2019-01-18 16:56:55,797] org.hibernate.engine.internal.StatisticalLoggingSessionEventListener: Session Metrics {
    393781 nanoseconds spent acquiring 2 JDBC connections;
    43540 nanoseconds spent releasing 2 JDBC connections;
    52174 nanoseconds spent preparing 1 JDBC statements;
    199681 nanoseconds spent executing 1 JDBC statements;
    0 nanoseconds spent executing 0 JDBC batches;
    0 nanoseconds spent performing 0 L2C puts;
    0 nanoseconds spent performing 0 L2C hits;
    0 nanoseconds spent performing 0 L2C misses;
    162286 nanoseconds spent executing 1 flushes (flushing a total of 1 entities and 0 collections);
    0 nanoseconds spent executing 0 partial-flushes (flushing a total of 0 entities and 0 collections)
}
127.0.0.1 - - [18/Jan/2019:16:56:55 +0000] "GET /people/3/view_freemarker HTTP/1.1" 200 270 "-" "Jersey/2.25.1 (HttpUrlConnection 1.8.0_191)" 194
127.0.0.1 - - [18/Jan/2019:16:56:55 +0000] "GET /hello-world?name=Dr.+IntegrationTest HTTP/1.1" 200 48 "-" "Jersey/2.25.1 (HttpUrlConnection 1.8.0_191)" 9
INFO  [2019-01-18 16:56:55,818] org.eclipse.jetty.server.AbstractConnector: Stopped application@1d3d957f{HTTP/1.1,[http/1.1]}{0.0.0.0:0}
INFO  [2019-01-18 16:56:55,819] org.eclipse.jetty.server.AbstractConnector: Stopped admin@5ff4e3c1{HTTP/1.1,[http/1.1]}{0.0.0.0:0}
INFO  [2019-01-18 16:56:55,824] org.eclipse.jetty.server.handler.ContextHandler: Stopped i.d.j.MutableServletContextHandler@7fac34ca{/,null,UNAVAILABLE}
INFO  [2019-01-18 16:56:55,825] org.eclipse.jetty.server.handler.ContextHandler: Stopped i.d.j.MutableServletContextHandler@37f77e0b{/,null,UNAVAILABLE}
[INFO] Tests run: 5, Failures: 0, Errors: 0, Skipped: 0, Time elapsed: 5.77 s - in com.example.helloworld.IntegrationTest
[INFO] Running com.example.helloworld.db.PersonDAOTest
WARN  [2019-01-18 16:56:55,864] org.hibernate.orm.connections.pooling: HHH10001002: Using Hibernate built-in connection pool (not for production use!)
INFO  [2019-01-18 16:56:55,868] org.hibernate.orm.connections.pooling: HHH10001005: using driver [org.h2.Driver] at URL [jdbc:h2:mem:3f4eea5a-ee2a-4b50-9f1a-5bec4f0f521c]
INFO  [2019-01-18 16:56:55,869] org.hibernate.orm.connections.pooling: HHH10001001: Connection properties: {user=sa, password=}
INFO  [2019-01-18 16:56:55,869] org.hibernate.orm.connections.pooling: HHH10001003: Autocommit mode: false
INFO  [2019-01-18 16:56:55,872] org.hibernate.engine.jdbc.connections.internal.DriverManagerConnectionProviderImpl: HHH000115: Hibernate connection pool size: 20 (min=1)
INFO  [2019-01-18 16:56:55,880] org.hibernate.dialect.Dialect: HHH000400: Using dialect: org.hibernate.dialect.H2Dialect
INFO  [2019-01-18 16:56:55,907] org.hibernate.type.BasicTypeRegistry: HHH000270: Type registration [java.util.Currency] overrides previous : org.hibernate.type.CurrencyType@233de714
INFO  [2019-01-18 16:56:55,909] org.hibernate.type.BasicTypeRegistry: HHH000270: Type registration [java.time.Duration] overrides previous : org.hibernate.type.DurationType@45aefed8
INFO  [2019-01-18 16:56:55,909] org.hibernate.type.BasicTypeRegistry: HHH000270: Type registration [java.time.Instant] overrides previous : org.hibernate.type.InstantType@333915a
INFO  [2019-01-18 16:56:55,909] org.hibernate.type.BasicTypeRegistry: HHH000270: Type registration [java.time.LocalDate] overrides previous : org.hibernate.type.LocalDateType@6f07bc19
INFO  [2019-01-18 16:56:55,909] org.hibernate.type.BasicTypeRegistry: HHH000270: Type registration [java.time.LocalDateTime] overrides previous : org.hibernate.type.LocalDateTimeType@234ef3aa
INFO  [2019-01-18 16:56:55,909] org.hibernate.type.BasicTypeRegistry: HHH000270: Type registration [java.time.LocalTime] overrides previous : org.hibernate.type.LocalTimeType@11249125
INFO  [2019-01-18 16:56:55,910] org.hibernate.type.BasicTypeRegistry: HHH000270: Type registration [java.time.OffsetDateTime] overrides previous : org.hibernate.type.OffsetDateTimeType@e826b1a
INFO  [2019-01-18 16:56:55,910] org.hibernate.type.BasicTypeRegistry: HHH000270: Type registration [java.time.OffsetTime] overrides previous : org.hibernate.type.OffsetTimeType@5c37f9a7
INFO  [2019-01-18 16:56:55,910] org.hibernate.type.BasicTypeRegistry: HHH000270: Type registration [java.time.ZonedDateTime] overrides previous : org.hibernate.type.ZonedDateTimeType@8b08228
INFO  [2019-01-18 16:56:55,947] org.hibernate.orm.connections.access: HHH10001501: Connection obtained from JdbcConnectionAccess [org.hibernate.engine.jdbc.env.internal.JdbcEnvironmentInitiator$ConnectionProviderJdbcConnectionAccess@4d93e414] for (non-JTA) DDL execution was not in auto-commit mode; the Connection 'local transaction' will be committed and the Connection will be set into auto-commit mode.
INFO  [2019-01-18 16:56:55,952] org.hibernate.orm.connections.access: HHH10001501: Connection obtained from JdbcConnectionAccess [org.hibernate.engine.jdbc.env.internal.JdbcEnvironmentInitiator$ConnectionProviderJdbcConnectionAccess@22db324] for (non-JTA) DDL execution was not in auto-commit mode; the Connection 'local transaction' will be committed and the Connection will be set into auto-commit mode.
INFO  [2019-01-18 16:56:55,955] org.hibernate.tool.schema.internal.SchemaCreatorImpl: HHH000476: Executing import script 'org.hibernate.tool.schema.internal.exec.ScriptSourceInputNonExistentImpl@4b9447b1'
INFO  [2019-01-18 16:56:55,955] org.hibernate.hql.internal.QueryTranslatorFactoryInitiator: HHH000397: Using ASTQueryTranslatorFactory
INFO  [2019-01-18 16:56:55,996] org.hibernate.engine.internal.StatisticalLoggingSessionEventListener: Session Metrics {
    29150 nanoseconds spent acquiring 2 JDBC connections;
    160727 nanoseconds spent releasing 2 JDBC connections;
    460937 nanoseconds spent preparing 4 JDBC statements;
    972772 nanoseconds spent executing 4 JDBC statements;
    0 nanoseconds spent executing 0 JDBC batches;
    0 nanoseconds spent performing 0 L2C puts;
    0 nanoseconds spent performing 0 L2C hits;
    0 nanoseconds spent performing 0 L2C misses;
    2125696 nanoseconds spent executing 1 flushes (flushing a total of 3 entities and 0 collections);
    0 nanoseconds spent executing 0 partial-flushes (flushing a total of 0 entities and 0 collections)
}
WARN  [2019-01-18 16:56:56,002] org.hibernate.orm.connections.pooling: HHH10001002: Using Hibernate built-in connection pool (not for production use!)
INFO  [2019-01-18 16:56:56,002] org.hibernate.orm.connections.pooling: HHH10001005: using driver [org.h2.Driver] at URL [jdbc:h2:mem:5f70b5a4-0e88-4c12-8521-5b37605af0c6]
INFO  [2019-01-18 16:56:56,002] org.hibernate.orm.connections.pooling: HHH10001001: Connection properties: {user=sa, password=}
INFO  [2019-01-18 16:56:56,002] org.hibernate.orm.connections.pooling: HHH10001003: Autocommit mode: false
INFO  [2019-01-18 16:56:56,002] org.hibernate.engine.jdbc.connections.internal.DriverManagerConnectionProviderImpl: HHH000115: Hibernate connection pool size: 20 (min=1)
INFO  [2019-01-18 16:56:56,004] org.hibernate.dialect.Dialect: HHH000400: Using dialect: org.hibernate.dialect.H2Dialect
INFO  [2019-01-18 16:56:56,020] org.hibernate.type.BasicTypeRegistry: HHH000270: Type registration [java.util.Currency] overrides previous : org.hibernate.type.CurrencyType@233de714
INFO  [2019-01-18 16:56:56,022] org.hibernate.type.BasicTypeRegistry: HHH000270: Type registration [java.time.Duration] overrides previous : org.hibernate.type.DurationType@45aefed8
INFO  [2019-01-18 16:56:56,022] org.hibernate.type.BasicTypeRegistry: HHH000270: Type registration [java.time.Instant] overrides previous : org.hibernate.type.InstantType@333915a
INFO  [2019-01-18 16:56:56,022] org.hibernate.type.BasicTypeRegistry: HHH000270: Type registration [java.time.LocalDate] overrides previous : org.hibernate.type.LocalDateType@6f07bc19
INFO  [2019-01-18 16:56:56,022] org.hibernate.type.BasicTypeRegistry: HHH000270: Type registration [java.time.LocalDateTime] overrides previous : org.hibernate.type.LocalDateTimeType@234ef3aa
INFO  [2019-01-18 16:56:56,022] org.hibernate.type.BasicTypeRegistry: HHH000270: Type registration [java.time.LocalTime] overrides previous : org.hibernate.type.LocalTimeType@11249125
INFO  [2019-01-18 16:56:56,022] org.hibernate.type.BasicTypeRegistry: HHH000270: Type registration [java.time.OffsetDateTime] overrides previous : org.hibernate.type.OffsetDateTimeType@e826b1a
INFO  [2019-01-18 16:56:56,022] org.hibernate.type.BasicTypeRegistry: HHH000270: Type registration [java.time.OffsetTime] overrides previous : org.hibernate.type.OffsetTimeType@5c37f9a7
INFO  [2019-01-18 16:56:56,022] org.hibernate.type.BasicTypeRegistry: HHH000270: Type registration [java.time.ZonedDateTime] overrides previous : org.hibernate.type.ZonedDateTimeType@8b08228
INFO  [2019-01-18 16:56:56,033] org.hibernate.orm.connections.access: HHH10001501: Connection obtained from JdbcConnectionAccess [org.hibernate.engine.jdbc.env.internal.JdbcEnvironmentInitiator$ConnectionProviderJdbcConnectionAccess@7fdbf2fb] for (non-JTA) DDL execution was not in auto-commit mode; the Connection 'local transaction' will be committed and the Connection will be set into auto-commit mode.
INFO  [2019-01-18 16:56:56,034] org.hibernate.orm.connections.access: HHH10001501: Connection obtained from JdbcConnectionAccess [org.hibernate.engine.jdbc.env.internal.JdbcEnvironmentInitiator$ConnectionProviderJdbcConnectionAccess@53c2657a] for (non-JTA) DDL execution was not in auto-commit mode; the Connection 'local transaction' will be committed and the Connection will be set into auto-commit mode.
INFO  [2019-01-18 16:56:56,036] org.hibernate.tool.schema.internal.SchemaCreatorImpl: HHH000476: Executing import script 'org.hibernate.tool.schema.internal.exec.ScriptSourceInputNonExistentImpl@4b9447b1'
INFO  [2019-01-18 16:56:56,036] org.hibernate.hql.internal.QueryTranslatorFactoryInitiator: HHH000397: Using ASTQueryTranslatorFactory
WARN  [2019-01-18 16:56:56,046] org.hibernate.engine.jdbc.spi.SqlExceptionHelper: SQL Error: 23502, SQLState: 23502
ERROR [2019-01-18 16:56:56,046] org.hibernate.engine.jdbc.spi.SqlExceptionHelper: NULL not allowed for column "FULLNAME"; SQL statement:
insert into people (id, fullName, jobTitle) values (null, ?, ?) [23502-197]
INFO  [2019-01-18 16:56:56,054] org.hibernate.engine.internal.StatisticalLoggingSessionEventListener: Session Metrics {
    13633 nanoseconds spent acquiring 1 JDBC connections;
    49720 nanoseconds spent releasing 1 JDBC connections;
    136246 nanoseconds spent preparing 1 JDBC statements;
    5186945 nanoseconds spent executing 1 JDBC statements;
    0 nanoseconds spent executing 0 JDBC batches;
    0 nanoseconds spent performing 0 L2C puts;
    0 nanoseconds spent performing 0 L2C hits;
    0 nanoseconds spent performing 0 L2C misses;
    0 nanoseconds spent executing 0 flushes (flushing a total of 0 entities and 0 collections);
    0 nanoseconds spent executing 0 partial-flushes (flushing a total of 0 entities and 0 collections)
}
WARN  [2019-01-18 16:56:56,060] org.hibernate.orm.connections.pooling: HHH10001002: Using Hibernate built-in connection pool (not for production use!)
INFO  [2019-01-18 16:56:56,060] org.hibernate.orm.connections.pooling: HHH10001005: using driver [org.h2.Driver] at URL [jdbc:h2:mem:f9b6f3c2-372d-408f-80cd-b1b819e02201]
INFO  [2019-01-18 16:56:56,060] org.hibernate.orm.connections.pooling: HHH10001001: Connection properties: {user=sa, password=}
INFO  [2019-01-18 16:56:56,060] org.hibernate.orm.connections.pooling: HHH10001003: Autocommit mode: false
INFO  [2019-01-18 16:56:56,060] org.hibernate.engine.jdbc.connections.internal.DriverManagerConnectionProviderImpl: HHH000115: Hibernate connection pool size: 20 (min=1)
INFO  [2019-01-18 16:56:56,064] org.hibernate.dialect.Dialect: HHH000400: Using dialect: org.hibernate.dialect.H2Dialect
INFO  [2019-01-18 16:56:56,086] org.hibernate.type.BasicTypeRegistry: HHH000270: Type registration [java.util.Currency] overrides previous : org.hibernate.type.CurrencyType@233de714
INFO  [2019-01-18 16:56:56,089] org.hibernate.type.BasicTypeRegistry: HHH000270: Type registration [java.time.Duration] overrides previous : org.hibernate.type.DurationType@45aefed8
INFO  [2019-01-18 16:56:56,090] org.hibernate.type.BasicTypeRegistry: HHH000270: Type registration [java.time.Instant] overrides previous : org.hibernate.type.InstantType@333915a
INFO  [2019-01-18 16:56:56,090] org.hibernate.type.BasicTypeRegistry: HHH000270: Type registration [java.time.LocalDate] overrides previous : org.hibernate.type.LocalDateType@6f07bc19
INFO  [2019-01-18 16:56:56,090] org.hibernate.type.BasicTypeRegistry: HHH000270: Type registration [java.time.LocalDateTime] overrides previous : org.hibernate.type.LocalDateTimeType@234ef3aa
INFO  [2019-01-18 16:56:56,090] org.hibernate.type.BasicTypeRegistry: HHH000270: Type registration [java.time.LocalTime] overrides previous : org.hibernate.type.LocalTimeType@11249125
INFO  [2019-01-18 16:56:56,091] org.hibernate.type.BasicTypeRegistry: HHH000270: Type registration [java.time.OffsetDateTime] overrides previous : org.hibernate.type.OffsetDateTimeType@e826b1a
INFO  [2019-01-18 16:56:56,091] org.hibernate.type.BasicTypeRegistry: HHH000270: Type registration [java.time.OffsetTime] overrides previous : org.hibernate.type.OffsetTimeType@5c37f9a7
INFO  [2019-01-18 16:56:56,092] org.hibernate.type.BasicTypeRegistry: HHH000270: Type registration [java.time.ZonedDateTime] overrides previous : org.hibernate.type.ZonedDateTimeType@8b08228
INFO  [2019-01-18 16:56:56,105] org.hibernate.orm.connections.access: HHH10001501: Connection obtained from JdbcConnectionAccess [org.hibernate.engine.jdbc.env.internal.JdbcEnvironmentInitiator$ConnectionProviderJdbcConnectionAccess@7d08fd1f] for (non-JTA) DDL execution was not in auto-commit mode; the Connection 'local transaction' will be committed and the Connection will be set into auto-commit mode.
INFO  [2019-01-18 16:56:56,106] org.hibernate.orm.connections.access: HHH10001501: Connection obtained from JdbcConnectionAccess [org.hibernate.engine.jdbc.env.internal.JdbcEnvironmentInitiator$ConnectionProviderJdbcConnectionAccess@4220a0d6] for (non-JTA) DDL execution was not in auto-commit mode; the Connection 'local transaction' will be committed and the Connection will be set into auto-commit mode.
INFO  [2019-01-18 16:56:56,108] org.hibernate.tool.schema.internal.SchemaCreatorImpl: HHH000476: Executing import script 'org.hibernate.tool.schema.internal.exec.ScriptSourceInputNonExistentImpl@4b9447b1'
INFO  [2019-01-18 16:56:56,108] org.hibernate.hql.internal.QueryTranslatorFactoryInitiator: HHH000397: Using ASTQueryTranslatorFactory
INFO  [2019-01-18 16:56:56,125] org.hibernate.engine.internal.StatisticalLoggingSessionEventListener: Session Metrics {
    13901 nanoseconds spent acquiring 1 JDBC connections;
    42116 nanoseconds spent releasing 1 JDBC connections;
    125098 nanoseconds spent preparing 1 JDBC statements;
    1660607 nanoseconds spent executing 1 JDBC statements;
    0 nanoseconds spent executing 0 JDBC batches;
    0 nanoseconds spent performing 0 L2C puts;
    0 nanoseconds spent performing 0 L2C hits;
    0 nanoseconds spent performing 0 L2C misses;
    291880 nanoseconds spent executing 1 flushes (flushing a total of 1 entities and 0 collections);
    0 nanoseconds spent executing 0 partial-flushes (flushing a total of 0 entities and 0 collections)
}
[INFO] Tests run: 3, Failures: 0, Errors: 0, Skipped: 0, Time elapsed: 0.284 s - in com.example.helloworld.db.PersonDAOTest
[INFO] 
[INFO] Results:
[INFO] 
[INFO] Tests run: 22, Failures: 0, Errors: 0, Skipped: 0
[INFO] 
[INFO] 
[INFO] --- maven-jar-plugin:3.1.0:jar (default-jar) @ dropwizard-example ---
[INFO] Building jar: /var/lib/jenkins/workspace/Application/release/target/dropwizard-example.jar
[INFO] 
[INFO] >>> maven-source-plugin:3.0.1:jar (attach-sources) > generate-sources @ dropwizard-example >>>
[INFO] 
[INFO] --- maven-enforcer-plugin:1.4.1:enforce (enforce) @ dropwizard-example ---
[INFO] 
[INFO] --- maven-checkstyle-plugin:3.0.0:check (checkstyle) @ dropwizard-example ---
[INFO] 
[INFO] --- jacoco-maven-plugin:0.8.2:prepare-agent (prepare-agent) @ dropwizard-example ---
[INFO] argLine set to -javaagent:/var/lib/jenkins/.m2/repository/org/jacoco/org.jacoco.agent/0.8.2/org.jacoco.agent-0.8.2-runtime.jar=destfile=/var/lib/jenkins/workspace/Application/release/target/jacoco.exec
[INFO] 
[INFO] <<< maven-source-plugin:3.0.1:jar (attach-sources) < generate-sources @ dropwizard-example <<<
[INFO] 
[INFO] 
[INFO] --- maven-source-plugin:3.0.1:jar (attach-sources) @ dropwizard-example ---
[INFO] Building jar: /var/lib/jenkins/workspace/Application/release/target/dropwizard-example-sources.jar
[INFO] 
[INFO] --- maven-shade-plugin:3.2.1:shade (default) @ dropwizard-example ---
[INFO] Including io.dropwizard:dropwizard-core:jar:1.3.7 in the shaded jar.
[INFO] Including io.dropwizard:dropwizard-util:jar:1.3.7 in the shaded jar.
[INFO] Including com.fasterxml.jackson.core:jackson-annotations:jar:2.9.0 in the shaded jar.
[INFO] Including com.google.guava:guava:jar:24.0-jre in the shaded jar.
[INFO] Including org.checkerframework:checker-compat-qual:jar:2.0.0 in the shaded jar.
[INFO] Including com.google.errorprone:error_prone_annotations:jar:2.1.3 in the shaded jar.
[INFO] Including com.google.j2objc:j2objc-annotations:jar:1.1 in the shaded jar.
[INFO] Including org.codehaus.mojo:animal-sniffer-annotations:jar:1.14 in the shaded jar.
[INFO] Including com.google.code.findbugs:jsr305:jar:3.0.2 in the shaded jar.
[INFO] Including joda-time:joda-time:jar:2.9.9 in the shaded jar.
[INFO] Including io.dropwizard:dropwizard-jackson:jar:1.3.7 in the shaded jar.
[INFO] Including com.fasterxml.jackson.core:jackson-core:jar:2.9.6 in the shaded jar.
[INFO] Including com.fasterxml.jackson.core:jackson-databind:jar:2.9.6 in the shaded jar.
[INFO] Including com.fasterxml.jackson.datatype:jackson-datatype-guava:jar:2.9.6 in the shaded jar.
[INFO] Including com.fasterxml.jackson.datatype:jackson-datatype-jsr310:jar:2.9.6 in the shaded jar.
[INFO] Including com.fasterxml.jackson.datatype:jackson-datatype-jdk8:jar:2.9.6 in the shaded jar.
[INFO] Including com.fasterxml.jackson.module:jackson-module-parameter-names:jar:2.9.6 in the shaded jar.
[INFO] Including com.fasterxml.jackson.module:jackson-module-afterburner:jar:2.9.6 in the shaded jar.
[INFO] Including com.fasterxml.jackson.datatype:jackson-datatype-joda:jar:2.9.6 in the shaded jar.
[INFO] Including org.slf4j:slf4j-api:jar:1.7.25 in the shaded jar.
[INFO] Including io.dropwizard:dropwizard-validation:jar:1.3.7 in the shaded jar.
[INFO] Including org.hibernate:hibernate-validator:jar:5.4.2.Final in the shaded jar.
[INFO] Including org.jboss.logging:jboss-logging:jar:3.3.0.Final in the shaded jar.
[INFO] Including org.glassfish:javax.el:jar:3.0.0 in the shaded jar.
[INFO] Including org.javassist:javassist:jar:3.22.0-GA in the shaded jar.
[INFO] Including io.dropwizard:dropwizard-configuration:jar:1.3.7 in the shaded jar.
[INFO] Including com.fasterxml.jackson.dataformat:jackson-dataformat-yaml:jar:2.9.6 in the shaded jar.
[INFO] Including org.yaml:snakeyaml:jar:1.18 in the shaded jar.
[INFO] Including org.apache.commons:commons-lang3:jar:3.7 in the shaded jar.
[INFO] Including org.apache.commons:commons-text:jar:1.2 in the shaded jar.
[INFO] Including io.dropwizard:dropwizard-logging:jar:1.3.7 in the shaded jar.
[INFO] Including io.dropwizard.metrics:metrics-logback:jar:4.0.2 in the shaded jar.
[INFO] Including org.slf4j:jul-to-slf4j:jar:1.7.25 in the shaded jar.
[INFO] Including ch.qos.logback:logback-core:jar:1.2.3 in the shaded jar.
[INFO] Including ch.qos.logback:logback-classic:jar:1.2.3 in the shaded jar.
[INFO] Including org.slf4j:log4j-over-slf4j:jar:1.7.25 in the shaded jar.
[INFO] Including org.slf4j:jcl-over-slf4j:jar:1.7.25 in the shaded jar.
[INFO] Including org.eclipse.jetty:jetty-util:jar:9.4.11.v20180605 in the shaded jar.
[INFO] Including io.dropwizard:dropwizard-metrics:jar:1.3.7 in the shaded jar.
[INFO] Including io.dropwizard:dropwizard-jersey:jar:1.3.7 in the shaded jar.
[INFO] Including org.glassfish.jersey.ext:jersey-metainf-services:jar:2.25.1 in the shaded jar.
[INFO] Including org.glassfish.jersey.ext:jersey-bean-validation:jar:2.25.1 in the shaded jar.
[INFO] Including io.dropwizard.metrics:metrics-jersey2:jar:4.0.2 in the shaded jar.
[INFO] Including com.fasterxml.jackson.jaxrs:jackson-jaxrs-json-provider:jar:2.9.6 in the shaded jar.
[INFO] Including com.fasterxml.jackson.jaxrs:jackson-jaxrs-base:jar:2.9.6 in the shaded jar.
[INFO] Including com.fasterxml.jackson.module:jackson-module-jaxb-annotations:jar:2.9.6 in the shaded jar.
[INFO] Including org.glassfish.jersey.containers:jersey-container-servlet:jar:2.25.1 in the shaded jar.
[INFO] Including org.eclipse.jetty:jetty-server:jar:9.4.11.v20180605 in the shaded jar.
[INFO] Including javax.servlet:javax.servlet-api:jar:3.1.0 in the shaded jar.
[INFO] Including org.eclipse.jetty:jetty-webapp:jar:9.4.11.v20180605 in the shaded jar.
[INFO] Including org.eclipse.jetty:jetty-xml:jar:9.4.11.v20180605 in the shaded jar.
[INFO] Including org.eclipse.jetty:jetty-continuation:jar:9.4.11.v20180605 in the shaded jar.
[INFO] Including io.dropwizard:dropwizard-servlets:jar:1.3.7 in the shaded jar.
[INFO] Including io.dropwizard.metrics:metrics-annotation:jar:4.0.2 in the shaded jar.
[INFO] Including io.dropwizard:dropwizard-jetty:jar:1.3.7 in the shaded jar.
[INFO] Including io.dropwizard.metrics:metrics-jetty9:jar:4.0.2 in the shaded jar.
[INFO] Including org.eclipse.jetty:jetty-servlet:jar:9.4.11.v20180605 in the shaded jar.
[INFO] Including org.eclipse.jetty:jetty-security:jar:9.4.11.v20180605 in the shaded jar.
[INFO] Including org.eclipse.jetty:jetty-servlets:jar:9.4.11.v20180605 in the shaded jar.
[INFO] Including org.eclipse.jetty:jetty-http:jar:9.4.11.v20180605 in the shaded jar.
[INFO] Including io.dropwizard:dropwizard-lifecycle:jar:1.3.7 in the shaded jar.
[INFO] Including io.dropwizard.metrics:metrics-core:jar:4.0.2 in the shaded jar.
[INFO] Including io.dropwizard.metrics:metrics-jvm:jar:4.0.2 in the shaded jar.
[INFO] Including io.dropwizard.metrics:metrics-jmx:jar:4.0.2 in the shaded jar.
[INFO] Including io.dropwizard.metrics:metrics-servlets:jar:4.0.2 in the shaded jar.
[INFO] Including io.dropwizard.metrics:metrics-json:jar:4.0.2 in the shaded jar.
[INFO] Including com.papertrail:profiler:jar:1.0.2 in the shaded jar.
[INFO] Including io.dropwizard.metrics:metrics-healthchecks:jar:4.0.2 in the shaded jar.
[INFO] Including io.dropwizard:dropwizard-request-logging:jar:1.3.7 in the shaded jar.
[INFO] Including ch.qos.logback:logback-access:jar:1.2.3 in the shaded jar.
[INFO] Including net.sourceforge.argparse4j:argparse4j:jar:0.8.1 in the shaded jar.
[INFO] Including org.eclipse.jetty.toolchain.setuid:jetty-setuid-java:jar:1.0.3 in the shaded jar.
[INFO] Including io.dropwizard:dropwizard-auth:jar:1.3.7 in the shaded jar.
[INFO] Including io.dropwizard:dropwizard-assets:jar:1.3.7 in the shaded jar.
[INFO] Including io.dropwizard:dropwizard-http2:jar:1.3.7 in the shaded jar.
[INFO] Including org.eclipse.jetty.http2:http2-server:jar:9.4.11.v20180605 in the shaded jar.
[INFO] Including org.eclipse.jetty.http2:http2-common:jar:9.4.11.v20180605 in the shaded jar.
[INFO] Including org.eclipse.jetty.http2:http2-hpack:jar:9.4.11.v20180605 in the shaded jar.
[INFO] Including org.eclipse.jetty:jetty-alpn-openjdk8-server:jar:9.4.11.v20180605 in the shaded jar.
[INFO] Including org.eclipse.jetty:jetty-alpn-server:jar:9.4.11.v20180605 in the shaded jar.
[INFO] Including org.eclipse.jetty:jetty-io:jar:9.4.11.v20180605 in the shaded jar.
[INFO] Including io.dropwizard:dropwizard-hibernate:jar:1.3.7 in the shaded jar.
[INFO] Including io.dropwizard:dropwizard-db:jar:1.3.7 in the shaded jar.
[INFO] Including org.apache.tomcat:tomcat-jdbc:jar:9.0.5 in the shaded jar.
[INFO] Including org.apache.tomcat:tomcat-juli:jar:9.0.5 in the shaded jar.
[INFO] Including com.fasterxml.jackson.datatype:jackson-datatype-hibernate5:jar:2.9.6 in the shaded jar.
[INFO] Including org.jadira.usertype:usertype.core:jar:7.0.0.CR1 in the shaded jar.
[INFO] Including org.jadira.usertype:usertype.spi:jar:7.0.0.CR1 in the shaded jar.
[INFO] Including org.hibernate:hibernate-core:jar:5.2.15.Final in the shaded jar.
[INFO] Including org.hibernate.javax.persistence:hibernate-jpa-2.1-api:jar:1.0.0.Final in the shaded jar.
[INFO] Including antlr:antlr:jar:2.7.7 in the shaded jar.
[INFO] Including org.jboss.spec.javax.transaction:jboss-transaction-api_1.2_spec:jar:1.0.1.Final in the shaded jar.
[INFO] Including org.jboss:jandex:jar:2.0.3.Final in the shaded jar.
[INFO] Including com.fasterxml:classmate:jar:1.3.4 in the shaded jar.
[INFO] Including dom4j:dom4j:jar:1.6.1 in the shaded jar.
[INFO] Including org.hibernate.common:hibernate-commons-annotations:jar:5.0.1.Final in the shaded jar.
[INFO] Including io.dropwizard:dropwizard-migrations:jar:1.3.7 in the shaded jar.
[INFO] Including org.liquibase:liquibase-core:jar:3.6.1 in the shaded jar.
[INFO] Including com.mattbertolini:liquibase-slf4j:jar:2.0.0 in the shaded jar.
[INFO] Including io.dropwizard:dropwizard-views-freemarker:jar:1.3.7 in the shaded jar.
[INFO] Including io.dropwizard:dropwizard-views:jar:1.3.7 in the shaded jar.
[INFO] Including org.freemarker:freemarker:jar:2.3.27-incubating in the shaded jar.
[INFO] Including io.dropwizard:dropwizard-views-mustache:jar:1.3.7 in the shaded jar.
[INFO] Including com.github.spullara.mustache.java:compiler:jar:0.9.5 in the shaded jar.
[INFO] Including io.dropwizard:dropwizard-metrics-graphite:jar:1.3.7 in the shaded jar.
[INFO] Including io.dropwizard.metrics:metrics-graphite:jar:4.0.2 in the shaded jar.
[INFO] Including com.rabbitmq:amqp-client:jar:4.4.1 in the shaded jar.
[INFO] Including com.h2database:h2:jar:1.4.197 in the shaded jar.
[INFO] Including mysql:mysql-connector-java:jar:8.0.13 in the shaded jar.
[INFO] Including com.google.protobuf:protobuf-java:jar:3.6.1 in the shaded jar.
[INFO] Including org.glassfish.jersey.containers:jersey-container-servlet-core:jar:2.25.1 in the shaded jar.
[INFO] Including org.glassfish.jersey.core:jersey-server:jar:2.25.1 in the shaded jar.
[INFO] Including org.glassfish.jersey.core:jersey-common:jar:2.25.1 in the shaded jar.
[INFO] Including org.glassfish.jersey.bundles.repackaged:jersey-guava:jar:2.25.1 in the shaded jar.
[INFO] Including org.glassfish.hk2:osgi-resource-locator:jar:1.0.1 in the shaded jar.
[INFO] Including javax.ws.rs:javax.ws.rs-api:jar:2.0.1 in the shaded jar.
[INFO] Including org.glassfish.jersey.media:jersey-media-jaxb:jar:2.25.1 in the shaded jar.
[INFO] Including javax.annotation:javax.annotation-api:jar:1.2 in the shaded jar.
[INFO] Including org.glassfish.hk2:hk2-api:jar:2.5.0-b32 in the shaded jar.
[INFO] Including org.glassfish.hk2:hk2-utils:jar:2.5.0-b32 in the shaded jar.
[INFO] Including org.glassfish.hk2.external:aopalliance-repackaged:jar:2.5.0-b32 in the shaded jar.
[INFO] Including org.glassfish.hk2.external:javax.inject:jar:2.5.0-b32 in the shaded jar.
[INFO] Including org.glassfish.hk2:hk2-locator:jar:2.5.0-b32 in the shaded jar.
[INFO] Including javax.validation:validation-api:jar:1.1.0.Final in the shaded jar.
[INFO] Including org.glassfish.jersey.core:jersey-client:jar:2.25.1 in the shaded jar.
[INFO] Replacing original artifact with shaded artifact.
[INFO] Replacing /var/lib/jenkins/workspace/Application/release/target/dropwizard-example.jar with /var/lib/jenkins/workspace/Application/release/target/dropwizard-example-0.0.1-SNAPSHOT-shaded.jar
[INFO] Dependency-reduced POM written at: /var/lib/jenkins/workspace/Application/release/dependency-reduced-pom.xml
[INFO] ------------------------------------------------------------------------
[INFO] BUILD SUCCESS
[INFO] ------------------------------------------------------------------------
[INFO] Total time: 25.563 s
[INFO] Finished at: 2019-01-18T16:57:01Z
[INFO] Final Memory: 44M/434M
[INFO] ------------------------------------------------------------------------
+ aws s3 cp target/dropwizard-example.jar s3://30daysdevops/dropwizard/release/dropwizard-example-0.0.12.jar
Completed 256.0 KiB/33.1 MiB (2.6 MiB/s) with 1 file(s) remainingCompleted 512.0 KiB/33.1 MiB (4.9 MiB/s) with 1 file(s) remainingCompleted 768.0 KiB/33.1 MiB (7.1 MiB/s) with 1 file(s) remainingCompleted 1.0 MiB/33.1 MiB (9.2 MiB/s) with 1 file(s) remaining  Completed 1.2 MiB/33.1 MiB (8.2 MiB/s) with 1 file(s) remaining  Completed 1.5 MiB/33.1 MiB (9.5 MiB/s) with 1 file(s) remaining  Completed 1.8 MiB/33.1 MiB (10.7 MiB/s) with 1 file(s) remaining Completed 1.8 MiB/33.1 MiB (10.9 MiB/s) with 1 file(s) remaining Completed 2.1 MiB/33.1 MiB (12.3 MiB/s) with 1 file(s) remaining Completed 2.3 MiB/33.1 MiB (13.8 MiB/s) with 1 file(s) remaining Completed 2.6 MiB/33.1 MiB (15.2 MiB/s) with 1 file(s) remaining Completed 2.8 MiB/33.1 MiB (16.4 MiB/s) with 1 file(s) remaining Completed 3.1 MiB/33.1 MiB (17.8 MiB/s) with 1 file(s) remaining Completed 3.3 MiB/33.1 MiB (19.0 MiB/s) with 1 file(s) remaining Completed 3.6 MiB/33.1 MiB (19.5 MiB/s) with 1 file(s) remaining Completed 3.8 MiB/33.1 MiB (20.7 MiB/s) with 1 file(s) remaining Completed 4.1 MiB/33.1 MiB (21.8 MiB/s) with 1 file(s) remaining Completed 4.3 MiB/33.1 MiB (22.9 MiB/s) with 1 file(s) remaining Completed 4.6 MiB/33.1 MiB (24.1 MiB/s) with 1 file(s) remaining Completed 4.8 MiB/33.1 MiB (24.8 MiB/s) with 1 file(s) remaining Completed 5.1 MiB/33.1 MiB (26.0 MiB/s) with 1 file(s) remaining Completed 5.3 MiB/33.1 MiB (27.2 MiB/s) with 1 file(s) remaining Completed 5.6 MiB/33.1 MiB (28.3 MiB/s) with 1 file(s) remaining Completed 5.8 MiB/33.1 MiB (28.6 MiB/s) with 1 file(s) remaining Completed 6.1 MiB/33.1 MiB (29.8 MiB/s) with 1 file(s) remaining Completed 6.3 MiB/33.1 MiB (30.7 MiB/s) with 1 file(s) remaining Completed 6.6 MiB/33.1 MiB (31.9 MiB/s) with 1 file(s) remaining Completed 6.8 MiB/33.1 MiB (32.5 MiB/s) with 1 file(s) remaining Completed 7.1 MiB/33.1 MiB (33.4 MiB/s) with 1 file(s) remaining Completed 7.3 MiB/33.1 MiB (34.2 MiB/s) with 1 file(s) remaining Completed 7.6 MiB/33.1 MiB (34.9 MiB/s) with 1 file(s) remaining Completed 7.8 MiB/33.1 MiB (36.1 MiB/s) with 1 file(s) remaining Completed 8.1 MiB/33.1 MiB (36.9 MiB/s) with 1 file(s) remaining Completed 8.3 MiB/33.1 MiB (37.8 MiB/s) with 1 file(s) remaining Completed 8.6 MiB/33.1 MiB (38.0 MiB/s) with 1 file(s) remaining Completed 8.8 MiB/33.1 MiB (38.2 MiB/s) with 1 file(s) remaining Completed 9.1 MiB/33.1 MiB (39.1 MiB/s) with 1 file(s) remaining Completed 9.3 MiB/33.1 MiB (40.0 MiB/s) with 1 file(s) remaining Completed 9.6 MiB/33.1 MiB (40.8 MiB/s) with 1 file(s) remaining Completed 9.8 MiB/33.1 MiB (40.4 MiB/s) with 1 file(s) remaining Completed 10.1 MiB/33.1 MiB (41.3 MiB/s) with 1 file(s) remainingCompleted 10.3 MiB/33.1 MiB (41.7 MiB/s) with 1 file(s) remainingCompleted 10.6 MiB/33.1 MiB (42.5 MiB/s) with 1 file(s) remainingCompleted 10.8 MiB/33.1 MiB (43.3 MiB/s) with 1 file(s) remainingCompleted 11.1 MiB/33.1 MiB (44.1 MiB/s) with 1 file(s) remainingCompleted 11.3 MiB/33.1 MiB (44.3 MiB/s) with 1 file(s) remainingCompleted 11.6 MiB/33.1 MiB (45.2 MiB/s) with 1 file(s) remainingCompleted 11.8 MiB/33.1 MiB (45.6 MiB/s) with 1 file(s) remainingCompleted 12.1 MiB/33.1 MiB (46.0 MiB/s) with 1 file(s) remainingCompleted 12.3 MiB/33.1 MiB (46.9 MiB/s) with 1 file(s) remainingCompleted 12.6 MiB/33.1 MiB (47.6 MiB/s) with 1 file(s) remainingCompleted 12.8 MiB/33.1 MiB (47.7 MiB/s) with 1 file(s) remainingCompleted 13.1 MiB/33.1 MiB (48.6 MiB/s) with 1 file(s) remainingCompleted 13.3 MiB/33.1 MiB (48.9 MiB/s) with 1 file(s) remainingCompleted 13.6 MiB/33.1 MiB (49.4 MiB/s) with 1 file(s) remainingCompleted 13.8 MiB/33.1 MiB (50.2 MiB/s) with 1 file(s) remainingCompleted 14.1 MiB/33.1 MiB (50.3 MiB/s) with 1 file(s) remainingCompleted 14.3 MiB/33.1 MiB (50.9 MiB/s) with 1 file(s) remainingCompleted 14.6 MiB/33.1 MiB (51.4 MiB/s) with 1 file(s) remainingCompleted 14.8 MiB/33.1 MiB (51.4 MiB/s) with 1 file(s) remainingCompleted 15.1 MiB/33.1 MiB (52.0 MiB/s) with 1 file(s) remainingCompleted 15.3 MiB/33.1 MiB (52.0 MiB/s) with 1 file(s) remainingCompleted 15.6 MiB/33.1 MiB (52.8 MiB/s) with 1 file(s) remainingCompleted 15.8 MiB/33.1 MiB (53.1 MiB/s) with 1 file(s) remainingCompleted 16.1 MiB/33.1 MiB (53.6 MiB/s) with 1 file(s) remainingCompleted 16.3 MiB/33.1 MiB (53.7 MiB/s) with 1 file(s) remainingCompleted 16.6 MiB/33.1 MiB (53.8 MiB/s) with 1 file(s) remainingCompleted 16.8 MiB/33.1 MiB (54.4 MiB/s) with 1 file(s) remainingCompleted 17.1 MiB/33.1 MiB (55.2 MiB/s) with 1 file(s) remainingCompleted 17.3 MiB/33.1 MiB (55.9 MiB/s) with 1 file(s) remainingCompleted 17.6 MiB/33.1 MiB (55.7 MiB/s) with 1 file(s) remainingCompleted 17.8 MiB/33.1 MiB (56.4 MiB/s) with 1 file(s) remainingCompleted 18.1 MiB/33.1 MiB (56.5 MiB/s) with 1 file(s) remainingCompleted 18.3 MiB/33.1 MiB (57.2 MiB/s) with 1 file(s) remainingCompleted 18.6 MiB/33.1 MiB (57.7 MiB/s) with 1 file(s) remainingCompleted 18.8 MiB/33.1 MiB (58.2 MiB/s) with 1 file(s) remainingCompleted 19.1 MiB/33.1 MiB (58.2 MiB/s) with 1 file(s) remainingCompleted 19.3 MiB/33.1 MiB (57.6 MiB/s) with 1 file(s) remainingCompleted 19.6 MiB/33.1 MiB (58.1 MiB/s) with 1 file(s) remainingCompleted 19.8 MiB/33.1 MiB (58.7 MiB/s) with 1 file(s) remainingCompleted 20.1 MiB/33.1 MiB (59.4 MiB/s) with 1 file(s) remainingCompleted 20.3 MiB/33.1 MiB (59.5 MiB/s) with 1 file(s) remainingCompleted 20.6 MiB/33.1 MiB (60.1 MiB/s) with 1 file(s) remainingCompleted 20.8 MiB/33.1 MiB (59.5 MiB/s) with 1 file(s) remainingCompleted 21.1 MiB/33.1 MiB (60.0 MiB/s) with 1 file(s) remainingCompleted 21.3 MiB/33.1 MiB (60.5 MiB/s) with 1 file(s) remainingCompleted 21.6 MiB/33.1 MiB (60.6 MiB/s) with 1 file(s) remainingCompleted 21.8 MiB/33.1 MiB (61.2 MiB/s) with 1 file(s) remainingCompleted 22.1 MiB/33.1 MiB (61.9 MiB/s) with 1 file(s) remainingCompleted 22.3 MiB/33.1 MiB (61.9 MiB/s) with 1 file(s) remainingCompleted 22.6 MiB/33.1 MiB (62.3 MiB/s) with 1 file(s) remainingCompleted 22.8 MiB/33.1 MiB (62.2 MiB/s) with 1 file(s) remainingCompleted 23.1 MiB/33.1 MiB (62.4 MiB/s) with 1 file(s) remainingCompleted 23.3 MiB/33.1 MiB (63.0 MiB/s) with 1 file(s) remainingCompleted 23.6 MiB/33.1 MiB (63.4 MiB/s) with 1 file(s) remainingCompleted 23.8 MiB/33.1 MiB (63.1 MiB/s) with 1 file(s) remainingCompleted 24.1 MiB/33.1 MiB (63.4 MiB/s) with 1 file(s) remainingCompleted 24.3 MiB/33.1 MiB (63.8 MiB/s) with 1 file(s) remainingCompleted 24.6 MiB/33.1 MiB (64.1 MiB/s) with 1 file(s) remainingCompleted 24.8 MiB/33.1 MiB (64.5 MiB/s) with 1 file(s) remainingCompleted 25.1 MiB/33.1 MiB (64.0 MiB/s) with 1 file(s) remainingCompleted 25.3 MiB/33.1 MiB (64.4 MiB/s) with 1 file(s) remainingCompleted 25.6 MiB/33.1 MiB (64.9 MiB/s) with 1 file(s) remainingCompleted 25.8 MiB/33.1 MiB (65.1 MiB/s) with 1 file(s) remainingCompleted 26.1 MiB/33.1 MiB (65.3 MiB/s) with 1 file(s) remainingCompleted 26.3 MiB/33.1 MiB (65.2 MiB/s) with 1 file(s) remainingCompleted 26.6 MiB/33.1 MiB (65.6 MiB/s) with 1 file(s) remainingCompleted 26.8 MiB/33.1 MiB (66.2 MiB/s) with 1 file(s) remainingCompleted 27.1 MiB/33.1 MiB (65.9 MiB/s) with 1 file(s) remainingCompleted 27.3 MiB/33.1 MiB (66.2 MiB/s) with 1 file(s) remainingCompleted 27.6 MiB/33.1 MiB (66.8 MiB/s) with 1 file(s) remainingCompleted 27.8 MiB/33.1 MiB (67.2 MiB/s) with 1 file(s) remainingCompleted 28.1 MiB/33.1 MiB (66.7 MiB/s) with 1 file(s) remainingCompleted 28.3 MiB/33.1 MiB (66.9 MiB/s) with 1 file(s) remainingCompleted 28.6 MiB/33.1 MiB (67.3 MiB/s) with 1 file(s) remainingCompleted 28.8 MiB/33.1 MiB (67.3 MiB/s) with 1 file(s) remainingCompleted 29.1 MiB/33.1 MiB (67.9 MiB/s) with 1 file(s) remainingCompleted 29.3 MiB/33.1 MiB (67.9 MiB/s) with 1 file(s) remainingCompleted 29.6 MiB/33.1 MiB (68.3 MiB/s) with 1 file(s) remainingCompleted 29.8 MiB/33.1 MiB (68.1 MiB/s) with 1 file(s) remainingCompleted 30.1 MiB/33.1 MiB (68.4 MiB/s) with 1 file(s) remainingCompleted 30.3 MiB/33.1 MiB (68.8 MiB/s) with 1 file(s) remainingCompleted 30.6 MiB/33.1 MiB (68.5 MiB/s) with 1 file(s) remainingCompleted 30.8 MiB/33.1 MiB (68.8 MiB/s) with 1 file(s) remainingCompleted 31.1 MiB/33.1 MiB (68.6 MiB/s) with 1 file(s) remainingCompleted 31.3 MiB/33.1 MiB (68.7 MiB/s) with 1 file(s) remainingCompleted 31.6 MiB/33.1 MiB (69.1 MiB/s) with 1 file(s) remainingCompleted 31.8 MiB/33.1 MiB (69.4 MiB/s) with 1 file(s) remainingCompleted 32.1 MiB/33.1 MiB (68.6 MiB/s) with 1 file(s) remainingCompleted 32.3 MiB/33.1 MiB (66.7 MiB/s) with 1 file(s) remainingCompleted 32.6 MiB/33.1 MiB (66.7 MiB/s) with 1 file(s) remainingCompleted 32.8 MiB/33.1 MiB (66.4 MiB/s) with 1 file(s) remainingCompleted 33.1 MiB/33.1 MiB (66.1 MiB/s) with 1 file(s) remainingupload: target/dropwizard-example.jar to s3://30daysdevops/dropwizard/release/dropwizard-example-0.0.12.jar
+ sed -i 's/^defaultName:.*/defaultName: DropWizard-0.0.12/' mysql.yml
+ aws s3 cp mysql.yml s3://30daysdevops/dropwizard/release/mysql.yml
Completed 2.5 KiB/2.5 KiB (48.6 KiB/s) with 1 file(s) remainingupload: ./mysql.yml to s3://30daysdevops/dropwizard/release/mysql.yml
+ cp target/dropwizard-example.jar dropwizard.jar
++ aws secretsmanager get-secret-value --region us-east-1 --secret-id rds_db_password --output json --version-stage AWSCURRENT
++ jq .SecretString -r
++ jq .password -r
+ dbpass=jD6Y#%k2
+ sed -i 's/\spassword:.*/ password: jD6Y#%k2/' mysql.yml
+ cat mysql.yml
template: Hello, %s!

defaultName: DropWizard-0.0.12

# Database settings.
database:

  # the name of your JDBC driver
  driverClass: com.mysql.cj.jdbc.Driver

  # the username
  user: user

  # the password
  password: jD6Y#%k2

  # the JDBC URL
  url: jdbc:mysql://dm15cpobta14nvz.cq9tffzgbytc.us-east-1.rds.amazonaws.com:3306/example

  # the minimum number of connections to keep open
  minSize: 3

  # the maximum number of connections to keep open
  maxSize: 20

# use the simple server factory if you only want to run on a single port
#server:
#  type: simple
#  connector:
#    type: http
#    port: 8080

server:
#  softNofileLimit: 1000
#  hardNofileLimit: 1000
  applicationConnectors:
    - type: http
      port: 8080
    # - type: https
    #   port: 8443
    #   keyStorePath: example.keystore
    #   keyStorePassword: example
    #this requires the alpn-boot library on the JVM's boot classpath
    #- type: h2
    #  port: 8445
    #  keyStorePath: example.keystore
    #  keyStorePassword: example
  adminConnectors:
    - type: http
      port: 8081
    # - type: https
    #   port: 8444
    #   keyStorePath: example.keystore
    #   keyStorePassword: example

# Logging settings.
logging:

  # The default level of all loggers. Can be OFF, ERROR, WARN, INFO, DEBUG, TRACE, or ALL.
  level: INFO

  # Logger-specific levels.
  loggers:

    # Sets the level for 'com.example.app' to DEBUG.
    com.example.app: INFO

    # Redirects SQL logs to a separate file
    org.hibernate.SQL:
      level: ERROR

# Logback's Time Based Rolling Policy - archivedLogFilenamePattern: /tmp/application-%d{yyyy-MM-dd}.log.gz
# Logback's Size and Time Based Rolling Policy -  archivedLogFilenamePattern: /tmp/application-%d{yyyy-MM-dd}-%i.log.gz
# Logback's Fixed Window Rolling Policy -  archivedLogFilenamePattern: /tmp/application-%i.log.gz

  appenders:
    - type: console
    # - type: file
    #   threshold: INFO
    #   logFormat: "%-6level [%d{HH:mm:ss.SSS}] [%t] %logger{5} - %X{code} %msg %n"
    #   currentLogFilename: /tmp/application.log
    #   archivedLogFilenamePattern: /tmp/application-%d{yyyy-MM-dd}-%i.log.gz
    #   archivedFileCount: 7
    #   timeZone: UTC
    #   maxFileSize: 10MB

# the key needs to match the configuration key of the renderer (ViewRenderer::getConfigurationKey)
viewRendererConfiguration:
    freemarker:
        strict_syntax: yes
        whitespace_stripping: yes

# metrics:
#   reporters:
#     - type: graphite
#       host: localhost
#       port: 2003
#       prefix: example
#       frequency: 1m
 > git tag -l 0.0.12 # timeout=10
ERROR: Step ‘Git Publisher’ failed: Tag 0.0.12 already exists and Create Tag is specified, so failing.
Finished: FAILURE
