Started by upstream project "[8mha:////4DhApTQZ5ZEXO0JnQ3l7spa83QwYrlg7hn+/Jil7ZE5PAAAAsR+LCAAAAAAAAP9b85aBtbiIQTGjNKU4P08vOT+vOD8nVc83PyU1x6OyILUoJzMv2y+/JJUBAhiZGBgqihhk0NSjKDWzXb3RdlLBUSYGJk8GtpzUvPSSDB8G5tKinBIGIZ+sxLJE/ZzEvHT94JKizLx0a6BxUmjGOUNodHsLgAz5EgZN/az8JH3HgoKczOTEksz8PDDfID4/LzU+GSiWHZ+SWpCTXxmvDwDLTc4d3gAAAA==[0mApplication/0_one_click_deploy_" build number [8mha:////4EI1Wae0Xr+8I5+HNK5LnuAPMrNh9SZLil1T/EQpgCFQAAAAsR+LCAAAAAAAAP9b85aBtbiIQTGjNKU4P08vOT+vOD8nVc83PyU1x6OyILUoJzMv2y+/JJUBAhiZGBgqihhk0NSjKDWzXb3RdlLBUSYGJk8GtpzUvPSSDB8G5tKinBIGIZ+sxLJE/ZzEvHT94JKizLx0a6BxUmjGOUNodHsLQIwSBi39rPwkfceCgpzM5MSSzPw8MN8gPj8vNT4ZKJYdn5JakJNfGa9vCQD4hq9K3wAAAA==[0m9
originally caused by:
 Started by user [8mha:////4JrjmSRx4qOtNYMMhYugXsyw+fINujBQhhzqimlc3f+QAAAAkx+LCAAAAAAAAP9b85aBtbiIQTGjNKU4P08vOT+vOD8nVc83PyU1x6OyILUoJzMv2y+/JJUBAhiZGBgqihhk0NSjKDWzXb3RdlLBUSYGJk8GtpzUvPSSDB8G5tKinBIGIZ+sxLJE/ZzEvHT94JKizLx0a6BxUmjGOUNodHsLgAyWEgYu/dLi1CIwAQDYegtJvwAAAA==[0muser
Building in workspace /var/lib/jenkins/workspace/Application/release
[WS-CLEANUP] Deleting project workspace...
[WS-CLEANUP] Deferred wipeout is used...
[WS-CLEANUP] Done
Cloning the remote Git repository
Cloning repository git@github.com:babinskiy/dropwizard-example.git
 > git init /var/lib/jenkins/workspace/Application/release # timeout=10
Fetching upstream changes from git@github.com:babinskiy/dropwizard-example.git
 > git --version # timeout=10
 > git fetch --tags --progress git@github.com:babinskiy/dropwizard-example.git +refs/heads/*:refs/remotes/origin/*
 > git config remote.origin.url git@github.com:babinskiy/dropwizard-example.git # timeout=10
 > git config --add remote.origin.fetch +refs/heads/*:refs/remotes/origin/* # timeout=10
 > git config remote.origin.url git@github.com:babinskiy/dropwizard-example.git # timeout=10
Fetching upstream changes from git@github.com:babinskiy/dropwizard-example.git
 > git fetch --tags --progress git@github.com:babinskiy/dropwizard-example.git +refs/heads/*:refs/remotes/origin/*
 > git rev-parse refs/remotes/origin/master^{commit} # timeout=10
 > git rev-parse refs/remotes/origin/origin/master^{commit} # timeout=10
Checking out Revision 69bc9caecdfa2e37271050053a9ac64b9ab30de6 (refs/remotes/origin/master)
 > git config core.sparsecheckout # timeout=10
 > git checkout -f 69bc9caecdfa2e37271050053a9ac64b9ab30de6
Commit message: "Fix Error level"
 > git rev-list --no-walk afbe63f3a12b580a77a9b8a391cc18dd6897f4f2 # timeout=10
[release] $ /bin/sh -xe /tmp/jenkins3443846806901003614.sh
+ mvn clean package
[INFO] Scanning for projects...
[INFO] 
[INFO] ------------------------------------------------------------------------
[INFO] Building Dropwizard Example Application 0.0.1-SNAPSHOT
[INFO] ------------------------------------------------------------------------
[INFO] 
[INFO] --- maven-clean-plugin:3.1.0:clean (default-clean) @ dropwizard-example ---
[INFO] 
[INFO] --- maven-enforcer-plugin:1.4.1:enforce (enforce) @ dropwizard-example ---
[INFO] 
[INFO] --- maven-checkstyle-plugin:3.0.0:check (checkstyle) @ dropwizard-example ---
[INFO] 
[INFO] --- jacoco-maven-plugin:0.8.2:prepare-agent (prepare-agent) @ dropwizard-example ---
[INFO] argLine set to -javaagent:/var/lib/jenkins/.m2/repository/org/jacoco/org.jacoco.agent/0.8.2/org.jacoco.agent-0.8.2-runtime.jar=destfile=/var/lib/jenkins/workspace/Application/release/target/jacoco.exec
[INFO] 
[INFO] --- maven-resources-plugin:3.1.0:resources (default-resources) @ dropwizard-example ---
[INFO] Using 'UTF-8' encoding to copy filtered resources.
[INFO] Copying 10 resources
[INFO] 
[INFO] --- maven-compiler-plugin:3.8.0:compile (default-compile) @ dropwizard-example ---
[INFO] Changes detected - recompiling the module!
[INFO] Compiling 23 source files to /var/lib/jenkins/workspace/Application/release/target/classes
[INFO] 
[INFO] --- maven-resources-plugin:3.1.0:testResources (default-testResources) @ dropwizard-example ---
[INFO] Using 'UTF-8' encoding to copy filtered resources.
[INFO] Copying 1 resource
[INFO] 
[INFO] --- maven-compiler-plugin:3.8.0:testCompile (default-testCompile) @ dropwizard-example ---
[INFO] Changes detected - recompiling the module!
[INFO] Compiling 6 source files to /var/lib/jenkins/workspace/Application/release/target/test-classes
[INFO] 
[INFO] --- maven-surefire-plugin:2.22.1:test (default-test) @ dropwizard-example ---
[INFO] 
[INFO] -------------------------------------------------------
[INFO]  T E S T S
[INFO] -------------------------------------------------------
[INFO] Running com.example.helloworld.resources.PersonResourceTest
09:18:04.440 [main] DEBUG org.jboss.logging - Logging Provider: org.jboss.logging.Slf4jLoggerProvider
09:18:04.446 [main] INFO org.hibernate.validator.internal.util.Version - HV000001: Hibernate Validator 5.4.2.Final
09:18:04.478 [main] DEBUG org.hibernate.validator.internal.engine.resolver.DefaultTraversableResolver - Found javax.persistence.Persistence on classpath containing 'getPersistenceUtil'. Assuming JPA 2 environment. Trying to instantiate JPA aware TraversableResolver
09:18:04.479 [main] DEBUG org.hibernate.validator.internal.engine.resolver.DefaultTraversableResolver - Instantiated JPA aware TraversableResolver of type org.hibernate.validator.internal.engine.resolver.JPATraversableResolver.
09:18:04.486 [main] DEBUG org.hibernate.validator.internal.engine.ConfigurationImpl - Setting custom ParameterNameProvider of type io.dropwizard.jersey.validation.JerseyParameterNameProvider
09:18:04.488 [main] DEBUG org.hibernate.validator.internal.xml.ValidationXmlParser - Trying to load META-INF/validation.xml for XML based Validator configuration.
09:18:04.490 [main] DEBUG org.hibernate.validator.internal.xml.ResourceLoaderHelper - Trying to load META-INF/validation.xml via TCCL
09:18:04.491 [main] DEBUG org.hibernate.validator.internal.xml.ResourceLoaderHelper - Trying to load META-INF/validation.xml via Hibernate Validator's class loader
09:18:04.496 [main] DEBUG org.hibernate.validator.internal.xml.ValidationXmlParser - No META-INF/validation.xml found. Using annotation based configuration only.
[INFO] Tests run: 2, Failures: 0, Errors: 0, Skipped: 0, Time elapsed: 4.224 s - in com.example.helloworld.resources.PersonResourceTest
[INFO] Running com.example.helloworld.resources.ProtectedClassResourceTest
[INFO] Tests run: 5, Failures: 0, Errors: 0, Skipped: 0, Time elapsed: 0.318 s - in com.example.helloworld.resources.ProtectedClassResourceTest
[INFO] Running com.example.helloworld.resources.ProtectedResourceTest
[INFO] Tests run: 5, Failures: 0, Errors: 0, Skipped: 0, Time elapsed: 0.257 s - in com.example.helloworld.resources.ProtectedResourceTest
[INFO] Running com.example.helloworld.resources.PeopleResourceTest
[INFO] Tests run: 2, Failures: 0, Errors: 0, Skipped: 0, Time elapsed: 0.277 s - in com.example.helloworld.resources.PeopleResourceTest
[INFO] Running com.example.helloworld.IntegrationTest
INFO  [2019-01-21 09:18:09,092] io.dropwizard.server.DefaultServerFactory: Registering jersey handler with root path prefix: /
INFO  [2019-01-21 09:18:09,097] io.dropwizard.server.DefaultServerFactory: Registering admin handler with root path prefix: /
INFO  [2019-01-21 09:18:09,100] io.dropwizard.assets.AssetsBundle: Registering AssetBundle with name: assets for path /assets/*
INFO  [2019-01-21 09:18:09,382] org.hibernate.Version: HHH000412: Hibernate Core {5.2.15.Final}
INFO  [2019-01-21 09:18:09,392] org.hibernate.cfg.Environment: HHH000206: hibernate.properties not found
INFO  [2019-01-21 09:18:09,413] io.dropwizard.hibernate.SessionFactoryFactory: Entity classes: [com.example.helloworld.core.Person]
INFO  [2019-01-21 09:18:09,464] org.hibernate.annotations.common.Version: HCANN000001: Hibernate Commons Annotations {5.0.1.Final}
INFO  [2019-01-21 09:18:10,100] org.hibernate.dialect.Dialect: HHH000400: Using dialect: org.hibernate.dialect.H2Dialect
INFO  [2019-01-21 09:18:10,545] org.hibernate.type.BasicTypeRegistry: HHH000270: Type registration [java.util.Currency] overrides previous : org.hibernate.type.CurrencyType@233de714
INFO  [2019-01-21 09:18:10,546] org.hibernate.type.BasicTypeRegistry: HHH000270: Type registration [java.time.Duration] overrides previous : org.hibernate.type.DurationType@45aefed8
INFO  [2019-01-21 09:18:10,546] org.hibernate.type.BasicTypeRegistry: HHH000270: Type registration [java.time.Instant] overrides previous : org.hibernate.type.InstantType@333915a
INFO  [2019-01-21 09:18:10,546] org.hibernate.type.BasicTypeRegistry: HHH000270: Type registration [java.time.LocalDate] overrides previous : org.hibernate.type.LocalDateType@6f07bc19
INFO  [2019-01-21 09:18:10,546] org.hibernate.type.BasicTypeRegistry: HHH000270: Type registration [java.time.LocalDateTime] overrides previous : org.hibernate.type.LocalDateTimeType@234ef3aa
INFO  [2019-01-21 09:18:10,547] org.hibernate.type.BasicTypeRegistry: HHH000270: Type registration [java.time.LocalTime] overrides previous : org.hibernate.type.LocalTimeType@11249125
INFO  [2019-01-21 09:18:10,547] org.hibernate.type.BasicTypeRegistry: HHH000270: Type registration [java.time.OffsetDateTime] overrides previous : org.hibernate.type.OffsetDateTimeType@e826b1a
INFO  [2019-01-21 09:18:10,547] org.hibernate.type.BasicTypeRegistry: HHH000270: Type registration [java.time.OffsetTime] overrides previous : org.hibernate.type.OffsetTimeType@5c37f9a7
INFO  [2019-01-21 09:18:10,547] org.hibernate.type.BasicTypeRegistry: HHH000270: Type registration [java.time.ZonedDateTime] overrides previous : org.hibernate.type.ZonedDateTimeType@8b08228
INFO  [2019-01-21 09:18:10,844] org.hibernate.hql.internal.QueryTranslatorFactoryInitiator: HHH000397: Using ASTQueryTranslatorFactory
INFO  [2019-01-21 09:18:11,007] io.dropwizard.server.ServerFactory: Starting hello-world
                           web-scale hello world dP for the web
                                                 88
  .d8888b. dP.  .dP .d8888b. 88d8b.d8b. 88d888b. 88 .d8888b.
  88ooood8  `8bd8'  88'  `88 88'`88'`88 88'  `88 88 88ooood8
  88.  ...  .d88b.  88.  .88 88  88  88 88.  .88 88 88.  ...
  `88888P' dP'  `dP `88888P8 dP  dP  dP 88Y888P' dP `88888P'
                                        88
                                        dP

INFO  [2019-01-21 09:18:11,145] org.eclipse.jetty.setuid.SetUIDListener: Opened application@1d3d957f{HTTP/1.1,[http/1.1]}{0.0.0.0:35265}
INFO  [2019-01-21 09:18:11,146] org.eclipse.jetty.setuid.SetUIDListener: Opened admin@5ff4e3c1{HTTP/1.1,[http/1.1]}{0.0.0.0:44151}
INFO  [2019-01-21 09:18:11,149] org.eclipse.jetty.server.Server: jetty-9.4.11.v20180605; built: 2018-06-05T18:24:03.829Z; git: d5fc0523cfa96bfebfbda19606cad384d772f04c; jvm 1.8.0_191-b12
INFO  [2019-01-21 09:18:11,321] io.dropwizard.jersey.DropwizardResourceConfig: The following paths were found for the configured resources:

    GET     /filtered/hello (com.example.helloworld.resources.FilteredResource)
    GET     /hello-world (com.example.helloworld.resources.HelloWorldResource)
    POST    /hello-world (com.example.helloworld.resources.HelloWorldResource)
    GET     /hello-world/date (com.example.helloworld.resources.HelloWorldResource)
    GET     /people (com.example.helloworld.resources.PeopleResource)
    POST    /people (com.example.helloworld.resources.PeopleResource)
    GET     /people/{personId} (com.example.helloworld.resources.PersonResource)
    GET     /people/{personId}/view_freemarker (com.example.helloworld.resources.PersonResource)
    GET     /people/{personId}/view_mustache (com.example.helloworld.resources.PersonResource)
    GET     /protected (com.example.helloworld.resources.ProtectedResource)
    GET     /protected/admin (com.example.helloworld.resources.ProtectedResource)
    GET     /views/iso88591.ftl (com.example.helloworld.resources.ViewResource)
    GET     /views/iso88591.mustache (com.example.helloworld.resources.ViewResource)
    GET     /views/utf8.ftl (com.example.helloworld.resources.ViewResource)
    GET     /views/utf8.mustache (com.example.helloworld.resources.ViewResource)

INFO  [2019-01-21 09:18:11,324] org.eclipse.jetty.server.handler.ContextHandler: Started i.d.j.MutableServletContextHandler@37f77e0b{/,null,AVAILABLE}
INFO  [2019-01-21 09:18:11,328] io.dropwizard.setup.AdminEnvironment: tasks = 

    POST    /tasks/echo (com.example.helloworld.tasks.EchoTask)
    POST    /tasks/log-level (io.dropwizard.servlets.tasks.LogConfigurationTask)
    POST    /tasks/gc (io.dropwizard.servlets.tasks.GarbageCollectionTask)

INFO  [2019-01-21 09:18:11,339] org.eclipse.jetty.server.handler.ContextHandler: Started i.d.j.MutableServletContextHandler@7fac34ca{/,null,AVAILABLE}
INFO  [2019-01-21 09:18:11,349] org.eclipse.jetty.server.AbstractConnector: Started application@1d3d957f{HTTP/1.1,[http/1.1]}{0.0.0.0:35265}
INFO  [2019-01-21 09:18:11,350] org.eclipse.jetty.server.AbstractConnector: Started admin@5ff4e3c1{HTTP/1.1,[http/1.1]}{0.0.0.0:44151}
INFO  [2019-01-21 09:18:11,350] org.eclipse.jetty.server.Server: Started @9797ms
INFO  [2019-01-21 09:18:12,332] liquibase.executor.jvm.JdbcExecutor: SELECT COUNT(*) FROM PUBLIC.DATABASECHANGELOGLOCK
INFO  [2019-01-21 09:18:12,346] liquibase.executor.jvm.JdbcExecutor: CREATE TABLE PUBLIC.DATABASECHANGELOGLOCK (ID INT NOT NULL, LOCKED BOOLEAN NOT NULL, LOCKGRANTED TIMESTAMP, LOCKEDBY VARCHAR(255), CONSTRAINT PK_DATABASECHANGELOGLOCK PRIMARY KEY (ID))
INFO  [2019-01-21 09:18:12,357] liquibase.executor.jvm.JdbcExecutor: SELECT COUNT(*) FROM PUBLIC.DATABASECHANGELOGLOCK
INFO  [2019-01-21 09:18:12,363] liquibase.executor.jvm.JdbcExecutor: DELETE FROM PUBLIC.DATABASECHANGELOGLOCK
INFO  [2019-01-21 09:18:12,366] liquibase.executor.jvm.JdbcExecutor: INSERT INTO PUBLIC.DATABASECHANGELOGLOCK (ID, LOCKED) VALUES (1, FALSE)
INFO  [2019-01-21 09:18:12,370] liquibase.executor.jvm.JdbcExecutor: SELECT LOCKED FROM PUBLIC.DATABASECHANGELOGLOCK WHERE ID=1
INFO  [2019-01-21 09:18:12,389] liquibase.lockservice.StandardLockService: Successfully acquired change log lock
INFO  [2019-01-21 09:18:13,521] liquibase.changelog.StandardChangeLogHistoryService: Creating database history table with name: PUBLIC.DATABASECHANGELOG
INFO  [2019-01-21 09:18:13,523] liquibase.executor.jvm.JdbcExecutor: CREATE TABLE PUBLIC.DATABASECHANGELOG (ID VARCHAR(255) NOT NULL, AUTHOR VARCHAR(255) NOT NULL, FILENAME VARCHAR(255) NOT NULL, DATEEXECUTED TIMESTAMP NOT NULL, ORDEREXECUTED INT NOT NULL, EXECTYPE VARCHAR(10) NOT NULL, MD5SUM VARCHAR(35), DESCRIPTION VARCHAR(255), COMMENTS VARCHAR(255), TAG VARCHAR(255), LIQUIBASE VARCHAR(20), CONTEXTS VARCHAR(255), LABELS VARCHAR(255), DEPLOYMENT_ID VARCHAR(10))
INFO  [2019-01-21 09:18:13,524] liquibase.executor.jvm.JdbcExecutor: SELECT COUNT(*) FROM PUBLIC.DATABASECHANGELOG
INFO  [2019-01-21 09:18:13,524] liquibase.changelog.StandardChangeLogHistoryService: Reading from PUBLIC.DATABASECHANGELOG
INFO  [2019-01-21 09:18:13,525] liquibase.executor.jvm.JdbcExecutor: SELECT * FROM PUBLIC.DATABASECHANGELOG ORDER BY DATEEXECUTED ASC, ORDEREXECUTED ASC
INFO  [2019-01-21 09:18:13,526] liquibase.executor.jvm.JdbcExecutor: SELECT COUNT(*) FROM PUBLIC.DATABASECHANGELOGLOCK
INFO  [2019-01-21 09:18:13,537] liquibase.executor.jvm.JdbcExecutor: CREATE TABLE PUBLIC.people (id BIGINT AUTO_INCREMENT NOT NULL, fullName VARCHAR(255) NOT NULL, jobTitle VARCHAR(255), CONSTRAINT PK_PEOPLE PRIMARY KEY (id))
INFO  [2019-01-21 09:18:13,565] liquibase.changelog.ChangeSet: Table people created
INFO  [2019-01-21 09:18:13,565] liquibase.changelog.ChangeSet: ChangeSet migrations.xml::1::codahale ran successfully in 29ms
INFO  [2019-01-21 09:18:13,566] liquibase.executor.jvm.JdbcExecutor: SELECT MAX(ORDEREXECUTED) FROM PUBLIC.DATABASECHANGELOG
INFO  [2019-01-21 09:18:13,581] liquibase.executor.jvm.JdbcExecutor: INSERT INTO PUBLIC.DATABASECHANGELOG (ID, AUTHOR, FILENAME, DATEEXECUTED, ORDEREXECUTED, MD5SUM, DESCRIPTION, COMMENTS, EXECTYPE, CONTEXTS, LABELS, LIQUIBASE, DEPLOYMENT_ID) VALUES ('1', 'codahale', 'migrations.xml', NOW(), 1, '8:a466b7f04155c06f80453d6d5a36b55c', 'createTable tableName=people', '', 'EXECUTED', NULL, NULL, '3.6.1', '8062293527')
INFO  [2019-01-21 09:18:13,586] liquibase.lockservice.StandardLockService: Successfully released change log lock
INFO  [2019-01-21 09:18:13,925] org.hibernate.engine.internal.StatisticalLoggingSessionEventListener: Session Metrics {
    110805 nanoseconds spent acquiring 2 JDBC connections;
    67693 nanoseconds spent releasing 2 JDBC connections;
    6999051 nanoseconds spent preparing 1 JDBC statements;
    2031714 nanoseconds spent executing 1 JDBC statements;
    0 nanoseconds spent executing 0 JDBC batches;
    0 nanoseconds spent performing 0 L2C puts;
    0 nanoseconds spent performing 0 L2C hits;
    0 nanoseconds spent performing 0 L2C misses;
    4456025 nanoseconds spent executing 1 flushes (flushing a total of 1 entities and 0 collections);
    0 nanoseconds spent executing 0 partial-flushes (flushing a total of 0 entities and 0 collections)
}
127.0.0.1 - - [21/Jan/2019:09:18:13 +0000] "POST /people HTTP/1.1" 200 67 "-" "Jersey/2.25.1 (HttpUrlConnection 1.8.0_191)" 203
INFO  [2019-01-21 09:18:14,004] org.hibernate.engine.internal.StatisticalLoggingSessionEventListener: Session Metrics {
    92959 nanoseconds spent acquiring 2 JDBC connections;
    62509 nanoseconds spent releasing 2 JDBC connections;
    387202 nanoseconds spent preparing 1 JDBC statements;
    251204 nanoseconds spent executing 1 JDBC statements;
    0 nanoseconds spent executing 0 JDBC batches;
    0 nanoseconds spent performing 0 L2C puts;
    0 nanoseconds spent performing 0 L2C hits;
    0 nanoseconds spent performing 0 L2C misses;
    184968 nanoseconds spent executing 1 flushes (flushing a total of 1 entities and 0 collections);
    0 nanoseconds spent executing 0 partial-flushes (flushing a total of 0 entities and 0 collections)
}
127.0.0.1 - - [21/Jan/2019:09:18:14 +0000] "GET /people/1/view_mustache HTTP/1.1" 200 205 "-" "Jersey/2.25.1 (HttpUrlConnection 1.8.0_191)" 69
INFO  [2019-01-21 09:18:14,021] org.hibernate.engine.internal.StatisticalLoggingSessionEventListener: Session Metrics {
    103380 nanoseconds spent acquiring 2 JDBC connections;
    60262 nanoseconds spent releasing 2 JDBC connections;
    77309 nanoseconds spent preparing 1 JDBC statements;
    649426 nanoseconds spent executing 1 JDBC statements;
    0 nanoseconds spent executing 0 JDBC batches;
    0 nanoseconds spent performing 0 L2C puts;
    0 nanoseconds spent performing 0 L2C hits;
    0 nanoseconds spent performing 0 L2C misses;
    203918 nanoseconds spent executing 1 flushes (flushing a total of 1 entities and 0 collections);
    0 nanoseconds spent executing 0 partial-flushes (flushing a total of 0 entities and 0 collections)
}
127.0.0.1 - - [21/Jan/2019:09:18:14 +0000] "POST /people HTTP/1.1" 200 67 "-" "Jersey/2.25.1 (HttpUrlConnection 1.8.0_191)" 6
INFO  [2019-01-21 09:18:14,029] org.hibernate.engine.internal.StatisticalLoggingSessionEventListener: Session Metrics {
    65673 nanoseconds spent acquiring 2 JDBC connections;
    42617 nanoseconds spent releasing 2 JDBC connections;
    56644 nanoseconds spent preparing 1 JDBC statements;
    223483 nanoseconds spent executing 1 JDBC statements;
    0 nanoseconds spent executing 0 JDBC batches;
    0 nanoseconds spent performing 0 L2C puts;
    0 nanoseconds spent performing 0 L2C hits;
    0 nanoseconds spent performing 0 L2C misses;
    148670 nanoseconds spent executing 1 flushes (flushing a total of 1 entities and 0 collections);
    0 nanoseconds spent executing 0 partial-flushes (flushing a total of 0 entities and 0 collections)
}
127.0.0.1 - - [21/Jan/2019:09:18:14 +0000] "POST /people HTTP/1.1" 200 67 "-" "Jersey/2.25.1 (HttpUrlConnection 1.8.0_191)" 5
INFO  [2019-01-21 09:18:14,234] org.hibernate.engine.internal.StatisticalLoggingSessionEventListener: Session Metrics {
    372548 nanoseconds spent acquiring 2 JDBC connections;
    40851 nanoseconds spent releasing 2 JDBC connections;
    44556 nanoseconds spent preparing 1 JDBC statements;
    186670 nanoseconds spent executing 1 JDBC statements;
    0 nanoseconds spent executing 0 JDBC batches;
    0 nanoseconds spent performing 0 L2C puts;
    0 nanoseconds spent performing 0 L2C hits;
    0 nanoseconds spent performing 0 L2C misses;
    137826 nanoseconds spent executing 1 flushes (flushing a total of 1 entities and 0 collections);
    0 nanoseconds spent executing 0 partial-flushes (flushing a total of 0 entities and 0 collections)
}
127.0.0.1 - - [21/Jan/2019:09:18:14 +0000] "GET /people/3/view_freemarker HTTP/1.1" 200 270 "-" "Jersey/2.25.1 (HttpUrlConnection 1.8.0_191)" 206
INFO  [2019-01-21 09:18:14,260] org.eclipse.jetty.server.AbstractConnector: Stopped application@1d3d957f{HTTP/1.1,[http/1.1]}{0.0.0.0:0}
INFO  [2019-01-21 09:18:14,263] org.eclipse.jetty.server.AbstractConnector: Stopped admin@5ff4e3c1{HTTP/1.1,[http/1.1]}{0.0.0.0:0}
INFO  [2019-01-21 09:18:14,265] org.eclipse.jetty.server.handler.ContextHandler: Stopped i.d.j.MutableServletContextHandler@7fac34ca{/,null,UNAVAILABLE}
INFO  [2019-01-21 09:18:14,267] org.eclipse.jetty.server.handler.ContextHandler: Stopped i.d.j.MutableServletContextHandler@37f77e0b{/,null,UNAVAILABLE}
127.0.0.1 - - [21/Jan/2019:09:18:14 +0000] "GET /hello-world?name=Dr.+IntegrationTest HTTP/1.1" 200 48 "-" "Jersey/2.25.1 (HttpUrlConnection 1.8.0_191)" 28
[INFO] Tests run: 5, Failures: 0, Errors: 0, Skipped: 0, Time elapsed: 6.326 s - in com.example.helloworld.IntegrationTest
[INFO] Running com.example.helloworld.db.PersonDAOTest
WARN  [2019-01-21 09:18:14,324] org.hibernate.orm.connections.pooling: HHH10001002: Using Hibernate built-in connection pool (not for production use!)
INFO  [2019-01-21 09:18:14,325] org.hibernate.orm.connections.pooling: HHH10001005: using driver [org.h2.Driver] at URL [jdbc:h2:mem:f5f08030-2713-492f-8834-1f6f1704e485]
INFO  [2019-01-21 09:18:14,328] org.hibernate.orm.connections.pooling: HHH10001001: Connection properties: {user=sa, password=}
INFO  [2019-01-21 09:18:14,328] org.hibernate.orm.connections.pooling: HHH10001003: Autocommit mode: false
INFO  [2019-01-21 09:18:14,332] org.hibernate.engine.jdbc.connections.internal.DriverManagerConnectionProviderImpl: HHH000115: Hibernate connection pool size: 20 (min=1)
INFO  [2019-01-21 09:18:14,337] org.hibernate.dialect.Dialect: HHH000400: Using dialect: org.hibernate.dialect.H2Dialect
INFO  [2019-01-21 09:18:14,366] org.hibernate.type.BasicTypeRegistry: HHH000270: Type registration [java.util.Currency] overrides previous : org.hibernate.type.CurrencyType@233de714
INFO  [2019-01-21 09:18:14,370] org.hibernate.type.BasicTypeRegistry: HHH000270: Type registration [java.time.Duration] overrides previous : org.hibernate.type.DurationType@45aefed8
INFO  [2019-01-21 09:18:14,370] org.hibernate.type.BasicTypeRegistry: HHH000270: Type registration [java.time.Instant] overrides previous : org.hibernate.type.InstantType@333915a
INFO  [2019-01-21 09:18:14,370] org.hibernate.type.BasicTypeRegistry: HHH000270: Type registration [java.time.LocalDate] overrides previous : org.hibernate.type.LocalDateType@6f07bc19
INFO  [2019-01-21 09:18:14,370] org.hibernate.type.BasicTypeRegistry: HHH000270: Type registration [java.time.LocalDateTime] overrides previous : org.hibernate.type.LocalDateTimeType@234ef3aa
INFO  [2019-01-21 09:18:14,371] org.hibernate.type.BasicTypeRegistry: HHH000270: Type registration [java.time.LocalTime] overrides previous : org.hibernate.type.LocalTimeType@11249125
INFO  [2019-01-21 09:18:14,371] org.hibernate.type.BasicTypeRegistry: HHH000270: Type registration [java.time.OffsetDateTime] overrides previous : org.hibernate.type.OffsetDateTimeType@e826b1a
INFO  [2019-01-21 09:18:14,371] org.hibernate.type.BasicTypeRegistry: HHH000270: Type registration [java.time.OffsetTime] overrides previous : org.hibernate.type.OffsetTimeType@5c37f9a7
INFO  [2019-01-21 09:18:14,372] org.hibernate.type.BasicTypeRegistry: HHH000270: Type registration [java.time.ZonedDateTime] overrides previous : org.hibernate.type.ZonedDateTimeType@8b08228
INFO  [2019-01-21 09:18:14,407] org.hibernate.orm.connections.access: HHH10001501: Connection obtained from JdbcConnectionAccess [org.hibernate.engine.jdbc.env.internal.JdbcEnvironmentInitiator$ConnectionProviderJdbcConnectionAccess@4d93e414] for (non-JTA) DDL execution was not in auto-commit mode; the Connection 'local transaction' will be committed and the Connection will be set into auto-commit mode.
INFO  [2019-01-21 09:18:14,413] org.hibernate.orm.connections.access: HHH10001501: Connection obtained from JdbcConnectionAccess [org.hibernate.engine.jdbc.env.internal.JdbcEnvironmentInitiator$ConnectionProviderJdbcConnectionAccess@22db324] for (non-JTA) DDL execution was not in auto-commit mode; the Connection 'local transaction' will be committed and the Connection will be set into auto-commit mode.
INFO  [2019-01-21 09:18:14,416] org.hibernate.tool.schema.internal.SchemaCreatorImpl: HHH000476: Executing import script 'org.hibernate.tool.schema.internal.exec.ScriptSourceInputNonExistentImpl@4b9447b1'
INFO  [2019-01-21 09:18:14,416] org.hibernate.hql.internal.QueryTranslatorFactoryInitiator: HHH000397: Using ASTQueryTranslatorFactory
INFO  [2019-01-21 09:18:14,457] org.hibernate.engine.internal.StatisticalLoggingSessionEventListener: Session Metrics {
    29910 nanoseconds spent acquiring 2 JDBC connections;
    146695 nanoseconds spent releasing 2 JDBC connections;
    476097 nanoseconds spent preparing 4 JDBC statements;
    1112783 nanoseconds spent executing 4 JDBC statements;
    0 nanoseconds spent executing 0 JDBC batches;
    0 nanoseconds spent performing 0 L2C puts;
    0 nanoseconds spent performing 0 L2C hits;
    0 nanoseconds spent performing 0 L2C misses;
    2127537 nanoseconds spent executing 1 flushes (flushing a total of 3 entities and 0 collections);
    0 nanoseconds spent executing 0 partial-flushes (flushing a total of 0 entities and 0 collections)
}
WARN  [2019-01-21 09:18:14,464] org.hibernate.orm.connections.pooling: HHH10001002: Using Hibernate built-in connection pool (not for production use!)
INFO  [2019-01-21 09:18:14,465] org.hibernate.orm.connections.pooling: HHH10001005: using driver [org.h2.Driver] at URL [jdbc:h2:mem:e519fa61-7115-4dfb-8bde-b9adba8e4f91]
INFO  [2019-01-21 09:18:14,465] org.hibernate.orm.connections.pooling: HHH10001001: Connection properties: {user=sa, password=}
INFO  [2019-01-21 09:18:14,465] org.hibernate.orm.connections.pooling: HHH10001003: Autocommit mode: false
INFO  [2019-01-21 09:18:14,465] org.hibernate.engine.jdbc.connections.internal.DriverManagerConnectionProviderImpl: HHH000115: Hibernate connection pool size: 20 (min=1)
INFO  [2019-01-21 09:18:14,467] org.hibernate.dialect.Dialect: HHH000400: Using dialect: org.hibernate.dialect.H2Dialect
INFO  [2019-01-21 09:18:14,486] org.hibernate.type.BasicTypeRegistry: HHH000270: Type registration [java.util.Currency] overrides previous : org.hibernate.type.CurrencyType@233de714
INFO  [2019-01-21 09:18:14,487] org.hibernate.type.BasicTypeRegistry: HHH000270: Type registration [java.time.Duration] overrides previous : org.hibernate.type.DurationType@45aefed8
INFO  [2019-01-21 09:18:14,488] org.hibernate.type.BasicTypeRegistry: HHH000270: Type registration [java.time.Instant] overrides previous : org.hibernate.type.InstantType@333915a
INFO  [2019-01-21 09:18:14,488] org.hibernate.type.BasicTypeRegistry: HHH000270: Type registration [java.time.LocalDate] overrides previous : org.hibernate.type.LocalDateType@6f07bc19
INFO  [2019-01-21 09:18:14,488] org.hibernate.type.BasicTypeRegistry: HHH000270: Type registration [java.time.LocalDateTime] overrides previous : org.hibernate.type.LocalDateTimeType@234ef3aa
INFO  [2019-01-21 09:18:14,488] org.hibernate.type.BasicTypeRegistry: HHH000270: Type registration [java.time.LocalTime] overrides previous : org.hibernate.type.LocalTimeType@11249125
INFO  [2019-01-21 09:18:14,488] org.hibernate.type.BasicTypeRegistry: HHH000270: Type registration [java.time.OffsetDateTime] overrides previous : org.hibernate.type.OffsetDateTimeType@e826b1a
INFO  [2019-01-21 09:18:14,490] org.hibernate.type.BasicTypeRegistry: HHH000270: Type registration [java.time.OffsetTime] overrides previous : org.hibernate.type.OffsetTimeType@5c37f9a7
INFO  [2019-01-21 09:18:14,491] org.hibernate.type.BasicTypeRegistry: HHH000270: Type registration [java.time.ZonedDateTime] overrides previous : org.hibernate.type.ZonedDateTimeType@8b08228
INFO  [2019-01-21 09:18:14,501] org.hibernate.orm.connections.access: HHH10001501: Connection obtained from JdbcConnectionAccess [org.hibernate.engine.jdbc.env.internal.JdbcEnvironmentInitiator$ConnectionProviderJdbcConnectionAccess@7fdbf2fb] for (non-JTA) DDL execution was not in auto-commit mode; the Connection 'local transaction' will be committed and the Connection will be set into auto-commit mode.
INFO  [2019-01-21 09:18:14,502] org.hibernate.orm.connections.access: HHH10001501: Connection obtained from JdbcConnectionAccess [org.hibernate.engine.jdbc.env.internal.JdbcEnvironmentInitiator$ConnectionProviderJdbcConnectionAccess@53c2657a] for (non-JTA) DDL execution was not in auto-commit mode; the Connection 'local transaction' will be committed and the Connection will be set into auto-commit mode.
INFO  [2019-01-21 09:18:14,504] org.hibernate.tool.schema.internal.SchemaCreatorImpl: HHH000476: Executing import script 'org.hibernate.tool.schema.internal.exec.ScriptSourceInputNonExistentImpl@4b9447b1'
INFO  [2019-01-21 09:18:14,504] org.hibernate.hql.internal.QueryTranslatorFactoryInitiator: HHH000397: Using ASTQueryTranslatorFactory
WARN  [2019-01-21 09:18:14,514] org.hibernate.engine.jdbc.spi.SqlExceptionHelper: SQL Error: 23502, SQLState: 23502
ERROR [2019-01-21 09:18:14,514] org.hibernate.engine.jdbc.spi.SqlExceptionHelper: NULL not allowed for column "FULLNAME"; SQL statement:
insert into people (id, fullName, jobTitle) values (null, ?, ?) [23502-197]
INFO  [2019-01-21 09:18:14,523] org.hibernate.engine.internal.StatisticalLoggingSessionEventListener: Session Metrics {
    10968 nanoseconds spent acquiring 1 JDBC connections;
    47059 nanoseconds spent releasing 1 JDBC connections;
    120457 nanoseconds spent preparing 1 JDBC statements;
    5476842 nanoseconds spent executing 1 JDBC statements;
    0 nanoseconds spent executing 0 JDBC batches;
    0 nanoseconds spent performing 0 L2C puts;
    0 nanoseconds spent performing 0 L2C hits;
    0 nanoseconds spent performing 0 L2C misses;
    0 nanoseconds spent executing 0 flushes (flushing a total of 0 entities and 0 collections);
    0 nanoseconds spent executing 0 partial-flushes (flushing a total of 0 entities and 0 collections)
}
WARN  [2019-01-21 09:18:14,528] org.hibernate.orm.connections.pooling: HHH10001002: Using Hibernate built-in connection pool (not for production use!)
INFO  [2019-01-21 09:18:14,529] org.hibernate.orm.connections.pooling: HHH10001005: using driver [org.h2.Driver] at URL [jdbc:h2:mem:35ab55af-05a1-423a-bfa6-87a048a709d7]
INFO  [2019-01-21 09:18:14,529] org.hibernate.orm.connections.pooling: HHH10001001: Connection properties: {user=sa, password=}
INFO  [2019-01-21 09:18:14,529] org.hibernate.orm.connections.pooling: HHH10001003: Autocommit mode: false
INFO  [2019-01-21 09:18:14,529] org.hibernate.engine.jdbc.connections.internal.DriverManagerConnectionProviderImpl: HHH000115: Hibernate connection pool size: 20 (min=1)
INFO  [2019-01-21 09:18:14,531] org.hibernate.dialect.Dialect: HHH000400: Using dialect: org.hibernate.dialect.H2Dialect
INFO  [2019-01-21 09:18:14,546] org.hibernate.type.BasicTypeRegistry: HHH000270: Type registration [java.util.Currency] overrides previous : org.hibernate.type.CurrencyType@233de714
INFO  [2019-01-21 09:18:14,548] org.hibernate.type.BasicTypeRegistry: HHH000270: Type registration [java.time.Duration] overrides previous : org.hibernate.type.DurationType@45aefed8
INFO  [2019-01-21 09:18:14,548] org.hibernate.type.BasicTypeRegistry: HHH000270: Type registration [java.time.Instant] overrides previous : org.hibernate.type.InstantType@333915a
INFO  [2019-01-21 09:18:14,548] org.hibernate.type.BasicTypeRegistry: HHH000270: Type registration [java.time.LocalDate] overrides previous : org.hibernate.type.LocalDateType@6f07bc19
INFO  [2019-01-21 09:18:14,549] org.hibernate.type.BasicTypeRegistry: HHH000270: Type registration [java.time.LocalDateTime] overrides previous : org.hibernate.type.LocalDateTimeType@234ef3aa
INFO  [2019-01-21 09:18:14,549] org.hibernate.type.BasicTypeRegistry: HHH000270: Type registration [java.time.LocalTime] overrides previous : org.hibernate.type.LocalTimeType@11249125
INFO  [2019-01-21 09:18:14,549] org.hibernate.type.BasicTypeRegistry: HHH000270: Type registration [java.time.OffsetDateTime] overrides previous : org.hibernate.type.OffsetDateTimeType@e826b1a
INFO  [2019-01-21 09:18:14,549] org.hibernate.type.BasicTypeRegistry: HHH000270: Type registration [java.time.OffsetTime] overrides previous : org.hibernate.type.OffsetTimeType@5c37f9a7
INFO  [2019-01-21 09:18:14,550] org.hibernate.type.BasicTypeRegistry: HHH000270: Type registration [java.time.ZonedDateTime] overrides previous : org.hibernate.type.ZonedDateTimeType@8b08228
INFO  [2019-01-21 09:18:14,560] org.hibernate.orm.connections.access: HHH10001501: Connection obtained from JdbcConnectionAccess [org.hibernate.engine.jdbc.env.internal.JdbcEnvironmentInitiator$ConnectionProviderJdbcConnectionAccess@7d08fd1f] for (non-JTA) DDL execution was not in auto-commit mode; the Connection 'local transaction' will be committed and the Connection will be set into auto-commit mode.
INFO  [2019-01-21 09:18:14,560] org.hibernate.orm.connections.access: HHH10001501: Connection obtained from JdbcConnectionAccess [org.hibernate.engine.jdbc.env.internal.JdbcEnvironmentInitiator$ConnectionProviderJdbcConnectionAccess@4220a0d6] for (non-JTA) DDL execution was not in auto-commit mode; the Connection 'local transaction' will be committed and the Connection will be set into auto-commit mode.
INFO  [2019-01-21 09:18:14,563] org.hibernate.tool.schema.internal.SchemaCreatorImpl: HHH000476: Executing import script 'org.hibernate.tool.schema.internal.exec.ScriptSourceInputNonExistentImpl@4b9447b1'
INFO  [2019-01-21 09:18:14,563] org.hibernate.hql.internal.QueryTranslatorFactoryInitiator: HHH000397: Using ASTQueryTranslatorFactory
INFO  [2019-01-21 09:18:14,572] org.hibernate.engine.internal.StatisticalLoggingSessionEventListener: Session Metrics {
    10091 nanoseconds spent acquiring 1 JDBC connections;
    40432 nanoseconds spent releasing 1 JDBC connections;
    105283 nanoseconds spent preparing 1 JDBC statements;
    447497 nanoseconds spent executing 1 JDBC statements;
    0 nanoseconds spent executing 0 JDBC batches;
    0 nanoseconds spent performing 0 L2C puts;
    0 nanoseconds spent performing 0 L2C hits;
    0 nanoseconds spent performing 0 L2C misses;
    250652 nanoseconds spent executing 1 flushes (flushing a total of 1 entities and 0 collections);
    0 nanoseconds spent executing 0 partial-flushes (flushing a total of 0 entities and 0 collections)
}
[INFO] Tests run: 3, Failures: 0, Errors: 0, Skipped: 0, Time elapsed: 0.281 s - in com.example.helloworld.db.PersonDAOTest
[INFO] 
[INFO] Results:
[INFO] 
[INFO] Tests run: 22, Failures: 0, Errors: 0, Skipped: 0
[INFO] 
[INFO] 
[INFO] --- maven-jar-plugin:3.1.0:jar (default-jar) @ dropwizard-example ---
[INFO] Building jar: /var/lib/jenkins/workspace/Application/release/target/dropwizard-example.jar
[INFO] 
[INFO] >>> maven-source-plugin:3.0.1:jar (attach-sources) > generate-sources @ dropwizard-example >>>
[INFO] 
[INFO] --- maven-enforcer-plugin:1.4.1:enforce (enforce) @ dropwizard-example ---
[INFO] 
[INFO] --- maven-checkstyle-plugin:3.0.0:check (checkstyle) @ dropwizard-example ---
[INFO] 
[INFO] --- jacoco-maven-plugin:0.8.2:prepare-agent (prepare-agent) @ dropwizard-example ---
[INFO] argLine set to -javaagent:/var/lib/jenkins/.m2/repository/org/jacoco/org.jacoco.agent/0.8.2/org.jacoco.agent-0.8.2-runtime.jar=destfile=/var/lib/jenkins/workspace/Application/release/target/jacoco.exec
[INFO] 
[INFO] <<< maven-source-plugin:3.0.1:jar (attach-sources) < generate-sources @ dropwizard-example <<<
[INFO] 
[INFO] 
[INFO] --- maven-source-plugin:3.0.1:jar (attach-sources) @ dropwizard-example ---
[INFO] Building jar: /var/lib/jenkins/workspace/Application/release/target/dropwizard-example-sources.jar
[INFO] 
[INFO] --- maven-shade-plugin:3.2.1:shade (default) @ dropwizard-example ---
[INFO] Including io.dropwizard:dropwizard-core:jar:1.3.7 in the shaded jar.
[INFO] Including io.dropwizard:dropwizard-util:jar:1.3.7 in the shaded jar.
[INFO] Including com.fasterxml.jackson.core:jackson-annotations:jar:2.9.0 in the shaded jar.
[INFO] Including com.google.guava:guava:jar:24.0-jre in the shaded jar.
[INFO] Including org.checkerframework:checker-compat-qual:jar:2.0.0 in the shaded jar.
[INFO] Including com.google.errorprone:error_prone_annotations:jar:2.1.3 in the shaded jar.
[INFO] Including com.google.j2objc:j2objc-annotations:jar:1.1 in the shaded jar.
[INFO] Including org.codehaus.mojo:animal-sniffer-annotations:jar:1.14 in the shaded jar.
[INFO] Including com.google.code.findbugs:jsr305:jar:3.0.2 in the shaded jar.
[INFO] Including joda-time:joda-time:jar:2.9.9 in the shaded jar.
[INFO] Including io.dropwizard:dropwizard-jackson:jar:1.3.7 in the shaded jar.
[INFO] Including com.fasterxml.jackson.core:jackson-core:jar:2.9.6 in the shaded jar.
[INFO] Including com.fasterxml.jackson.core:jackson-databind:jar:2.9.6 in the shaded jar.
[INFO] Including com.fasterxml.jackson.datatype:jackson-datatype-guava:jar:2.9.6 in the shaded jar.
[INFO] Including com.fasterxml.jackson.datatype:jackson-datatype-jsr310:jar:2.9.6 in the shaded jar.
[INFO] Including com.fasterxml.jackson.datatype:jackson-datatype-jdk8:jar:2.9.6 in the shaded jar.
[INFO] Including com.fasterxml.jackson.module:jackson-module-parameter-names:jar:2.9.6 in the shaded jar.
[INFO] Including com.fasterxml.jackson.module:jackson-module-afterburner:jar:2.9.6 in the shaded jar.
[INFO] Including com.fasterxml.jackson.datatype:jackson-datatype-joda:jar:2.9.6 in the shaded jar.
[INFO] Including org.slf4j:slf4j-api:jar:1.7.25 in the shaded jar.
[INFO] Including io.dropwizard:dropwizard-validation:jar:1.3.7 in the shaded jar.
[INFO] Including org.hibernate:hibernate-validator:jar:5.4.2.Final in the shaded jar.
[INFO] Including org.jboss.logging:jboss-logging:jar:3.3.0.Final in the shaded jar.
[INFO] Including org.glassfish:javax.el:jar:3.0.0 in the shaded jar.
[INFO] Including org.javassist:javassist:jar:3.22.0-GA in the shaded jar.
[INFO] Including io.dropwizard:dropwizard-configuration:jar:1.3.7 in the shaded jar.
[INFO] Including com.fasterxml.jackson.dataformat:jackson-dataformat-yaml:jar:2.9.6 in the shaded jar.
[INFO] Including org.yaml:snakeyaml:jar:1.18 in the shaded jar.
[INFO] Including org.apache.commons:commons-lang3:jar:3.7 in the shaded jar.
[INFO] Including org.apache.commons:commons-text:jar:1.2 in the shaded jar.
[INFO] Including io.dropwizard:dropwizard-logging:jar:1.3.7 in the shaded jar.
[INFO] Including io.dropwizard.metrics:metrics-logback:jar:4.0.2 in the shaded jar.
[INFO] Including org.slf4j:jul-to-slf4j:jar:1.7.25 in the shaded jar.
[INFO] Including ch.qos.logback:logback-core:jar:1.2.3 in the shaded jar.
[INFO] Including ch.qos.logback:logback-classic:jar:1.2.3 in the shaded jar.
[INFO] Including org.slf4j:log4j-over-slf4j:jar:1.7.25 in the shaded jar.
[INFO] Including org.slf4j:jcl-over-slf4j:jar:1.7.25 in the shaded jar.
[INFO] Including org.eclipse.jetty:jetty-util:jar:9.4.11.v20180605 in the shaded jar.
[INFO] Including io.dropwizard:dropwizard-metrics:jar:1.3.7 in the shaded jar.
[INFO] Including io.dropwizard:dropwizard-jersey:jar:1.3.7 in the shaded jar.
[INFO] Including org.glassfish.jersey.ext:jersey-metainf-services:jar:2.25.1 in the shaded jar.
[INFO] Including org.glassfish.jersey.ext:jersey-bean-validation:jar:2.25.1 in the shaded jar.
[INFO] Including io.dropwizard.metrics:metrics-jersey2:jar:4.0.2 in the shaded jar.
[INFO] Including com.fasterxml.jackson.jaxrs:jackson-jaxrs-json-provider:jar:2.9.6 in the shaded jar.
[INFO] Including com.fasterxml.jackson.jaxrs:jackson-jaxrs-base:jar:2.9.6 in the shaded jar.
[INFO] Including com.fasterxml.jackson.module:jackson-module-jaxb-annotations:jar:2.9.6 in the shaded jar.
[INFO] Including org.glassfish.jersey.containers:jersey-container-servlet:jar:2.25.1 in the shaded jar.
[INFO] Including org.eclipse.jetty:jetty-server:jar:9.4.11.v20180605 in the shaded jar.
[INFO] Including javax.servlet:javax.servlet-api:jar:3.1.0 in the shaded jar.
[INFO] Including org.eclipse.jetty:jetty-webapp:jar:9.4.11.v20180605 in the shaded jar.
[INFO] Including org.eclipse.jetty:jetty-xml:jar:9.4.11.v20180605 in the shaded jar.
[INFO] Including org.eclipse.jetty:jetty-continuation:jar:9.4.11.v20180605 in the shaded jar.
[INFO] Including io.dropwizard:dropwizard-servlets:jar:1.3.7 in the shaded jar.
[INFO] Including io.dropwizard.metrics:metrics-annotation:jar:4.0.2 in the shaded jar.
[INFO] Including io.dropwizard:dropwizard-jetty:jar:1.3.7 in the shaded jar.
[INFO] Including io.dropwizard.metrics:metrics-jetty9:jar:4.0.2 in the shaded jar.
[INFO] Including org.eclipse.jetty:jetty-servlet:jar:9.4.11.v20180605 in the shaded jar.
[INFO] Including org.eclipse.jetty:jetty-security:jar:9.4.11.v20180605 in the shaded jar.
[INFO] Including org.eclipse.jetty:jetty-servlets:jar:9.4.11.v20180605 in the shaded jar.
[INFO] Including org.eclipse.jetty:jetty-http:jar:9.4.11.v20180605 in the shaded jar.
[INFO] Including io.dropwizard:dropwizard-lifecycle:jar:1.3.7 in the shaded jar.
[INFO] Including io.dropwizard.metrics:metrics-core:jar:4.0.2 in the shaded jar.
[INFO] Including io.dropwizard.metrics:metrics-jvm:jar:4.0.2 in the shaded jar.
[INFO] Including io.dropwizard.metrics:metrics-jmx:jar:4.0.2 in the shaded jar.
[INFO] Including io.dropwizard.metrics:metrics-servlets:jar:4.0.2 in the shaded jar.
[INFO] Including io.dropwizard.metrics:metrics-json:jar:4.0.2 in the shaded jar.
[INFO] Including com.papertrail:profiler:jar:1.0.2 in the shaded jar.
[INFO] Including io.dropwizard.metrics:metrics-healthchecks:jar:4.0.2 in the shaded jar.
[INFO] Including io.dropwizard:dropwizard-request-logging:jar:1.3.7 in the shaded jar.
[INFO] Including ch.qos.logback:logback-access:jar:1.2.3 in the shaded jar.
[INFO] Including net.sourceforge.argparse4j:argparse4j:jar:0.8.1 in the shaded jar.
[INFO] Including org.eclipse.jetty.toolchain.setuid:jetty-setuid-java:jar:1.0.3 in the shaded jar.
[INFO] Including io.dropwizard:dropwizard-auth:jar:1.3.7 in the shaded jar.
[INFO] Including io.dropwizard:dropwizard-assets:jar:1.3.7 in the shaded jar.
[INFO] Including io.dropwizard:dropwizard-http2:jar:1.3.7 in the shaded jar.
[INFO] Including org.eclipse.jetty.http2:http2-server:jar:9.4.11.v20180605 in the shaded jar.
[INFO] Including org.eclipse.jetty.http2:http2-common:jar:9.4.11.v20180605 in the shaded jar.
[INFO] Including org.eclipse.jetty.http2:http2-hpack:jar:9.4.11.v20180605 in the shaded jar.
[INFO] Including org.eclipse.jetty:jetty-alpn-openjdk8-server:jar:9.4.11.v20180605 in the shaded jar.
[INFO] Including org.eclipse.jetty:jetty-alpn-server:jar:9.4.11.v20180605 in the shaded jar.
[INFO] Including org.eclipse.jetty:jetty-io:jar:9.4.11.v20180605 in the shaded jar.
[INFO] Including io.dropwizard:dropwizard-hibernate:jar:1.3.7 in the shaded jar.
[INFO] Including io.dropwizard:dropwizard-db:jar:1.3.7 in the shaded jar.
[INFO] Including org.apache.tomcat:tomcat-jdbc:jar:9.0.5 in the shaded jar.
[INFO] Including org.apache.tomcat:tomcat-juli:jar:9.0.5 in the shaded jar.
[INFO] Including com.fasterxml.jackson.datatype:jackson-datatype-hibernate5:jar:2.9.6 in the shaded jar.
[INFO] Including org.jadira.usertype:usertype.core:jar:7.0.0.CR1 in the shaded jar.
[INFO] Including org.jadira.usertype:usertype.spi:jar:7.0.0.CR1 in the shaded jar.
[INFO] Including org.hibernate:hibernate-core:jar:5.2.15.Final in the shaded jar.
[INFO] Including org.hibernate.javax.persistence:hibernate-jpa-2.1-api:jar:1.0.0.Final in the shaded jar.
[INFO] Including antlr:antlr:jar:2.7.7 in the shaded jar.
[INFO] Including org.jboss.spec.javax.transaction:jboss-transaction-api_1.2_spec:jar:1.0.1.Final in the shaded jar.
[INFO] Including org.jboss:jandex:jar:2.0.3.Final in the shaded jar.
[INFO] Including com.fasterxml:classmate:jar:1.3.4 in the shaded jar.
[INFO] Including dom4j:dom4j:jar:1.6.1 in the shaded jar.
[INFO] Including org.hibernate.common:hibernate-commons-annotations:jar:5.0.1.Final in the shaded jar.
[INFO] Including io.dropwizard:dropwizard-migrations:jar:1.3.7 in the shaded jar.
[INFO] Including org.liquibase:liquibase-core:jar:3.6.1 in the shaded jar.
[INFO] Including com.mattbertolini:liquibase-slf4j:jar:2.0.0 in the shaded jar.
[INFO] Including io.dropwizard:dropwizard-views-freemarker:jar:1.3.7 in the shaded jar.
[INFO] Including io.dropwizard:dropwizard-views:jar:1.3.7 in the shaded jar.
[INFO] Including org.freemarker:freemarker:jar:2.3.27-incubating in the shaded jar.
[INFO] Including io.dropwizard:dropwizard-views-mustache:jar:1.3.7 in the shaded jar.
[INFO] Including com.github.spullara.mustache.java:compiler:jar:0.9.5 in the shaded jar.
[INFO] Including io.dropwizard:dropwizard-metrics-graphite:jar:1.3.7 in the shaded jar.
[INFO] Including io.dropwizard.metrics:metrics-graphite:jar:4.0.2 in the shaded jar.
[INFO] Including com.rabbitmq:amqp-client:jar:4.4.1 in the shaded jar.
[INFO] Including com.h2database:h2:jar:1.4.197 in the shaded jar.
[INFO] Including mysql:mysql-connector-java:jar:8.0.13 in the shaded jar.
[INFO] Including com.google.protobuf:protobuf-java:jar:3.6.1 in the shaded jar.
[INFO] Including org.glassfish.jersey.containers:jersey-container-servlet-core:jar:2.25.1 in the shaded jar.
[INFO] Including org.glassfish.jersey.core:jersey-server:jar:2.25.1 in the shaded jar.
[INFO] Including org.glassfish.jersey.core:jersey-common:jar:2.25.1 in the shaded jar.
[INFO] Including org.glassfish.jersey.bundles.repackaged:jersey-guava:jar:2.25.1 in the shaded jar.
[INFO] Including org.glassfish.hk2:osgi-resource-locator:jar:1.0.1 in the shaded jar.
[INFO] Including javax.ws.rs:javax.ws.rs-api:jar:2.0.1 in the shaded jar.
[INFO] Including org.glassfish.jersey.media:jersey-media-jaxb:jar:2.25.1 in the shaded jar.
[INFO] Including javax.annotation:javax.annotation-api:jar:1.2 in the shaded jar.
[INFO] Including org.glassfish.hk2:hk2-api:jar:2.5.0-b32 in the shaded jar.
[INFO] Including org.glassfish.hk2:hk2-utils:jar:2.5.0-b32 in the shaded jar.
[INFO] Including org.glassfish.hk2.external:aopalliance-repackaged:jar:2.5.0-b32 in the shaded jar.
[INFO] Including org.glassfish.hk2.external:javax.inject:jar:2.5.0-b32 in the shaded jar.
[INFO] Including org.glassfish.hk2:hk2-locator:jar:2.5.0-b32 in the shaded jar.
[INFO] Including javax.validation:validation-api:jar:1.1.0.Final in the shaded jar.
[INFO] Including org.glassfish.jersey.core:jersey-client:jar:2.25.1 in the shaded jar.
[INFO] Replacing original artifact with shaded artifact.
[INFO] Replacing /var/lib/jenkins/workspace/Application/release/target/dropwizard-example.jar with /var/lib/jenkins/workspace/Application/release/target/dropwizard-example-0.0.1-SNAPSHOT-shaded.jar
[INFO] Dependency-reduced POM written at: /var/lib/jenkins/workspace/Application/release/dependency-reduced-pom.xml
[INFO] ------------------------------------------------------------------------
[INFO] BUILD SUCCESS
[INFO] ------------------------------------------------------------------------
[INFO] Total time: 26.082 s
[INFO] Finished at: 2019-01-21T09:18:20Z
[INFO] Final Memory: 43M/434M
[INFO] ------------------------------------------------------------------------
+ aws s3 cp target/dropwizard-example.jar s3://30daysdevops/dropwizard/release/dropwizard-example-0.0.23.jar
Completed 256.0 KiB/33.1 MiB (3.2 MiB/s) with 1 file(s) remainingCompleted 512.0 KiB/33.1 MiB (6.0 MiB/s) with 1 file(s) remainingCompleted 768.0 KiB/33.1 MiB (8.9 MiB/s) with 1 file(s) remainingCompleted 1.0 MiB/33.1 MiB (11.5 MiB/s) with 1 file(s) remaining Completed 1.2 MiB/33.1 MiB (9.3 MiB/s) with 1 file(s) remaining  Completed 1.5 MiB/33.1 MiB (10.8 MiB/s) with 1 file(s) remaining Completed 1.8 MiB/33.1 MiB (12.5 MiB/s) with 1 file(s) remaining Completed 1.8 MiB/33.1 MiB (12.5 MiB/s) with 1 file(s) remaining Completed 2.1 MiB/33.1 MiB (14.2 MiB/s) with 1 file(s) remaining Completed 2.3 MiB/33.1 MiB (15.8 MiB/s) with 1 file(s) remaining Completed 2.6 MiB/33.1 MiB (17.5 MiB/s) with 1 file(s) remaining Completed 2.8 MiB/33.1 MiB (18.5 MiB/s) with 1 file(s) remaining Completed 3.1 MiB/33.1 MiB (19.8 MiB/s) with 1 file(s) remaining Completed 3.3 MiB/33.1 MiB (21.2 MiB/s) with 1 file(s) remaining Completed 3.6 MiB/33.1 MiB (22.7 MiB/s) with 1 file(s) remaining Completed 3.8 MiB/33.1 MiB (23.8 MiB/s) with 1 file(s) remaining Completed 4.1 MiB/33.1 MiB (25.1 MiB/s) with 1 file(s) remaining Completed 4.3 MiB/33.1 MiB (26.3 MiB/s) with 1 file(s) remaining Completed 4.6 MiB/33.1 MiB (27.1 MiB/s) with 1 file(s) remaining Completed 4.8 MiB/33.1 MiB (28.3 MiB/s) with 1 file(s) remaining Completed 5.1 MiB/33.1 MiB (29.7 MiB/s) with 1 file(s) remaining Completed 5.3 MiB/33.1 MiB (30.8 MiB/s) with 1 file(s) remaining Completed 5.6 MiB/33.1 MiB (31.8 MiB/s) with 1 file(s) remaining Completed 5.8 MiB/33.1 MiB (32.4 MiB/s) with 1 file(s) remaining Completed 6.1 MiB/33.1 MiB (33.5 MiB/s) with 1 file(s) remaining Completed 6.3 MiB/33.1 MiB (34.7 MiB/s) with 1 file(s) remaining Completed 6.6 MiB/33.1 MiB (35.9 MiB/s) with 1 file(s) remaining Completed 6.8 MiB/33.1 MiB (36.7 MiB/s) with 1 file(s) remaining Completed 7.1 MiB/33.1 MiB (36.9 MiB/s) with 1 file(s) remaining Completed 7.3 MiB/33.1 MiB (38.1 MiB/s) with 1 file(s) remaining Completed 7.6 MiB/33.1 MiB (38.5 MiB/s) with 1 file(s) remaining Completed 7.8 MiB/33.1 MiB (39.5 MiB/s) with 1 file(s) remaining Completed 8.1 MiB/33.1 MiB (40.6 MiB/s) with 1 file(s) remaining Completed 8.3 MiB/33.1 MiB (41.3 MiB/s) with 1 file(s) remaining Completed 8.6 MiB/33.1 MiB (42.4 MiB/s) with 1 file(s) remaining Completed 8.8 MiB/33.1 MiB (41.6 MiB/s) with 1 file(s) remaining Completed 9.1 MiB/33.1 MiB (42.4 MiB/s) with 1 file(s) remaining Completed 9.3 MiB/33.1 MiB (43.5 MiB/s) with 1 file(s) remaining Completed 9.6 MiB/33.1 MiB (44.6 MiB/s) with 1 file(s) remaining Completed 9.8 MiB/33.1 MiB (45.3 MiB/s) with 1 file(s) remaining Completed 10.1 MiB/33.1 MiB (45.4 MiB/s) with 1 file(s) remainingCompleted 10.3 MiB/33.1 MiB (46.5 MiB/s) with 1 file(s) remainingCompleted 10.6 MiB/33.1 MiB (46.8 MiB/s) with 1 file(s) remainingCompleted 10.8 MiB/33.1 MiB (47.4 MiB/s) with 1 file(s) remainingCompleted 11.1 MiB/33.1 MiB (47.9 MiB/s) with 1 file(s) remainingCompleted 11.3 MiB/33.1 MiB (48.3 MiB/s) with 1 file(s) remainingCompleted 11.6 MiB/33.1 MiB (49.3 MiB/s) with 1 file(s) remainingCompleted 11.8 MiB/33.1 MiB (49.0 MiB/s) with 1 file(s) remainingCompleted 12.1 MiB/33.1 MiB (49.8 MiB/s) with 1 file(s) remainingCompleted 12.3 MiB/33.1 MiB (50.0 MiB/s) with 1 file(s) remainingCompleted 12.6 MiB/33.1 MiB (50.9 MiB/s) with 1 file(s) remainingCompleted 12.8 MiB/33.1 MiB (51.3 MiB/s) with 1 file(s) remainingCompleted 13.1 MiB/33.1 MiB (52.1 MiB/s) with 1 file(s) remainingCompleted 13.3 MiB/33.1 MiB (52.8 MiB/s) with 1 file(s) remainingCompleted 13.6 MiB/33.1 MiB (52.8 MiB/s) with 1 file(s) remainingCompleted 13.8 MiB/33.1 MiB (53.4 MiB/s) with 1 file(s) remainingCompleted 14.1 MiB/33.1 MiB (54.0 MiB/s) with 1 file(s) remainingCompleted 14.3 MiB/33.1 MiB (54.4 MiB/s) with 1 file(s) remainingCompleted 14.6 MiB/33.1 MiB (55.3 MiB/s) with 1 file(s) remainingCompleted 14.8 MiB/33.1 MiB (55.2 MiB/s) with 1 file(s) remainingCompleted 15.1 MiB/33.1 MiB (56.0 MiB/s) with 1 file(s) remainingCompleted 15.3 MiB/33.1 MiB (56.7 MiB/s) with 1 file(s) remainingCompleted 15.6 MiB/33.1 MiB (56.6 MiB/s) with 1 file(s) remainingCompleted 15.8 MiB/33.1 MiB (56.9 MiB/s) with 1 file(s) remainingCompleted 16.1 MiB/33.1 MiB (57.7 MiB/s) with 1 file(s) remainingCompleted 16.3 MiB/33.1 MiB (58.3 MiB/s) with 1 file(s) remainingCompleted 16.6 MiB/33.1 MiB (58.3 MiB/s) with 1 file(s) remainingCompleted 16.8 MiB/33.1 MiB (59.0 MiB/s) with 1 file(s) remainingCompleted 17.1 MiB/33.1 MiB (58.8 MiB/s) with 1 file(s) remainingCompleted 17.3 MiB/33.1 MiB (59.4 MiB/s) with 1 file(s) remainingCompleted 17.6 MiB/33.1 MiB (60.2 MiB/s) with 1 file(s) remainingCompleted 17.8 MiB/33.1 MiB (60.4 MiB/s) with 1 file(s) remainingCompleted 18.1 MiB/33.1 MiB (60.4 MiB/s) with 1 file(s) remainingCompleted 18.3 MiB/33.1 MiB (60.6 MiB/s) with 1 file(s) remainingCompleted 18.6 MiB/33.1 MiB (60.8 MiB/s) with 1 file(s) remainingCompleted 18.8 MiB/33.1 MiB (61.5 MiB/s) with 1 file(s) remainingCompleted 19.1 MiB/33.1 MiB (62.1 MiB/s) with 1 file(s) remainingCompleted 19.3 MiB/33.1 MiB (62.8 MiB/s) with 1 file(s) remainingCompleted 19.6 MiB/33.1 MiB (63.2 MiB/s) with 1 file(s) remainingCompleted 19.8 MiB/33.1 MiB (63.2 MiB/s) with 1 file(s) remainingCompleted 20.1 MiB/33.1 MiB (63.4 MiB/s) with 1 file(s) remainingCompleted 20.3 MiB/33.1 MiB (62.9 MiB/s) with 1 file(s) remainingCompleted 20.6 MiB/33.1 MiB (63.2 MiB/s) with 1 file(s) remainingCompleted 20.8 MiB/33.1 MiB (62.8 MiB/s) with 1 file(s) remainingCompleted 21.1 MiB/33.1 MiB (63.5 MiB/s) with 1 file(s) remainingCompleted 21.3 MiB/33.1 MiB (63.9 MiB/s) with 1 file(s) remainingCompleted 21.6 MiB/33.1 MiB (64.5 MiB/s) with 1 file(s) remainingCompleted 21.8 MiB/33.1 MiB (64.2 MiB/s) with 1 file(s) remainingCompleted 22.1 MiB/33.1 MiB (64.4 MiB/s) with 1 file(s) remainingCompleted 22.3 MiB/33.1 MiB (65.0 MiB/s) with 1 file(s) remainingCompleted 22.6 MiB/33.1 MiB (65.4 MiB/s) with 1 file(s) remainingCompleted 22.8 MiB/33.1 MiB (65.8 MiB/s) with 1 file(s) remainingCompleted 23.1 MiB/33.1 MiB (65.7 MiB/s) with 1 file(s) remainingCompleted 23.3 MiB/33.1 MiB (66.0 MiB/s) with 1 file(s) remainingCompleted 23.6 MiB/33.1 MiB (66.6 MiB/s) with 1 file(s) remainingCompleted 23.8 MiB/33.1 MiB (66.6 MiB/s) with 1 file(s) remainingCompleted 24.1 MiB/33.1 MiB (67.1 MiB/s) with 1 file(s) remainingCompleted 24.3 MiB/33.1 MiB (67.5 MiB/s) with 1 file(s) remainingCompleted 24.6 MiB/33.1 MiB (68.1 MiB/s) with 1 file(s) remainingCompleted 24.8 MiB/33.1 MiB (67.9 MiB/s) with 1 file(s) remainingCompleted 25.1 MiB/33.1 MiB (68.1 MiB/s) with 1 file(s) remainingCompleted 25.3 MiB/33.1 MiB (68.5 MiB/s) with 1 file(s) remainingCompleted 25.6 MiB/33.1 MiB (69.0 MiB/s) with 1 file(s) remainingCompleted 25.8 MiB/33.1 MiB (68.3 MiB/s) with 1 file(s) remainingCompleted 26.1 MiB/33.1 MiB (68.9 MiB/s) with 1 file(s) remainingCompleted 26.3 MiB/33.1 MiB (68.5 MiB/s) with 1 file(s) remainingCompleted 26.6 MiB/33.1 MiB (68.8 MiB/s) with 1 file(s) remainingCompleted 26.8 MiB/33.1 MiB (69.4 MiB/s) with 1 file(s) remainingCompleted 27.1 MiB/33.1 MiB (69.9 MiB/s) with 1 file(s) remainingCompleted 27.3 MiB/33.1 MiB (69.2 MiB/s) with 1 file(s) remainingCompleted 27.6 MiB/33.1 MiB (69.5 MiB/s) with 1 file(s) remainingCompleted 27.8 MiB/33.1 MiB (69.5 MiB/s) with 1 file(s) remainingCompleted 28.1 MiB/33.1 MiB (69.9 MiB/s) with 1 file(s) remainingCompleted 28.3 MiB/33.1 MiB (69.9 MiB/s) with 1 file(s) remainingCompleted 28.6 MiB/33.1 MiB (70.2 MiB/s) with 1 file(s) remainingCompleted 28.8 MiB/33.1 MiB (70.2 MiB/s) with 1 file(s) remainingCompleted 29.1 MiB/33.1 MiB (70.7 MiB/s) with 1 file(s) remainingCompleted 29.3 MiB/33.1 MiB (70.6 MiB/s) with 1 file(s) remainingCompleted 29.6 MiB/33.1 MiB (70.8 MiB/s) with 1 file(s) remainingCompleted 29.8 MiB/33.1 MiB (71.0 MiB/s) with 1 file(s) remainingCompleted 30.1 MiB/33.1 MiB (70.2 MiB/s) with 1 file(s) remainingCompleted 30.3 MiB/33.1 MiB (70.7 MiB/s) with 1 file(s) remainingCompleted 30.6 MiB/33.1 MiB (70.7 MiB/s) with 1 file(s) remainingCompleted 30.8 MiB/33.1 MiB (70.7 MiB/s) with 1 file(s) remainingCompleted 31.1 MiB/33.1 MiB (70.9 MiB/s) with 1 file(s) remainingCompleted 31.3 MiB/33.1 MiB (71.4 MiB/s) with 1 file(s) remainingCompleted 31.6 MiB/33.1 MiB (71.3 MiB/s) with 1 file(s) remainingCompleted 31.8 MiB/33.1 MiB (71.1 MiB/s) with 1 file(s) remainingCompleted 32.1 MiB/33.1 MiB (70.6 MiB/s) with 1 file(s) remainingCompleted 32.3 MiB/33.1 MiB (70.9 MiB/s) with 1 file(s) remainingCompleted 32.6 MiB/33.1 MiB (70.1 MiB/s) with 1 file(s) remainingCompleted 32.8 MiB/33.1 MiB (70.0 MiB/s) with 1 file(s) remainingCompleted 33.1 MiB/33.1 MiB (69.9 MiB/s) with 1 file(s) remainingupload: target/dropwizard-example.jar to s3://30daysdevops/dropwizard/release/dropwizard-example-0.0.23.jar
+ sed -i 's/^defaultName:.*/defaultName: DropWizard-0.0.23/' mysql.yml
+ aws s3 cp mysql.yml s3://30daysdevops/dropwizard/release/mysql.yml
Completed 2.5 KiB/2.5 KiB (53.1 KiB/s) with 1 file(s) remainingupload: ./mysql.yml to s3://30daysdevops/dropwizard/release/mysql.yml
+ cp target/dropwizard-example.jar dropwizard.jar
++ aws secretsmanager get-secret-value --region us-east-1 --secret-id rds_db_password --output json --version-stage AWSCURRENT
++ jq .SecretString -r
++ jq .password -r
+ dbpass=jD6Y#%k2
+ sed -i 's/\spassword:.*/ password: jD6Y#%k2/' mysql.yml
+ docker build -t dropwizard .
Sending build context to Docker daemon  70.57MB
Step 1/8 : FROM openjdk:8-jre-alpine
 ---> 7e72a7dcf7dc
Step 2/8 : WORKDIR /
 ---> Using cache
 ---> 8dd1abe86e40
Step 3/8 : ADD dropwizard.jar dropwizard.jar
 ---> 64fb1a2a8b57
Step 4/8 : ADD mysql.yml mysql.yml
 ---> d1a2b2aefc8a
Step 5/8 : EXPOSE 8080
 ---> Running in 70cc6563d57f
Removing intermediate container 70cc6563d57f
 ---> 3e68beee5565
Step 6/8 : EXPOSE 8081
 ---> Running in bbb8e5c68323
Removing intermediate container bbb8e5c68323
 ---> 1b32aa626011
Step 7/8 : CMD java -Xmx750M -jar dropwizard.jar server mysql.yml
 ---> Running in 3f1447039772
Removing intermediate container 3f1447039772
 ---> b73766ee34cd
Step 8/8 : LABEL "com.datadoghq.ad.logs"='[{"environment": "qa", "source": "application", "service": "dropwizard"}]'
 ---> Running in 96b8fdc79a69
Removing intermediate container 96b8fdc79a69
 ---> 28803199b495
Successfully built 28803199b495
Successfully tagged dropwizard:latest
++ aws ecr get-login --no-include-email --region us-east-1
+ docker login -u AWS -p eyJwYXlsb2FkIjoidlFzTmJKUDN1S2ljM01saGsxZUZYejdXdVRjaUJObSs1aG1idHVaWThoMWx4NlpjYURTc0NQTWhkRmpWTlZqZ0hMcWkvWEZmczJSS2dtbnNzS0czQmJZWHBsUzJMblZDRGN1YndPdkxnZlgyMHByQ0dMN0tRZkJOakNZdUVxTlE1VG9Hcy9jb1pheFp3TnFTellvcEVoSWRTWk5oTnZhYUx3dnZQL0RlYUY5YTJqSWUvWnpHY2RDem9FTWRCeXNDczF1V2VpNGM0blRVd2hUZUZYQ3F5bXZhdzROcFZ1M2tDUURhampYeG1VQXBLTTA4S05xOVpXdW0xRmdCd0V3dFR3dkwrOWU3RGw5akJldFpkalRNeC9nYTFDRG1NV0ZxMDZ3amRqRzF6Y3cxeDR2aEY4Z3RpdzBKMjNHcEV6bVFaU0VhZUFzaVI1TWpaSlpGeUNaamFSK0ZlTUVHeWtFcjZCSFlpVXBTNDYwZE9UR05PclF4MmV6VDErOE8rYk1UOXIyczBabHlJVit4RlZkYlVZd25kdWFSRHc4aEd0RnkzSUdVUzRya0hQb0JIVjhGR0x2eTJ5Y0tlRHRzRVlVejhNRG9hSnZCc0xudjFNQWZGRUtsZ2IyNHFaNEFrMktPYkNuLzRpcHJZOS8xNWF6UDZJdnBoWWdqZmpNcW1RYVhRYzVrWnNCVWxGRnpYVHBRR29KMlcwSUZlbFUrempKNG1FN1EvS1JjQktCa2NuWmpvcHE3R1dhSnE2YjhTdk1ITEFHbWJlLzEvaXA1dE1HdGM1LzZ1OXVYaUthNDRVQWFrTmY0OCtxL0lLc2F2VmZVdjZKVUZ5UkM3N1ZmNEQ2RGErZWpDRGN5cnA2eTgrSzFwTjZBY2JHQW5jOVA1L1NhRmlMMitRQkhYaURhV1RYZUIwS080SGlOQncvclVQN1Jybmh3YTJkcjByeVR6Q2x4N1p0NlF2bEdUaWxJclhhTUs1Um5FNjZ5dWRGc1U1S3ptWjBGbjR5c3doQXRGSGt3V2RwK01Hak51SWpCaDhDR3pFYlNEZEN1K2JjMDVZNytpMlFxZmNQdE5QaCtGeFJtYkxwaTFxNmZDbGpDQ3dWY2pKVEVIZklhTDBHNklrQVo3bWNjUGg2SDBxOXlUTTFtV09ucE40VzRCcyt6VGE5SFdwa09XQXpFOFZEaTBOTDI4Y1E3S09pUmM3QVJlMGlENWNvSmpmbEJPVCttQUxpdmwwTXMwalFjYzdkTlhtT3N2dll4ckJKZit3M2FhRjNPeUZ2bmFsZkxIdjJ2RFBEMWpXZmUrcXE4eWN5Z0xBL0xYMElZNXk0QWxGSXRPa0F6ejZZR00yekw0L1JSZUdFcEFUdUM1TXhVNkJhMWZTK3Nkay9DemNrR2xjN2JGNDFsV3BCTFZuUE03WE5ldzAvTXRQMncvdjR1Mkp1MFo4UFdXcTh1K0NFc1lMbkxla2Y1MG9JMW9ObU9ZTVJLb3dFT3ZpQ3RmYkdOYUt2SkxLSmNZaDhoVHU1eFoxc2MyaXVpZWdFOWFEMTh1cVBhZHVzUHk0ZWQyUG1SR0F0M3o5UVhHaUQzQktXYmdZckxBOHUxZDZ2YkgrdmJlRzEwUnhkd2dWL3B6VUJlU1lFMkRIdm10ekhKYnZWTjRFY0piMld4N0ROMDdtWmtxVGMyUjNSWUR0WVk1Qzh2Rzk5dExFcUkxbFBicDN2T1ZjYzZaM0VHbjBaRnRVNUhsd3VRaGtTbXhBcnJPMytZV1hKZ0lhTHJSRm5PcnlNdy9GRllwWjFtY3BEdTBjaGFMaXdkRStlaC9uRmYzN29ZTjZvWGloT0NGQ1NuREQ5WllXTXphSnpRcXN4MTVTRUliM3loZmpPa1Exdmd3RHFzMmpLZkxFc3JQSTRtS1Z1VUJTYk5xL2txMjgyRmFPNENOaE5tdFd0Z05hSDBENVpvVmZzckhPVWZaRis4N0h0OTB2eWpLd0Zzd0I2ZkRrc2VZdTQwWU5LZnduSVh2WVlJZzdEQkVydFBCUGdTekdSRXRyUmt3TFBnVzY0OThqN0VzaFVaWW9Hd2w4alUzeE9xY2hWM1RqRmVJVEhxRzRDOEcyWm5vYS9Hc1FzPSIsImRhdGFrZXkiOiJBUUVCQUhod20wWWFJU0plUnRKbTVuMUc2dXFlZWtYdW9YWFBlNVVGY2U5UnE4LzE0d0FBQUg0d2ZBWUpLb1pJaHZjTkFRY0dvRzh3YlFJQkFEQm9CZ2txaGtpRzl3MEJCd0V3SGdZSllJWklBV1VEQkFFdU1CRUVERXM4eTUvQmI4WnBpaGUzVkFJQkVJQTdodmxQUFN1UHh6STRMdXpMT2hhRE03ZHA0eXpGcDk4aUpYKzFVODRLa21CeU1pelE5cDRma3RVODZCM25aYVJ6ZmFmQXZRa0NMamtFaXpnPSIsInZlcnNpb24iOiIyIiwidHlwZSI6IkRBVEFfS0VZIiwiZXhwaXJhdGlvbiI6MTU0ODEwNTUwNn0= https://230883561944.dkr.ecr.us-east-1.amazonaws.com
WARNING! Using --password via the CLI is insecure. Use --password-stdin.
WARNING! Your password will be stored unencrypted in /var/lib/jenkins/.docker/config.json.
Configure a credential helper to remove this warning. See
https://docs.docker.com/engine/reference/commandline/login/#credentials-store

Login Succeeded
+ docker tag dropwizard:latest 230883561944.dkr.ecr.us-east-1.amazonaws.com/dropwizard:0.0.23
+ docker push 230883561944.dkr.ecr.us-east-1.amazonaws.com/dropwizard:0.0.23
The push refers to repository [230883561944.dkr.ecr.us-east-1.amazonaws.com/dropwizard]
09c0af5b85d2: Preparing
a34706bd18b4: Preparing
382d47ad6dc1: Preparing
dbc783c89851: Preparing
7bff100f35cb: Preparing
382d47ad6dc1: Layer already exists
7bff100f35cb: Layer already exists
dbc783c89851: Layer already exists
09c0af5b85d2: Pushed
a34706bd18b4: Pushed
0.0.23: digest: sha256:afcf7dba0800fcc0e37dd0ee2f244179eeed7ee2b90dedf3033a92cd32a2b2c7 size: 1367
 > git tag -l 0.0.23 # timeout=10
 > git tag -a -f -m Jenkins Git plugin tagging with 0.0.23 0.0.23 # timeout=10
Pushing tag 0.0.23 to repo origin
 > git --version # timeout=10
 > git push git@github.com:babinskiy/dropwizard-example.git 0.0.23
Finished: SUCCESS
